Loading dataset 'lingxidiag16k' from data/raw/lingxidiag16k...
Loaded 100 cases.
Mode: hied
2026-04-24 13:36:15,141 faiss.loader INFO Loading faiss with AVX2 support.
2026-04-24 13:36:15,149 faiss.loader INFO Successfully loaded faiss with AVX2 support.
2026-04-24 13:36:15,151 culturedx.retrieval.case_retriever INFO Loading FAISS index from data/cache/train_case_index.faiss
2026-04-24 13:36:15,235 culturedx.retrieval.case_retriever INFO CaseRetriever ready: 14000 cases indexed
RAG enabled: loaded data/cache/train_case_index.faiss
Target disorders: F20, F31, F32, F39, F41.0, F41.1, F42, F43.1, F43.2, F45, F51, F98, F41.2, Z71
HiED scope policy: manual
HiED execution mode: benchmark_manual_scope
Using --run-name override: run_dir=/home/user/YuNing/CultureDx/results/dual_standard_pilot_v2/mode_icd10/pilot_icd10
Output directory: /home/user/YuNing/CultureDx/results/dual_standard_pilot_v2/mode_icd10/pilot_icd10
Running CultureDx mode=hied on 100 cases...
2026-04-24 13:36:15,244 culturedx.pipeline.runner INFO Processing case 1/100: 344699340
2026-04-24 13:36:15,244 culturedx.modes.hied INFO HiED manual scope mode: using 14 target disorders
2026-04-24 13:36:15,244 culturedx.modes.hied INFO Case 344699340: 14 candidate disorders from triage
2026-04-24 13:36:15,245 culturedx.pipeline.runner INFO Processing case 2/100: 374577341
2026-04-24 13:36:15,245 culturedx.modes.hied INFO HiED manual scope mode: using 14 target disorders
2026-04-24 13:36:15,245 culturedx.modes.hied INFO Case 374577341: 14 candidate disorders from triage
2026-04-24 13:36:15,245 culturedx.pipeline.runner INFO Processing case 3/100: 350352506
2026-04-24 13:36:15,246 culturedx.modes.hied INFO HiED manual scope mode: using 14 target disorders
2026-04-24 13:36:15,246 culturedx.modes.hied INFO Case 350352506: 14 candidate disorders from triage
2026-04-24 13:36:15,246 culturedx.pipeline.runner INFO Processing case 4/100: 318518739
2026-04-24 13:36:15,246 culturedx.modes.hied INFO HiED manual scope mode: using 14 target disorders
2026-04-24 13:36:15,246 culturedx.modes.hied INFO Case 318518739: 14 candidate disorders from triage
2026-04-24 13:36:15,246 culturedx.pipeline.runner INFO Processing case 5/100: 341328894
2026-04-24 13:36:15,246 culturedx.modes.hied INFO HiED manual scope mode: using 14 target disorders
2026-04-24 13:36:15,246 culturedx.modes.hied INFO Case 341328894: 14 candidate disorders from triage
2026-04-24 13:36:15,247 culturedx.pipeline.runner INFO Processing case 6/100: 337522433
2026-04-24 13:36:15,247 culturedx.modes.hied INFO HiED manual scope mode: using 14 target disorders
2026-04-24 13:36:15,247 culturedx.modes.hied INFO Case 337522433: 14 candidate disorders from triage
2026-04-24 13:36:15,247 culturedx.pipeline.runner INFO Processing case 7/100: 300493869
2026-04-24 13:36:15,247 culturedx.modes.hied INFO HiED manual scope mode: using 14 target disorders
2026-04-24 13:36:15,247 culturedx.modes.hied INFO Case 300493869: 14 candidate disorders from triage
2026-04-24 13:36:15,247 culturedx.pipeline.runner INFO Processing case 8/100: 347729413
2026-04-24 13:36:15,248 culturedx.modes.hied INFO HiED manual scope mode: using 14 target disorders
2026-04-24 13:36:15,248 culturedx.modes.hied INFO Case 347729413: 14 candidate disorders from triage
2026-04-24 13:36:15,248 culturedx.pipeline.runner INFO Processing case 9/100: 377662897
2026-04-24 13:36:15,248 culturedx.modes.hied INFO HiED manual scope mode: using 14 target disorders
2026-04-24 13:36:15,248 culturedx.modes.hied INFO Case 377662897: 14 candidate disorders from triage
2026-04-24 13:36:15,248 culturedx.pipeline.runner INFO Processing case 10/100: 303364596
2026-04-24 13:36:15,248 culturedx.modes.hied INFO HiED manual scope mode: using 14 target disorders
2026-04-24 13:36:15,248 culturedx.modes.hied INFO Case 303364596: 14 candidate disorders from triage
2026-04-24 13:36:15,249 culturedx.pipeline.runner INFO Processing case 11/100: 327826586
2026-04-24 13:36:15,249 culturedx.modes.hied INFO HiED manual scope mode: using 14 target disorders
2026-04-24 13:36:15,249 culturedx.modes.hied INFO Case 327826586: 14 candidate disorders from triage
2026-04-24 13:36:15,249 culturedx.pipeline.runner INFO Processing case 12/100: 371726537
2026-04-24 13:36:15,249 culturedx.modes.hied INFO HiED manual scope mode: using 14 target disorders
2026-04-24 13:36:15,249 culturedx.modes.hied INFO Case 371726537: 14 candidate disorders from triage
2026-04-24 13:36:15,250 culturedx.pipeline.runner INFO Processing case 13/100: 388559461
2026-04-24 13:36:15,250 culturedx.modes.hied INFO HiED manual scope mode: using 14 target disorders
2026-04-24 13:36:15,250 culturedx.pipeline.runner INFO Processing case 14/100: 341042297
2026-04-24 13:36:15,250 culturedx.modes.hied INFO HiED manual scope mode: using 14 target disorders
2026-04-24 13:36:15,250 culturedx.pipeline.runner INFO Processing case 15/100: 324224056
2026-04-24 13:36:15,251 culturedx.modes.hied INFO HiED manual scope mode: using 14 target disorders
2026-04-24 13:36:15,251 culturedx.modes.hied INFO Case 324224056: 14 candidate disorders from triage
2026-04-24 13:36:15,250 culturedx.modes.hied INFO Case 388559461: 14 candidate disorders from triage
2026-04-24 13:36:15,251 culturedx.modes.hied INFO Case 341042297: 14 candidate disorders from triage
2026-04-24 13:36:15,250 culturedx.pipeline.runner INFO Processing case 16/100: 368679677
2026-04-24 13:36:15,252 culturedx.modes.hied INFO HiED manual scope mode: using 14 target disorders
2026-04-24 13:36:15,252 culturedx.modes.hied INFO Case 368679677: 14 candidate disorders from triage
2026-04-24 13:36:16,744 culturedx.retrieval.case_retriever INFO Loading BGE-M3 encoder (first call)...
2026-04-24 13:36:17,010 httpx INFO HTTP Request: HEAD https://huggingface.co/BAAI/bge-m3/resolve/main/modules.json "HTTP/1.1 307 Temporary Redirect"
2026-04-24 13:36:17,021 httpx INFO HTTP Request: HEAD https://huggingface.co/api/resolve-cache/models/BAAI/bge-m3/5617a9f61b028005a4858fdac845db406aefb181/modules.json "HTTP/1.1 200 OK"
2026-04-24 13:36:17,267 httpx INFO HTTP Request: HEAD https://huggingface.co/BAAI/bge-m3/resolve/main/config_sentence_transformers.json "HTTP/1.1 307 Temporary Redirect"
2026-04-24 13:36:17,277 httpx INFO HTTP Request: HEAD https://huggingface.co/api/resolve-cache/models/BAAI/bge-m3/5617a9f61b028005a4858fdac845db406aefb181/config_sentence_transformers.json "HTTP/1.1 200 OK"
2026-04-24 13:36:17,277 sentence_transformers.base.model INFO Loading SentenceTransformer model from BAAI/bge-m3.
2026-04-24 13:36:17,484 httpx INFO HTTP Request: HEAD https://huggingface.co/BAAI/bge-m3/resolve/main/config_sentence_transformers.json "HTTP/1.1 307 Temporary Redirect"
2026-04-24 13:36:17,496 httpx INFO HTTP Request: HEAD https://huggingface.co/api/resolve-cache/models/BAAI/bge-m3/5617a9f61b028005a4858fdac845db406aefb181/config_sentence_transformers.json "HTTP/1.1 200 OK"
2026-04-24 13:36:17,699 httpx INFO HTTP Request: HEAD https://huggingface.co/BAAI/bge-m3/resolve/main/README.md "HTTP/1.1 307 Temporary Redirect"
2026-04-24 13:36:17,710 httpx INFO HTTP Request: HEAD https://huggingface.co/api/resolve-cache/models/BAAI/bge-m3/5617a9f61b028005a4858fdac845db406aefb181/README.md "HTTP/1.1 200 OK"
2026-04-24 13:36:17,908 httpx INFO HTTP Request: HEAD https://huggingface.co/BAAI/bge-m3/resolve/main/modules.json "HTTP/1.1 307 Temporary Redirect"
2026-04-24 13:36:17,918 httpx INFO HTTP Request: HEAD https://huggingface.co/api/resolve-cache/models/BAAI/bge-m3/5617a9f61b028005a4858fdac845db406aefb181/modules.json "HTTP/1.1 200 OK"
2026-04-24 13:36:18,150 httpx INFO HTTP Request: HEAD https://huggingface.co/BAAI/bge-m3/resolve/main/sentence_bert_config.json "HTTP/1.1 307 Temporary Redirect"
2026-04-24 13:36:18,161 httpx INFO HTTP Request: HEAD https://huggingface.co/api/resolve-cache/models/BAAI/bge-m3/5617a9f61b028005a4858fdac845db406aefb181/sentence_bert_config.json "HTTP/1.1 200 OK"
2026-04-24 13:36:18,374 httpx INFO HTTP Request: HEAD https://huggingface.co/BAAI/bge-m3/resolve/main/adapter_config.json "HTTP/1.1 404 Not Found"
2026-04-24 13:36:18,585 httpx INFO HTTP Request: HEAD https://huggingface.co/BAAI/bge-m3/resolve/main/config.json "HTTP/1.1 307 Temporary Redirect"
2026-04-24 13:36:18,596 httpx INFO HTTP Request: HEAD https://huggingface.co/api/resolve-cache/models/BAAI/bge-m3/5617a9f61b028005a4858fdac845db406aefb181/config.json "HTTP/1.1 200 OK"
2026-04-24 13:36:18,815 httpx INFO HTTP Request: HEAD https://huggingface.co/BAAI/bge-m3/resolve/main/model.safetensors "HTTP/1.1 404 Not Found"

Loading weights:   0%|          | 0/391 [00:00<?, ?it/s]
Loading weights: 100%|██████████| 391/391 [00:00<00:00, 126658.39it/s]
2026-04-24 13:36:19,020 httpx INFO HTTP Request: GET https://huggingface.co/api/models/BAAI/bge-m3 "HTTP/1.1 200 OK"
2026-04-24 13:36:19,089 httpx INFO HTTP Request: HEAD https://huggingface.co/BAAI/bge-m3/resolve/main/processor_config.json "HTTP/1.1 404 Not Found"
2026-04-24 13:36:19,263 httpx INFO HTTP Request: GET https://huggingface.co/api/models/BAAI/bge-m3/commits/main "HTTP/1.1 200 OK"
2026-04-24 13:36:19,297 httpx INFO HTTP Request: HEAD https://huggingface.co/BAAI/bge-m3/resolve/main/preprocessor_config.json "HTTP/1.1 404 Not Found"
2026-04-24 13:36:19,490 httpx INFO HTTP Request: GET https://huggingface.co/api/models/BAAI/bge-m3/discussions?p=0 "HTTP/1.1 200 OK"
2026-04-24 13:36:19,527 httpx INFO HTTP Request: HEAD https://huggingface.co/BAAI/bge-m3/resolve/main/video_preprocessor_config.json "HTTP/1.1 404 Not Found"
2026-04-24 13:36:19,727 httpx INFO HTTP Request: GET https://huggingface.co/api/models/BAAI/bge-m3/commits/refs%2Fpr%2F130 "HTTP/1.1 200 OK"
2026-04-24 13:36:19,731 httpx INFO HTTP Request: HEAD https://huggingface.co/BAAI/bge-m3/resolve/main/preprocessor_config.json "HTTP/1.1 404 Not Found"
2026-04-24 13:36:19,930 httpx INFO HTTP Request: HEAD https://huggingface.co/BAAI/bge-m3/resolve/refs%2Fpr%2F130/model.safetensors.index.json "HTTP/1.1 404 Not Found"
2026-04-24 13:36:19,942 httpx INFO HTTP Request: HEAD https://huggingface.co/BAAI/bge-m3/resolve/main/tokenizer_config.json "HTTP/1.1 307 Temporary Redirect"
2026-04-24 13:36:19,953 httpx INFO HTTP Request: HEAD https://huggingface.co/api/resolve-cache/models/BAAI/bge-m3/5617a9f61b028005a4858fdac845db406aefb181/tokenizer_config.json "HTTP/1.1 200 OK"
2026-04-24 13:36:20,133 httpx INFO HTTP Request: HEAD https://huggingface.co/BAAI/bge-m3/resolve/refs%2Fpr%2F130/model.safetensors "HTTP/1.1 302 Found"
2026-04-24 13:36:20,192 httpx INFO HTTP Request: HEAD https://huggingface.co/BAAI/bge-m3/resolve/main/config.json "HTTP/1.1 307 Temporary Redirect"
2026-04-24 13:36:20,203 httpx INFO HTTP Request: HEAD https://huggingface.co/api/resolve-cache/models/BAAI/bge-m3/5617a9f61b028005a4858fdac845db406aefb181/config.json "HTTP/1.1 200 OK"
2026-04-24 13:36:20,405 httpx INFO HTTP Request: HEAD https://huggingface.co/BAAI/bge-m3/resolve/main/config.json "HTTP/1.1 307 Temporary Redirect"
2026-04-24 13:36:20,415 httpx INFO HTTP Request: HEAD https://huggingface.co/api/resolve-cache/models/BAAI/bge-m3/5617a9f61b028005a4858fdac845db406aefb181/config.json "HTTP/1.1 200 OK"
2026-04-24 13:36:20,617 httpx INFO HTTP Request: HEAD https://huggingface.co/BAAI/bge-m3/resolve/main/tokenizer_config.json "HTTP/1.1 307 Temporary Redirect"
2026-04-24 13:36:20,627 httpx INFO HTTP Request: HEAD https://huggingface.co/api/resolve-cache/models/BAAI/bge-m3/5617a9f61b028005a4858fdac845db406aefb181/tokenizer_config.json "HTTP/1.1 200 OK"
2026-04-24 13:36:20,848 httpx INFO HTTP Request: GET https://huggingface.co/api/models/BAAI/bge-m3/tree/main/additional_chat_templates?recursive=false&expand=false "HTTP/1.1 404 Not Found"
2026-04-24 13:36:21,059 httpx INFO HTTP Request: GET https://huggingface.co/api/models/BAAI/bge-m3/tree/main?recursive=true&expand=false "HTTP/1.1 200 OK"
2026-04-24 13:36:22,375 httpx INFO HTTP Request: GET https://huggingface.co/api/models/BAAI/bge-m3 "HTTP/1.1 200 OK"
2026-04-24 13:36:22,593 httpx INFO HTTP Request: HEAD https://huggingface.co/BAAI/bge-m3/resolve/main/1_Pooling/config.json "HTTP/1.1 307 Temporary Redirect"
2026-04-24 13:36:22,604 httpx INFO HTTP Request: HEAD https://huggingface.co/api/resolve-cache/models/BAAI/bge-m3/5617a9f61b028005a4858fdac845db406aefb181/1_Pooling%2Fconfig.json "HTTP/1.1 200 OK"
2026-04-24 13:36:22,808 httpx INFO HTTP Request: GET https://huggingface.co/api/models/BAAI/bge-m3 "HTTP/1.1 200 OK"
2026-04-24 13:36:22,813 culturedx.retrieval.case_retriever INFO BGE-M3 encoder loaded.
2026-04-24 13:36:32,396 culturedx.modes.hied INFO Case 377662897: Diagnostician ranked 5 disorders, top-2: ['F32', 'F41.1']
2026-04-24 13:36:32,540 culturedx.modes.base INFO Checker timing: 5 disorders in 0.1s (0.0s/disorder, 5 workers)
2026-04-24 13:36:32,580 culturedx.modes.base INFO Checker timing: 9 disorders in 0.0s (0.0s/disorder, 9 workers)
2026-04-24 13:36:32,581 culturedx.modes.hied INFO Case 377662897: DtV primary from top2 (top-1 F32 -> primary F41.1)
2026-04-24 13:36:32,582 culturedx.pipeline.runner INFO Processing case 17/100: 332278660
2026-04-24 13:36:32,583 culturedx.modes.hied INFO HiED manual scope mode: using 14 target disorders
2026-04-24 13:36:32,583 culturedx.modes.hied INFO Case 332278660: 14 candidate disorders from triage
2026-04-24 13:36:32,643 culturedx.modes.hied INFO Case 347729413: Diagnostician ranked 5 disorders, top-2: ['F32', 'F39']
2026-04-24 13:36:32,646 culturedx.modes.base INFO Checker timing: 5 disorders in 0.0s (0.0s/disorder, 5 workers)
2026-04-24 13:36:32,662 culturedx.modes.base INFO Checker timing: 9 disorders in 0.0s (0.0s/disorder, 9 workers)
2026-04-24 13:36:32,663 culturedx.pipeline.runner INFO Processing case 18/100: 312389408
2026-04-24 13:36:32,663 culturedx.modes.hied INFO HiED manual scope mode: using 14 target disorders
2026-04-24 13:36:32,663 culturedx.modes.hied INFO Case 312389408: 14 candidate disorders from triage
2026-04-24 13:36:33,287 culturedx.modes.hied INFO Case 300493869: Diagnostician ranked 5 disorders, top-2: ['F41.1', 'F45']
2026-04-24 13:36:33,290 culturedx.modes.base INFO Checker timing: 5 disorders in 0.0s (0.0s/disorder, 5 workers)
2026-04-24 13:36:33,300 culturedx.modes.base INFO Checker timing: 9 disorders in 0.0s (0.0s/disorder, 9 workers)
2026-04-24 13:36:33,300 culturedx.modes.hied INFO Case 300493869: DtV primary from top3 (top-1 F41.1 -> primary F41.2)
2026-04-24 13:36:33,300 culturedx.pipeline.runner INFO Processing case 19/100: 380913193
2026-04-24 13:36:33,300 culturedx.modes.hied INFO HiED manual scope mode: using 14 target disorders
2026-04-24 13:36:33,300 culturedx.modes.hied INFO Case 380913193: 14 candidate disorders from triage
2026-04-24 13:36:35,671 culturedx.modes.hied INFO Case 324224056: Diagnostician ranked 5 disorders, top-2: ['F41.1', 'F32']
2026-04-24 13:36:35,675 culturedx.modes.base INFO Checker timing: 5 disorders in 0.0s (0.0s/disorder, 5 workers)
2026-04-24 13:36:35,679 culturedx.modes.base INFO Checker timing: 9 disorders in 0.0s (0.0s/disorder, 9 workers)
2026-04-24 13:36:35,680 culturedx.pipeline.runner INFO Processing case 20/100: 393761475
2026-04-24 13:36:35,680 culturedx.modes.hied INFO HiED manual scope mode: using 14 target disorders
2026-04-24 13:36:35,680 culturedx.modes.hied INFO Case 393761475: 14 candidate disorders from triage
2026-04-24 13:36:35,881 culturedx.modes.hied INFO Case 327826586: Diagnostician ranked 5 disorders, top-2: ['F41.1', 'F32']
2026-04-24 13:36:35,897 culturedx.modes.base INFO Checker timing: 5 disorders in 0.0s (0.0s/disorder, 5 workers)
2026-04-24 13:36:35,923 culturedx.modes.base INFO Checker timing: 9 disorders in 0.0s (0.0s/disorder, 9 workers)
2026-04-24 13:36:35,924 culturedx.pipeline.runner INFO Processing case 21/100: 369682855
2026-04-24 13:36:35,924 culturedx.modes.hied INFO HiED manual scope mode: using 14 target disorders
2026-04-24 13:36:35,924 culturedx.modes.hied INFO Case 369682855: 14 candidate disorders from triage
2026-04-24 13:36:36,009 culturedx.modes.hied INFO Case 388559461: Diagnostician ranked 5 disorders, top-2: ['F32', 'F39']
2026-04-24 13:36:36,025 culturedx.modes.base INFO Checker timing: 5 disorders in 0.0s (0.0s/disorder, 5 workers)
2026-04-24 13:36:36,030 culturedx.modes.base INFO Checker timing: 9 disorders in 0.0s (0.0s/disorder, 9 workers)
2026-04-24 13:36:36,031 culturedx.pipeline.runner INFO Processing case 22/100: 329606499
2026-04-24 13:36:36,031 culturedx.modes.hied INFO HiED manual scope mode: using 14 target disorders
2026-04-24 13:36:36,031 culturedx.modes.hied INFO Case 329606499: 14 candidate disorders from triage
2026-04-24 13:36:36,261 culturedx.modes.hied INFO Case 341042297: Diagnostician ranked 5 disorders, top-2: ['F32', 'F39']
2026-04-24 13:36:36,266 culturedx.modes.base INFO Checker timing: 5 disorders in 0.0s (0.0s/disorder, 5 workers)
2026-04-24 13:36:36,281 culturedx.modes.base INFO Checker timing: 9 disorders in 0.0s (0.0s/disorder, 9 workers)
2026-04-24 13:36:36,281 culturedx.pipeline.runner INFO Processing case 23/100: 305328637
2026-04-24 13:36:36,282 culturedx.modes.hied INFO HiED manual scope mode: using 14 target disorders
2026-04-24 13:36:36,282 culturedx.modes.hied INFO Case 305328637: 14 candidate disorders from triage
2026-04-24 13:36:36,573 culturedx.modes.hied INFO Case 350352506: Diagnostician ranked 5 disorders, top-2: ['F32', 'F41.2']
2026-04-24 13:36:36,596 culturedx.modes.base INFO Checker timing: 5 disorders in 0.0s (0.0s/disorder, 5 workers)
2026-04-24 13:36:36,636 culturedx.modes.base INFO Checker timing: 9 disorders in 0.0s (0.0s/disorder, 9 workers)
2026-04-24 13:36:36,637 culturedx.pipeline.runner INFO Processing case 24/100: 376197379
2026-04-24 13:36:36,637 culturedx.modes.hied INFO HiED manual scope mode: using 14 target disorders
2026-04-24 13:36:36,637 culturedx.modes.hied INFO Case 376197379: 14 candidate disorders from triage
2026-04-24 13:36:37,354 culturedx.modes.hied INFO Case 368679677: Diagnostician ranked 5 disorders, top-2: ['F32', 'F39']
2026-04-24 13:36:37,362 culturedx.modes.base INFO Checker timing: 5 disorders in 0.0s (0.0s/disorder, 5 workers)
2026-04-24 13:36:37,402 culturedx.modes.base INFO Checker timing: 9 disorders in 0.0s (0.0s/disorder, 9 workers)
2026-04-24 13:36:37,403 culturedx.pipeline.runner INFO Processing case 25/100: 303895252
2026-04-24 13:36:37,403 culturedx.modes.hied INFO HiED manual scope mode: using 14 target disorders
2026-04-24 13:36:37,403 culturedx.modes.hied INFO Case 303895252: 14 candidate disorders from triage
2026-04-24 13:36:37,470 culturedx.modes.hied INFO Case 303364596: Diagnostician ranked 5 disorders, top-2: ['F32', 'F41.1']
2026-04-24 13:36:37,480 culturedx.modes.base INFO Checker timing: 5 disorders in 0.0s (0.0s/disorder, 5 workers)
2026-04-24 13:36:37,551 culturedx.modes.base INFO Checker timing: 9 disorders in 0.1s (0.0s/disorder, 9 workers)
2026-04-24 13:36:37,552 culturedx.pipeline.runner INFO Processing case 26/100: 358313639
2026-04-24 13:36:37,552 culturedx.modes.hied INFO HiED manual scope mode: using 14 target disorders
2026-04-24 13:36:37,552 culturedx.modes.hied INFO Case 358313639: 14 candidate disorders from triage
2026-04-24 13:36:38,147 culturedx.modes.hied INFO Case 337522433: Diagnostician ranked 5 disorders, top-2: ['F39', 'F41.1']
2026-04-24 13:36:38,173 culturedx.modes.base INFO Checker timing: 5 disorders in 0.0s (0.0s/disorder, 5 workers)
2026-04-24 13:36:38,189 culturedx.modes.base INFO Checker timing: 9 disorders in 0.0s (0.0s/disorder, 9 workers)
2026-04-24 13:36:38,190 culturedx.pipeline.runner INFO Processing case 27/100: 368998951
2026-04-24 13:36:38,190 culturedx.modes.hied INFO HiED manual scope mode: using 14 target disorders
2026-04-24 13:36:38,190 culturedx.modes.hied INFO Case 368998951: 14 candidate disorders from triage
2026-04-24 13:36:38,289 culturedx.modes.hied INFO Case 374577341: Diagnostician ranked 5 disorders, top-2: ['F41.1', 'F42']
2026-04-24 13:36:38,302 culturedx.modes.base INFO Checker timing: 5 disorders in 0.0s (0.0s/disorder, 5 workers)
2026-04-24 13:36:38,308 culturedx.modes.base INFO Checker timing: 9 disorders in 0.0s (0.0s/disorder, 9 workers)
2026-04-24 13:36:38,309 culturedx.pipeline.runner INFO Processing case 28/100: 355727279
2026-04-24 13:36:38,309 culturedx.modes.hied INFO HiED manual scope mode: using 14 target disorders
2026-04-24 13:36:38,309 culturedx.modes.hied INFO Case 355727279: 14 candidate disorders from triage
2026-04-24 13:36:38,373 culturedx.modes.hied INFO Case 341328894: Diagnostician ranked 5 disorders, top-2: ['F32', 'F41.1']
2026-04-24 13:36:38,380 culturedx.modes.base INFO Checker timing: 5 disorders in 0.0s (0.0s/disorder, 5 workers)
2026-04-24 13:36:38,384 culturedx.modes.base INFO Checker timing: 9 disorders in 0.0s (0.0s/disorder, 9 workers)
2026-04-24 13:36:38,385 culturedx.pipeline.runner INFO Processing case 29/100: 397700349
2026-04-24 13:36:38,385 culturedx.modes.hied INFO HiED manual scope mode: using 14 target disorders
2026-04-24 13:36:38,385 culturedx.modes.hied INFO Case 397700349: 14 candidate disorders from triage
2026-04-24 13:36:38,503 culturedx.modes.hied INFO Case 318518739: Diagnostician ranked 5 disorders, top-2: ['F32', 'F51']
2026-04-24 13:36:38,516 culturedx.modes.base INFO Checker timing: 5 disorders in 0.0s (0.0s/disorder, 5 workers)
2026-04-24 13:36:38,521 culturedx.modes.base INFO Checker timing: 9 disorders in 0.0s (0.0s/disorder, 9 workers)
2026-04-24 13:36:38,522 culturedx.pipeline.runner INFO Processing case 30/100: 381110368
2026-04-24 13:36:38,522 culturedx.modes.hied INFO HiED manual scope mode: using 14 target disorders
2026-04-24 13:36:38,522 culturedx.modes.hied INFO Case 381110368: 14 candidate disorders from triage
2026-04-24 13:36:38,577 culturedx.modes.hied INFO Case 344699340: Diagnostician ranked 5 disorders, top-2: ['F32', 'F39']
2026-04-24 13:36:38,582 culturedx.modes.base INFO Checker timing: 5 disorders in 0.0s (0.0s/disorder, 5 workers)
2026-04-24 13:36:38,597 culturedx.modes.base INFO Checker timing: 9 disorders in 0.0s (0.0s/disorder, 9 workers)
2026-04-24 13:36:38,597 culturedx.pipeline.runner INFO Processing case 31/100: 309444601
2026-04-24 13:36:38,597 culturedx.modes.hied INFO HiED manual scope mode: using 14 target disorders
2026-04-24 13:36:38,597 culturedx.modes.hied INFO Case 309444601: 14 candidate disorders from triage
2026-04-24 13:36:40,502 culturedx.modes.hied INFO Case 371726537: Diagnostician ranked 5 disorders, top-2: ['F32', 'F39']
2026-04-24 13:36:40,506 culturedx.modes.base INFO Checker timing: 5 disorders in 0.0s (0.0s/disorder, 5 workers)
2026-04-24 13:36:40,526 culturedx.modes.base INFO Checker timing: 9 disorders in 0.0s (0.0s/disorder, 9 workers)
2026-04-24 13:36:40,527 culturedx.pipeline.runner INFO Processing case 32/100: 335985565
2026-04-24 13:36:40,527 culturedx.modes.hied INFO HiED manual scope mode: using 14 target disorders
2026-04-24 13:36:40,527 culturedx.modes.hied INFO Case 335985565: 14 candidate disorders from triage
2026-04-24 13:36:43,534 culturedx.modes.hied INFO Case 312389408: Diagnostician ranked 5 disorders, top-2: ['F51', 'F39']
2026-04-24 13:36:43,568 culturedx.modes.base INFO Checker timing: 5 disorders in 0.0s (0.0s/disorder, 5 workers)
2026-04-24 13:36:43,590 culturedx.modes.base INFO Checker timing: 9 disorders in 0.0s (0.0s/disorder, 9 workers)
2026-04-24 13:36:43,591 culturedx.pipeline.runner INFO Processing case 33/100: 321077019
2026-04-24 13:36:43,591 culturedx.modes.hied INFO HiED manual scope mode: using 14 target disorders
2026-04-24 13:36:43,591 culturedx.modes.hied INFO Case 321077019: 14 candidate disorders from triage
2026-04-24 13:36:44,356 culturedx.modes.hied INFO Case 380913193: Diagnostician ranked 5 disorders, top-2: ['F41.1', 'F32']
2026-04-24 13:36:44,373 culturedx.modes.base INFO Checker timing: 5 disorders in 0.0s (0.0s/disorder, 5 workers)
2026-04-24 13:36:44,411 culturedx.modes.base INFO Checker timing: 9 disorders in 0.0s (0.0s/disorder, 9 workers)
2026-04-24 13:36:44,412 culturedx.pipeline.runner INFO Processing case 34/100: 346998154
2026-04-24 13:36:44,412 culturedx.modes.hied INFO HiED manual scope mode: using 14 target disorders
2026-04-24 13:36:44,412 culturedx.modes.hied INFO Case 346998154: 14 candidate disorders from triage
2026-04-24 13:36:45,051 culturedx.modes.hied INFO Case 332278660: Diagnostician ranked 5 disorders, top-2: ['F32', 'F39']
2026-04-24 13:36:45,066 culturedx.modes.base INFO Checker timing: 5 disorders in 0.0s (0.0s/disorder, 5 workers)
2026-04-24 13:36:45,073 culturedx.modes.base INFO Checker timing: 9 disorders in 0.0s (0.0s/disorder, 9 workers)
2026-04-24 13:36:45,073 culturedx.pipeline.runner INFO Processing case 35/100: 359213312
2026-04-24 13:36:45,073 culturedx.modes.hied INFO HiED manual scope mode: using 14 target disorders
2026-04-24 13:36:45,073 culturedx.modes.hied INFO Case 359213312: 14 candidate disorders from triage
2026-04-24 13:36:46,525 culturedx.modes.hied INFO Case 305328637: Diagnostician ranked 5 disorders, top-2: ['F41.1', 'F32']
2026-04-24 13:36:46,542 culturedx.modes.base INFO Checker timing: 5 disorders in 0.0s (0.0s/disorder, 5 workers)
2026-04-24 13:36:46,551 culturedx.modes.base INFO Checker timing: 9 disorders in 0.0s (0.0s/disorder, 9 workers)
2026-04-24 13:36:46,551 culturedx.pipeline.runner INFO Processing case 36/100: 367615981
2026-04-24 13:36:46,551 culturedx.modes.hied INFO HiED manual scope mode: using 14 target disorders
2026-04-24 13:36:46,551 culturedx.modes.hied INFO Case 367615981: 14 candidate disorders from triage
2026-04-24 13:36:47,104 culturedx.modes.hied INFO Case 358313639: Diagnostician ranked 5 disorders, top-2: ['F32', 'F51']
2026-04-24 13:36:47,138 culturedx.modes.base INFO Checker timing: 5 disorders in 0.0s (0.0s/disorder, 5 workers)
2026-04-24 13:36:47,240 culturedx.modes.base INFO Checker timing: 9 disorders in 0.1s (0.0s/disorder, 9 workers)
2026-04-24 13:36:47,240 culturedx.pipeline.runner INFO Processing case 37/100: 383925853
2026-04-24 13:36:47,241 culturedx.modes.hied INFO HiED manual scope mode: using 14 target disorders
2026-04-24 13:36:47,241 culturedx.modes.hied INFO Case 383925853: 14 candidate disorders from triage
2026-04-24 13:36:47,797 culturedx.modes.hied INFO Case 303895252: Diagnostician ranked 5 disorders, top-2: ['F32', 'F41.1']
2026-04-24 13:36:47,807 culturedx.modes.base INFO Checker timing: 5 disorders in 0.0s (0.0s/disorder, 5 workers)
2026-04-24 13:36:47,816 culturedx.modes.base INFO Checker timing: 9 disorders in 0.0s (0.0s/disorder, 9 workers)
2026-04-24 13:36:47,817 culturedx.pipeline.runner INFO Processing case 38/100: 349524800
2026-04-24 13:36:47,817 culturedx.modes.hied INFO HiED manual scope mode: using 14 target disorders
2026-04-24 13:36:47,817 culturedx.modes.hied INFO Case 349524800: 14 candidate disorders from triage
2026-04-24 13:36:47,819 culturedx.modes.hied INFO Case 329606499: Diagnostician ranked 5 disorders, top-2: ['F32', 'F39']
2026-04-24 13:36:47,826 culturedx.modes.base INFO Checker timing: 5 disorders in 0.0s (0.0s/disorder, 5 workers)
2026-04-24 13:36:47,840 culturedx.modes.base INFO Checker timing: 9 disorders in 0.0s (0.0s/disorder, 9 workers)
2026-04-24 13:36:47,840 culturedx.modes.hied INFO Case 329606499: DtV primary from top2 (top-1 F32 -> primary F39)
2026-04-24 13:36:47,840 culturedx.pipeline.runner INFO Processing case 39/100: 339178683
2026-04-24 13:36:47,841 culturedx.modes.hied INFO HiED manual scope mode: using 14 target disorders
2026-04-24 13:36:47,841 culturedx.modes.hied INFO Case 339178683: 14 candidate disorders from triage
2026-04-24 13:36:48,583 culturedx.modes.hied INFO Case 309444601: Diagnostician ranked 5 disorders, top-2: ['F32', 'F41.2']
2026-04-24 13:36:48,590 culturedx.modes.base INFO Checker timing: 5 disorders in 0.0s (0.0s/disorder, 5 workers)
2026-04-24 13:36:48,618 culturedx.modes.base INFO Checker timing: 9 disorders in 0.0s (0.0s/disorder, 9 workers)
2026-04-24 13:36:48,618 culturedx.pipeline.runner INFO Processing case 40/100: 365148198
2026-04-24 13:36:48,619 culturedx.modes.hied INFO HiED manual scope mode: using 14 target disorders
2026-04-24 13:36:48,619 culturedx.modes.hied INFO Case 365148198: 14 candidate disorders from triage
2026-04-24 13:36:49,280 culturedx.modes.hied INFO Case 369682855: Diagnostician ranked 5 disorders, top-2: ['F20', 'F32']
2026-04-24 13:36:49,286 culturedx.modes.base INFO Checker timing: 5 disorders in 0.0s (0.0s/disorder, 5 workers)
2026-04-24 13:36:49,291 culturedx.modes.base INFO Checker timing: 9 disorders in 0.0s (0.0s/disorder, 9 workers)
2026-04-24 13:36:49,292 culturedx.pipeline.runner INFO Processing case 41/100: 354219828
2026-04-24 13:36:49,292 culturedx.modes.hied INFO HiED manual scope mode: using 14 target disorders
2026-04-24 13:36:49,292 culturedx.modes.hied INFO Case 354219828: 14 candidate disorders from triage
2026-04-24 13:36:50,302 culturedx.modes.hied INFO Case 381110368: Diagnostician ranked 5 disorders, top-2: ['F32', 'F41.2']
2026-04-24 13:36:50,310 culturedx.modes.base INFO Checker timing: 5 disorders in 0.0s (0.0s/disorder, 5 workers)
2026-04-24 13:36:50,355 culturedx.modes.hied INFO Case 393761475: Diagnostician ranked 5 disorders, top-2: ['F41.1', 'F32']
2026-04-24 13:36:50,359 culturedx.modes.base INFO Checker timing: 5 disorders in 0.0s (0.0s/disorder, 5 workers)
2026-04-24 13:36:50,372 culturedx.modes.base INFO Checker timing: 9 disorders in 0.0s (0.0s/disorder, 9 workers)
2026-04-24 13:36:50,373 culturedx.pipeline.runner INFO Processing case 42/100: 329547625
2026-04-24 13:36:50,373 culturedx.modes.hied INFO HiED manual scope mode: using 14 target disorders
2026-04-24 13:36:50,373 culturedx.modes.hied INFO Case 329547625: 14 candidate disorders from triage
2026-04-24 13:36:50,374 culturedx.modes.base INFO Checker timing: 9 disorders in 0.1s (0.0s/disorder, 9 workers)
2026-04-24 13:36:50,375 culturedx.pipeline.runner INFO Processing case 43/100: 369867441
2026-04-24 13:36:50,375 culturedx.modes.hied INFO HiED manual scope mode: using 14 target disorders
2026-04-24 13:36:50,375 culturedx.modes.hied INFO Case 369867441: 14 candidate disorders from triage
2026-04-24 13:36:51,038 culturedx.modes.hied INFO Case 397700349: Diagnostician ranked 5 disorders, top-2: ['F32', 'F39']
2026-04-24 13:36:51,059 culturedx.modes.base INFO Checker timing: 5 disorders in 0.0s (0.0s/disorder, 5 workers)
2026-04-24 13:36:51,101 culturedx.modes.base INFO Checker timing: 9 disorders in 0.0s (0.0s/disorder, 9 workers)
2026-04-24 13:36:51,102 culturedx.pipeline.runner INFO Processing case 44/100: 327456260
2026-04-24 13:36:51,102 culturedx.modes.hied INFO HiED manual scope mode: using 14 target disorders
2026-04-24 13:36:51,102 culturedx.modes.hied INFO Case 327456260: 14 candidate disorders from triage
2026-04-24 13:36:51,783 culturedx.modes.hied INFO Case 335985565: Diagnostician ranked 5 disorders, top-2: ['F32', 'F39']
2026-04-24 13:36:51,785 culturedx.modes.base INFO Checker timing: 5 disorders in 0.0s (0.0s/disorder, 5 workers)
2026-04-24 13:36:51,810 culturedx.modes.base INFO Checker timing: 9 disorders in 0.0s (0.0s/disorder, 9 workers)
2026-04-24 13:36:51,811 culturedx.pipeline.runner INFO Processing case 45/100: 331016450
2026-04-24 13:36:51,811 culturedx.modes.hied INFO HiED manual scope mode: using 14 target disorders
2026-04-24 13:36:51,811 culturedx.modes.hied INFO Case 331016450: 14 candidate disorders from triage
2026-04-24 13:36:52,072 culturedx.modes.hied INFO Case 355727279: Diagnostician ranked 5 disorders, top-2: ['F32', 'F39']
2026-04-24 13:36:52,077 culturedx.modes.base INFO Checker timing: 5 disorders in 0.0s (0.0s/disorder, 5 workers)
2026-04-24 13:36:52,085 culturedx.modes.base INFO Checker timing: 9 disorders in 0.0s (0.0s/disorder, 9 workers)
2026-04-24 13:36:52,085 culturedx.pipeline.runner INFO Processing case 46/100: 314631661
2026-04-24 13:36:52,086 culturedx.modes.hied INFO HiED manual scope mode: using 14 target disorders
2026-04-24 13:36:52,086 culturedx.modes.hied INFO Case 314631661: 14 candidate disorders from triage
2026-04-24 13:36:52,931 culturedx.modes.hied INFO Case 368998951: Diagnostician ranked 5 disorders, top-2: ['F32', 'F39']
2026-04-24 13:36:52,935 culturedx.modes.base INFO Checker timing: 5 disorders in 0.0s (0.0s/disorder, 5 workers)
2026-04-24 13:36:52,941 culturedx.modes.base INFO Checker timing: 9 disorders in 0.0s (0.0s/disorder, 9 workers)
2026-04-24 13:36:52,942 culturedx.pipeline.runner INFO Processing case 47/100: 395541834
2026-04-24 13:36:52,942 culturedx.modes.hied INFO HiED manual scope mode: using 14 target disorders
2026-04-24 13:36:52,942 culturedx.modes.hied INFO Case 395541834: 14 candidate disorders from triage
2026-04-24 13:36:53,343 culturedx.modes.hied INFO Case 376197379: Diagnostician ranked 5 disorders, top-2: ['F41.1', 'F32']
2026-04-24 13:36:53,346 culturedx.modes.base INFO Checker timing: 5 disorders in 0.0s (0.0s/disorder, 5 workers)
2026-04-24 13:36:53,363 culturedx.modes.base INFO Checker timing: 9 disorders in 0.0s (0.0s/disorder, 9 workers)
2026-04-24 13:36:53,364 culturedx.pipeline.runner INFO Processing case 48/100: 349034373
2026-04-24 13:36:53,364 culturedx.modes.hied INFO HiED manual scope mode: using 14 target disorders
2026-04-24 13:36:53,364 culturedx.modes.hied INFO Case 349034373: 14 candidate disorders from triage
2026-04-24 13:36:53,766 culturedx.modes.hied INFO Case 321077019: Diagnostician ranked 5 disorders, top-2: ['F32', 'F41.1']
2026-04-24 13:36:53,780 culturedx.modes.base INFO Checker timing: 5 disorders in 0.0s (0.0s/disorder, 5 workers)
2026-04-24 13:36:53,818 culturedx.modes.base INFO Checker timing: 9 disorders in 0.0s (0.0s/disorder, 9 workers)
2026-04-24 13:36:53,818 culturedx.pipeline.runner INFO Processing case 49/100: 372632464
2026-04-24 13:36:53,818 culturedx.modes.hied INFO HiED manual scope mode: using 14 target disorders
2026-04-24 13:36:53,818 culturedx.modes.hied INFO Case 372632464: 14 candidate disorders from triage
2026-04-24 13:36:56,257 culturedx.modes.hied INFO Case 346998154: Diagnostician ranked 5 disorders, top-2: ['F32', 'F39']
2026-04-24 13:36:56,263 culturedx.modes.base INFO Checker timing: 5 disorders in 0.0s (0.0s/disorder, 5 workers)
2026-04-24 13:36:56,270 culturedx.modes.base INFO Checker timing: 9 disorders in 0.0s (0.0s/disorder, 9 workers)
2026-04-24 13:36:56,271 culturedx.pipeline.runner INFO Processing case 50/100: 320669626
2026-04-24 13:36:56,271 culturedx.modes.hied INFO HiED manual scope mode: using 14 target disorders
2026-04-24 13:36:56,271 culturedx.modes.hied INFO Case 320669626: 14 candidate disorders from triage
2026-04-24 13:36:56,796 culturedx.modes.hied INFO Case 367615981: Diagnostician ranked 5 disorders, top-2: ['F32', 'F39']
2026-04-24 13:36:56,799 culturedx.modes.base INFO Checker timing: 5 disorders in 0.0s (0.0s/disorder, 5 workers)
2026-04-24 13:36:56,804 culturedx.modes.base INFO Checker timing: 9 disorders in 0.0s (0.0s/disorder, 9 workers)
2026-04-24 13:36:56,805 culturedx.pipeline.runner INFO Processing case 51/100: 342949614
2026-04-24 13:36:56,805 culturedx.modes.hied INFO HiED manual scope mode: using 14 target disorders
2026-04-24 13:36:56,805 culturedx.modes.hied INFO Case 342949614: 14 candidate disorders from triage
2026-04-24 13:36:57,439 culturedx.modes.hied INFO Case 349524800: Diagnostician ranked 5 disorders, top-2: ['F32', 'F41.1']
2026-04-24 13:36:57,443 culturedx.modes.base INFO Checker timing: 5 disorders in 0.0s (0.0s/disorder, 5 workers)
2026-04-24 13:36:57,448 culturedx.modes.base INFO Checker timing: 9 disorders in 0.0s (0.0s/disorder, 9 workers)
2026-04-24 13:36:57,449 culturedx.pipeline.runner INFO Processing case 52/100: 356498183
2026-04-24 13:36:57,449 culturedx.modes.hied INFO HiED manual scope mode: using 14 target disorders
2026-04-24 13:36:57,449 culturedx.modes.hied INFO Case 356498183: 14 candidate disorders from triage
2026-04-24 13:36:57,606 culturedx.modes.hied INFO Case 359213312: Diagnostician ranked 5 disorders, top-2: ['F51', 'F41.1']
2026-04-24 13:36:57,612 culturedx.modes.base INFO Checker timing: 5 disorders in 0.0s (0.0s/disorder, 5 workers)
2026-04-24 13:36:57,616 culturedx.modes.base INFO Checker timing: 9 disorders in 0.0s (0.0s/disorder, 9 workers)
2026-04-24 13:36:57,617 culturedx.pipeline.runner INFO Processing case 53/100: 300639126
2026-04-24 13:36:57,617 culturedx.modes.hied INFO HiED manual scope mode: using 14 target disorders
2026-04-24 13:36:57,617 culturedx.modes.hied INFO Case 300639126: 14 candidate disorders from triage
2026-04-24 13:36:59,249 culturedx.modes.hied INFO Case 369867441: Diagnostician ranked 5 disorders, top-2: ['F32', 'F39']
2026-04-24 13:36:59,255 culturedx.modes.base INFO Checker timing: 5 disorders in 0.0s (0.0s/disorder, 5 workers)
2026-04-24 13:36:59,288 culturedx.modes.base INFO Checker timing: 9 disorders in 0.0s (0.0s/disorder, 9 workers)
2026-04-24 13:36:59,289 culturedx.pipeline.runner INFO Processing case 54/100: 344013412
2026-04-24 13:36:59,289 culturedx.modes.hied INFO HiED manual scope mode: using 14 target disorders
2026-04-24 13:36:59,289 culturedx.modes.hied INFO Case 344013412: 14 candidate disorders from triage
2026-04-24 13:36:59,748 culturedx.modes.hied INFO Case 365148198: Diagnostician ranked 5 disorders, top-2: ['F32', 'F41.1']
2026-04-24 13:36:59,752 culturedx.modes.base INFO Checker timing: 5 disorders in 0.0s (0.0s/disorder, 5 workers)
2026-04-24 13:36:59,759 culturedx.modes.base INFO Checker timing: 9 disorders in 0.0s (0.0s/disorder, 9 workers)
2026-04-24 13:36:59,759 culturedx.pipeline.runner INFO Processing case 55/100: 348839819
2026-04-24 13:36:59,759 culturedx.modes.hied INFO HiED manual scope mode: using 14 target disorders
2026-04-24 13:36:59,760 culturedx.modes.hied INFO Case 348839819: 14 candidate disorders from triage
2026-04-24 13:37:01,199 culturedx.modes.hied INFO Case 331016450: Diagnostician ranked 5 disorders, top-2: ['F32', 'F39']
2026-04-24 13:37:01,203 culturedx.modes.base INFO Checker timing: 5 disorders in 0.0s (0.0s/disorder, 5 workers)
2026-04-24 13:37:01,215 culturedx.modes.base INFO Checker timing: 9 disorders in 0.0s (0.0s/disorder, 9 workers)
2026-04-24 13:37:01,216 culturedx.pipeline.runner INFO Processing case 56/100: 379652943
2026-04-24 13:37:01,216 culturedx.modes.hied INFO HiED manual scope mode: using 14 target disorders
2026-04-24 13:37:01,216 culturedx.modes.hied INFO Case 379652943: 14 candidate disorders from triage
2026-04-24 13:37:01,890 culturedx.modes.hied INFO Case 354219828: Diagnostician ranked 5 disorders, top-2: ['F41.1', 'F51']
2026-04-24 13:37:01,897 culturedx.modes.base INFO Checker timing: 5 disorders in 0.0s (0.0s/disorder, 5 workers)
2026-04-24 13:37:01,932 culturedx.modes.base INFO Checker timing: 9 disorders in 0.0s (0.0s/disorder, 9 workers)
2026-04-24 13:37:01,932 culturedx.pipeline.runner INFO Processing case 57/100: 345082346
2026-04-24 13:37:01,932 culturedx.modes.hied INFO HiED manual scope mode: using 14 target disorders
2026-04-24 13:37:01,932 culturedx.modes.hied INFO Case 345082346: 14 candidate disorders from triage
2026-04-24 13:37:02,131 culturedx.modes.hied INFO Case 339178683: Diagnostician ranked 5 disorders, top-2: ['F41.1', 'F42']
2026-04-24 13:37:02,151 culturedx.modes.base INFO Checker timing: 5 disorders in 0.0s (0.0s/disorder, 5 workers)
2026-04-24 13:37:02,161 culturedx.modes.base INFO Checker timing: 9 disorders in 0.0s (0.0s/disorder, 9 workers)
2026-04-24 13:37:02,162 culturedx.pipeline.runner INFO Processing case 58/100: 381931431
2026-04-24 13:37:02,162 culturedx.modes.hied INFO HiED manual scope mode: using 14 target disorders
2026-04-24 13:37:02,162 culturedx.modes.hied INFO Case 381931431: 14 candidate disorders from triage
2026-04-24 13:37:02,653 culturedx.modes.hied INFO Case 327456260: Diagnostician ranked 5 disorders, top-2: ['F32', 'F39']
2026-04-24 13:37:02,661 culturedx.modes.base INFO Checker timing: 5 disorders in 0.0s (0.0s/disorder, 5 workers)
2026-04-24 13:37:02,665 culturedx.modes.base INFO Checker timing: 9 disorders in 0.0s (0.0s/disorder, 9 workers)
2026-04-24 13:37:02,666 culturedx.pipeline.runner INFO Processing case 59/100: 304891732
2026-04-24 13:37:02,666 culturedx.modes.hied INFO HiED manual scope mode: using 14 target disorders
2026-04-24 13:37:02,666 culturedx.modes.hied INFO Case 304891732: 14 candidate disorders from triage
2026-04-24 13:37:03,314 culturedx.modes.hied INFO Case 349034373: Diagnostician ranked 5 disorders, top-2: ['F32', 'F41.1']
2026-04-24 13:37:03,320 culturedx.modes.base INFO Checker timing: 5 disorders in 0.0s (0.0s/disorder, 5 workers)
2026-04-24 13:37:03,329 culturedx.modes.base INFO Checker timing: 9 disorders in 0.0s (0.0s/disorder, 9 workers)
2026-04-24 13:37:03,329 culturedx.modes.hied INFO Case 349034373: DtV primary from top2 (top-1 F32 -> primary F41.1)
2026-04-24 13:37:03,330 culturedx.pipeline.runner INFO Processing case 60/100: 314878848
2026-04-24 13:37:03,330 culturedx.modes.hied INFO HiED manual scope mode: using 14 target disorders
2026-04-24 13:37:03,330 culturedx.modes.hied INFO Case 314878848: 14 candidate disorders from triage
2026-04-24 13:37:04,225 culturedx.modes.hied INFO Case 314631661: Diagnostician ranked 5 disorders, top-2: ['F32', 'F39']
2026-04-24 13:37:04,228 culturedx.modes.base INFO Checker timing: 5 disorders in 0.0s (0.0s/disorder, 5 workers)
2026-04-24 13:37:04,232 culturedx.modes.base INFO Checker timing: 9 disorders in 0.0s (0.0s/disorder, 9 workers)
2026-04-24 13:37:04,232 culturedx.modes.hied INFO Case 314631661: DtV primary from top2 (top-1 F32 -> primary F39)
2026-04-24 13:37:04,232 culturedx.pipeline.runner INFO Processing case 61/100: 388730013
2026-04-24 13:37:04,232 culturedx.modes.hied INFO HiED manual scope mode: using 14 target disorders
2026-04-24 13:37:04,232 culturedx.modes.hied INFO Case 388730013: 14 candidate disorders from triage
2026-04-24 13:37:04,559 culturedx.modes.hied INFO Case 395541834: Diagnostician ranked 5 disorders, top-2: ['F32', 'F39']
2026-04-24 13:37:04,586 culturedx.modes.base INFO Checker timing: 5 disorders in 0.0s (0.0s/disorder, 5 workers)
2026-04-24 13:37:04,590 culturedx.modes.base INFO Checker timing: 9 disorders in 0.0s (0.0s/disorder, 9 workers)
2026-04-24 13:37:04,591 culturedx.pipeline.runner INFO Processing case 62/100: 374056166
2026-04-24 13:37:04,591 culturedx.modes.hied INFO HiED manual scope mode: using 14 target disorders
2026-04-24 13:37:04,591 culturedx.modes.hied INFO Case 374056166: 14 candidate disorders from triage
2026-04-24 13:37:05,423 culturedx.modes.hied INFO Case 329547625: Diagnostician ranked 5 disorders, top-2: ['F41.1', 'F32']
2026-04-24 13:37:05,450 culturedx.modes.base INFO Checker timing: 5 disorders in 0.0s (0.0s/disorder, 5 workers)
2026-04-24 13:37:05,464 culturedx.modes.base INFO Checker timing: 9 disorders in 0.0s (0.0s/disorder, 9 workers)
2026-04-24 13:37:05,467 culturedx.pipeline.runner INFO Processing case 63/100: 387302774
2026-04-24 13:37:05,467 culturedx.modes.hied INFO HiED manual scope mode: using 14 target disorders
2026-04-24 13:37:05,467 culturedx.modes.hied INFO Case 387302774: 14 candidate disorders from triage
2026-04-24 13:37:06,360 culturedx.modes.hied INFO Case 383925853: Diagnostician ranked 5 disorders, top-2: ['F20', 'F39']
2026-04-24 13:37:06,363 culturedx.modes.base INFO Checker timing: 5 disorders in 0.0s (0.0s/disorder, 5 workers)
2026-04-24 13:37:06,371 culturedx.modes.base INFO Checker timing: 9 disorders in 0.0s (0.0s/disorder, 9 workers)
2026-04-24 13:37:06,372 culturedx.pipeline.runner INFO Processing case 64/100: 333010865
2026-04-24 13:37:06,372 culturedx.modes.hied INFO HiED manual scope mode: using 14 target disorders
2026-04-24 13:37:06,372 culturedx.modes.hied INFO Case 333010865: 14 candidate disorders from triage
2026-04-24 13:37:08,561 culturedx.modes.hied INFO Case 300639126: Diagnostician ranked 5 disorders, top-2: ['F32', 'F39']
2026-04-24 13:37:08,579 culturedx.modes.base INFO Checker timing: 5 disorders in 0.0s (0.0s/disorder, 5 workers)
2026-04-24 13:37:08,586 culturedx.modes.base INFO Checker timing: 9 disorders in 0.0s (0.0s/disorder, 9 workers)
2026-04-24 13:37:08,586 culturedx.pipeline.runner INFO Processing case 65/100: 340563038
2026-04-24 13:37:08,587 culturedx.modes.hied INFO HiED manual scope mode: using 14 target disorders
2026-04-24 13:37:08,587 culturedx.modes.hied INFO Case 340563038: 14 candidate disorders from triage
2026-04-24 13:37:08,948 culturedx.modes.hied INFO Case 356498183: Diagnostician ranked 5 disorders, top-2: ['F32', 'F41.1']
2026-04-24 13:37:08,954 culturedx.modes.base INFO Checker timing: 5 disorders in 0.0s (0.0s/disorder, 5 workers)
2026-04-24 13:37:08,961 culturedx.modes.base INFO Checker timing: 9 disorders in 0.0s (0.0s/disorder, 9 workers)
2026-04-24 13:37:08,962 culturedx.pipeline.runner INFO Processing case 66/100: 354496307
2026-04-24 13:37:08,962 culturedx.modes.hied INFO HiED manual scope mode: using 14 target disorders
2026-04-24 13:37:08,962 culturedx.modes.hied INFO Case 354496307: 14 candidate disorders from triage
2026-04-24 13:37:09,113 culturedx.modes.hied INFO Case 320669626: Diagnostician ranked 5 disorders, top-2: ['F32', 'F39']
2026-04-24 13:37:09,116 culturedx.modes.base INFO Checker timing: 5 disorders in 0.0s (0.0s/disorder, 5 workers)
2026-04-24 13:37:09,121 culturedx.modes.base INFO Checker timing: 9 disorders in 0.0s (0.0s/disorder, 9 workers)
2026-04-24 13:37:09,122 culturedx.pipeline.runner INFO Processing case 67/100: 354203641
2026-04-24 13:37:09,122 culturedx.modes.hied INFO HiED manual scope mode: using 14 target disorders
2026-04-24 13:37:09,122 culturedx.modes.hied INFO Case 354203641: 14 candidate disorders from triage
2026-04-24 13:37:09,163 culturedx.modes.hied INFO Case 348839819: Diagnostician ranked 5 disorders, top-2: ['F32', 'F39']
2026-04-24 13:37:09,170 culturedx.modes.base INFO Checker timing: 5 disorders in 0.0s (0.0s/disorder, 5 workers)
2026-04-24 13:37:09,176 culturedx.modes.base INFO Checker timing: 9 disorders in 0.0s (0.0s/disorder, 9 workers)
2026-04-24 13:37:09,176 culturedx.pipeline.runner INFO Processing case 68/100: 381222225
2026-04-24 13:37:09,176 culturedx.modes.hied INFO HiED manual scope mode: using 14 target disorders
2026-04-24 13:37:09,176 culturedx.modes.hied INFO Case 381222225: 14 candidate disorders from triage
2026-04-24 13:37:10,630 culturedx.modes.hied INFO Case 342949614: Diagnostician ranked 5 disorders, top-2: ['F32', 'F39']
2026-04-24 13:37:10,635 culturedx.modes.base INFO Checker timing: 5 disorders in 0.0s (0.0s/disorder, 5 workers)
2026-04-24 13:37:10,645 culturedx.modes.base INFO Checker timing: 9 disorders in 0.0s (0.0s/disorder, 9 workers)
2026-04-24 13:37:10,646 culturedx.pipeline.runner INFO Processing case 69/100: 329923484
2026-04-24 13:37:10,646 culturedx.modes.hied INFO HiED manual scope mode: using 14 target disorders
2026-04-24 13:37:10,646 culturedx.modes.hied INFO Case 329923484: 14 candidate disorders from triage
2026-04-24 13:37:10,673 culturedx.modes.hied INFO Case 372632464: Diagnostician ranked 5 disorders, top-2: ['F32', 'F41.1']
2026-04-24 13:37:10,677 culturedx.modes.base INFO Checker timing: 5 disorders in 0.0s (0.0s/disorder, 5 workers)
2026-04-24 13:37:10,691 culturedx.modes.base INFO Checker timing: 9 disorders in 0.0s (0.0s/disorder, 9 workers)
2026-04-24 13:37:10,692 culturedx.pipeline.runner INFO Processing case 70/100: 317090766
2026-04-24 13:37:10,692 culturedx.modes.hied INFO HiED manual scope mode: using 14 target disorders
2026-04-24 13:37:10,692 culturedx.modes.hied INFO Case 317090766: 14 candidate disorders from triage
2026-04-24 13:37:11,636 culturedx.modes.hied INFO Case 345082346: Diagnostician ranked 5 disorders, top-2: ['F41.1', 'F32']
2026-04-24 13:37:11,649 culturedx.modes.base INFO Checker timing: 5 disorders in 0.0s (0.0s/disorder, 5 workers)
2026-04-24 13:37:11,654 culturedx.modes.base INFO Checker timing: 9 disorders in 0.0s (0.0s/disorder, 9 workers)
2026-04-24 13:37:11,654 culturedx.pipeline.runner INFO Processing case 71/100: 305956530
2026-04-24 13:37:11,654 culturedx.modes.hied INFO HiED manual scope mode: using 14 target disorders
2026-04-24 13:37:11,654 culturedx.modes.hied INFO Case 305956530: 14 candidate disorders from triage
2026-04-24 13:37:11,682 culturedx.modes.hied INFO Case 379652943: Diagnostician ranked 5 disorders, top-2: ['F32', 'F41.1']
2026-04-24 13:37:11,685 culturedx.modes.base INFO Checker timing: 5 disorders in 0.0s (0.0s/disorder, 5 workers)
2026-04-24 13:37:11,689 culturedx.modes.base INFO Checker timing: 9 disorders in 0.0s (0.0s/disorder, 9 workers)
2026-04-24 13:37:11,689 culturedx.pipeline.runner INFO Processing case 72/100: 334814081
2026-04-24 13:37:11,689 culturedx.modes.hied INFO HiED manual scope mode: using 14 target disorders
2026-04-24 13:37:11,689 culturedx.modes.hied INFO Case 334814081: 14 candidate disorders from triage
2026-04-24 13:37:12,178 culturedx.agents.diagnostician WARNING Diagnostician returned unknown code F32.0, skipping
2026-04-24 13:37:12,178 culturedx.agents.diagnostician WARNING Diagnostician returned unknown code F51.0, skipping
2026-04-24 13:37:12,178 culturedx.agents.diagnostician WARNING Diagnostician returned unknown code F39.9, skipping
2026-04-24 13:37:12,178 culturedx.agents.diagnostician WARNING Diagnostician returned unknown code F98.9, skipping
2026-04-24 13:37:12,178 culturedx.modes.hied INFO Case 344013412: Diagnostician ranked 1 disorders, top-2: ['F41.1']
2026-04-24 13:37:12,179 culturedx.modes.base INFO Checker timing: 1 disorders in 0.0s (0.0s/disorder, 1 workers)
2026-04-24 13:37:12,187 culturedx.modes.base INFO Checker timing: 13 disorders in 0.0s (0.0s/disorder, 13 workers)
2026-04-24 13:37:12,187 culturedx.pipeline.runner INFO Processing case 73/100: 382615327
2026-04-24 13:37:12,188 culturedx.modes.hied INFO HiED manual scope mode: using 14 target disorders
2026-04-24 13:37:12,188 culturedx.modes.hied INFO Case 382615327: 14 candidate disorders from triage
2026-04-24 13:37:13,625 culturedx.modes.hied INFO Case 314878848: Diagnostician ranked 5 disorders, top-2: ['F32', 'F41.1']
2026-04-24 13:37:13,641 culturedx.modes.base INFO Checker timing: 5 disorders in 0.0s (0.0s/disorder, 5 workers)
2026-04-24 13:37:13,648 culturedx.modes.base INFO Checker timing: 9 disorders in 0.0s (0.0s/disorder, 9 workers)
2026-04-24 13:37:13,648 culturedx.pipeline.runner INFO Processing case 74/100: 344046891
2026-04-24 13:37:13,649 culturedx.modes.hied INFO HiED manual scope mode: using 14 target disorders
2026-04-24 13:37:13,649 culturedx.modes.hied INFO Case 344046891: 14 candidate disorders from triage
2026-04-24 13:37:13,737 culturedx.modes.hied INFO Case 381931431: Diagnostician ranked 5 disorders, top-2: ['F41.1', 'F41.2']
2026-04-24 13:37:13,742 culturedx.modes.base INFO Checker timing: 5 disorders in 0.0s (0.0s/disorder, 5 workers)
2026-04-24 13:37:13,747 culturedx.modes.base INFO Checker timing: 9 disorders in 0.0s (0.0s/disorder, 9 workers)
2026-04-24 13:37:13,748 culturedx.pipeline.runner INFO Processing case 75/100: 351228828
2026-04-24 13:37:13,751 culturedx.modes.hied INFO HiED manual scope mode: using 14 target disorders
2026-04-24 13:37:13,751 culturedx.modes.hied INFO Case 351228828: 14 candidate disorders from triage
2026-04-24 13:37:15,660 culturedx.modes.hied INFO Case 388730013: Diagnostician ranked 5 disorders, top-2: ['F32', 'F41.1']
2026-04-24 13:37:15,663 culturedx.modes.base INFO Checker timing: 5 disorders in 0.0s (0.0s/disorder, 5 workers)
2026-04-24 13:37:15,668 culturedx.modes.base INFO Checker timing: 9 disorders in 0.0s (0.0s/disorder, 9 workers)
2026-04-24 13:37:15,668 culturedx.pipeline.runner INFO Processing case 76/100: 368042020
2026-04-24 13:37:15,669 culturedx.modes.hied INFO HiED manual scope mode: using 14 target disorders
2026-04-24 13:37:15,669 culturedx.modes.hied INFO Case 368042020: 14 candidate disorders from triage
2026-04-24 13:37:15,756 culturedx.modes.hied INFO Case 374056166: Diagnostician ranked 5 disorders, top-2: ['F32', 'F45']
2026-04-24 13:37:15,777 culturedx.modes.base INFO Checker timing: 5 disorders in 0.0s (0.0s/disorder, 5 workers)
2026-04-24 13:37:15,784 culturedx.modes.base INFO Checker timing: 9 disorders in 0.0s (0.0s/disorder, 9 workers)
2026-04-24 13:37:15,785 culturedx.pipeline.runner INFO Processing case 77/100: 334085925
2026-04-24 13:37:15,785 culturedx.modes.hied INFO HiED manual scope mode: using 14 target disorders
2026-04-24 13:37:15,785 culturedx.modes.hied INFO Case 334085925: 14 candidate disorders from triage
2026-04-24 13:37:16,131 culturedx.modes.hied INFO Case 304891732: Diagnostician ranked 5 disorders, top-2: ['F32', 'F39']
2026-04-24 13:37:16,134 culturedx.modes.base INFO Checker timing: 5 disorders in 0.0s (0.0s/disorder, 5 workers)
2026-04-24 13:37:16,153 culturedx.modes.base INFO Checker timing: 9 disorders in 0.0s (0.0s/disorder, 9 workers)
2026-04-24 13:37:16,153 culturedx.pipeline.runner INFO Processing case 78/100: 378819190
2026-04-24 13:37:16,153 culturedx.modes.hied INFO HiED manual scope mode: using 14 target disorders
2026-04-24 13:37:16,153 culturedx.modes.hied INFO Case 378819190: 14 candidate disorders from triage
2026-04-24 13:37:17,662 culturedx.modes.hied INFO Case 333010865: Diagnostician ranked 5 disorders, top-2: ['F32', 'F39']
2026-04-24 13:37:17,709 culturedx.modes.base INFO Checker timing: 5 disorders in 0.0s (0.0s/disorder, 5 workers)
2026-04-24 13:37:17,732 culturedx.modes.base INFO Checker timing: 9 disorders in 0.0s (0.0s/disorder, 9 workers)
2026-04-24 13:37:17,733 culturedx.pipeline.runner INFO Processing case 79/100: 386951485
2026-04-24 13:37:17,733 culturedx.modes.hied INFO HiED manual scope mode: using 14 target disorders
2026-04-24 13:37:17,733 culturedx.modes.hied INFO Case 386951485: 14 candidate disorders from triage
2026-04-24 13:37:18,215 culturedx.modes.hied INFO Case 387302774: Diagnostician ranked 5 disorders, top-2: ['F42', 'F41.1']
2026-04-24 13:37:18,225 culturedx.modes.base INFO Checker timing: 5 disorders in 0.0s (0.0s/disorder, 5 workers)
2026-04-24 13:37:18,229 culturedx.modes.base INFO Checker timing: 9 disorders in 0.0s (0.0s/disorder, 9 workers)
2026-04-24 13:37:18,229 culturedx.pipeline.runner INFO Processing case 80/100: 383579251
2026-04-24 13:37:18,229 culturedx.modes.hied INFO HiED manual scope mode: using 14 target disorders
2026-04-24 13:37:18,229 culturedx.modes.hied INFO Case 383579251: 14 candidate disorders from triage
2026-04-24 13:37:18,347 culturedx.modes.hied INFO Case 354496307: Diagnostician ranked 5 disorders, top-2: ['F41.1', 'F32']
2026-04-24 13:37:18,360 culturedx.modes.base INFO Checker timing: 5 disorders in 0.0s (0.0s/disorder, 5 workers)
2026-04-24 13:37:18,368 culturedx.modes.base INFO Checker timing: 9 disorders in 0.0s (0.0s/disorder, 9 workers)
2026-04-24 13:37:18,369 culturedx.modes.hied INFO Case 354496307: DtV primary from top3 (top-1 F41.1 -> primary F39)
2026-04-24 13:37:18,369 culturedx.pipeline.runner INFO Processing case 81/100: 300484187
2026-04-24 13:37:18,369 culturedx.modes.hied INFO HiED manual scope mode: using 14 target disorders
2026-04-24 13:37:18,369 culturedx.modes.hied INFO Case 300484187: 14 candidate disorders from triage
2026-04-24 13:37:20,074 culturedx.modes.hied INFO Case 334814081: Diagnostician ranked 5 disorders, top-2: ['F32', 'F41.1']
2026-04-24 13:37:20,077 culturedx.modes.base INFO Checker timing: 5 disorders in 0.0s (0.0s/disorder, 5 workers)
2026-04-24 13:37:20,097 culturedx.modes.base INFO Checker timing: 9 disorders in 0.0s (0.0s/disorder, 9 workers)
2026-04-24 13:37:20,098 culturedx.pipeline.runner INFO Processing case 82/100: 372982359
2026-04-24 13:37:20,098 culturedx.modes.hied INFO HiED manual scope mode: using 14 target disorders
2026-04-24 13:37:20,098 culturedx.modes.hied INFO Case 372982359: 14 candidate disorders from triage
2026-04-24 13:37:21,023 culturedx.modes.hied INFO Case 340563038: Diagnostician ranked 5 disorders, top-2: ['F41.1', 'F32']
2026-04-24 13:37:21,035 culturedx.modes.base INFO Checker timing: 5 disorders in 0.0s (0.0s/disorder, 5 workers)
2026-04-24 13:37:21,041 culturedx.modes.base INFO Checker timing: 9 disorders in 0.0s (0.0s/disorder, 9 workers)
2026-04-24 13:37:21,041 culturedx.pipeline.runner INFO Processing case 83/100: 338463663
2026-04-24 13:37:21,041 culturedx.modes.hied INFO HiED manual scope mode: using 14 target disorders
2026-04-24 13:37:21,041 culturedx.modes.hied INFO Case 338463663: 14 candidate disorders from triage
2026-04-24 13:37:21,850 culturedx.modes.hied INFO Case 317090766: Diagnostician ranked 5 disorders, top-2: ['F32', 'F41.1']
2026-04-24 13:37:21,884 culturedx.modes.base INFO Checker timing: 5 disorders in 0.0s (0.0s/disorder, 5 workers)
2026-04-24 13:37:21,894 culturedx.modes.base INFO Checker timing: 9 disorders in 0.0s (0.0s/disorder, 9 workers)
2026-04-24 13:37:21,894 culturedx.pipeline.runner INFO Processing case 84/100: 319673363
2026-04-24 13:37:21,894 culturedx.modes.hied INFO HiED manual scope mode: using 14 target disorders
2026-04-24 13:37:21,894 culturedx.modes.hied INFO Case 319673363: 14 candidate disorders from triage
2026-04-24 13:37:22,413 culturedx.modes.hied INFO Case 329923484: Diagnostician ranked 5 disorders, top-2: ['F32', 'F39']
2026-04-24 13:37:22,456 culturedx.modes.base INFO Checker timing: 5 disorders in 0.0s (0.0s/disorder, 5 workers)
2026-04-24 13:37:22,464 culturedx.modes.base INFO Checker timing: 9 disorders in 0.0s (0.0s/disorder, 9 workers)
2026-04-24 13:37:22,465 culturedx.pipeline.runner INFO Processing case 85/100: 378781794
2026-04-24 13:37:22,465 culturedx.modes.hied INFO HiED manual scope mode: using 14 target disorders
2026-04-24 13:37:22,465 culturedx.modes.hied INFO Case 378781794: 14 candidate disorders from triage
2026-04-24 13:37:24,390 culturedx.modes.hied INFO Case 354203641: Diagnostician ranked 5 disorders, top-2: ['F32', 'F39']
2026-04-24 13:37:24,394 culturedx.modes.base INFO Checker timing: 5 disorders in 0.0s (0.0s/disorder, 5 workers)
2026-04-24 13:37:24,399 culturedx.modes.base INFO Checker timing: 9 disorders in 0.0s (0.0s/disorder, 9 workers)
2026-04-24 13:37:24,399 culturedx.pipeline.runner INFO Processing case 86/100: 380136533
2026-04-24 13:37:24,399 culturedx.modes.hied INFO HiED manual scope mode: using 14 target disorders
2026-04-24 13:37:24,399 culturedx.modes.hied INFO Case 380136533: 14 candidate disorders from triage
2026-04-24 13:37:24,688 culturedx.modes.hied INFO Case 381222225: Diagnostician ranked 5 disorders, top-2: ['F32', 'F39']
2026-04-24 13:37:24,693 culturedx.modes.base INFO Checker timing: 5 disorders in 0.0s (0.0s/disorder, 5 workers)
2026-04-24 13:37:24,697 culturedx.modes.base INFO Checker timing: 9 disorders in 0.0s (0.0s/disorder, 9 workers)
2026-04-24 13:37:24,698 culturedx.pipeline.runner INFO Processing case 87/100: 391945652
2026-04-24 13:37:24,698 culturedx.modes.hied INFO HiED manual scope mode: using 14 target disorders
2026-04-24 13:37:24,698 culturedx.modes.hied INFO Case 391945652: 14 candidate disorders from triage
2026-04-24 13:37:25,898 culturedx.modes.hied INFO Case 344046891: Diagnostician ranked 5 disorders, top-2: ['F32', 'F39']
2026-04-24 13:37:25,901 culturedx.modes.base INFO Checker timing: 5 disorders in 0.0s (0.0s/disorder, 5 workers)
2026-04-24 13:37:25,923 culturedx.modes.base INFO Checker timing: 9 disorders in 0.0s (0.0s/disorder, 9 workers)
2026-04-24 13:37:25,923 culturedx.pipeline.runner INFO Processing case 88/100: 311456028
2026-04-24 13:37:25,924 culturedx.modes.hied INFO HiED manual scope mode: using 14 target disorders
2026-04-24 13:37:25,924 culturedx.modes.hied INFO Case 311456028: 14 candidate disorders from triage
2026-04-24 13:37:26,400 culturedx.modes.hied INFO Case 334085925: Diagnostician ranked 5 disorders, top-2: ['F32', 'F41.2']
2026-04-24 13:37:26,406 culturedx.modes.base INFO Checker timing: 5 disorders in 0.0s (0.0s/disorder, 5 workers)
2026-04-24 13:37:26,422 culturedx.modes.base INFO Checker timing: 9 disorders in 0.0s (0.0s/disorder, 9 workers)
2026-04-24 13:37:26,422 culturedx.pipeline.runner INFO Processing case 89/100: 396857182
2026-04-24 13:37:26,422 culturedx.modes.hied INFO HiED manual scope mode: using 14 target disorders
2026-04-24 13:37:26,422 culturedx.modes.hied INFO Case 396857182: 14 candidate disorders from triage
2026-04-24 13:37:26,562 culturedx.modes.hied INFO Case 368042020: Diagnostician ranked 5 disorders, top-2: ['F32', 'F41.1']
2026-04-24 13:37:26,577 culturedx.modes.base INFO Checker timing: 5 disorders in 0.0s (0.0s/disorder, 5 workers)
2026-04-24 13:37:26,581 culturedx.modes.base INFO Checker timing: 9 disorders in 0.0s (0.0s/disorder, 9 workers)
2026-04-24 13:37:26,582 culturedx.pipeline.runner INFO Processing case 90/100: 309460138
2026-04-24 13:37:26,582 culturedx.modes.hied INFO HiED manual scope mode: using 14 target disorders
2026-04-24 13:37:26,582 culturedx.modes.hied INFO Case 309460138: 14 candidate disorders from triage
2026-04-24 13:37:26,757 culturedx.modes.hied INFO Case 305956530: Diagnostician ranked 5 disorders, top-2: ['F45', 'F42']
2026-04-24 13:37:26,775 culturedx.modes.base INFO Checker timing: 5 disorders in 0.0s (0.0s/disorder, 5 workers)
2026-04-24 13:37:26,780 culturedx.modes.base INFO Checker timing: 9 disorders in 0.0s (0.0s/disorder, 9 workers)
2026-04-24 13:37:26,780 culturedx.modes.hied INFO Case 305956530: DtV primary from top3 (top-1 F45 -> primary F41.2)
2026-04-24 13:37:26,780 culturedx.pipeline.runner INFO Processing case 91/100: 377956208
2026-04-24 13:37:26,780 culturedx.modes.hied INFO HiED manual scope mode: using 14 target disorders
2026-04-24 13:37:26,780 culturedx.modes.hied INFO Case 377956208: 14 candidate disorders from triage
2026-04-24 13:37:28,017 culturedx.modes.hied INFO Case 300484187: Diagnostician ranked 5 disorders, top-2: ['F32', 'F41.1']
2026-04-24 13:37:28,076 culturedx.modes.base INFO Checker timing: 5 disorders in 0.1s (0.0s/disorder, 5 workers)
2026-04-24 13:37:28,077 culturedx.modes.hied INFO Case 378819190: Diagnostician ranked 5 disorders, top-2: ['F41.1', 'F32']
2026-04-24 13:37:28,096 culturedx.modes.base INFO Checker timing: 9 disorders in 0.0s (0.0s/disorder, 9 workers)
2026-04-24 13:37:28,097 culturedx.pipeline.runner INFO Processing case 92/100: 395764568
2026-04-24 13:37:28,097 culturedx.modes.hied INFO HiED manual scope mode: using 14 target disorders
2026-04-24 13:37:28,097 culturedx.modes.hied INFO Case 395764568: 14 candidate disorders from triage
2026-04-24 13:37:28,100 culturedx.modes.base INFO Checker timing: 5 disorders in 0.0s (0.0s/disorder, 5 workers)
2026-04-24 13:37:28,114 culturedx.modes.base INFO Checker timing: 9 disorders in 0.0s (0.0s/disorder, 9 workers)
2026-04-24 13:37:28,115 culturedx.pipeline.runner INFO Processing case 93/100: 371125111
2026-04-24 13:37:28,115 culturedx.modes.hied INFO HiED manual scope mode: using 14 target disorders
2026-04-24 13:37:28,117 culturedx.modes.hied INFO Case 371125111: 14 candidate disorders from triage
2026-04-24 13:37:28,415 culturedx.modes.hied INFO Case 351228828: Diagnostician ranked 5 disorders, top-2: ['F32', 'F39']
2026-04-24 13:37:28,420 culturedx.modes.base INFO Checker timing: 5 disorders in 0.0s (0.0s/disorder, 5 workers)
2026-04-24 13:37:28,424 culturedx.modes.base INFO Checker timing: 9 disorders in 0.0s (0.0s/disorder, 9 workers)
2026-04-24 13:37:28,424 culturedx.pipeline.runner INFO Processing case 94/100: 385347193
2026-04-24 13:37:28,424 culturedx.modes.hied INFO HiED manual scope mode: using 14 target disorders
2026-04-24 13:37:28,425 culturedx.modes.hied INFO Case 385347193: 14 candidate disorders from triage
2026-04-24 13:37:31,340 culturedx.modes.hied INFO Case 382615327: Diagnostician ranked 5 disorders, top-2: ['F41.1', 'F32']
2026-04-24 13:37:31,362 culturedx.modes.base INFO Checker timing: 5 disorders in 0.0s (0.0s/disorder, 5 workers)
2026-04-24 13:37:31,371 culturedx.modes.base INFO Checker timing: 9 disorders in 0.0s (0.0s/disorder, 9 workers)
2026-04-24 13:37:31,372 culturedx.pipeline.runner INFO Processing case 95/100: 373854208
2026-04-24 13:37:31,372 culturedx.modes.hied INFO HiED manual scope mode: using 14 target disorders
2026-04-24 13:37:31,372 culturedx.modes.hied INFO Case 373854208: 14 candidate disorders from triage
2026-04-24 13:37:31,567 culturedx.modes.hied INFO Case 378781794: Diagnostician ranked 5 disorders, top-2: ['F32', 'F43.2']
2026-04-24 13:37:31,569 culturedx.modes.base INFO Checker timing: 5 disorders in 0.0s (0.0s/disorder, 5 workers)
2026-04-24 13:37:31,574 culturedx.modes.base INFO Checker timing: 9 disorders in 0.0s (0.0s/disorder, 9 workers)
2026-04-24 13:37:31,574 culturedx.pipeline.runner INFO Processing case 96/100: 308086484
2026-04-24 13:37:31,574 culturedx.modes.hied INFO HiED manual scope mode: using 14 target disorders
2026-04-24 13:37:31,574 culturedx.modes.hied INFO Case 308086484: 14 candidate disorders from triage
2026-04-24 13:37:31,959 culturedx.modes.hied INFO Case 338463663: Diagnostician ranked 5 disorders, top-2: ['F32', 'F41.1']
2026-04-24 13:37:31,975 culturedx.modes.base INFO Checker timing: 5 disorders in 0.0s (0.0s/disorder, 5 workers)
2026-04-24 13:37:31,987 culturedx.modes.base INFO Checker timing: 9 disorders in 0.0s (0.0s/disorder, 9 workers)
2026-04-24 13:37:31,987 culturedx.pipeline.runner INFO Processing case 97/100: 381267396
2026-04-24 13:37:31,988 culturedx.modes.hied INFO HiED manual scope mode: using 14 target disorders
2026-04-24 13:37:31,988 culturedx.modes.hied INFO Case 381267396: 14 candidate disorders from triage
2026-04-24 13:37:32,626 culturedx.modes.hied INFO Case 319673363: Diagnostician ranked 5 disorders, top-2: ['F41.1', 'F32']
2026-04-24 13:37:32,632 culturedx.modes.base INFO Checker timing: 5 disorders in 0.0s (0.0s/disorder, 5 workers)
2026-04-24 13:37:32,656 culturedx.modes.base INFO Checker timing: 9 disorders in 0.0s (0.0s/disorder, 9 workers)
2026-04-24 13:37:32,657 culturedx.pipeline.runner INFO Processing case 98/100: 391104352
2026-04-24 13:37:32,657 culturedx.modes.hied INFO HiED manual scope mode: using 14 target disorders
2026-04-24 13:37:32,657 culturedx.modes.hied INFO Case 391104352: 14 candidate disorders from triage
2026-04-24 13:37:32,863 culturedx.modes.hied INFO Case 380136533: Diagnostician ranked 5 disorders, top-2: ['F32', 'F41.1']
2026-04-24 13:37:32,896 culturedx.modes.base INFO Checker timing: 5 disorders in 0.0s (0.0s/disorder, 5 workers)
2026-04-24 13:37:32,906 culturedx.modes.base INFO Checker timing: 9 disorders in 0.0s (0.0s/disorder, 9 workers)
2026-04-24 13:37:32,907 culturedx.pipeline.runner INFO Processing case 99/100: 378984052
2026-04-24 13:37:32,907 culturedx.modes.hied INFO HiED manual scope mode: using 14 target disorders
2026-04-24 13:37:32,907 culturedx.modes.hied INFO Case 378984052: 14 candidate disorders from triage
2026-04-24 13:37:35,275 culturedx.modes.hied INFO Case 383579251: Diagnostician ranked 5 disorders, top-2: ['F39', 'F41.1']
2026-04-24 13:37:35,281 culturedx.modes.base INFO Checker timing: 5 disorders in 0.0s (0.0s/disorder, 5 workers)
2026-04-24 13:37:35,287 culturedx.modes.base INFO Checker timing: 9 disorders in 0.0s (0.0s/disorder, 9 workers)
2026-04-24 13:37:35,287 culturedx.pipeline.runner INFO Processing case 100/100: 319680008
2026-04-24 13:37:35,288 culturedx.modes.hied INFO HiED manual scope mode: using 14 target disorders
2026-04-24 13:37:35,288 culturedx.modes.hied INFO Case 319680008: 14 candidate disorders from triage
2026-04-24 13:37:35,291 culturedx.modes.hied INFO Case 386951485: Diagnostician ranked 5 disorders, top-2: ['F42', 'F32']
2026-04-24 13:37:35,306 culturedx.modes.base INFO Checker timing: 5 disorders in 0.0s (0.0s/disorder, 5 workers)
2026-04-24 13:37:35,315 culturedx.modes.base INFO Checker timing: 9 disorders in 0.0s (0.0s/disorder, 9 workers)
2026-04-24 13:37:36,110 culturedx.modes.hied INFO Case 391945652: Diagnostician ranked 5 disorders, top-2: ['F32', 'F51']
2026-04-24 13:37:36,118 culturedx.modes.base INFO Checker timing: 5 disorders in 0.0s (0.0s/disorder, 5 workers)
2026-04-24 13:37:36,122 culturedx.modes.base INFO Checker timing: 9 disorders in 0.0s (0.0s/disorder, 9 workers)
2026-04-24 13:37:36,464 culturedx.modes.hied INFO Case 372982359: Diagnostician ranked 5 disorders, top-2: ['F32', 'F41.1']
2026-04-24 13:37:36,477 culturedx.modes.base INFO Checker timing: 5 disorders in 0.0s (0.0s/disorder, 5 workers)
2026-04-24 13:37:36,482 culturedx.modes.base INFO Checker timing: 9 disorders in 0.0s (0.0s/disorder, 9 workers)
2026-04-24 13:37:36,741 culturedx.modes.hied INFO Case 396857182: Diagnostician ranked 5 disorders, top-2: ['F41.1', 'F51']
2026-04-24 13:37:36,746 culturedx.modes.base INFO Checker timing: 5 disorders in 0.0s (0.0s/disorder, 5 workers)
2026-04-24 13:37:36,752 culturedx.modes.base INFO Checker timing: 9 disorders in 0.0s (0.0s/disorder, 9 workers)
2026-04-24 13:37:37,175 culturedx.modes.hied INFO Case 395764568: Diagnostician ranked 5 disorders, top-2: ['F32', 'F39']
2026-04-24 13:37:37,183 culturedx.modes.base INFO Checker timing: 5 disorders in 0.0s (0.0s/disorder, 5 workers)
2026-04-24 13:37:37,188 culturedx.modes.base INFO Checker timing: 9 disorders in 0.0s (0.0s/disorder, 9 workers)
2026-04-24 13:37:37,257 culturedx.modes.hied INFO Case 311456028: Diagnostician ranked 5 disorders, top-2: ['F32', 'F39']
2026-04-24 13:37:37,265 culturedx.modes.base INFO Checker timing: 5 disorders in 0.0s (0.0s/disorder, 5 workers)
2026-04-24 13:37:37,275 culturedx.modes.base INFO Checker timing: 9 disorders in 0.0s (0.0s/disorder, 9 workers)
2026-04-24 13:37:37,852 culturedx.modes.hied INFO Case 371125111: Diagnostician ranked 5 disorders, top-2: ['F32', 'F39']
2026-04-24 13:37:37,865 culturedx.modes.base INFO Checker timing: 5 disorders in 0.0s (0.0s/disorder, 5 workers)
2026-04-24 13:37:37,878 culturedx.modes.base INFO Checker timing: 9 disorders in 0.0s (0.0s/disorder, 9 workers)
2026-04-24 13:37:39,265 culturedx.modes.hied INFO Case 309460138: Diagnostician ranked 5 disorders, top-2: ['F32', 'F39']
2026-04-24 13:37:39,269 culturedx.modes.base INFO Checker timing: 5 disorders in 0.0s (0.0s/disorder, 5 workers)
2026-04-24 13:37:39,279 culturedx.modes.base INFO Checker timing: 9 disorders in 0.0s (0.0s/disorder, 9 workers)
2026-04-24 13:37:39,815 culturedx.modes.hied INFO Case 377956208: Diagnostician ranked 5 disorders, top-2: ['F41.1', 'F32']
2026-04-24 13:37:39,821 culturedx.modes.base INFO Checker timing: 5 disorders in 0.0s (0.0s/disorder, 5 workers)
2026-04-24 13:37:39,825 culturedx.modes.base INFO Checker timing: 9 disorders in 0.0s (0.0s/disorder, 9 workers)
2026-04-24 13:37:39,983 culturedx.modes.hied INFO Case 373854208: Diagnostician ranked 5 disorders, top-2: ['F32', 'F39']
2026-04-24 13:37:39,986 culturedx.modes.base INFO Checker timing: 5 disorders in 0.0s (0.0s/disorder, 5 workers)
2026-04-24 13:37:39,998 culturedx.modes.base INFO Checker timing: 9 disorders in 0.0s (0.0s/disorder, 9 workers)
2026-04-24 13:37:40,178 culturedx.modes.hied INFO Case 381267396: Diagnostician ranked 5 disorders, top-2: ['F32', 'F39']
2026-04-24 13:37:40,186 culturedx.modes.base INFO Checker timing: 5 disorders in 0.0s (0.0s/disorder, 5 workers)
2026-04-24 13:37:40,191 culturedx.modes.base INFO Checker timing: 9 disorders in 0.0s (0.0s/disorder, 9 workers)
2026-04-24 13:37:40,553 culturedx.modes.hied INFO Case 308086484: Diagnostician ranked 5 disorders, top-2: ['F41.1', 'F32']
2026-04-24 13:37:40,559 culturedx.modes.base INFO Checker timing: 5 disorders in 0.0s (0.0s/disorder, 5 workers)
2026-04-24 13:37:40,586 culturedx.modes.base INFO Checker timing: 9 disorders in 0.0s (0.0s/disorder, 9 workers)
2026-04-24 13:37:40,708 culturedx.modes.hied INFO Case 378984052: Diagnostician ranked 5 disorders, top-2: ['F32', 'F39']
2026-04-24 13:37:40,715 culturedx.modes.base INFO Checker timing: 5 disorders in 0.0s (0.0s/disorder, 5 workers)
2026-04-24 13:37:40,730 culturedx.modes.base INFO Checker timing: 9 disorders in 0.0s (0.0s/disorder, 9 workers)
2026-04-24 13:37:40,750 culturedx.modes.hied INFO Case 385347193: Diagnostician ranked 5 disorders, top-2: ['F32', 'F41.1']
2026-04-24 13:37:40,754 culturedx.modes.base INFO Checker timing: 5 disorders in 0.0s (0.0s/disorder, 5 workers)
2026-04-24 13:37:40,758 culturedx.modes.base INFO Checker timing: 9 disorders in 0.0s (0.0s/disorder, 9 workers)
2026-04-24 13:37:40,885 culturedx.modes.hied INFO Case 391104352: Diagnostician ranked 5 disorders, top-2: ['F32', 'F41.1']
2026-04-24 13:37:40,889 culturedx.modes.base INFO Checker timing: 5 disorders in 0.0s (0.0s/disorder, 5 workers)
2026-04-24 13:37:40,896 culturedx.modes.base INFO Checker timing: 9 disorders in 0.0s (0.0s/disorder, 9 workers)
2026-04-24 13:37:41,344 culturedx.modes.hied INFO Case 319680008: Diagnostician ranked 5 disorders, top-2: ['F32', 'F39']
2026-04-24 13:37:41,347 culturedx.modes.base INFO Checker timing: 5 disorders in 0.0s (0.0s/disorder, 5 workers)
2026-04-24 13:37:41,351 culturedx.modes.base INFO Checker timing: 9 disorders in 0.0s (0.0s/disorder, 9 workers)
2026-04-24 13:37:41,493 culturedx.pipeline.runner INFO Table 4 Overall: 0.4990
Evaluation metrics: {'diagnosis': {'accuracy': 0.09, 'top1_accuracy': 0.52, 'top3_accuracy': 0.67, 'macro_f1': 0.1710654936461388, 'weighted_f1': 0.4617204301075269, 'overall': 0.38255718475073314}, 'comorbidity': {'hamming_accuracy': 0.3666666666666667, 'subset_accuracy': 0.09, 'comorbidity_detection_f1': 0.2, 'label_coverage': 0.63, 'label_precision': 0.38, 'avg_predicted_labels': 1.89, 'avg_gold_labels': 1.11}, 'four_class': {'accuracy': 0.37, 'macro_f1': 0.22559494420855142, 'weighted_f1': 0.3189523057173892, 'n_cases': 100}, 'table4': {'2class_Acc': 0.7708333333333334, '2class_F1_macro': 0.7329192546583851, '2class_F1_weighted': 0.7795031055900621, '4class_Acc': 0.44, '4class_F1_macro': 0.38908034594309104, '4class_F1_weighted': 0.4241635967518321, '12class_Acc': 0.09, '12class_Top1': 0.52, '12class_Top3': 0.67, '12class_F1_macro': 0.20202020202020202, '12class_F1_weighted': 0.4703976703976704, '2class_n': 48, '4class_n': 100, '12class_n': 100, 'Overall': 0.498992500790416}}
Predictions saved to /home/user/YuNing/CultureDx/results/dual_standard_pilot_v2/mode_icd10/pilot_icd10/predictions.jsonl
Run complete.
