Loading dataset 'lingxidiag16k' from data/raw/lingxidiag16k...
Loaded 100 cases.
Mode: hied
2026-04-22 23:00:51,125 faiss.loader INFO Loading faiss with AVX2 support.
2026-04-22 23:00:51,134 faiss.loader INFO Successfully loaded faiss with AVX2 support.
2026-04-22 23:00:51,135 culturedx.retrieval.case_retriever INFO Loading FAISS index from data/cache/train_case_index.faiss
2026-04-22 23:00:51,228 culturedx.retrieval.case_retriever INFO CaseRetriever ready: 14000 cases indexed
RAG enabled: loaded data/cache/train_case_index.faiss
Target disorders: F20, F31, F32, F39, F41.0, F41.1, F42, F43.1, F43.2, F45, F51, F98, F41.2, Z71
HiED scope policy: manual
HiED execution mode: benchmark_manual_scope
Using --run-name override: run_dir=/home/user/YuNing/CultureDx/results/dual_standard_pilot/mode_icd10/pilot_icd10
Output directory: /home/user/YuNing/CultureDx/results/dual_standard_pilot/mode_icd10/pilot_icd10
Running CultureDx mode=hied on 100 cases...
2026-04-22 23:00:51,238 culturedx.pipeline.runner INFO Processing case 1/100: 344699340
2026-04-22 23:00:51,238 culturedx.modes.hied INFO HiED manual scope mode: using 14 target disorders
2026-04-22 23:00:51,238 culturedx.modes.hied INFO Case 344699340: 14 candidate disorders from triage
2026-04-22 23:00:51,239 culturedx.pipeline.runner INFO Processing case 2/100: 374577341
2026-04-22 23:00:51,239 culturedx.modes.hied INFO HiED manual scope mode: using 14 target disorders
2026-04-22 23:00:51,239 culturedx.modes.hied INFO Case 374577341: 14 candidate disorders from triage
2026-04-22 23:00:51,239 culturedx.pipeline.runner INFO Processing case 3/100: 350352506
2026-04-22 23:00:51,239 culturedx.modes.hied INFO HiED manual scope mode: using 14 target disorders
2026-04-22 23:00:51,239 culturedx.modes.hied INFO Case 350352506: 14 candidate disorders from triage
2026-04-22 23:00:51,240 culturedx.pipeline.runner INFO Processing case 4/100: 318518739
2026-04-22 23:00:51,240 culturedx.modes.hied INFO HiED manual scope mode: using 14 target disorders
2026-04-22 23:00:51,240 culturedx.modes.hied INFO Case 318518739: 14 candidate disorders from triage
2026-04-22 23:00:51,240 culturedx.pipeline.runner INFO Processing case 5/100: 341328894
2026-04-22 23:00:51,240 culturedx.modes.hied INFO HiED manual scope mode: using 14 target disorders
2026-04-22 23:00:51,240 culturedx.modes.hied INFO Case 341328894: 14 candidate disorders from triage
2026-04-22 23:00:51,241 culturedx.pipeline.runner INFO Processing case 6/100: 337522433
2026-04-22 23:00:51,241 culturedx.modes.hied INFO HiED manual scope mode: using 14 target disorders
2026-04-22 23:00:51,241 culturedx.modes.hied INFO Case 337522433: 14 candidate disorders from triage
2026-04-22 23:00:51,241 culturedx.pipeline.runner INFO Processing case 7/100: 300493869
2026-04-22 23:00:51,241 culturedx.modes.hied INFO HiED manual scope mode: using 14 target disorders
2026-04-22 23:00:51,241 culturedx.modes.hied INFO Case 300493869: 14 candidate disorders from triage
2026-04-22 23:00:51,241 culturedx.pipeline.runner INFO Processing case 8/100: 347729413
2026-04-22 23:00:51,241 culturedx.modes.hied INFO HiED manual scope mode: using 14 target disorders
2026-04-22 23:00:51,241 culturedx.modes.hied INFO Case 347729413: 14 candidate disorders from triage
2026-04-22 23:00:51,242 culturedx.pipeline.runner INFO Processing case 9/100: 377662897
2026-04-22 23:00:51,242 culturedx.modes.hied INFO HiED manual scope mode: using 14 target disorders
2026-04-22 23:00:51,242 culturedx.modes.hied INFO Case 377662897: 14 candidate disorders from triage
2026-04-22 23:00:51,242 culturedx.pipeline.runner INFO Processing case 10/100: 303364596
2026-04-22 23:00:51,242 culturedx.modes.hied INFO HiED manual scope mode: using 14 target disorders
2026-04-22 23:00:51,242 culturedx.modes.hied INFO Case 303364596: 14 candidate disorders from triage
2026-04-22 23:00:51,243 culturedx.pipeline.runner INFO Processing case 11/100: 327826586
2026-04-22 23:00:51,243 culturedx.modes.hied INFO HiED manual scope mode: using 14 target disorders
2026-04-22 23:00:51,243 culturedx.modes.hied INFO Case 327826586: 14 candidate disorders from triage
2026-04-22 23:00:51,243 culturedx.pipeline.runner INFO Processing case 12/100: 371726537
2026-04-22 23:00:51,243 culturedx.modes.hied INFO HiED manual scope mode: using 14 target disorders
2026-04-22 23:00:51,243 culturedx.modes.hied INFO Case 371726537: 14 candidate disorders from triage
2026-04-22 23:00:51,244 culturedx.pipeline.runner INFO Processing case 13/100: 388559461
2026-04-22 23:00:51,244 culturedx.modes.hied INFO HiED manual scope mode: using 14 target disorders
2026-04-22 23:00:51,244 culturedx.modes.hied INFO Case 388559461: 14 candidate disorders from triage
2026-04-22 23:00:51,244 culturedx.pipeline.runner INFO Processing case 14/100: 341042297
2026-04-22 23:00:51,244 culturedx.modes.hied INFO HiED manual scope mode: using 14 target disorders
2026-04-22 23:00:51,244 culturedx.modes.hied INFO Case 341042297: 14 candidate disorders from triage
2026-04-22 23:00:51,244 culturedx.pipeline.runner INFO Processing case 15/100: 324224056
2026-04-22 23:00:51,245 culturedx.modes.hied INFO HiED manual scope mode: using 14 target disorders
2026-04-22 23:00:51,245 culturedx.modes.hied INFO Case 324224056: 14 candidate disorders from triage
2026-04-22 23:00:51,245 culturedx.pipeline.runner INFO Processing case 16/100: 368679677
2026-04-22 23:00:51,245 culturedx.modes.hied INFO HiED manual scope mode: using 14 target disorders
2026-04-22 23:00:51,245 culturedx.modes.hied INFO Case 368679677: 14 candidate disorders from triage
2026-04-22 23:00:52,845 culturedx.retrieval.case_retriever INFO Loading BGE-M3 encoder (first call)...
2026-04-22 23:00:53,076 httpx INFO HTTP Request: HEAD https://huggingface.co/BAAI/bge-m3/resolve/main/modules.json "HTTP/1.1 307 Temporary Redirect"
2026-04-22 23:00:53,087 httpx INFO HTTP Request: HEAD https://huggingface.co/api/resolve-cache/models/BAAI/bge-m3/5617a9f61b028005a4858fdac845db406aefb181/modules.json "HTTP/1.1 200 OK"
2026-04-22 23:00:53,300 httpx INFO HTTP Request: HEAD https://huggingface.co/BAAI/bge-m3/resolve/main/config_sentence_transformers.json "HTTP/1.1 307 Temporary Redirect"
2026-04-22 23:00:53,311 httpx INFO HTTP Request: HEAD https://huggingface.co/api/resolve-cache/models/BAAI/bge-m3/5617a9f61b028005a4858fdac845db406aefb181/config_sentence_transformers.json "HTTP/1.1 200 OK"
2026-04-22 23:00:53,311 sentence_transformers.base.model INFO Loading SentenceTransformer model from BAAI/bge-m3.
2026-04-22 23:00:53,511 httpx INFO HTTP Request: HEAD https://huggingface.co/BAAI/bge-m3/resolve/main/config_sentence_transformers.json "HTTP/1.1 307 Temporary Redirect"
2026-04-22 23:00:53,526 httpx INFO HTTP Request: HEAD https://huggingface.co/api/resolve-cache/models/BAAI/bge-m3/5617a9f61b028005a4858fdac845db406aefb181/config_sentence_transformers.json "HTTP/1.1 200 OK"
2026-04-22 23:00:53,730 httpx INFO HTTP Request: HEAD https://huggingface.co/BAAI/bge-m3/resolve/main/README.md "HTTP/1.1 307 Temporary Redirect"
2026-04-22 23:00:53,740 httpx INFO HTTP Request: HEAD https://huggingface.co/api/resolve-cache/models/BAAI/bge-m3/5617a9f61b028005a4858fdac845db406aefb181/README.md "HTTP/1.1 200 OK"
2026-04-22 23:00:53,951 httpx INFO HTTP Request: HEAD https://huggingface.co/BAAI/bge-m3/resolve/main/modules.json "HTTP/1.1 307 Temporary Redirect"
2026-04-22 23:00:53,962 httpx INFO HTTP Request: HEAD https://huggingface.co/api/resolve-cache/models/BAAI/bge-m3/5617a9f61b028005a4858fdac845db406aefb181/modules.json "HTTP/1.1 200 OK"
2026-04-22 23:00:54,170 httpx INFO HTTP Request: HEAD https://huggingface.co/BAAI/bge-m3/resolve/main/sentence_bert_config.json "HTTP/1.1 307 Temporary Redirect"
2026-04-22 23:00:54,181 httpx INFO HTTP Request: HEAD https://huggingface.co/api/resolve-cache/models/BAAI/bge-m3/5617a9f61b028005a4858fdac845db406aefb181/sentence_bert_config.json "HTTP/1.1 200 OK"
2026-04-22 23:00:54,387 httpx INFO HTTP Request: HEAD https://huggingface.co/BAAI/bge-m3/resolve/main/adapter_config.json "HTTP/1.1 404 Not Found"
2026-04-22 23:00:54,595 httpx INFO HTTP Request: HEAD https://huggingface.co/BAAI/bge-m3/resolve/main/config.json "HTTP/1.1 307 Temporary Redirect"
2026-04-22 23:00:54,605 httpx INFO HTTP Request: HEAD https://huggingface.co/api/resolve-cache/models/BAAI/bge-m3/5617a9f61b028005a4858fdac845db406aefb181/config.json "HTTP/1.1 200 OK"
2026-04-22 23:00:54,848 httpx INFO HTTP Request: HEAD https://huggingface.co/BAAI/bge-m3/resolve/main/model.safetensors "HTTP/1.1 404 Not Found"

Loading weights:   0%|          | 0/391 [00:00<?, ?it/s]
Loading weights: 100%|██████████| 391/391 [00:00<00:00, 80202.12it/s]
2026-04-22 23:00:55,067 httpx INFO HTTP Request: GET https://huggingface.co/api/models/BAAI/bge-m3 "HTTP/1.1 200 OK"
2026-04-22 23:00:55,151 httpx INFO HTTP Request: HEAD https://huggingface.co/BAAI/bge-m3/resolve/main/processor_config.json "HTTP/1.1 404 Not Found"
2026-04-22 23:00:55,318 httpx INFO HTTP Request: GET https://huggingface.co/api/models/BAAI/bge-m3/commits/main "HTTP/1.1 200 OK"
2026-04-22 23:00:55,355 httpx INFO HTTP Request: HEAD https://huggingface.co/BAAI/bge-m3/resolve/main/preprocessor_config.json "HTTP/1.1 404 Not Found"
2026-04-22 23:00:55,544 httpx INFO HTTP Request: GET https://huggingface.co/api/models/BAAI/bge-m3/discussions?p=0 "HTTP/1.1 200 OK"
2026-04-22 23:00:55,564 httpx INFO HTTP Request: HEAD https://huggingface.co/BAAI/bge-m3/resolve/main/video_preprocessor_config.json "HTTP/1.1 404 Not Found"
2026-04-22 23:00:55,780 httpx INFO HTTP Request: HEAD https://huggingface.co/BAAI/bge-m3/resolve/main/preprocessor_config.json "HTTP/1.1 404 Not Found"
2026-04-22 23:00:55,785 httpx INFO HTTP Request: GET https://huggingface.co/api/models/BAAI/bge-m3/commits/refs%2Fpr%2F130 "HTTP/1.1 200 OK"
2026-04-22 23:00:55,982 httpx INFO HTTP Request: HEAD https://huggingface.co/BAAI/bge-m3/resolve/main/tokenizer_config.json "HTTP/1.1 307 Temporary Redirect"
2026-04-22 23:00:55,992 httpx INFO HTTP Request: HEAD https://huggingface.co/api/resolve-cache/models/BAAI/bge-m3/5617a9f61b028005a4858fdac845db406aefb181/tokenizer_config.json "HTTP/1.1 200 OK"
2026-04-22 23:00:55,994 httpx INFO HTTP Request: HEAD https://huggingface.co/BAAI/bge-m3/resolve/refs%2Fpr%2F130/model.safetensors.index.json "HTTP/1.1 404 Not Found"
2026-04-22 23:00:56,194 httpx INFO HTTP Request: HEAD https://huggingface.co/BAAI/bge-m3/resolve/refs%2Fpr%2F130/model.safetensors "HTTP/1.1 302 Found"
2026-04-22 23:00:56,238 httpx INFO HTTP Request: HEAD https://huggingface.co/BAAI/bge-m3/resolve/main/config.json "HTTP/1.1 307 Temporary Redirect"
2026-04-22 23:00:56,249 httpx INFO HTTP Request: HEAD https://huggingface.co/api/resolve-cache/models/BAAI/bge-m3/5617a9f61b028005a4858fdac845db406aefb181/config.json "HTTP/1.1 200 OK"
2026-04-22 23:00:56,456 httpx INFO HTTP Request: HEAD https://huggingface.co/BAAI/bge-m3/resolve/main/config.json "HTTP/1.1 307 Temporary Redirect"
2026-04-22 23:00:56,466 httpx INFO HTTP Request: HEAD https://huggingface.co/api/resolve-cache/models/BAAI/bge-m3/5617a9f61b028005a4858fdac845db406aefb181/config.json "HTTP/1.1 200 OK"
2026-04-22 23:00:56,666 httpx INFO HTTP Request: HEAD https://huggingface.co/BAAI/bge-m3/resolve/main/tokenizer_config.json "HTTP/1.1 307 Temporary Redirect"
2026-04-22 23:00:56,677 httpx INFO HTTP Request: HEAD https://huggingface.co/api/resolve-cache/models/BAAI/bge-m3/5617a9f61b028005a4858fdac845db406aefb181/tokenizer_config.json "HTTP/1.1 200 OK"
2026-04-22 23:00:56,882 httpx INFO HTTP Request: GET https://huggingface.co/api/models/BAAI/bge-m3/tree/main/additional_chat_templates?recursive=false&expand=false "HTTP/1.1 404 Not Found"
2026-04-22 23:00:57,093 httpx INFO HTTP Request: GET https://huggingface.co/api/models/BAAI/bge-m3/tree/main?recursive=true&expand=false "HTTP/1.1 200 OK"
2026-04-22 23:00:58,698 httpx INFO HTTP Request: GET https://huggingface.co/api/models/BAAI/bge-m3 "HTTP/1.1 200 OK"
2026-04-22 23:00:58,933 httpx INFO HTTP Request: HEAD https://huggingface.co/BAAI/bge-m3/resolve/main/1_Pooling/config.json "HTTP/1.1 307 Temporary Redirect"
2026-04-22 23:00:58,944 httpx INFO HTTP Request: HEAD https://huggingface.co/api/resolve-cache/models/BAAI/bge-m3/5617a9f61b028005a4858fdac845db406aefb181/1_Pooling%2Fconfig.json "HTTP/1.1 200 OK"
2026-04-22 23:00:59,157 httpx INFO HTTP Request: GET https://huggingface.co/api/models/BAAI/bge-m3 "HTTP/1.1 200 OK"
2026-04-22 23:00:59,159 culturedx.retrieval.case_retriever INFO BGE-M3 encoder loaded.
2026-04-22 23:01:10,153 culturedx.modes.hied INFO Case 347729413: Diagnostician ranked 5 disorders, top-2: ['F32', 'F39']
2026-04-22 23:01:10,164 culturedx.modes.base INFO Checker timing: 5 disorders in 0.0s (0.0s/disorder, 5 workers)
2026-04-22 23:01:10,246 culturedx.modes.base INFO Checker timing: 9 disorders in 0.1s (0.0s/disorder, 9 workers)
2026-04-22 23:01:10,247 culturedx.pipeline.runner INFO Processing case 17/100: 332278660
2026-04-22 23:01:10,247 culturedx.modes.hied INFO HiED manual scope mode: using 14 target disorders
2026-04-22 23:01:10,247 culturedx.modes.hied INFO Case 332278660: 14 candidate disorders from triage
2026-04-22 23:01:11,560 culturedx.modes.hied INFO Case 377662897: Diagnostician ranked 5 disorders, top-2: ['F32', 'F41.1']
2026-04-22 23:01:11,577 culturedx.modes.base INFO Checker timing: 5 disorders in 0.0s (0.0s/disorder, 5 workers)
2026-04-22 23:01:11,583 culturedx.modes.base INFO Checker timing: 9 disorders in 0.0s (0.0s/disorder, 9 workers)
2026-04-22 23:01:11,584 culturedx.modes.hied INFO Case 377662897: DtV primary from top2 (top-1 F32 -> primary F41.1)
2026-04-22 23:01:11,584 culturedx.pipeline.runner INFO Processing case 18/100: 312389408
2026-04-22 23:01:11,584 culturedx.modes.hied INFO HiED manual scope mode: using 14 target disorders
2026-04-22 23:01:11,584 culturedx.modes.hied INFO Case 312389408: 14 candidate disorders from triage
2026-04-22 23:01:13,251 culturedx.modes.hied INFO Case 388559461: Diagnostician ranked 5 disorders, top-2: ['F32', 'F39']
2026-04-22 23:01:13,253 culturedx.modes.base INFO Checker timing: 5 disorders in 0.0s (0.0s/disorder, 5 workers)
2026-04-22 23:01:13,257 culturedx.modes.base INFO Checker timing: 9 disorders in 0.0s (0.0s/disorder, 9 workers)
2026-04-22 23:01:13,257 culturedx.pipeline.runner INFO Processing case 19/100: 380913193
2026-04-22 23:01:13,258 culturedx.modes.hied INFO HiED manual scope mode: using 14 target disorders
2026-04-22 23:01:13,258 culturedx.modes.hied INFO Case 380913193: 14 candidate disorders from triage
2026-04-22 23:01:14,310 culturedx.modes.hied INFO Case 300493869: Diagnostician ranked 5 disorders, top-2: ['F41.1', 'F45']
2026-04-22 23:01:14,313 culturedx.modes.base INFO Checker timing: 5 disorders in 0.0s (0.0s/disorder, 5 workers)
2026-04-22 23:01:14,320 culturedx.modes.base INFO Checker timing: 9 disorders in 0.0s (0.0s/disorder, 9 workers)
2026-04-22 23:01:14,321 culturedx.modes.hied INFO Case 300493869: DtV primary from top3 (top-1 F41.1 -> primary F41.2)
2026-04-22 23:01:14,321 culturedx.pipeline.runner INFO Processing case 20/100: 393761475
2026-04-22 23:01:14,321 culturedx.modes.hied INFO HiED manual scope mode: using 14 target disorders
2026-04-22 23:01:14,321 culturedx.modes.hied INFO Case 393761475: 14 candidate disorders from triage
2026-04-22 23:01:15,174 culturedx.modes.hied INFO Case 327826586: Diagnostician ranked 5 disorders, top-2: ['F41.1', 'F32']
2026-04-22 23:01:15,205 culturedx.modes.base INFO Checker timing: 5 disorders in 0.0s (0.0s/disorder, 5 workers)
2026-04-22 23:01:15,219 culturedx.modes.base INFO Checker timing: 9 disorders in 0.0s (0.0s/disorder, 9 workers)
2026-04-22 23:01:15,219 culturedx.pipeline.runner INFO Processing case 21/100: 369682855
2026-04-22 23:01:15,220 culturedx.modes.hied INFO HiED manual scope mode: using 14 target disorders
2026-04-22 23:01:15,220 culturedx.modes.hied INFO Case 369682855: 14 candidate disorders from triage
2026-04-22 23:01:15,463 culturedx.modes.hied INFO Case 324224056: Diagnostician ranked 5 disorders, top-2: ['F41.1', 'F32']
2026-04-22 23:01:15,466 culturedx.modes.base INFO Checker timing: 5 disorders in 0.0s (0.0s/disorder, 5 workers)
2026-04-22 23:01:15,480 culturedx.modes.base INFO Checker timing: 9 disorders in 0.0s (0.0s/disorder, 9 workers)
2026-04-22 23:01:15,481 culturedx.pipeline.runner INFO Processing case 22/100: 329606499
2026-04-22 23:01:15,481 culturedx.modes.hied INFO HiED manual scope mode: using 14 target disorders
2026-04-22 23:01:15,481 culturedx.modes.hied INFO Case 329606499: 14 candidate disorders from triage
2026-04-22 23:01:16,182 culturedx.modes.hied INFO Case 341042297: Diagnostician ranked 5 disorders, top-2: ['F32', 'F39']
2026-04-22 23:01:16,191 culturedx.modes.base INFO Checker timing: 5 disorders in 0.0s (0.0s/disorder, 5 workers)
2026-04-22 23:01:16,201 culturedx.modes.base INFO Checker timing: 9 disorders in 0.0s (0.0s/disorder, 9 workers)
2026-04-22 23:01:16,202 culturedx.pipeline.runner INFO Processing case 23/100: 305328637
2026-04-22 23:01:16,202 culturedx.modes.hied INFO HiED manual scope mode: using 14 target disorders
2026-04-22 23:01:16,202 culturedx.modes.hied INFO Case 305328637: 14 candidate disorders from triage
2026-04-22 23:01:16,753 culturedx.modes.hied INFO Case 303364596: Diagnostician ranked 5 disorders, top-2: ['F32', 'F41.1']
2026-04-22 23:01:16,756 culturedx.modes.base INFO Checker timing: 5 disorders in 0.0s (0.0s/disorder, 5 workers)
2026-04-22 23:01:16,768 culturedx.modes.base INFO Checker timing: 9 disorders in 0.0s (0.0s/disorder, 9 workers)
2026-04-22 23:01:16,768 culturedx.pipeline.runner INFO Processing case 24/100: 376197379
2026-04-22 23:01:16,769 culturedx.modes.hied INFO HiED manual scope mode: using 14 target disorders
2026-04-22 23:01:16,769 culturedx.modes.hied INFO Case 376197379: 14 candidate disorders from triage
2026-04-22 23:01:16,883 culturedx.modes.hied INFO Case 374577341: Diagnostician ranked 5 disorders, top-2: ['F41.1', 'F42']
2026-04-22 23:01:16,921 culturedx.modes.base INFO Checker timing: 5 disorders in 0.0s (0.0s/disorder, 5 workers)
2026-04-22 23:01:16,993 culturedx.modes.base INFO Checker timing: 9 disorders in 0.1s (0.0s/disorder, 9 workers)
2026-04-22 23:01:16,994 culturedx.pipeline.runner INFO Processing case 25/100: 303895252
2026-04-22 23:01:16,994 culturedx.modes.hied INFO HiED manual scope mode: using 14 target disorders
2026-04-22 23:01:16,994 culturedx.modes.hied INFO Case 303895252: 14 candidate disorders from triage
2026-04-22 23:01:18,519 culturedx.modes.hied INFO Case 344699340: Diagnostician ranked 5 disorders, top-2: ['F32', 'F39']
2026-04-22 23:01:18,524 culturedx.modes.base INFO Checker timing: 5 disorders in 0.0s (0.0s/disorder, 5 workers)
2026-04-22 23:01:18,529 culturedx.modes.base INFO Checker timing: 9 disorders in 0.0s (0.0s/disorder, 9 workers)
2026-04-22 23:01:18,529 culturedx.pipeline.runner INFO Processing case 26/100: 358313639
2026-04-22 23:01:18,529 culturedx.modes.hied INFO HiED manual scope mode: using 14 target disorders
2026-04-22 23:01:18,529 culturedx.modes.hied INFO Case 358313639: 14 candidate disorders from triage
2026-04-22 23:01:18,696 culturedx.modes.hied INFO Case 350352506: Diagnostician ranked 5 disorders, top-2: ['F32', 'F41.2']
2026-04-22 23:01:18,699 culturedx.modes.base INFO Checker timing: 5 disorders in 0.0s (0.0s/disorder, 5 workers)
2026-04-22 23:01:18,703 culturedx.modes.base INFO Checker timing: 9 disorders in 0.0s (0.0s/disorder, 9 workers)
2026-04-22 23:01:18,704 culturedx.pipeline.runner INFO Processing case 27/100: 368998951
2026-04-22 23:01:18,704 culturedx.modes.hied INFO HiED manual scope mode: using 14 target disorders
2026-04-22 23:01:18,704 culturedx.modes.hied INFO Case 368998951: 14 candidate disorders from triage
2026-04-22 23:01:18,993 culturedx.modes.hied INFO Case 318518739: Diagnostician ranked 5 disorders, top-2: ['F32', 'F51']
2026-04-22 23:01:18,996 culturedx.modes.base INFO Checker timing: 5 disorders in 0.0s (0.0s/disorder, 5 workers)
2026-04-22 23:01:19,000 culturedx.modes.base INFO Checker timing: 9 disorders in 0.0s (0.0s/disorder, 9 workers)
2026-04-22 23:01:19,000 culturedx.pipeline.runner INFO Processing case 28/100: 355727279
2026-04-22 23:01:19,000 culturedx.modes.hied INFO HiED manual scope mode: using 14 target disorders
2026-04-22 23:01:19,000 culturedx.modes.hied INFO Case 355727279: 14 candidate disorders from triage
2026-04-22 23:01:19,838 culturedx.modes.hied INFO Case 368679677: Diagnostician ranked 5 disorders, top-2: ['F32', 'F39']
2026-04-22 23:01:19,840 culturedx.modes.base INFO Checker timing: 5 disorders in 0.0s (0.0s/disorder, 5 workers)
2026-04-22 23:01:19,856 culturedx.modes.base INFO Checker timing: 9 disorders in 0.0s (0.0s/disorder, 9 workers)
2026-04-22 23:01:19,856 culturedx.pipeline.runner INFO Processing case 29/100: 397700349
2026-04-22 23:01:19,856 culturedx.modes.hied INFO HiED manual scope mode: using 14 target disorders
2026-04-22 23:01:19,856 culturedx.modes.hied INFO Case 397700349: 14 candidate disorders from triage
2026-04-22 23:01:20,580 culturedx.modes.hied INFO Case 337522433: Diagnostician ranked 5 disorders, top-2: ['F39', 'F41.1']
2026-04-22 23:01:20,587 culturedx.modes.base INFO Checker timing: 5 disorders in 0.0s (0.0s/disorder, 5 workers)
2026-04-22 23:01:20,620 culturedx.modes.base INFO Checker timing: 9 disorders in 0.0s (0.0s/disorder, 9 workers)
2026-04-22 23:01:20,620 culturedx.pipeline.runner INFO Processing case 30/100: 381110368
2026-04-22 23:01:20,620 culturedx.modes.hied INFO HiED manual scope mode: using 14 target disorders
2026-04-22 23:01:20,620 culturedx.modes.hied INFO Case 381110368: 14 candidate disorders from triage
2026-04-22 23:01:21,819 culturedx.modes.hied INFO Case 341328894: Diagnostician ranked 5 disorders, top-2: ['F32', 'F41.1']
2026-04-22 23:01:21,841 culturedx.modes.base INFO Checker timing: 5 disorders in 0.0s (0.0s/disorder, 5 workers)
2026-04-22 23:01:21,845 culturedx.modes.base INFO Checker timing: 9 disorders in 0.0s (0.0s/disorder, 9 workers)
2026-04-22 23:01:21,846 culturedx.pipeline.runner INFO Processing case 31/100: 309444601
2026-04-22 23:01:21,846 culturedx.modes.hied INFO HiED manual scope mode: using 14 target disorders
2026-04-22 23:01:21,846 culturedx.modes.hied INFO Case 309444601: 14 candidate disorders from triage
2026-04-22 23:01:24,507 culturedx.modes.hied INFO Case 312389408: Diagnostician ranked 5 disorders, top-2: ['F51', 'F39']
2026-04-22 23:01:24,668 culturedx.modes.base INFO Checker timing: 5 disorders in 0.1s (0.0s/disorder, 5 workers)
2026-04-22 23:01:24,674 culturedx.modes.base INFO Checker timing: 9 disorders in 0.0s (0.0s/disorder, 9 workers)
2026-04-22 23:01:24,675 culturedx.pipeline.runner INFO Processing case 32/100: 335985565
2026-04-22 23:01:24,675 culturedx.modes.hied INFO HiED manual scope mode: using 14 target disorders
2026-04-22 23:01:24,675 culturedx.modes.hied INFO Case 335985565: 14 candidate disorders from triage
2026-04-22 23:01:24,741 culturedx.modes.hied INFO Case 332278660: Diagnostician ranked 5 disorders, top-2: ['F32', 'F39']
2026-04-22 23:01:24,747 culturedx.modes.base INFO Checker timing: 5 disorders in 0.0s (0.0s/disorder, 5 workers)
2026-04-22 23:01:24,753 culturedx.modes.base INFO Checker timing: 9 disorders in 0.0s (0.0s/disorder, 9 workers)
2026-04-22 23:01:24,754 culturedx.pipeline.runner INFO Processing case 33/100: 321077019
2026-04-22 23:01:24,754 culturedx.modes.hied INFO HiED manual scope mode: using 14 target disorders
2026-04-22 23:01:24,754 culturedx.modes.hied INFO Case 321077019: 14 candidate disorders from triage
2026-04-22 23:01:25,770 culturedx.modes.hied INFO Case 371726537: Diagnostician ranked 5 disorders, top-2: ['F32', 'F39']
2026-04-22 23:01:25,777 culturedx.modes.base INFO Checker timing: 5 disorders in 0.0s (0.0s/disorder, 5 workers)
2026-04-22 23:01:25,847 culturedx.modes.base INFO Checker timing: 9 disorders in 0.1s (0.0s/disorder, 9 workers)
2026-04-22 23:01:25,847 culturedx.pipeline.runner INFO Processing case 34/100: 346998154
2026-04-22 23:01:25,848 culturedx.modes.hied INFO HiED manual scope mode: using 14 target disorders
2026-04-22 23:01:25,848 culturedx.modes.hied INFO Case 346998154: 14 candidate disorders from triage
2026-04-22 23:01:27,252 culturedx.modes.hied INFO Case 305328637: Diagnostician ranked 5 disorders, top-2: ['F41.1', 'F32']
2026-04-22 23:01:27,256 culturedx.modes.base INFO Checker timing: 5 disorders in 0.0s (0.0s/disorder, 5 workers)
2026-04-22 23:01:27,260 culturedx.modes.base INFO Checker timing: 9 disorders in 0.0s (0.0s/disorder, 9 workers)
2026-04-22 23:01:27,261 culturedx.pipeline.runner INFO Processing case 35/100: 359213312
2026-04-22 23:01:27,263 culturedx.modes.hied INFO HiED manual scope mode: using 14 target disorders
2026-04-22 23:01:27,263 culturedx.modes.hied INFO Case 359213312: 14 candidate disorders from triage
2026-04-22 23:01:28,113 culturedx.modes.hied INFO Case 380913193: Diagnostician ranked 5 disorders, top-2: ['F41.1', 'F32']
2026-04-22 23:01:28,243 culturedx.modes.base INFO Checker timing: 5 disorders in 0.1s (0.0s/disorder, 5 workers)
2026-04-22 23:01:28,354 culturedx.modes.base INFO Checker timing: 9 disorders in 0.1s (0.0s/disorder, 9 workers)
2026-04-22 23:01:28,355 culturedx.pipeline.runner INFO Processing case 36/100: 367615981
2026-04-22 23:01:28,355 culturedx.modes.hied INFO HiED manual scope mode: using 14 target disorders
2026-04-22 23:01:28,355 culturedx.modes.hied INFO Case 367615981: 14 candidate disorders from triage
2026-04-22 23:01:29,088 culturedx.modes.hied INFO Case 303895252: Diagnostician ranked 5 disorders, top-2: ['F32', 'F41.1']
2026-04-22 23:01:29,091 culturedx.modes.base INFO Checker timing: 5 disorders in 0.0s (0.0s/disorder, 5 workers)
2026-04-22 23:01:29,170 culturedx.modes.base INFO Checker timing: 9 disorders in 0.1s (0.0s/disorder, 9 workers)
2026-04-22 23:01:29,170 culturedx.pipeline.runner INFO Processing case 37/100: 383925853
2026-04-22 23:01:29,170 culturedx.modes.hied INFO HiED manual scope mode: using 14 target disorders
2026-04-22 23:01:29,170 culturedx.modes.hied INFO Case 383925853: 14 candidate disorders from triage
2026-04-22 23:01:31,388 culturedx.modes.hied INFO Case 358313639: Diagnostician ranked 5 disorders, top-2: ['F32', 'F51']
2026-04-22 23:01:31,392 culturedx.modes.base INFO Checker timing: 5 disorders in 0.0s (0.0s/disorder, 5 workers)
2026-04-22 23:01:31,396 culturedx.modes.base INFO Checker timing: 9 disorders in 0.0s (0.0s/disorder, 9 workers)
2026-04-22 23:01:31,397 culturedx.pipeline.runner INFO Processing case 38/100: 349524800
2026-04-22 23:01:31,397 culturedx.modes.hied INFO HiED manual scope mode: using 14 target disorders
2026-04-22 23:01:31,397 culturedx.modes.hied INFO Case 349524800: 14 candidate disorders from triage
2026-04-22 23:01:32,774 culturedx.modes.hied INFO Case 381110368: Diagnostician ranked 5 disorders, top-2: ['F32', 'F41.2']
2026-04-22 23:01:32,780 culturedx.modes.base INFO Checker timing: 5 disorders in 0.0s (0.0s/disorder, 5 workers)
2026-04-22 23:01:32,784 culturedx.modes.base INFO Checker timing: 9 disorders in 0.0s (0.0s/disorder, 9 workers)
2026-04-22 23:01:32,784 culturedx.pipeline.runner INFO Processing case 39/100: 339178683
2026-04-22 23:01:32,785 culturedx.modes.hied INFO HiED manual scope mode: using 14 target disorders
2026-04-22 23:01:32,785 culturedx.modes.hied INFO Case 339178683: 14 candidate disorders from triage
2026-04-22 23:01:32,895 culturedx.modes.hied INFO Case 329606499: Diagnostician ranked 5 disorders, top-2: ['F32', 'F39']
2026-04-22 23:01:32,902 culturedx.modes.base INFO Checker timing: 5 disorders in 0.0s (0.0s/disorder, 5 workers)
2026-04-22 23:01:32,906 culturedx.modes.base INFO Checker timing: 9 disorders in 0.0s (0.0s/disorder, 9 workers)
2026-04-22 23:01:32,907 culturedx.modes.hied INFO Case 329606499: DtV primary from top2 (top-1 F32 -> primary F39)
2026-04-22 23:01:32,907 culturedx.pipeline.runner INFO Processing case 40/100: 365148198
2026-04-22 23:01:32,907 culturedx.modes.hied INFO HiED manual scope mode: using 14 target disorders
2026-04-22 23:01:32,907 culturedx.modes.hied INFO Case 365148198: 14 candidate disorders from triage
2026-04-22 23:01:32,913 culturedx.modes.hied INFO Case 369682855: Diagnostician ranked 5 disorders, top-2: ['F20', 'F32']
2026-04-22 23:01:32,915 culturedx.modes.base INFO Checker timing: 5 disorders in 0.0s (0.0s/disorder, 5 workers)
2026-04-22 23:01:32,925 culturedx.modes.base INFO Checker timing: 9 disorders in 0.0s (0.0s/disorder, 9 workers)
2026-04-22 23:01:32,925 culturedx.pipeline.runner INFO Processing case 41/100: 354219828
2026-04-22 23:01:32,926 culturedx.modes.hied INFO HiED manual scope mode: using 14 target disorders
2026-04-22 23:01:32,927 culturedx.modes.hied INFO Case 354219828: 14 candidate disorders from triage
2026-04-22 23:01:33,348 culturedx.modes.hied INFO Case 368998951: Diagnostician ranked 5 disorders, top-2: ['F32', 'F39']
2026-04-22 23:01:33,361 culturedx.modes.base INFO Checker timing: 5 disorders in 0.0s (0.0s/disorder, 5 workers)
2026-04-22 23:01:33,611 culturedx.modes.base INFO Checker timing: 9 disorders in 0.2s (0.0s/disorder, 9 workers)
2026-04-22 23:01:33,611 culturedx.pipeline.runner INFO Processing case 42/100: 329547625
2026-04-22 23:01:33,611 culturedx.modes.hied INFO HiED manual scope mode: using 14 target disorders
2026-04-22 23:01:33,611 culturedx.modes.hied INFO Case 329547625: 14 candidate disorders from triage
2026-04-22 23:01:34,161 culturedx.modes.hied INFO Case 393761475: Diagnostician ranked 5 disorders, top-2: ['F41.1', 'F32']
2026-04-22 23:01:34,262 culturedx.modes.base INFO Checker timing: 5 disorders in 0.1s (0.0s/disorder, 5 workers)
2026-04-22 23:01:34,269 culturedx.modes.base INFO Checker timing: 9 disorders in 0.0s (0.0s/disorder, 9 workers)
2026-04-22 23:01:34,270 culturedx.pipeline.runner INFO Processing case 43/100: 369867441
2026-04-22 23:01:34,270 culturedx.modes.hied INFO HiED manual scope mode: using 14 target disorders
2026-04-22 23:01:34,270 culturedx.modes.hied INFO Case 369867441: 14 candidate disorders from triage
2026-04-22 23:01:34,526 culturedx.modes.hied INFO Case 397700349: Diagnostician ranked 5 disorders, top-2: ['F32', 'F39']
2026-04-22 23:01:34,535 culturedx.modes.base INFO Checker timing: 5 disorders in 0.0s (0.0s/disorder, 5 workers)
2026-04-22 23:01:34,548 culturedx.modes.base INFO Checker timing: 9 disorders in 0.0s (0.0s/disorder, 9 workers)
2026-04-22 23:01:34,548 culturedx.pipeline.runner INFO Processing case 44/100: 327456260
2026-04-22 23:01:34,548 culturedx.modes.hied INFO HiED manual scope mode: using 14 target disorders
2026-04-22 23:01:34,548 culturedx.modes.hied INFO Case 327456260: 14 candidate disorders from triage
2026-04-22 23:01:35,165 culturedx.modes.hied INFO Case 309444601: Diagnostician ranked 5 disorders, top-2: ['F32', 'F41.2']
2026-04-22 23:01:35,184 culturedx.modes.base INFO Checker timing: 5 disorders in 0.0s (0.0s/disorder, 5 workers)
2026-04-22 23:01:35,259 culturedx.modes.base INFO Checker timing: 9 disorders in 0.1s (0.0s/disorder, 9 workers)
2026-04-22 23:01:35,260 culturedx.pipeline.runner INFO Processing case 45/100: 331016450
2026-04-22 23:01:35,260 culturedx.modes.hied INFO HiED manual scope mode: using 14 target disorders
2026-04-22 23:01:35,260 culturedx.modes.hied INFO Case 331016450: 14 candidate disorders from triage
2026-04-22 23:01:36,310 culturedx.modes.hied INFO Case 355727279: Diagnostician ranked 5 disorders, top-2: ['F32', 'F39']
2026-04-22 23:01:36,357 culturedx.modes.base INFO Checker timing: 5 disorders in 0.0s (0.0s/disorder, 5 workers)
2026-04-22 23:01:36,460 culturedx.modes.base INFO Checker timing: 9 disorders in 0.1s (0.0s/disorder, 9 workers)
2026-04-22 23:01:36,461 culturedx.pipeline.runner INFO Processing case 46/100: 314631661
2026-04-22 23:01:36,461 culturedx.modes.hied INFO HiED manual scope mode: using 14 target disorders
2026-04-22 23:01:36,461 culturedx.modes.hied INFO Case 314631661: 14 candidate disorders from triage
2026-04-22 23:01:37,018 culturedx.modes.hied INFO Case 321077019: Diagnostician ranked 5 disorders, top-2: ['F32', 'F41.1']
2026-04-22 23:01:37,024 culturedx.modes.base INFO Checker timing: 5 disorders in 0.0s (0.0s/disorder, 5 workers)
2026-04-22 23:01:37,095 culturedx.modes.base INFO Checker timing: 9 disorders in 0.1s (0.0s/disorder, 9 workers)
2026-04-22 23:01:37,096 culturedx.pipeline.runner INFO Processing case 47/100: 395541834
2026-04-22 23:01:37,096 culturedx.modes.hied INFO HiED manual scope mode: using 14 target disorders
2026-04-22 23:01:37,096 culturedx.modes.hied INFO Case 395541834: 14 candidate disorders from triage
2026-04-22 23:01:37,839 culturedx.modes.hied INFO Case 335985565: Diagnostician ranked 5 disorders, top-2: ['F32', 'F39']
2026-04-22 23:01:37,872 culturedx.modes.base INFO Checker timing: 5 disorders in 0.0s (0.0s/disorder, 5 workers)
2026-04-22 23:01:37,884 culturedx.modes.base INFO Checker timing: 9 disorders in 0.0s (0.0s/disorder, 9 workers)
2026-04-22 23:01:37,885 culturedx.pipeline.runner INFO Processing case 48/100: 349034373
2026-04-22 23:01:37,885 culturedx.modes.hied INFO HiED manual scope mode: using 14 target disorders
2026-04-22 23:01:37,885 culturedx.modes.hied INFO Case 349034373: 14 candidate disorders from triage
2026-04-22 23:01:39,413 culturedx.modes.hied INFO Case 376197379: Diagnostician ranked 5 disorders, top-2: ['F41.1', 'F32']
2026-04-22 23:01:39,418 culturedx.modes.base INFO Checker timing: 5 disorders in 0.0s (0.0s/disorder, 5 workers)
2026-04-22 23:01:39,424 culturedx.modes.base INFO Checker timing: 9 disorders in 0.0s (0.0s/disorder, 9 workers)
2026-04-22 23:01:39,425 culturedx.pipeline.runner INFO Processing case 49/100: 372632464
2026-04-22 23:01:39,425 culturedx.modes.hied INFO HiED manual scope mode: using 14 target disorders
2026-04-22 23:01:39,425 culturedx.modes.hied INFO Case 372632464: 14 candidate disorders from triage
2026-04-22 23:01:41,355 culturedx.modes.hied INFO Case 367615981: Diagnostician ranked 5 disorders, top-2: ['F32', 'F39']
2026-04-22 23:01:41,358 culturedx.modes.base INFO Checker timing: 5 disorders in 0.0s (0.0s/disorder, 5 workers)
2026-04-22 23:01:41,361 culturedx.modes.base INFO Checker timing: 9 disorders in 0.0s (0.0s/disorder, 9 workers)
2026-04-22 23:01:41,361 culturedx.pipeline.runner INFO Processing case 50/100: 320669626
2026-04-22 23:01:41,361 culturedx.modes.hied INFO HiED manual scope mode: using 14 target disorders
2026-04-22 23:01:41,362 culturedx.modes.hied INFO Case 320669626: 14 candidate disorders from triage
2026-04-22 23:01:41,782 culturedx.modes.hied INFO Case 359213312: Diagnostician ranked 5 disorders, top-2: ['F51', 'F41.1']
2026-04-22 23:01:41,810 culturedx.modes.base INFO Checker timing: 5 disorders in 0.0s (0.0s/disorder, 5 workers)
2026-04-22 23:01:41,859 culturedx.modes.base INFO Checker timing: 9 disorders in 0.0s (0.0s/disorder, 9 workers)
2026-04-22 23:01:41,860 culturedx.pipeline.runner INFO Processing case 51/100: 342949614
2026-04-22 23:01:41,860 culturedx.modes.hied INFO HiED manual scope mode: using 14 target disorders
2026-04-22 23:01:41,860 culturedx.modes.hied INFO Case 342949614: 14 candidate disorders from triage
2026-04-22 23:01:41,933 culturedx.modes.hied INFO Case 349524800: Diagnostician ranked 5 disorders, top-2: ['F32', 'F41.1']
2026-04-22 23:01:41,980 culturedx.modes.base INFO Checker timing: 5 disorders in 0.0s (0.0s/disorder, 5 workers)
2026-04-22 23:01:42,041 culturedx.modes.base INFO Checker timing: 9 disorders in 0.1s (0.0s/disorder, 9 workers)
2026-04-22 23:01:42,042 culturedx.pipeline.runner INFO Processing case 52/100: 356498183
2026-04-22 23:01:42,042 culturedx.modes.hied INFO HiED manual scope mode: using 14 target disorders
2026-04-22 23:01:42,042 culturedx.modes.hied INFO Case 356498183: 14 candidate disorders from triage
2026-04-22 23:01:43,314 culturedx.modes.hied INFO Case 346998154: Diagnostician ranked 5 disorders, top-2: ['F32', 'F39']
2026-04-22 23:01:43,317 culturedx.modes.base INFO Checker timing: 5 disorders in 0.0s (0.0s/disorder, 5 workers)
2026-04-22 23:01:43,425 culturedx.modes.base INFO Checker timing: 9 disorders in 0.1s (0.0s/disorder, 9 workers)
2026-04-22 23:01:43,425 culturedx.pipeline.runner INFO Processing case 53/100: 300639126
2026-04-22 23:01:43,426 culturedx.modes.hied INFO HiED manual scope mode: using 14 target disorders
2026-04-22 23:01:43,426 culturedx.modes.hied INFO Case 300639126: 14 candidate disorders from triage
2026-04-22 23:01:45,202 culturedx.modes.hied INFO Case 369867441: Diagnostician ranked 5 disorders, top-2: ['F32', 'F39']
2026-04-22 23:01:45,357 culturedx.modes.base INFO Checker timing: 5 disorders in 0.2s (0.0s/disorder, 5 workers)
2026-04-22 23:01:45,361 culturedx.modes.base INFO Checker timing: 9 disorders in 0.0s (0.0s/disorder, 9 workers)
2026-04-22 23:01:45,361 culturedx.pipeline.runner INFO Processing case 54/100: 344013412
2026-04-22 23:01:45,361 culturedx.modes.hied INFO HiED manual scope mode: using 14 target disorders
2026-04-22 23:01:45,361 culturedx.modes.hied INFO Case 344013412: 14 candidate disorders from triage
2026-04-22 23:01:46,469 culturedx.modes.hied INFO Case 331016450: Diagnostician ranked 5 disorders, top-2: ['F32', 'F39']
2026-04-22 23:01:46,474 culturedx.modes.base INFO Checker timing: 5 disorders in 0.0s (0.0s/disorder, 5 workers)
2026-04-22 23:01:46,480 culturedx.modes.base INFO Checker timing: 9 disorders in 0.0s (0.0s/disorder, 9 workers)
2026-04-22 23:01:46,480 culturedx.pipeline.runner INFO Processing case 55/100: 348839819
2026-04-22 23:01:46,480 culturedx.modes.hied INFO HiED manual scope mode: using 14 target disorders
2026-04-22 23:01:46,481 culturedx.modes.hied INFO Case 348839819: 14 candidate disorders from triage
2026-04-22 23:01:47,701 culturedx.modes.hied INFO Case 365148198: Diagnostician ranked 5 disorders, top-2: ['F32', 'F41.1']
2026-04-22 23:01:47,709 culturedx.modes.base INFO Checker timing: 5 disorders in 0.0s (0.0s/disorder, 5 workers)
2026-04-22 23:01:47,723 culturedx.modes.base INFO Checker timing: 9 disorders in 0.0s (0.0s/disorder, 9 workers)
2026-04-22 23:01:47,724 culturedx.pipeline.runner INFO Processing case 56/100: 379652943
2026-04-22 23:01:47,724 culturedx.modes.hied INFO HiED manual scope mode: using 14 target disorders
2026-04-22 23:01:47,724 culturedx.modes.hied INFO Case 379652943: 14 candidate disorders from triage
2026-04-22 23:01:50,246 culturedx.modes.hied INFO Case 349034373: Diagnostician ranked 5 disorders, top-2: ['F32', 'F41.1']
2026-04-22 23:01:50,255 culturedx.modes.base INFO Checker timing: 5 disorders in 0.0s (0.0s/disorder, 5 workers)
2026-04-22 23:01:50,263 culturedx.modes.base INFO Checker timing: 9 disorders in 0.0s (0.0s/disorder, 9 workers)
2026-04-22 23:01:50,263 culturedx.modes.hied INFO Case 349034373: DtV primary from top2 (top-1 F32 -> primary F41.1)
2026-04-22 23:01:50,263 culturedx.pipeline.runner INFO Processing case 57/100: 345082346
2026-04-22 23:01:50,264 culturedx.modes.hied INFO HiED manual scope mode: using 14 target disorders
2026-04-22 23:01:50,264 culturedx.modes.hied INFO Case 345082346: 14 candidate disorders from triage
2026-04-22 23:01:50,686 culturedx.modes.hied INFO Case 339178683: Diagnostician ranked 5 disorders, top-2: ['F41.1', 'F42']
2026-04-22 23:01:50,690 culturedx.modes.base INFO Checker timing: 5 disorders in 0.0s (0.0s/disorder, 5 workers)
2026-04-22 23:01:50,695 culturedx.modes.base INFO Checker timing: 9 disorders in 0.0s (0.0s/disorder, 9 workers)
2026-04-22 23:01:50,697 culturedx.pipeline.runner INFO Processing case 58/100: 381931431
2026-04-22 23:01:50,697 culturedx.modes.hied INFO HiED manual scope mode: using 14 target disorders
2026-04-22 23:01:50,697 culturedx.modes.hied INFO Case 381931431: 14 candidate disorders from triage
2026-04-22 23:01:50,782 culturedx.modes.hied INFO Case 354219828: Diagnostician ranked 5 disorders, top-2: ['F41.1', 'F51']
2026-04-22 23:01:50,869 culturedx.modes.base INFO Checker timing: 5 disorders in 0.1s (0.0s/disorder, 5 workers)
2026-04-22 23:01:50,890 culturedx.modes.base INFO Checker timing: 9 disorders in 0.0s (0.0s/disorder, 9 workers)
2026-04-22 23:01:50,890 culturedx.pipeline.runner INFO Processing case 59/100: 304891732
2026-04-22 23:01:50,890 culturedx.modes.hied INFO HiED manual scope mode: using 14 target disorders
2026-04-22 23:01:50,890 culturedx.modes.hied INFO Case 304891732: 14 candidate disorders from triage
2026-04-22 23:01:51,658 culturedx.modes.hied INFO Case 327456260: Diagnostician ranked 5 disorders, top-2: ['F32', 'F39']
2026-04-22 23:01:51,670 culturedx.modes.base INFO Checker timing: 5 disorders in 0.0s (0.0s/disorder, 5 workers)
2026-04-22 23:01:51,791 culturedx.modes.base INFO Checker timing: 9 disorders in 0.1s (0.0s/disorder, 9 workers)
2026-04-22 23:01:51,792 culturedx.pipeline.runner INFO Processing case 60/100: 314878848
2026-04-22 23:01:51,792 culturedx.modes.hied INFO HiED manual scope mode: using 14 target disorders
2026-04-22 23:01:51,792 culturedx.modes.hied INFO Case 314878848: 14 candidate disorders from triage
2026-04-22 23:01:51,957 culturedx.modes.hied INFO Case 329547625: Diagnostician ranked 5 disorders, top-2: ['F41.1', 'F32']
2026-04-22 23:01:51,959 culturedx.modes.base INFO Checker timing: 5 disorders in 0.0s (0.0s/disorder, 5 workers)
2026-04-22 23:01:51,962 culturedx.modes.base INFO Checker timing: 9 disorders in 0.0s (0.0s/disorder, 9 workers)
2026-04-22 23:01:51,963 culturedx.pipeline.runner INFO Processing case 61/100: 388730013
2026-04-22 23:01:51,963 culturedx.modes.hied INFO HiED manual scope mode: using 14 target disorders
2026-04-22 23:01:51,963 culturedx.modes.hied INFO Case 388730013: 14 candidate disorders from triage
2026-04-22 23:01:52,037 culturedx.modes.hied INFO Case 314631661: Diagnostician ranked 5 disorders, top-2: ['F32', 'F39']
2026-04-22 23:01:52,040 culturedx.modes.base INFO Checker timing: 5 disorders in 0.0s (0.0s/disorder, 5 workers)
2026-04-22 23:01:52,044 culturedx.modes.base INFO Checker timing: 9 disorders in 0.0s (0.0s/disorder, 9 workers)
2026-04-22 23:01:52,044 culturedx.modes.hied INFO Case 314631661: DtV primary from top2 (top-1 F32 -> primary F39)
2026-04-22 23:01:52,044 culturedx.pipeline.runner INFO Processing case 62/100: 374056166
2026-04-22 23:01:52,044 culturedx.modes.hied INFO HiED manual scope mode: using 14 target disorders
2026-04-22 23:01:52,044 culturedx.modes.hied INFO Case 374056166: 14 candidate disorders from triage
2026-04-22 23:01:54,728 culturedx.modes.hied INFO Case 395541834: Diagnostician ranked 5 disorders, top-2: ['F32', 'F39']
2026-04-22 23:01:54,802 culturedx.modes.base INFO Checker timing: 5 disorders in 0.1s (0.0s/disorder, 5 workers)
2026-04-22 23:01:54,825 culturedx.modes.base INFO Checker timing: 9 disorders in 0.0s (0.0s/disorder, 9 workers)
2026-04-22 23:01:54,826 culturedx.pipeline.runner INFO Processing case 63/100: 387302774
2026-04-22 23:01:54,826 culturedx.modes.hied INFO HiED manual scope mode: using 14 target disorders
2026-04-22 23:01:54,826 culturedx.modes.hied INFO Case 387302774: 14 candidate disorders from triage
2026-04-22 23:01:55,688 culturedx.modes.hied INFO Case 383925853: Diagnostician ranked 5 disorders, top-2: ['F20', 'F39']
2026-04-22 23:01:55,712 culturedx.modes.base INFO Checker timing: 5 disorders in 0.0s (0.0s/disorder, 5 workers)
2026-04-22 23:01:55,719 culturedx.modes.base INFO Checker timing: 9 disorders in 0.0s (0.0s/disorder, 9 workers)
2026-04-22 23:01:55,719 culturedx.pipeline.runner INFO Processing case 64/100: 333010865
2026-04-22 23:01:55,720 culturedx.modes.hied INFO HiED manual scope mode: using 14 target disorders
2026-04-22 23:01:55,720 culturedx.modes.hied INFO Case 333010865: 14 candidate disorders from triage
2026-04-22 23:01:55,917 culturedx.modes.hied INFO Case 300639126: Diagnostician ranked 5 disorders, top-2: ['F32', 'F39']
2026-04-22 23:01:55,958 culturedx.modes.base INFO Checker timing: 5 disorders in 0.0s (0.0s/disorder, 5 workers)
2026-04-22 23:01:55,965 culturedx.modes.base INFO Checker timing: 9 disorders in 0.0s (0.0s/disorder, 9 workers)
2026-04-22 23:01:55,966 culturedx.pipeline.runner INFO Processing case 65/100: 340563038
2026-04-22 23:01:55,966 culturedx.modes.hied INFO HiED manual scope mode: using 14 target disorders
2026-04-22 23:01:55,966 culturedx.modes.hied INFO Case 340563038: 14 candidate disorders from triage
2026-04-22 23:01:57,571 culturedx.modes.hied INFO Case 348839819: Diagnostician ranked 5 disorders, top-2: ['F32', 'F39']
2026-04-22 23:01:57,573 culturedx.modes.base INFO Checker timing: 5 disorders in 0.0s (0.0s/disorder, 5 workers)
2026-04-22 23:01:57,577 culturedx.modes.base INFO Checker timing: 9 disorders in 0.0s (0.0s/disorder, 9 workers)
2026-04-22 23:01:57,578 culturedx.pipeline.runner INFO Processing case 66/100: 354496307
2026-04-22 23:01:57,578 culturedx.modes.hied INFO HiED manual scope mode: using 14 target disorders
2026-04-22 23:01:57,578 culturedx.modes.hied INFO Case 354496307: 14 candidate disorders from triage
2026-04-22 23:01:58,584 culturedx.modes.hied INFO Case 372632464: Diagnostician ranked 5 disorders, top-2: ['F32', 'F41.1']
2026-04-22 23:01:58,589 culturedx.modes.base INFO Checker timing: 5 disorders in 0.0s (0.0s/disorder, 5 workers)
2026-04-22 23:01:58,747 culturedx.modes.base INFO Checker timing: 9 disorders in 0.2s (0.0s/disorder, 9 workers)
2026-04-22 23:01:58,747 culturedx.pipeline.runner INFO Processing case 67/100: 354203641
2026-04-22 23:01:58,748 culturedx.modes.hied INFO HiED manual scope mode: using 14 target disorders
2026-04-22 23:01:58,748 culturedx.modes.hied INFO Case 354203641: 14 candidate disorders from triage
2026-04-22 23:01:58,973 culturedx.modes.hied INFO Case 356498183: Diagnostician ranked 5 disorders, top-2: ['F32', 'F41.1']
2026-04-22 23:01:58,980 culturedx.modes.base INFO Checker timing: 5 disorders in 0.0s (0.0s/disorder, 5 workers)
2026-04-22 23:01:58,993 culturedx.modes.base INFO Checker timing: 9 disorders in 0.0s (0.0s/disorder, 9 workers)
2026-04-22 23:01:58,994 culturedx.pipeline.runner INFO Processing case 68/100: 381222225
2026-04-22 23:01:58,994 culturedx.modes.hied INFO HiED manual scope mode: using 14 target disorders
2026-04-22 23:01:58,994 culturedx.modes.hied INFO Case 381222225: 14 candidate disorders from triage
2026-04-22 23:01:59,695 culturedx.modes.hied INFO Case 320669626: Diagnostician ranked 5 disorders, top-2: ['F32', 'F39']
2026-04-22 23:01:59,698 culturedx.modes.base INFO Checker timing: 5 disorders in 0.0s (0.0s/disorder, 5 workers)
2026-04-22 23:01:59,702 culturedx.modes.base INFO Checker timing: 9 disorders in 0.0s (0.0s/disorder, 9 workers)
2026-04-22 23:01:59,703 culturedx.pipeline.runner INFO Processing case 69/100: 329923484
2026-04-22 23:01:59,703 culturedx.modes.hied INFO HiED manual scope mode: using 14 target disorders
2026-04-22 23:01:59,703 culturedx.modes.hied INFO Case 329923484: 14 candidate disorders from triage
2026-04-22 23:02:00,530 culturedx.modes.hied INFO Case 342949614: Diagnostician ranked 5 disorders, top-2: ['F32', 'F39']
2026-04-22 23:02:00,561 culturedx.modes.hied INFO Case 379652943: Diagnostician ranked 5 disorders, top-2: ['F32', 'F41.1']
2026-04-22 23:02:00,593 culturedx.modes.base INFO Checker timing: 5 disorders in 0.1s (0.0s/disorder, 5 workers)
2026-04-22 23:02:00,640 culturedx.modes.base INFO Checker timing: 5 disorders in 0.1s (0.0s/disorder, 5 workers)
2026-04-22 23:02:00,654 culturedx.modes.base INFO Checker timing: 9 disorders in 0.1s (0.0s/disorder, 9 workers)
2026-04-22 23:02:00,654 culturedx.pipeline.runner INFO Processing case 70/100: 317090766
2026-04-22 23:02:00,654 culturedx.modes.hied INFO HiED manual scope mode: using 14 target disorders
2026-04-22 23:02:00,654 culturedx.modes.hied INFO Case 317090766: 14 candidate disorders from triage
2026-04-22 23:02:00,751 culturedx.modes.base INFO Checker timing: 9 disorders in 0.1s (0.0s/disorder, 9 workers)
2026-04-22 23:02:00,752 culturedx.pipeline.runner INFO Processing case 71/100: 305956530
2026-04-22 23:02:00,752 culturedx.modes.hied INFO HiED manual scope mode: using 14 target disorders
2026-04-22 23:02:00,752 culturedx.modes.hied INFO Case 305956530: 14 candidate disorders from triage
2026-04-22 23:02:03,001 culturedx.modes.hied INFO Case 345082346: Diagnostician ranked 5 disorders, top-2: ['F41.1', 'F32']
2026-04-22 23:02:03,009 culturedx.modes.base INFO Checker timing: 5 disorders in 0.0s (0.0s/disorder, 5 workers)
2026-04-22 23:02:03,012 culturedx.modes.base INFO Checker timing: 9 disorders in 0.0s (0.0s/disorder, 9 workers)
2026-04-22 23:02:03,013 culturedx.pipeline.runner INFO Processing case 72/100: 334814081
2026-04-22 23:02:03,014 culturedx.modes.hied INFO HiED manual scope mode: using 14 target disorders
2026-04-22 23:02:03,014 culturedx.modes.hied INFO Case 334814081: 14 candidate disorders from triage
2026-04-22 23:02:03,940 culturedx.agents.diagnostician WARNING Diagnostician returned unknown code F32.0, skipping
2026-04-22 23:02:03,941 culturedx.agents.diagnostician WARNING Diagnostician returned unknown code F51.0, skipping
2026-04-22 23:02:03,941 culturedx.agents.diagnostician WARNING Diagnostician returned unknown code F39.9, skipping
2026-04-22 23:02:03,941 culturedx.agents.diagnostician WARNING Diagnostician returned unknown code F98.9, skipping
2026-04-22 23:02:03,941 culturedx.modes.hied INFO Case 344013412: Diagnostician ranked 1 disorders, top-2: ['F41.1']
2026-04-22 23:02:03,941 culturedx.modes.base INFO Checker timing: 1 disorders in 0.0s (0.0s/disorder, 1 workers)
2026-04-22 23:02:03,949 culturedx.modes.base INFO Checker timing: 13 disorders in 0.0s (0.0s/disorder, 13 workers)
2026-04-22 23:02:03,950 culturedx.pipeline.runner INFO Processing case 73/100: 382615327
2026-04-22 23:02:03,950 culturedx.modes.hied INFO HiED manual scope mode: using 14 target disorders
2026-04-22 23:02:03,950 culturedx.modes.hied INFO Case 382615327: 14 candidate disorders from triage
2026-04-22 23:02:04,686 culturedx.modes.hied INFO Case 374056166: Diagnostician ranked 5 disorders, top-2: ['F32', 'F45']
2026-04-22 23:02:04,761 culturedx.modes.base INFO Checker timing: 5 disorders in 0.1s (0.0s/disorder, 5 workers)
2026-04-22 23:02:04,820 culturedx.modes.hied INFO Case 381931431: Diagnostician ranked 5 disorders, top-2: ['F41.1', 'F41.2']
2026-04-22 23:02:04,843 culturedx.modes.base INFO Checker timing: 5 disorders in 0.0s (0.0s/disorder, 5 workers)
2026-04-22 23:02:04,847 culturedx.modes.base INFO Checker timing: 9 disorders in 0.0s (0.0s/disorder, 9 workers)
2026-04-22 23:02:04,847 culturedx.pipeline.runner INFO Processing case 74/100: 344046891
2026-04-22 23:02:04,847 culturedx.modes.hied INFO HiED manual scope mode: using 14 target disorders
2026-04-22 23:02:04,847 culturedx.modes.hied INFO Case 344046891: 14 candidate disorders from triage
2026-04-22 23:02:04,870 culturedx.modes.base INFO Checker timing: 9 disorders in 0.1s (0.0s/disorder, 9 workers)
2026-04-22 23:02:04,871 culturedx.pipeline.runner INFO Processing case 75/100: 351228828
2026-04-22 23:02:04,871 culturedx.modes.hied INFO HiED manual scope mode: using 14 target disorders
2026-04-22 23:02:04,871 culturedx.modes.hied INFO Case 351228828: 14 candidate disorders from triage
2026-04-22 23:02:05,076 culturedx.modes.hied INFO Case 314878848: Diagnostician ranked 5 disorders, top-2: ['F32', 'F41.1']
2026-04-22 23:02:05,179 culturedx.modes.base INFO Checker timing: 5 disorders in 0.1s (0.0s/disorder, 5 workers)
2026-04-22 23:02:05,183 culturedx.modes.base INFO Checker timing: 9 disorders in 0.0s (0.0s/disorder, 9 workers)
2026-04-22 23:02:05,183 culturedx.pipeline.runner INFO Processing case 76/100: 368042020
2026-04-22 23:02:05,184 culturedx.modes.hied INFO HiED manual scope mode: using 14 target disorders
2026-04-22 23:02:05,184 culturedx.modes.hied INFO Case 368042020: 14 candidate disorders from triage
2026-04-22 23:02:06,532 culturedx.modes.hied INFO Case 388730013: Diagnostician ranked 5 disorders, top-2: ['F32', 'F41.1']
2026-04-22 23:02:06,601 culturedx.modes.base INFO Checker timing: 5 disorders in 0.1s (0.0s/disorder, 5 workers)
2026-04-22 23:02:06,610 culturedx.modes.base INFO Checker timing: 9 disorders in 0.0s (0.0s/disorder, 9 workers)
2026-04-22 23:02:06,611 culturedx.pipeline.runner INFO Processing case 77/100: 334085925
2026-04-22 23:02:06,612 culturedx.modes.hied INFO HiED manual scope mode: using 14 target disorders
2026-04-22 23:02:06,612 culturedx.modes.hied INFO Case 334085925: 14 candidate disorders from triage
2026-04-22 23:02:07,691 culturedx.modes.hied INFO Case 304891732: Diagnostician ranked 5 disorders, top-2: ['F32', 'F39']
2026-04-22 23:02:07,697 culturedx.modes.base INFO Checker timing: 5 disorders in 0.0s (0.0s/disorder, 5 workers)
2026-04-22 23:02:07,747 culturedx.modes.base INFO Checker timing: 9 disorders in 0.0s (0.0s/disorder, 9 workers)
2026-04-22 23:02:07,760 culturedx.pipeline.runner INFO Processing case 78/100: 378819190
2026-04-22 23:02:07,760 culturedx.modes.hied INFO HiED manual scope mode: using 14 target disorders
2026-04-22 23:02:07,760 culturedx.modes.hied INFO Case 378819190: 14 candidate disorders from triage
2026-04-22 23:02:09,392 culturedx.modes.hied INFO Case 354496307: Diagnostician ranked 5 disorders, top-2: ['F41.1', 'F32']
2026-04-22 23:02:09,398 culturedx.modes.base INFO Checker timing: 5 disorders in 0.0s (0.0s/disorder, 5 workers)
2026-04-22 23:02:09,405 culturedx.modes.base INFO Checker timing: 9 disorders in 0.0s (0.0s/disorder, 9 workers)
2026-04-22 23:02:09,405 culturedx.modes.hied INFO Case 354496307: DtV primary from top3 (top-1 F41.1 -> primary F39)
2026-04-22 23:02:09,406 culturedx.pipeline.runner INFO Processing case 79/100: 386951485
2026-04-22 23:02:09,406 culturedx.modes.hied INFO HiED manual scope mode: using 14 target disorders
2026-04-22 23:02:09,406 culturedx.modes.hied INFO Case 386951485: 14 candidate disorders from triage
2026-04-22 23:02:10,851 culturedx.modes.hied INFO Case 333010865: Diagnostician ranked 5 disorders, top-2: ['F32', 'F39']
2026-04-22 23:02:10,852 culturedx.modes.hied INFO Case 340563038: Diagnostician ranked 5 disorders, top-2: ['F41.1', 'F32']
2026-04-22 23:02:10,855 culturedx.modes.base INFO Checker timing: 5 disorders in 0.0s (0.0s/disorder, 5 workers)
2026-04-22 23:02:10,857 culturedx.modes.base INFO Checker timing: 5 disorders in 0.0s (0.0s/disorder, 5 workers)
2026-04-22 23:02:10,862 culturedx.modes.base INFO Checker timing: 9 disorders in 0.0s (0.0s/disorder, 9 workers)
2026-04-22 23:02:10,862 culturedx.pipeline.runner INFO Processing case 80/100: 383579251
2026-04-22 23:02:10,862 culturedx.modes.hied INFO HiED manual scope mode: using 14 target disorders
2026-04-22 23:02:10,862 culturedx.modes.hied INFO Case 383579251: 14 candidate disorders from triage
2026-04-22 23:02:10,871 culturedx.modes.base INFO Checker timing: 9 disorders in 0.0s (0.0s/disorder, 9 workers)
2026-04-22 23:02:10,871 culturedx.pipeline.runner INFO Processing case 81/100: 300484187
2026-04-22 23:02:10,871 culturedx.modes.hied INFO HiED manual scope mode: using 14 target disorders
2026-04-22 23:02:10,871 culturedx.modes.hied INFO Case 300484187: 14 candidate disorders from triage
2026-04-22 23:02:12,264 culturedx.modes.hied INFO Case 387302774: Diagnostician ranked 5 disorders, top-2: ['F42', 'F41.1']
2026-04-22 23:02:12,288 culturedx.modes.base INFO Checker timing: 5 disorders in 0.0s (0.0s/disorder, 5 workers)
2026-04-22 23:02:12,362 culturedx.modes.base INFO Checker timing: 9 disorders in 0.1s (0.0s/disorder, 9 workers)
2026-04-22 23:02:12,362 culturedx.pipeline.runner INFO Processing case 82/100: 372982359
2026-04-22 23:02:12,362 culturedx.modes.hied INFO HiED manual scope mode: using 14 target disorders
2026-04-22 23:02:12,362 culturedx.modes.hied INFO Case 372982359: 14 candidate disorders from triage
2026-04-22 23:02:14,225 culturedx.modes.hied INFO Case 334814081: Diagnostician ranked 5 disorders, top-2: ['F32', 'F41.1']
2026-04-22 23:02:14,228 culturedx.modes.base INFO Checker timing: 5 disorders in 0.0s (0.0s/disorder, 5 workers)
2026-04-22 23:02:14,260 culturedx.modes.base INFO Checker timing: 9 disorders in 0.0s (0.0s/disorder, 9 workers)
2026-04-22 23:02:14,261 culturedx.pipeline.runner INFO Processing case 83/100: 338463663
2026-04-22 23:02:14,261 culturedx.modes.hied INFO HiED manual scope mode: using 14 target disorders
2026-04-22 23:02:14,261 culturedx.modes.hied INFO Case 338463663: 14 candidate disorders from triage
2026-04-22 23:02:14,833 culturedx.modes.hied INFO Case 329923484: Diagnostician ranked 5 disorders, top-2: ['F32', 'F39']
2026-04-22 23:02:14,835 culturedx.modes.base INFO Checker timing: 5 disorders in 0.0s (0.0s/disorder, 5 workers)
2026-04-22 23:02:14,841 culturedx.modes.base INFO Checker timing: 9 disorders in 0.0s (0.0s/disorder, 9 workers)
2026-04-22 23:02:14,841 culturedx.pipeline.runner INFO Processing case 84/100: 319673363
2026-04-22 23:02:14,841 culturedx.modes.hied INFO HiED manual scope mode: using 14 target disorders
2026-04-22 23:02:14,841 culturedx.modes.hied INFO Case 319673363: 14 candidate disorders from triage
2026-04-22 23:02:17,849 culturedx.modes.hied INFO Case 368042020: Diagnostician ranked 5 disorders, top-2: ['F32', 'F41.1']
2026-04-22 23:02:17,858 culturedx.modes.base INFO Checker timing: 5 disorders in 0.0s (0.0s/disorder, 5 workers)
2026-04-22 23:02:17,864 culturedx.modes.hied INFO Case 344046891: Diagnostician ranked 5 disorders, top-2: ['F32', 'F39']
2026-04-22 23:02:17,870 culturedx.modes.base INFO Checker timing: 5 disorders in 0.0s (0.0s/disorder, 5 workers)
2026-04-22 23:02:17,870 culturedx.modes.base INFO Checker timing: 9 disorders in 0.0s (0.0s/disorder, 9 workers)
2026-04-22 23:02:17,871 culturedx.pipeline.runner INFO Processing case 85/100: 378781794
2026-04-22 23:02:17,871 culturedx.modes.hied INFO HiED manual scope mode: using 14 target disorders
2026-04-22 23:02:17,871 culturedx.modes.hied INFO Case 378781794: 14 candidate disorders from triage
2026-04-22 23:02:17,880 culturedx.modes.base INFO Checker timing: 9 disorders in 0.0s (0.0s/disorder, 9 workers)
2026-04-22 23:02:17,881 culturedx.pipeline.runner INFO Processing case 86/100: 380136533
2026-04-22 23:02:17,881 culturedx.modes.hied INFO HiED manual scope mode: using 14 target disorders
2026-04-22 23:02:17,881 culturedx.modes.hied INFO Case 380136533: 14 candidate disorders from triage
2026-04-22 23:02:19,677 culturedx.modes.hied INFO Case 317090766: Diagnostician ranked 5 disorders, top-2: ['F32', 'F41.1']
2026-04-22 23:02:19,680 culturedx.modes.base INFO Checker timing: 5 disorders in 0.0s (0.0s/disorder, 5 workers)
2026-04-22 23:02:19,692 culturedx.modes.base INFO Checker timing: 9 disorders in 0.0s (0.0s/disorder, 9 workers)
2026-04-22 23:02:19,693 culturedx.pipeline.runner INFO Processing case 87/100: 391945652
2026-04-22 23:02:19,693 culturedx.modes.hied INFO HiED manual scope mode: using 14 target disorders
2026-04-22 23:02:19,693 culturedx.modes.hied INFO Case 391945652: 14 candidate disorders from triage
2026-04-22 23:02:20,752 culturedx.modes.hied INFO Case 354203641: Diagnostician ranked 5 disorders, top-2: ['F32', 'F39']
2026-04-22 23:02:20,756 culturedx.modes.base INFO Checker timing: 5 disorders in 0.0s (0.0s/disorder, 5 workers)
2026-04-22 23:02:20,763 culturedx.modes.base INFO Checker timing: 9 disorders in 0.0s (0.0s/disorder, 9 workers)
2026-04-22 23:02:20,764 culturedx.pipeline.runner INFO Processing case 88/100: 311456028
2026-04-22 23:02:20,764 culturedx.modes.hied INFO HiED manual scope mode: using 14 target disorders
2026-04-22 23:02:20,764 culturedx.modes.hied INFO Case 311456028: 14 candidate disorders from triage
2026-04-22 23:02:21,080 culturedx.modes.hied INFO Case 300484187: Diagnostician ranked 5 disorders, top-2: ['F32', 'F41.1']
2026-04-22 23:02:21,083 culturedx.modes.base INFO Checker timing: 5 disorders in 0.0s (0.0s/disorder, 5 workers)
2026-04-22 23:02:21,289 culturedx.modes.base INFO Checker timing: 9 disorders in 0.2s (0.0s/disorder, 9 workers)
2026-04-22 23:02:21,290 culturedx.pipeline.runner INFO Processing case 89/100: 396857182
2026-04-22 23:02:21,290 culturedx.modes.hied INFO HiED manual scope mode: using 14 target disorders
2026-04-22 23:02:21,290 culturedx.modes.hied INFO Case 396857182: 14 candidate disorders from triage
2026-04-22 23:02:21,679 culturedx.modes.hied INFO Case 334085925: Diagnostician ranked 5 disorders, top-2: ['F32', 'F41.2']
2026-04-22 23:02:21,701 culturedx.modes.base INFO Checker timing: 5 disorders in 0.0s (0.0s/disorder, 5 workers)
2026-04-22 23:02:21,740 culturedx.modes.base INFO Checker timing: 9 disorders in 0.0s (0.0s/disorder, 9 workers)
2026-04-22 23:02:21,741 culturedx.pipeline.runner INFO Processing case 90/100: 309460138
2026-04-22 23:02:21,741 culturedx.modes.hied INFO HiED manual scope mode: using 14 target disorders
2026-04-22 23:02:21,741 culturedx.modes.hied INFO Case 309460138: 14 candidate disorders from triage
2026-04-22 23:02:22,197 culturedx.modes.hied INFO Case 305956530: Diagnostician ranked 5 disorders, top-2: ['F45', 'F42']
2026-04-22 23:02:22,200 culturedx.modes.base INFO Checker timing: 5 disorders in 0.0s (0.0s/disorder, 5 workers)
2026-04-22 23:02:22,239 culturedx.modes.base INFO Checker timing: 9 disorders in 0.0s (0.0s/disorder, 9 workers)
2026-04-22 23:02:22,239 culturedx.modes.hied INFO Case 305956530: DtV primary from top3 (top-1 F45 -> primary F41.2)
2026-04-22 23:02:22,239 culturedx.pipeline.runner INFO Processing case 91/100: 377956208
2026-04-22 23:02:22,239 culturedx.modes.hied INFO HiED manual scope mode: using 14 target disorders
2026-04-22 23:02:22,239 culturedx.modes.hied INFO Case 377956208: 14 candidate disorders from triage
2026-04-22 23:02:22,601 culturedx.modes.hied INFO Case 381222225: Diagnostician ranked 5 disorders, top-2: ['F32', 'F39']
2026-04-22 23:02:22,604 culturedx.modes.base INFO Checker timing: 5 disorders in 0.0s (0.0s/disorder, 5 workers)
2026-04-22 23:02:22,609 culturedx.modes.base INFO Checker timing: 9 disorders in 0.0s (0.0s/disorder, 9 workers)
2026-04-22 23:02:22,610 culturedx.pipeline.runner INFO Processing case 92/100: 395764568
2026-04-22 23:02:22,611 culturedx.modes.hied INFO HiED manual scope mode: using 14 target disorders
2026-04-22 23:02:22,611 culturedx.modes.hied INFO Case 395764568: 14 candidate disorders from triage
2026-04-22 23:02:24,224 culturedx.modes.hied INFO Case 378819190: Diagnostician ranked 5 disorders, top-2: ['F41.1', 'F32']
2026-04-22 23:02:24,229 culturedx.modes.base INFO Checker timing: 5 disorders in 0.0s (0.0s/disorder, 5 workers)
2026-04-22 23:02:24,233 culturedx.modes.base INFO Checker timing: 9 disorders in 0.0s (0.0s/disorder, 9 workers)
2026-04-22 23:02:24,235 culturedx.pipeline.runner INFO Processing case 93/100: 371125111
2026-04-22 23:02:24,235 culturedx.modes.hied INFO HiED manual scope mode: using 14 target disorders
2026-04-22 23:02:24,235 culturedx.modes.hied INFO Case 371125111: 14 candidate disorders from triage
2026-04-22 23:02:24,377 culturedx.modes.hied INFO Case 351228828: Diagnostician ranked 5 disorders, top-2: ['F32', 'F39']
2026-04-22 23:02:24,395 culturedx.modes.base INFO Checker timing: 5 disorders in 0.0s (0.0s/disorder, 5 workers)
2026-04-22 23:02:24,442 culturedx.modes.base INFO Checker timing: 9 disorders in 0.0s (0.0s/disorder, 9 workers)
2026-04-22 23:02:24,443 culturedx.pipeline.runner INFO Processing case 94/100: 385347193
2026-04-22 23:02:24,443 culturedx.modes.hied INFO HiED manual scope mode: using 14 target disorders
2026-04-22 23:02:24,443 culturedx.modes.hied INFO Case 385347193: 14 candidate disorders from triage
2026-04-22 23:02:26,598 culturedx.modes.hied INFO Case 338463663: Diagnostician ranked 5 disorders, top-2: ['F32', 'F41.1']
2026-04-22 23:02:26,601 culturedx.modes.base INFO Checker timing: 5 disorders in 0.0s (0.0s/disorder, 5 workers)
2026-04-22 23:02:26,608 culturedx.modes.base INFO Checker timing: 9 disorders in 0.0s (0.0s/disorder, 9 workers)
2026-04-22 23:02:26,609 culturedx.pipeline.runner INFO Processing case 95/100: 373854208
2026-04-22 23:02:26,609 culturedx.modes.hied INFO HiED manual scope mode: using 14 target disorders
2026-04-22 23:02:26,609 culturedx.modes.hied INFO Case 373854208: 14 candidate disorders from triage
2026-04-22 23:02:27,201 culturedx.modes.hied INFO Case 382615327: Diagnostician ranked 5 disorders, top-2: ['F41.1', 'F32']
2026-04-22 23:02:27,248 culturedx.modes.base INFO Checker timing: 5 disorders in 0.0s (0.0s/disorder, 5 workers)
2026-04-22 23:02:27,309 culturedx.modes.base INFO Checker timing: 9 disorders in 0.1s (0.0s/disorder, 9 workers)
2026-04-22 23:02:27,310 culturedx.pipeline.runner INFO Processing case 96/100: 308086484
2026-04-22 23:02:27,310 culturedx.modes.hied INFO HiED manual scope mode: using 14 target disorders
2026-04-22 23:02:27,310 culturedx.modes.hied INFO Case 308086484: 14 candidate disorders from triage
2026-04-22 23:02:27,366 culturedx.modes.hied INFO Case 319673363: Diagnostician ranked 5 disorders, top-2: ['F41.1', 'F32']
2026-04-22 23:02:27,369 culturedx.modes.base INFO Checker timing: 5 disorders in 0.0s (0.0s/disorder, 5 workers)
2026-04-22 23:02:27,378 culturedx.modes.base INFO Checker timing: 9 disorders in 0.0s (0.0s/disorder, 9 workers)
2026-04-22 23:02:27,379 culturedx.pipeline.runner INFO Processing case 97/100: 381267396
2026-04-22 23:02:27,379 culturedx.modes.hied INFO HiED manual scope mode: using 14 target disorders
2026-04-22 23:02:27,379 culturedx.modes.hied INFO Case 381267396: 14 candidate disorders from triage
2026-04-22 23:02:27,686 culturedx.modes.hied INFO Case 378781794: Diagnostician ranked 5 disorders, top-2: ['F32', 'F43.2']
2026-04-22 23:02:27,849 culturedx.modes.base INFO Checker timing: 5 disorders in 0.2s (0.0s/disorder, 5 workers)
2026-04-22 23:02:27,860 culturedx.modes.base INFO Checker timing: 9 disorders in 0.0s (0.0s/disorder, 9 workers)
2026-04-22 23:02:27,860 culturedx.pipeline.runner INFO Processing case 98/100: 391104352
2026-04-22 23:02:27,861 culturedx.modes.hied INFO HiED manual scope mode: using 14 target disorders
2026-04-22 23:02:27,861 culturedx.modes.hied INFO Case 391104352: 14 candidate disorders from triage
2026-04-22 23:02:29,646 culturedx.modes.hied INFO Case 380136533: Diagnostician ranked 5 disorders, top-2: ['F32', 'F41.1']
2026-04-22 23:02:29,648 culturedx.modes.base INFO Checker timing: 5 disorders in 0.0s (0.0s/disorder, 5 workers)
2026-04-22 23:02:29,655 culturedx.modes.base INFO Checker timing: 9 disorders in 0.0s (0.0s/disorder, 9 workers)
2026-04-22 23:02:29,656 culturedx.pipeline.runner INFO Processing case 99/100: 378984052
2026-04-22 23:02:29,656 culturedx.modes.hied INFO HiED manual scope mode: using 14 target disorders
2026-04-22 23:02:29,656 culturedx.modes.hied INFO Case 378984052: 14 candidate disorders from triage
2026-04-22 23:02:31,824 culturedx.modes.hied INFO Case 391945652: Diagnostician ranked 5 disorders, top-2: ['F32', 'F51']
2026-04-22 23:02:31,827 culturedx.modes.base INFO Checker timing: 5 disorders in 0.0s (0.0s/disorder, 5 workers)
2026-04-22 23:02:31,888 culturedx.modes.base INFO Checker timing: 9 disorders in 0.1s (0.0s/disorder, 9 workers)
2026-04-22 23:02:31,889 culturedx.pipeline.runner INFO Processing case 100/100: 319680008
2026-04-22 23:02:31,889 culturedx.modes.hied INFO HiED manual scope mode: using 14 target disorders
2026-04-22 23:02:31,889 culturedx.modes.hied INFO Case 319680008: 14 candidate disorders from triage
2026-04-22 23:02:33,516 culturedx.modes.hied INFO Case 383579251: Diagnostician ranked 5 disorders, top-2: ['F39', 'F41.1']
2026-04-22 23:02:33,521 culturedx.modes.base INFO Checker timing: 5 disorders in 0.0s (0.0s/disorder, 5 workers)
2026-04-22 23:02:33,527 culturedx.modes.base INFO Checker timing: 9 disorders in 0.0s (0.0s/disorder, 9 workers)
2026-04-22 23:02:33,711 culturedx.modes.hied INFO Case 396857182: Diagnostician ranked 5 disorders, top-2: ['F41.1', 'F51']
2026-04-22 23:02:33,713 culturedx.modes.base INFO Checker timing: 5 disorders in 0.0s (0.0s/disorder, 5 workers)
2026-04-22 23:02:33,720 culturedx.modes.base INFO Checker timing: 9 disorders in 0.0s (0.0s/disorder, 9 workers)
2026-04-22 23:02:34,385 culturedx.modes.hied INFO Case 372982359: Diagnostician ranked 5 disorders, top-2: ['F32', 'F41.1']
2026-04-22 23:02:34,406 culturedx.modes.base INFO Checker timing: 5 disorders in 0.0s (0.0s/disorder, 5 workers)
2026-04-22 23:02:34,434 culturedx.modes.base INFO Checker timing: 9 disorders in 0.0s (0.0s/disorder, 9 workers)
2026-04-22 23:02:35,437 culturedx.modes.hied INFO Case 386951485: Diagnostician ranked 5 disorders, top-2: ['F42', 'F32']
2026-04-22 23:02:35,440 culturedx.modes.base INFO Checker timing: 5 disorders in 0.0s (0.0s/disorder, 5 workers)
2026-04-22 23:02:35,447 culturedx.modes.base INFO Checker timing: 9 disorders in 0.0s (0.0s/disorder, 9 workers)
2026-04-22 23:02:35,757 culturedx.modes.hied INFO Case 311456028: Diagnostician ranked 5 disorders, top-2: ['F32', 'F39']
2026-04-22 23:02:35,819 culturedx.modes.base INFO Checker timing: 5 disorders in 0.1s (0.0s/disorder, 5 workers)
2026-04-22 23:02:35,831 culturedx.modes.base INFO Checker timing: 9 disorders in 0.0s (0.0s/disorder, 9 workers)
2026-04-22 23:02:35,889 culturedx.modes.hied INFO Case 395764568: Diagnostician ranked 5 disorders, top-2: ['F32', 'F39']
2026-04-22 23:02:35,893 culturedx.modes.base INFO Checker timing: 5 disorders in 0.0s (0.0s/disorder, 5 workers)
2026-04-22 23:02:35,903 culturedx.modes.base INFO Checker timing: 9 disorders in 0.0s (0.0s/disorder, 9 workers)
2026-04-22 23:02:37,803 culturedx.modes.hied INFO Case 371125111: Diagnostician ranked 5 disorders, top-2: ['F32', 'F39']
2026-04-22 23:02:37,807 culturedx.modes.base INFO Checker timing: 5 disorders in 0.0s (0.0s/disorder, 5 workers)
2026-04-22 23:02:37,816 culturedx.modes.base INFO Checker timing: 9 disorders in 0.0s (0.0s/disorder, 9 workers)
2026-04-22 23:02:38,832 culturedx.modes.hied INFO Case 381267396: Diagnostician ranked 5 disorders, top-2: ['F32', 'F39']
2026-04-22 23:02:38,864 culturedx.modes.base INFO Checker timing: 5 disorders in 0.0s (0.0s/disorder, 5 workers)
2026-04-22 23:02:38,869 culturedx.modes.base INFO Checker timing: 9 disorders in 0.0s (0.0s/disorder, 9 workers)
2026-04-22 23:02:39,543 culturedx.modes.hied INFO Case 309460138: Diagnostician ranked 5 disorders, top-2: ['F32', 'F39']
2026-04-22 23:02:39,550 culturedx.modes.base INFO Checker timing: 5 disorders in 0.0s (0.0s/disorder, 5 workers)
2026-04-22 23:02:39,554 culturedx.modes.base INFO Checker timing: 9 disorders in 0.0s (0.0s/disorder, 9 workers)
2026-04-22 23:02:40,255 culturedx.modes.hied INFO Case 373854208: Diagnostician ranked 5 disorders, top-2: ['F32', 'F39']
2026-04-22 23:02:40,258 culturedx.modes.base INFO Checker timing: 5 disorders in 0.0s (0.0s/disorder, 5 workers)
2026-04-22 23:02:40,262 culturedx.modes.base INFO Checker timing: 9 disorders in 0.0s (0.0s/disorder, 9 workers)
2026-04-22 23:02:40,682 culturedx.modes.hied INFO Case 377956208: Diagnostician ranked 5 disorders, top-2: ['F41.1', 'F32']
2026-04-22 23:02:40,693 culturedx.modes.base INFO Checker timing: 5 disorders in 0.0s (0.0s/disorder, 5 workers)
2026-04-22 23:02:40,699 culturedx.modes.base INFO Checker timing: 9 disorders in 0.0s (0.0s/disorder, 9 workers)
2026-04-22 23:02:41,419 culturedx.modes.hied INFO Case 391104352: Diagnostician ranked 5 disorders, top-2: ['F32', 'F41.1']
2026-04-22 23:02:41,422 culturedx.modes.base INFO Checker timing: 5 disorders in 0.0s (0.0s/disorder, 5 workers)
2026-04-22 23:02:41,426 culturedx.modes.base INFO Checker timing: 9 disorders in 0.0s (0.0s/disorder, 9 workers)
2026-04-22 23:02:41,501 culturedx.modes.hied INFO Case 308086484: Diagnostician ranked 5 disorders, top-2: ['F41.1', 'F32']
2026-04-22 23:02:41,506 culturedx.modes.base INFO Checker timing: 5 disorders in 0.0s (0.0s/disorder, 5 workers)
2026-04-22 23:02:41,510 culturedx.modes.base INFO Checker timing: 9 disorders in 0.0s (0.0s/disorder, 9 workers)
2026-04-22 23:02:42,023 culturedx.modes.hied INFO Case 378984052: Diagnostician ranked 5 disorders, top-2: ['F32', 'F39']
2026-04-22 23:02:42,027 culturedx.modes.base INFO Checker timing: 5 disorders in 0.0s (0.0s/disorder, 5 workers)
2026-04-22 23:02:42,031 culturedx.modes.base INFO Checker timing: 9 disorders in 0.0s (0.0s/disorder, 9 workers)
2026-04-22 23:02:43,637 culturedx.modes.hied INFO Case 385347193: Diagnostician ranked 5 disorders, top-2: ['F32', 'F41.1']
2026-04-22 23:02:43,640 culturedx.modes.base INFO Checker timing: 5 disorders in 0.0s (0.0s/disorder, 5 workers)
2026-04-22 23:02:43,659 culturedx.modes.base INFO Checker timing: 9 disorders in 0.0s (0.0s/disorder, 9 workers)
2026-04-22 23:02:45,032 culturedx.modes.hied INFO Case 319680008: Diagnostician ranked 5 disorders, top-2: ['F32', 'F39']
2026-04-22 23:02:45,036 culturedx.modes.base INFO Checker timing: 5 disorders in 0.0s (0.0s/disorder, 5 workers)
2026-04-22 23:02:45,039 culturedx.modes.base INFO Checker timing: 9 disorders in 0.0s (0.0s/disorder, 9 workers)
2026-04-22 23:02:45,148 culturedx.pipeline.runner INFO Table 4 Overall: 0.4990
Evaluation metrics: {'diagnosis': {'accuracy': 0.09, 'top1_accuracy': 0.52, 'top3_accuracy': 0.67, 'macro_f1': 0.1710654936461388, 'weighted_f1': 0.4617204301075269, 'overall': 0.38255718475073314}, 'comorbidity': {'hamming_accuracy': 0.3666666666666667, 'subset_accuracy': 0.09, 'comorbidity_detection_f1': 0.2, 'label_coverage': 0.63, 'label_precision': 0.38, 'avg_predicted_labels': 1.89, 'avg_gold_labels': 1.11}, 'four_class': {'accuracy': 0.37, 'macro_f1': 0.22559494420855142, 'weighted_f1': 0.3189523057173892, 'n_cases': 100}, 'table4': {'2class_Acc': 0.7708333333333334, '2class_F1_macro': 0.7329192546583851, '2class_F1_weighted': 0.7795031055900621, '4class_Acc': 0.44, '4class_F1_macro': 0.38908034594309104, '4class_F1_weighted': 0.4241635967518321, '12class_Acc': 0.09, '12class_Top1': 0.52, '12class_Top3': 0.67, '12class_F1_macro': 0.20202020202020202, '12class_F1_weighted': 0.4703976703976704, '2class_n': 48, '4class_n': 100, '12class_n': 100, 'Overall': 0.498992500790416}}
Predictions saved to /home/user/YuNing/CultureDx/results/dual_standard_pilot/mode_icd10/pilot_icd10/predictions.jsonl
Run complete.
