Loading dataset 'lingxidiag16k' from data/raw/lingxidiag16k...
Loaded 20 cases.
Mode: hied
2026-04-30 20:05:16,231 faiss.loader INFO Loading faiss with AVX2 support.
2026-04-30 20:05:16,240 faiss.loader INFO Successfully loaded faiss with AVX2 support.
2026-04-30 20:05:16,242 culturedx.retrieval.case_retriever INFO Loading FAISS index from data/cache/train_case_index.faiss
2026-04-30 20:05:16,334 culturedx.retrieval.case_retriever INFO CaseRetriever ready: 14000 cases indexed
RAG enabled: loaded data/cache/train_case_index.faiss
Target disorders: F20, F31, F32, F39, F41.0, F41.1, F42, F43.1, F43.2, F45, F51, F98, F41.2, Z71
HiED scope policy: manual
HiED execution mode: benchmark_manual_scope
Output directory: results/gap_e_beta2b_helper_regression_smoke_20260430_200515/v1_beta2b/lingxi_icd10_n20
Running CultureDx mode=hied on 20 cases...
2026-04-30 20:05:16,344 culturedx.pipeline.runner INFO Processing case 1/20: 344699340
2026-04-30 20:05:16,344 culturedx.modes.hied INFO HiED manual scope mode: using 14 target disorders
2026-04-30 20:05:16,344 culturedx.modes.hied INFO Case 344699340: 14 candidate disorders from triage
2026-04-30 20:05:16,344 culturedx.pipeline.runner INFO Processing case 2/20: 374577341
2026-04-30 20:05:16,344 culturedx.modes.hied INFO HiED manual scope mode: using 14 target disorders
2026-04-30 20:05:16,344 culturedx.modes.hied INFO Case 374577341: 14 candidate disorders from triage
2026-04-30 20:05:16,346 culturedx.pipeline.runner INFO Processing case 3/20: 350352506
2026-04-30 20:05:16,346 culturedx.modes.hied INFO HiED manual scope mode: using 14 target disorders
2026-04-30 20:05:16,346 culturedx.modes.hied INFO Case 350352506: 14 candidate disorders from triage
2026-04-30 20:05:16,346 culturedx.pipeline.runner INFO Processing case 4/20: 318518739
2026-04-30 20:05:16,346 culturedx.pipeline.runner INFO Processing case 5/20: 341328894
2026-04-30 20:05:16,346 culturedx.modes.hied INFO HiED manual scope mode: using 14 target disorders
2026-04-30 20:05:16,346 culturedx.modes.hied INFO HiED manual scope mode: using 14 target disorders
2026-04-30 20:05:16,346 culturedx.pipeline.runner INFO Processing case 6/20: 337522433
2026-04-30 20:05:16,346 culturedx.modes.hied INFO Case 318518739: 14 candidate disorders from triage
2026-04-30 20:05:16,346 culturedx.modes.hied INFO Case 341328894: 14 candidate disorders from triage
2026-04-30 20:05:16,346 culturedx.pipeline.runner INFO Processing case 7/20: 300493869
2026-04-30 20:05:16,347 culturedx.modes.hied INFO HiED manual scope mode: using 14 target disorders
2026-04-30 20:05:16,347 culturedx.pipeline.runner INFO Processing case 8/20: 347729413
2026-04-30 20:05:16,347 culturedx.pipeline.runner INFO Processing case 9/20: 377662897
2026-04-30 20:05:16,347 culturedx.pipeline.runner INFO Processing case 10/20: 303364596
2026-04-30 20:05:16,347 culturedx.modes.hied INFO HiED manual scope mode: using 14 target disorders
2026-04-30 20:05:16,348 culturedx.modes.hied INFO Case 300493869: 14 candidate disorders from triage
2026-04-30 20:05:16,348 culturedx.modes.hied INFO Case 337522433: 14 candidate disorders from triage
2026-04-30 20:05:16,348 culturedx.pipeline.runner INFO Processing case 12/20: 371726537
2026-04-30 20:05:16,348 culturedx.modes.hied INFO HiED manual scope mode: using 14 target disorders
2026-04-30 20:05:16,348 culturedx.modes.hied INFO HiED manual scope mode: using 14 target disorders
2026-04-30 20:05:16,348 culturedx.pipeline.runner INFO Processing case 13/20: 388559461
2026-04-30 20:05:16,348 culturedx.pipeline.runner INFO Processing case 14/20: 341042297
2026-04-30 20:05:16,348 culturedx.modes.hied INFO HiED manual scope mode: using 14 target disorders
2026-04-30 20:05:16,350 culturedx.modes.hied INFO Case 303364596: 14 candidate disorders from triage
2026-04-30 20:05:16,348 culturedx.pipeline.runner INFO Processing case 15/20: 324224056
2026-04-30 20:05:16,349 culturedx.pipeline.runner INFO Processing case 16/20: 368679677
2026-04-30 20:05:16,349 culturedx.modes.hied INFO HiED manual scope mode: using 14 target disorders
2026-04-30 20:05:16,349 culturedx.modes.hied INFO Case 347729413: 14 candidate disorders from triage
2026-04-30 20:05:16,349 culturedx.modes.hied INFO Case 377662897: 14 candidate disorders from triage
2026-04-30 20:05:16,349 culturedx.modes.hied INFO HiED manual scope mode: using 14 target disorders
2026-04-30 20:05:16,350 culturedx.modes.hied INFO HiED manual scope mode: using 14 target disorders
2026-04-30 20:05:16,351 culturedx.modes.hied INFO Case 341042297: 14 candidate disorders from triage
2026-04-30 20:05:16,350 culturedx.modes.hied INFO HiED manual scope mode: using 14 target disorders
2026-04-30 20:05:16,350 culturedx.modes.hied INFO HiED manual scope mode: using 14 target disorders
2026-04-30 20:05:16,350 culturedx.modes.hied INFO Case 371726537: 14 candidate disorders from triage
2026-04-30 20:05:16,351 culturedx.modes.hied INFO Case 388559461: 14 candidate disorders from triage
2026-04-30 20:05:16,348 culturedx.pipeline.runner INFO Processing case 11/20: 327826586
2026-04-30 20:05:16,351 culturedx.modes.hied INFO Case 324224056: 14 candidate disorders from triage
2026-04-30 20:05:16,351 culturedx.modes.hied INFO Case 368679677: 14 candidate disorders from triage
2026-04-30 20:05:16,351 culturedx.modes.hied INFO HiED manual scope mode: using 14 target disorders
2026-04-30 20:05:16,352 culturedx.modes.hied INFO Case 327826586: 14 candidate disorders from triage
2026-04-30 20:05:17,964 culturedx.retrieval.case_retriever INFO Loading BGE-M3 encoder (first call)...
2026-04-30 20:05:18,215 httpx INFO HTTP Request: HEAD https://huggingface.co/BAAI/bge-m3/resolve/main/modules.json "HTTP/1.1 307 Temporary Redirect"
2026-04-30 20:05:18,227 httpx INFO HTTP Request: HEAD https://huggingface.co/api/resolve-cache/models/BAAI/bge-m3/5617a9f61b028005a4858fdac845db406aefb181/modules.json "HTTP/1.1 200 OK"
2026-04-30 20:05:18,432 httpx INFO HTTP Request: HEAD https://huggingface.co/BAAI/bge-m3/resolve/main/config_sentence_transformers.json "HTTP/1.1 307 Temporary Redirect"
2026-04-30 20:05:18,444 httpx INFO HTTP Request: HEAD https://huggingface.co/api/resolve-cache/models/BAAI/bge-m3/5617a9f61b028005a4858fdac845db406aefb181/config_sentence_transformers.json "HTTP/1.1 200 OK"
2026-04-30 20:05:18,445 sentence_transformers.base.model INFO Loading SentenceTransformer model from BAAI/bge-m3.
2026-04-30 20:05:18,645 httpx INFO HTTP Request: HEAD https://huggingface.co/BAAI/bge-m3/resolve/main/config_sentence_transformers.json "HTTP/1.1 307 Temporary Redirect"
2026-04-30 20:05:18,657 httpx INFO HTTP Request: HEAD https://huggingface.co/api/resolve-cache/models/BAAI/bge-m3/5617a9f61b028005a4858fdac845db406aefb181/config_sentence_transformers.json "HTTP/1.1 200 OK"
2026-04-30 20:05:18,859 httpx INFO HTTP Request: HEAD https://huggingface.co/BAAI/bge-m3/resolve/main/README.md "HTTP/1.1 307 Temporary Redirect"
2026-04-30 20:05:18,873 httpx INFO HTTP Request: HEAD https://huggingface.co/api/resolve-cache/models/BAAI/bge-m3/5617a9f61b028005a4858fdac845db406aefb181/README.md "HTTP/1.1 200 OK"
2026-04-30 20:05:19,078 httpx INFO HTTP Request: HEAD https://huggingface.co/BAAI/bge-m3/resolve/main/modules.json "HTTP/1.1 307 Temporary Redirect"
2026-04-30 20:05:19,092 httpx INFO HTTP Request: HEAD https://huggingface.co/api/resolve-cache/models/BAAI/bge-m3/5617a9f61b028005a4858fdac845db406aefb181/modules.json "HTTP/1.1 200 OK"
2026-04-30 20:05:19,299 httpx INFO HTTP Request: HEAD https://huggingface.co/BAAI/bge-m3/resolve/main/sentence_bert_config.json "HTTP/1.1 307 Temporary Redirect"
2026-04-30 20:05:19,313 httpx INFO HTTP Request: HEAD https://huggingface.co/api/resolve-cache/models/BAAI/bge-m3/5617a9f61b028005a4858fdac845db406aefb181/sentence_bert_config.json "HTTP/1.1 200 OK"
2026-04-30 20:05:19,519 httpx INFO HTTP Request: HEAD https://huggingface.co/BAAI/bge-m3/resolve/main/adapter_config.json "HTTP/1.1 404 Not Found"
2026-04-30 20:05:19,727 httpx INFO HTTP Request: HEAD https://huggingface.co/BAAI/bge-m3/resolve/main/config.json "HTTP/1.1 307 Temporary Redirect"
2026-04-30 20:05:19,740 httpx INFO HTTP Request: HEAD https://huggingface.co/api/resolve-cache/models/BAAI/bge-m3/5617a9f61b028005a4858fdac845db406aefb181/config.json "HTTP/1.1 200 OK"
2026-04-30 20:05:19,981 httpx INFO HTTP Request: HEAD https://huggingface.co/BAAI/bge-m3/resolve/main/model.safetensors "HTTP/1.1 404 Not Found"
Loading weights:   0%|          | 0/391 [00:00<?, ?it/s]Loading weights: 100%|██████████| 391/391 [00:00<00:00, 82035.56it/s]
2026-04-30 20:05:20,194 httpx INFO HTTP Request: GET https://huggingface.co/api/models/BAAI/bge-m3 "HTTP/1.1 200 OK"
2026-04-30 20:05:20,286 httpx INFO HTTP Request: HEAD https://huggingface.co/BAAI/bge-m3/resolve/main/processor_config.json "HTTP/1.1 404 Not Found"
2026-04-30 20:05:20,427 httpx INFO HTTP Request: GET https://huggingface.co/api/models/BAAI/bge-m3/commits/main "HTTP/1.1 200 OK"
2026-04-30 20:05:20,496 httpx INFO HTTP Request: HEAD https://huggingface.co/BAAI/bge-m3/resolve/main/preprocessor_config.json "HTTP/1.1 404 Not Found"
2026-04-30 20:05:20,665 httpx INFO HTTP Request: GET https://huggingface.co/api/models/BAAI/bge-m3/discussions?p=0 "HTTP/1.1 200 OK"
2026-04-30 20:05:20,707 httpx INFO HTTP Request: HEAD https://huggingface.co/BAAI/bge-m3/resolve/main/video_preprocessor_config.json "HTTP/1.1 404 Not Found"
2026-04-30 20:05:20,905 httpx INFO HTTP Request: GET https://huggingface.co/api/models/BAAI/bge-m3/commits/refs%2Fpr%2F130 "HTTP/1.1 200 OK"
2026-04-30 20:05:20,915 httpx INFO HTTP Request: HEAD https://huggingface.co/BAAI/bge-m3/resolve/main/preprocessor_config.json "HTTP/1.1 404 Not Found"
2026-04-30 20:05:21,118 httpx INFO HTTP Request: HEAD https://huggingface.co/BAAI/bge-m3/resolve/refs%2Fpr%2F130/model.safetensors.index.json "HTTP/1.1 404 Not Found"
2026-04-30 20:05:21,133 httpx INFO HTTP Request: HEAD https://huggingface.co/BAAI/bge-m3/resolve/main/tokenizer_config.json "HTTP/1.1 307 Temporary Redirect"
2026-04-30 20:05:21,144 httpx INFO HTTP Request: HEAD https://huggingface.co/api/resolve-cache/models/BAAI/bge-m3/5617a9f61b028005a4858fdac845db406aefb181/tokenizer_config.json "HTTP/1.1 200 OK"
2026-04-30 20:05:21,340 httpx INFO HTTP Request: HEAD https://huggingface.co/BAAI/bge-m3/resolve/refs%2Fpr%2F130/model.safetensors "HTTP/1.1 302 Found"
2026-04-30 20:05:21,352 httpx INFO HTTP Request: HEAD https://huggingface.co/BAAI/bge-m3/resolve/main/config.json "HTTP/1.1 307 Temporary Redirect"
2026-04-30 20:05:21,365 httpx INFO HTTP Request: HEAD https://huggingface.co/api/resolve-cache/models/BAAI/bge-m3/5617a9f61b028005a4858fdac845db406aefb181/config.json "HTTP/1.1 200 OK"
2026-04-30 20:05:21,576 httpx INFO HTTP Request: HEAD https://huggingface.co/BAAI/bge-m3/resolve/main/config.json "HTTP/1.1 307 Temporary Redirect"
2026-04-30 20:05:21,591 httpx INFO HTTP Request: HEAD https://huggingface.co/api/resolve-cache/models/BAAI/bge-m3/5617a9f61b028005a4858fdac845db406aefb181/config.json "HTTP/1.1 200 OK"
2026-04-30 20:05:21,800 httpx INFO HTTP Request: HEAD https://huggingface.co/BAAI/bge-m3/resolve/main/tokenizer_config.json "HTTP/1.1 307 Temporary Redirect"
2026-04-30 20:05:21,814 httpx INFO HTTP Request: HEAD https://huggingface.co/api/resolve-cache/models/BAAI/bge-m3/5617a9f61b028005a4858fdac845db406aefb181/tokenizer_config.json "HTTP/1.1 200 OK"
2026-04-30 20:05:22,030 httpx INFO HTTP Request: GET https://huggingface.co/api/models/BAAI/bge-m3/tree/main/additional_chat_templates?recursive=false&expand=false "HTTP/1.1 404 Not Found"
2026-04-30 20:05:22,237 httpx INFO HTTP Request: GET https://huggingface.co/api/models/BAAI/bge-m3/tree/main?recursive=true&expand=false "HTTP/1.1 200 OK"
2026-04-30 20:05:23,741 httpx INFO HTTP Request: GET https://huggingface.co/api/models/BAAI/bge-m3 "HTTP/1.1 200 OK"
2026-04-30 20:05:23,959 httpx INFO HTTP Request: HEAD https://huggingface.co/BAAI/bge-m3/resolve/main/1_Pooling/config.json "HTTP/1.1 307 Temporary Redirect"
2026-04-30 20:05:23,971 httpx INFO HTTP Request: HEAD https://huggingface.co/api/resolve-cache/models/BAAI/bge-m3/5617a9f61b028005a4858fdac845db406aefb181/1_Pooling%2Fconfig.json "HTTP/1.1 200 OK"
2026-04-30 20:05:24,180 httpx INFO HTTP Request: GET https://huggingface.co/api/models/BAAI/bge-m3 "HTTP/1.1 200 OK"
2026-04-30 20:05:24,186 culturedx.retrieval.case_retriever INFO BGE-M3 encoder loaded.
2026-04-30 20:05:37,788 culturedx.modes.hied INFO Case 377662897: Diagnostician ranked 5 disorders, top-2: ['F32', 'F41.1']
2026-04-30 20:05:37,886 culturedx.modes.base INFO Checker timing: 5 disorders in 0.1s (0.0s/disorder, 5 workers)
2026-04-30 20:05:37,911 culturedx.modes.base INFO Checker timing: 9 disorders in 0.0s (0.0s/disorder, 9 workers)
2026-04-30 20:05:37,912 culturedx.modes.hied INFO Case 377662897: DtV primary from beta2b_locked (top-1 F32 -> primary F32)
2026-04-30 20:05:37,912 culturedx.pipeline.runner INFO Processing case 17/20: 332278660
2026-04-30 20:05:37,912 culturedx.modes.hied INFO HiED manual scope mode: using 14 target disorders
2026-04-30 20:05:37,913 culturedx.modes.hied INFO Case 332278660: 14 candidate disorders from triage
2026-04-30 20:05:37,983 culturedx.modes.hied INFO Case 347729413: Diagnostician ranked 5 disorders, top-2: ['F32', 'F39']
2026-04-30 20:05:37,994 culturedx.modes.base INFO Checker timing: 5 disorders in 0.0s (0.0s/disorder, 5 workers)
2026-04-30 20:05:38,037 culturedx.modes.base INFO Checker timing: 9 disorders in 0.0s (0.0s/disorder, 9 workers)
2026-04-30 20:05:38,038 culturedx.modes.hied INFO Case 347729413: DtV primary from beta2b_locked (top-1 F32 -> primary F32)
2026-04-30 20:05:38,039 culturedx.pipeline.runner INFO Processing case 18/20: 312389408
2026-04-30 20:05:38,039 culturedx.modes.hied INFO HiED manual scope mode: using 14 target disorders
2026-04-30 20:05:38,039 culturedx.modes.hied INFO Case 312389408: 14 candidate disorders from triage
2026-04-30 20:05:40,082 culturedx.modes.hied INFO Case 300493869: Diagnostician ranked 5 disorders, top-2: ['F41.1', 'F45']
2026-04-30 20:05:40,092 culturedx.modes.base INFO Checker timing: 5 disorders in 0.0s (0.0s/disorder, 5 workers)
2026-04-30 20:05:40,179 culturedx.modes.base INFO Checker timing: 9 disorders in 0.1s (0.0s/disorder, 9 workers)
2026-04-30 20:05:40,180 culturedx.modes.hied INFO Case 300493869: DtV primary from beta2b_locked (top-1 F41.1 -> primary F41.1)
2026-04-30 20:05:40,180 culturedx.pipeline.runner INFO Processing case 19/20: 380913193
2026-04-30 20:05:40,180 culturedx.modes.hied INFO HiED manual scope mode: using 14 target disorders
2026-04-30 20:05:40,181 culturedx.modes.hied INFO Case 380913193: 14 candidate disorders from triage
2026-04-30 20:05:40,604 culturedx.modes.hied INFO Case 388559461: Diagnostician ranked 5 disorders, top-2: ['F32', 'F39']
2026-04-30 20:05:40,610 culturedx.modes.base INFO Checker timing: 5 disorders in 0.0s (0.0s/disorder, 5 workers)
2026-04-30 20:05:40,620 culturedx.modes.base INFO Checker timing: 9 disorders in 0.0s (0.0s/disorder, 9 workers)
2026-04-30 20:05:40,621 culturedx.modes.hied INFO Case 388559461: DtV primary from beta2b_locked (top-1 F32 -> primary F32)
2026-04-30 20:05:40,621 culturedx.pipeline.runner INFO Processing case 20/20: 393761475
2026-04-30 20:05:40,621 culturedx.modes.hied INFO HiED manual scope mode: using 14 target disorders
2026-04-30 20:05:40,621 culturedx.modes.hied INFO Case 393761475: 14 candidate disorders from triage
2026-04-30 20:05:40,903 culturedx.modes.hied INFO Case 324224056: Diagnostician ranked 5 disorders, top-2: ['F41.1', 'F32']
2026-04-30 20:05:40,909 culturedx.modes.base INFO Checker timing: 5 disorders in 0.0s (0.0s/disorder, 5 workers)
2026-04-30 20:05:40,973 culturedx.modes.base INFO Checker timing: 9 disorders in 0.1s (0.0s/disorder, 9 workers)
2026-04-30 20:05:40,974 culturedx.modes.hied INFO Case 324224056: DtV primary from beta2b_locked (top-1 F41.1 -> primary F41.1)
2026-04-30 20:05:41,334 culturedx.modes.hied INFO Case 341042297: Diagnostician ranked 5 disorders, top-2: ['F32', 'F39']
2026-04-30 20:05:41,410 culturedx.modes.base INFO Checker timing: 5 disorders in 0.1s (0.0s/disorder, 5 workers)
2026-04-30 20:05:41,423 culturedx.modes.base INFO Checker timing: 9 disorders in 0.0s (0.0s/disorder, 9 workers)
2026-04-30 20:05:41,424 culturedx.modes.hied INFO Case 341042297: DtV primary from beta2b_locked (top-1 F32 -> primary F32)
2026-04-30 20:05:42,208 culturedx.modes.hied INFO Case 327826586: Diagnostician ranked 5 disorders, top-2: ['F41.1', 'F32']
2026-04-30 20:05:42,218 culturedx.modes.base INFO Checker timing: 5 disorders in 0.0s (0.0s/disorder, 5 workers)
2026-04-30 20:05:42,225 culturedx.modes.base INFO Checker timing: 9 disorders in 0.0s (0.0s/disorder, 9 workers)
2026-04-30 20:05:42,226 culturedx.modes.hied INFO Case 327826586: DtV primary from beta2b_locked (top-1 F41.1 -> primary F41.1)
2026-04-30 20:05:43,511 culturedx.modes.hied INFO Case 368679677: Diagnostician ranked 5 disorders, top-2: ['F32', 'F39']
2026-04-30 20:05:43,521 culturedx.modes.base INFO Checker timing: 5 disorders in 0.0s (0.0s/disorder, 5 workers)
2026-04-30 20:05:43,530 culturedx.modes.hied INFO Case 350352506: Diagnostician ranked 5 disorders, top-2: ['F32', 'F41.2']
2026-04-30 20:05:43,535 culturedx.modes.base INFO Checker timing: 9 disorders in 0.0s (0.0s/disorder, 9 workers)
2026-04-30 20:05:43,536 culturedx.modes.hied INFO Case 368679677: DtV primary from beta2b_locked (top-1 F32 -> primary F32)
2026-04-30 20:05:43,572 culturedx.modes.base INFO Checker timing: 5 disorders in 0.0s (0.0s/disorder, 5 workers)
2026-04-30 20:05:43,596 culturedx.modes.base INFO Checker timing: 9 disorders in 0.0s (0.0s/disorder, 9 workers)
2026-04-30 20:05:43,597 culturedx.modes.hied INFO Case 350352506: DtV primary from beta2b_locked (top-1 F32 -> primary F32)
2026-04-30 20:05:43,604 culturedx.modes.hied INFO Case 318518739: Diagnostician ranked 5 disorders, top-2: ['F32', 'F51']
2026-04-30 20:05:43,607 culturedx.modes.base INFO Checker timing: 5 disorders in 0.0s (0.0s/disorder, 5 workers)
2026-04-30 20:05:43,613 culturedx.modes.base INFO Checker timing: 9 disorders in 0.0s (0.0s/disorder, 9 workers)
2026-04-30 20:05:43,613 culturedx.modes.hied INFO Case 318518739: DtV primary from beta2b_locked (top-1 F32 -> primary F32)
2026-04-30 20:05:44,095 culturedx.modes.hied INFO Case 344699340: Diagnostician ranked 5 disorders, top-2: ['F32', 'F39']
2026-04-30 20:05:44,101 culturedx.modes.base INFO Checker timing: 5 disorders in 0.0s (0.0s/disorder, 5 workers)
2026-04-30 20:05:44,112 culturedx.modes.base INFO Checker timing: 9 disorders in 0.0s (0.0s/disorder, 9 workers)
2026-04-30 20:05:44,112 culturedx.modes.hied INFO Case 344699340: DtV primary from beta2b_locked (top-1 F32 -> primary F32)
2026-04-30 20:05:44,561 culturedx.modes.hied INFO Case 303364596: Diagnostician ranked 5 disorders, top-2: ['F32', 'F41.1']
2026-04-30 20:05:44,567 culturedx.modes.base INFO Checker timing: 5 disorders in 0.0s (0.0s/disorder, 5 workers)
2026-04-30 20:05:44,580 culturedx.modes.base INFO Checker timing: 9 disorders in 0.0s (0.0s/disorder, 9 workers)
2026-04-30 20:05:44,581 culturedx.modes.hied INFO Case 303364596: DtV primary from beta2b_locked (top-1 F32 -> primary F32)
2026-04-30 20:05:45,136 culturedx.modes.hied INFO Case 374577341: Diagnostician ranked 5 disorders, top-2: ['F41.1', 'F42']
2026-04-30 20:05:45,141 culturedx.modes.base INFO Checker timing: 5 disorders in 0.0s (0.0s/disorder, 5 workers)
2026-04-30 20:05:45,151 culturedx.modes.base INFO Checker timing: 9 disorders in 0.0s (0.0s/disorder, 9 workers)
2026-04-30 20:05:45,152 culturedx.modes.hied INFO Case 374577341: DtV primary from beta2b_locked (top-1 F41.1 -> primary F41.1)
2026-04-30 20:05:45,310 culturedx.modes.hied INFO Case 337522433: Diagnostician ranked 5 disorders, top-2: ['F39', 'F41.1']
2026-04-30 20:05:45,316 culturedx.modes.base INFO Checker timing: 5 disorders in 0.0s (0.0s/disorder, 5 workers)
2026-04-30 20:05:45,326 culturedx.modes.base INFO Checker timing: 9 disorders in 0.0s (0.0s/disorder, 9 workers)
2026-04-30 20:05:45,327 culturedx.modes.hied INFO Case 337522433: DtV primary from beta2b_locked (top-1 F39 -> primary F39)
2026-04-30 20:05:45,357 culturedx.modes.hied INFO Case 341328894: Diagnostician ranked 5 disorders, top-2: ['F32', 'F41.1']
2026-04-30 20:05:45,376 culturedx.modes.base INFO Checker timing: 5 disorders in 0.0s (0.0s/disorder, 5 workers)
2026-04-30 20:05:45,386 culturedx.modes.base INFO Checker timing: 9 disorders in 0.0s (0.0s/disorder, 9 workers)
2026-04-30 20:05:45,387 culturedx.modes.hied INFO Case 341328894: DtV primary from beta2b_locked (top-1 F32 -> primary F32)
2026-04-30 20:05:46,170 culturedx.modes.hied INFO Case 371726537: Diagnostician ranked 5 disorders, top-2: ['F32', 'F39']
2026-04-30 20:05:46,184 culturedx.modes.base INFO Checker timing: 5 disorders in 0.0s (0.0s/disorder, 5 workers)
2026-04-30 20:05:46,204 culturedx.modes.base INFO Checker timing: 9 disorders in 0.0s (0.0s/disorder, 9 workers)
2026-04-30 20:05:46,205 culturedx.modes.hied INFO Case 371726537: DtV primary from beta2b_locked (top-1 F32 -> primary F32)
2026-04-30 20:05:47,124 culturedx.modes.hied INFO Case 312389408: Diagnostician ranked 5 disorders, top-2: ['F51', 'F39']
2026-04-30 20:05:47,131 culturedx.modes.base INFO Checker timing: 5 disorders in 0.0s (0.0s/disorder, 5 workers)
2026-04-30 20:05:47,140 culturedx.modes.base INFO Checker timing: 9 disorders in 0.0s (0.0s/disorder, 9 workers)
2026-04-30 20:05:47,141 culturedx.modes.hied INFO Case 312389408: DtV primary from beta2b_locked (top-1 F51 -> primary F51)
2026-04-30 20:05:47,452 culturedx.modes.hied INFO Case 332278660: Diagnostician ranked 5 disorders, top-2: ['F32', 'F39']
2026-04-30 20:05:47,458 culturedx.modes.base INFO Checker timing: 5 disorders in 0.0s (0.0s/disorder, 5 workers)
2026-04-30 20:05:47,478 culturedx.modes.base INFO Checker timing: 9 disorders in 0.0s (0.0s/disorder, 9 workers)
2026-04-30 20:05:47,479 culturedx.modes.hied INFO Case 332278660: DtV primary from beta2b_locked (top-1 F32 -> primary F32)
2026-04-30 20:05:47,702 culturedx.modes.hied INFO Case 380913193: Diagnostician ranked 5 disorders, top-2: ['F41.1', 'F32']
2026-04-30 20:05:47,705 culturedx.modes.base INFO Checker timing: 5 disorders in 0.0s (0.0s/disorder, 5 workers)
2026-04-30 20:05:47,712 culturedx.modes.base INFO Checker timing: 9 disorders in 0.0s (0.0s/disorder, 9 workers)
2026-04-30 20:05:47,713 culturedx.modes.hied INFO Case 380913193: DtV primary from beta2b_locked (top-1 F41.1 -> primary F41.1)
2026-04-30 20:05:48,318 culturedx.modes.hied INFO Case 393761475: Diagnostician ranked 5 disorders, top-2: ['F41.1', 'F32']
2026-04-30 20:05:48,322 culturedx.modes.base INFO Checker timing: 5 disorders in 0.0s (0.0s/disorder, 5 workers)
2026-04-30 20:05:48,328 culturedx.modes.base INFO Checker timing: 9 disorders in 0.0s (0.0s/disorder, 9 workers)
2026-04-30 20:05:48,328 culturedx.modes.hied INFO Case 393761475: DtV primary from beta2b_locked (top-1 F41.1 -> primary F41.1)
2026-04-30 20:05:48,621 culturedx.pipeline.runner INFO Table 4 (contract v2): Top-1=0.500 Top-3=0.750 F1_m=0.098 Overall=0.5439
Evaluation metrics: {'diagnosis': {'accuracy': 0.4, 'top1_accuracy': 0.5, 'top3_accuracy': 0.5, 'macro_f1': 0.21164021164021163, 'weighted_f1': 0.4523809523809524, 'overall': 0.41280423280423284}, 'comorbidity': {'hamming_accuracy': 0.45, 'subset_accuracy': 0.4, 'comorbidity_detection_f1': 0.0, 'label_coverage': 0.45, 'label_precision': 0.5, 'avg_predicted_labels': 1.0, 'avg_gold_labels': 1.1}, 'four_class': {'accuracy': 0.35, 'macro_f1': 0.23500000000000001, 'weighted_f1': 0.23500000000000001, 'n_cases': 20}, 'table4': {'2class_Acc': 0.875, '2class_F1_macro': 0.9285714285714286, '2class_F1_weighted': 0.9285714285714286, '4class_Acc': 0.4, '4class_F1_macro': 0.35625, '4class_F1_weighted': 0.31, '12class_Acc': 0.4, '12class_Top1': 0.5, '12class_Top3': 0.75, '12class_F1_macro': 0.09837962962962964, '12class_F1_weighted': 0.4356060606060606, '2class_n': 8, '4class_n': 20, '12class_n': 20, 'Overall': 0.5438525952162316}}
Predictions saved to results/gap_e_beta2b_helper_regression_smoke_20260430_200515/v1_beta2b/lingxi_icd10_n20/predictions.jsonl
Run complete.
