Loading dataset 'lingxidiag16k' from data/raw/lingxidiag16k...
Loaded 20 cases.
Mode: hied
2026-04-30 20:05:50,157 faiss.loader INFO Loading faiss with AVX2 support.
2026-04-30 20:05:50,166 faiss.loader INFO Successfully loaded faiss with AVX2 support.
2026-04-30 20:05:50,168 culturedx.retrieval.case_retriever INFO Loading FAISS index from data/cache/train_case_index.faiss
2026-04-30 20:05:50,259 culturedx.retrieval.case_retriever INFO CaseRetriever ready: 14000 cases indexed
RAG enabled: loaded data/cache/train_case_index.faiss
Target disorders: F20, F31, F32, F39, F41.0, F41.1, F42, F43.1, F43.2, F45, F51, F98, F41.2, Z71
HiED scope policy: manual
HiED execution mode: benchmark_manual_scope
Output directory: results/gap_e_beta2b_helper_regression_smoke_20260430_200515/v2_default/lingxi_icd10_n20
Running CultureDx mode=hied on 20 cases...
2026-04-30 20:05:50,269 culturedx.pipeline.runner INFO Processing case 1/20: 344699340
2026-04-30 20:05:50,269 culturedx.modes.hied INFO HiED manual scope mode: using 14 target disorders
2026-04-30 20:05:50,269 culturedx.modes.hied INFO Case 344699340: 14 candidate disorders from triage
2026-04-30 20:05:50,269 culturedx.pipeline.runner INFO Processing case 2/20: 374577341
2026-04-30 20:05:50,269 culturedx.modes.hied INFO HiED manual scope mode: using 14 target disorders
2026-04-30 20:05:50,269 culturedx.modes.hied INFO Case 374577341: 14 candidate disorders from triage
2026-04-30 20:05:50,269 culturedx.pipeline.runner INFO Processing case 3/20: 350352506
2026-04-30 20:05:50,270 culturedx.modes.hied INFO HiED manual scope mode: using 14 target disorders
2026-04-30 20:05:50,270 culturedx.modes.hied INFO Case 350352506: 14 candidate disorders from triage
2026-04-30 20:05:50,270 culturedx.pipeline.runner INFO Processing case 4/20: 318518739
2026-04-30 20:05:50,270 culturedx.modes.hied INFO HiED manual scope mode: using 14 target disorders
2026-04-30 20:05:50,270 culturedx.modes.hied INFO Case 318518739: 14 candidate disorders from triage
2026-04-30 20:05:50,271 culturedx.pipeline.runner INFO Processing case 5/20: 341328894
2026-04-30 20:05:50,271 culturedx.modes.hied INFO HiED manual scope mode: using 14 target disorders
2026-04-30 20:05:50,271 culturedx.modes.hied INFO Case 341328894: 14 candidate disorders from triage
2026-04-30 20:05:50,271 culturedx.pipeline.runner INFO Processing case 6/20: 337522433
2026-04-30 20:05:50,271 culturedx.modes.hied INFO HiED manual scope mode: using 14 target disorders
2026-04-30 20:05:50,271 culturedx.modes.hied INFO Case 337522433: 14 candidate disorders from triage
2026-04-30 20:05:50,272 culturedx.pipeline.runner INFO Processing case 7/20: 300493869
2026-04-30 20:05:50,272 culturedx.modes.hied INFO HiED manual scope mode: using 14 target disorders
2026-04-30 20:05:50,272 culturedx.modes.hied INFO Case 300493869: 14 candidate disorders from triage
2026-04-30 20:05:50,272 culturedx.pipeline.runner INFO Processing case 8/20: 347729413
2026-04-30 20:05:50,272 culturedx.modes.hied INFO HiED manual scope mode: using 14 target disorders
2026-04-30 20:05:50,272 culturedx.modes.hied INFO Case 347729413: 14 candidate disorders from triage
2026-04-30 20:05:50,273 culturedx.pipeline.runner INFO Processing case 9/20: 377662897
2026-04-30 20:05:50,273 culturedx.modes.hied INFO HiED manual scope mode: using 14 target disorders
2026-04-30 20:05:50,273 culturedx.modes.hied INFO Case 377662897: 14 candidate disorders from triage
2026-04-30 20:05:50,273 culturedx.pipeline.runner INFO Processing case 10/20: 303364596
2026-04-30 20:05:50,273 culturedx.modes.hied INFO HiED manual scope mode: using 14 target disorders
2026-04-30 20:05:50,273 culturedx.modes.hied INFO Case 303364596: 14 candidate disorders from triage
2026-04-30 20:05:50,274 culturedx.pipeline.runner INFO Processing case 11/20: 327826586
2026-04-30 20:05:50,274 culturedx.modes.hied INFO HiED manual scope mode: using 14 target disorders
2026-04-30 20:05:50,274 culturedx.modes.hied INFO Case 327826586: 14 candidate disorders from triage
2026-04-30 20:05:50,275 culturedx.pipeline.runner INFO Processing case 12/20: 371726537
2026-04-30 20:05:50,275 culturedx.modes.hied INFO HiED manual scope mode: using 14 target disorders
2026-04-30 20:05:50,275 culturedx.modes.hied INFO Case 371726537: 14 candidate disorders from triage
2026-04-30 20:05:50,275 culturedx.pipeline.runner INFO Processing case 13/20: 388559461
2026-04-30 20:05:50,275 culturedx.modes.hied INFO HiED manual scope mode: using 14 target disorders
2026-04-30 20:05:50,275 culturedx.modes.hied INFO Case 388559461: 14 candidate disorders from triage
2026-04-30 20:05:50,275 culturedx.pipeline.runner INFO Processing case 14/20: 341042297
2026-04-30 20:05:50,276 culturedx.modes.hied INFO HiED manual scope mode: using 14 target disorders
2026-04-30 20:05:50,276 culturedx.pipeline.runner INFO Processing case 15/20: 324224056
2026-04-30 20:05:50,276 culturedx.modes.hied INFO HiED manual scope mode: using 14 target disorders
2026-04-30 20:05:50,276 culturedx.modes.hied INFO Case 324224056: 14 candidate disorders from triage
2026-04-30 20:05:50,276 culturedx.modes.hied INFO Case 341042297: 14 candidate disorders from triage
2026-04-30 20:05:50,279 culturedx.pipeline.runner INFO Processing case 16/20: 368679677
2026-04-30 20:05:50,280 culturedx.modes.hied INFO HiED manual scope mode: using 14 target disorders
2026-04-30 20:05:50,280 culturedx.modes.hied INFO Case 368679677: 14 candidate disorders from triage
2026-04-30 20:05:51,916 culturedx.retrieval.case_retriever INFO Loading BGE-M3 encoder (first call)...
2026-04-30 20:05:52,146 httpx INFO HTTP Request: HEAD https://huggingface.co/BAAI/bge-m3/resolve/main/modules.json "HTTP/1.1 307 Temporary Redirect"
2026-04-30 20:05:52,159 httpx INFO HTTP Request: HEAD https://huggingface.co/api/resolve-cache/models/BAAI/bge-m3/5617a9f61b028005a4858fdac845db406aefb181/modules.json "HTTP/1.1 200 OK"
2026-04-30 20:05:52,367 httpx INFO HTTP Request: HEAD https://huggingface.co/BAAI/bge-m3/resolve/main/config_sentence_transformers.json "HTTP/1.1 307 Temporary Redirect"
2026-04-30 20:05:52,380 httpx INFO HTTP Request: HEAD https://huggingface.co/api/resolve-cache/models/BAAI/bge-m3/5617a9f61b028005a4858fdac845db406aefb181/config_sentence_transformers.json "HTTP/1.1 200 OK"
2026-04-30 20:05:52,380 sentence_transformers.base.model INFO Loading SentenceTransformer model from BAAI/bge-m3.
2026-04-30 20:05:52,591 httpx INFO HTTP Request: HEAD https://huggingface.co/BAAI/bge-m3/resolve/main/config_sentence_transformers.json "HTTP/1.1 307 Temporary Redirect"
2026-04-30 20:05:52,604 httpx INFO HTTP Request: HEAD https://huggingface.co/api/resolve-cache/models/BAAI/bge-m3/5617a9f61b028005a4858fdac845db406aefb181/config_sentence_transformers.json "HTTP/1.1 200 OK"
2026-04-30 20:05:52,811 httpx INFO HTTP Request: HEAD https://huggingface.co/BAAI/bge-m3/resolve/main/README.md "HTTP/1.1 307 Temporary Redirect"
2026-04-30 20:05:52,827 httpx INFO HTTP Request: HEAD https://huggingface.co/api/resolve-cache/models/BAAI/bge-m3/5617a9f61b028005a4858fdac845db406aefb181/README.md "HTTP/1.1 200 OK"
2026-04-30 20:05:53,031 httpx INFO HTTP Request: HEAD https://huggingface.co/BAAI/bge-m3/resolve/main/modules.json "HTTP/1.1 307 Temporary Redirect"
2026-04-30 20:05:53,044 httpx INFO HTTP Request: HEAD https://huggingface.co/api/resolve-cache/models/BAAI/bge-m3/5617a9f61b028005a4858fdac845db406aefb181/modules.json "HTTP/1.1 200 OK"
2026-04-30 20:05:53,252 httpx INFO HTTP Request: HEAD https://huggingface.co/BAAI/bge-m3/resolve/main/sentence_bert_config.json "HTTP/1.1 307 Temporary Redirect"
2026-04-30 20:05:53,263 httpx INFO HTTP Request: HEAD https://huggingface.co/api/resolve-cache/models/BAAI/bge-m3/5617a9f61b028005a4858fdac845db406aefb181/sentence_bert_config.json "HTTP/1.1 200 OK"
2026-04-30 20:05:53,478 httpx INFO HTTP Request: HEAD https://huggingface.co/BAAI/bge-m3/resolve/main/adapter_config.json "HTTP/1.1 404 Not Found"
2026-04-30 20:05:53,689 httpx INFO HTTP Request: HEAD https://huggingface.co/BAAI/bge-m3/resolve/main/config.json "HTTP/1.1 307 Temporary Redirect"
2026-04-30 20:05:53,700 httpx INFO HTTP Request: HEAD https://huggingface.co/api/resolve-cache/models/BAAI/bge-m3/5617a9f61b028005a4858fdac845db406aefb181/config.json "HTTP/1.1 200 OK"
2026-04-30 20:05:53,928 httpx INFO HTTP Request: HEAD https://huggingface.co/BAAI/bge-m3/resolve/main/model.safetensors "HTTP/1.1 404 Not Found"
Loading weights:   0%|          | 0/391 [00:00<?, ?it/s]Loading weights: 100%|██████████| 391/391 [00:00<00:00, 109998.85it/s]
2026-04-30 20:05:54,144 httpx INFO HTTP Request: GET https://huggingface.co/api/models/BAAI/bge-m3 "HTTP/1.1 200 OK"
2026-04-30 20:05:54,217 httpx INFO HTTP Request: HEAD https://huggingface.co/BAAI/bge-m3/resolve/main/processor_config.json "HTTP/1.1 404 Not Found"
2026-04-30 20:05:54,380 httpx INFO HTTP Request: GET https://huggingface.co/api/models/BAAI/bge-m3/commits/main "HTTP/1.1 200 OK"
2026-04-30 20:05:54,423 httpx INFO HTTP Request: HEAD https://huggingface.co/BAAI/bge-m3/resolve/main/preprocessor_config.json "HTTP/1.1 404 Not Found"
2026-04-30 20:05:54,631 httpx INFO HTTP Request: HEAD https://huggingface.co/BAAI/bge-m3/resolve/main/video_preprocessor_config.json "HTTP/1.1 404 Not Found"
2026-04-30 20:05:54,702 httpx INFO HTTP Request: GET https://huggingface.co/api/models/BAAI/bge-m3/discussions?p=0 "HTTP/1.1 200 OK"
2026-04-30 20:05:54,838 httpx INFO HTTP Request: HEAD https://huggingface.co/BAAI/bge-m3/resolve/main/preprocessor_config.json "HTTP/1.1 404 Not Found"
2026-04-30 20:05:55,003 httpx INFO HTTP Request: GET https://huggingface.co/api/models/BAAI/bge-m3/commits/refs%2Fpr%2F130 "HTTP/1.1 200 OK"
2026-04-30 20:05:55,046 httpx INFO HTTP Request: HEAD https://huggingface.co/BAAI/bge-m3/resolve/main/tokenizer_config.json "HTTP/1.1 307 Temporary Redirect"
2026-04-30 20:05:55,058 httpx INFO HTTP Request: HEAD https://huggingface.co/api/resolve-cache/models/BAAI/bge-m3/5617a9f61b028005a4858fdac845db406aefb181/tokenizer_config.json "HTTP/1.1 200 OK"
2026-04-30 20:05:55,219 httpx INFO HTTP Request: HEAD https://huggingface.co/BAAI/bge-m3/resolve/refs%2Fpr%2F130/model.safetensors.index.json "HTTP/1.1 404 Not Found"
2026-04-30 20:05:55,279 httpx INFO HTTP Request: HEAD https://huggingface.co/BAAI/bge-m3/resolve/main/config.json "HTTP/1.1 307 Temporary Redirect"
2026-04-30 20:05:55,290 httpx INFO HTTP Request: HEAD https://huggingface.co/api/resolve-cache/models/BAAI/bge-m3/5617a9f61b028005a4858fdac845db406aefb181/config.json "HTTP/1.1 200 OK"
2026-04-30 20:05:55,431 httpx INFO HTTP Request: HEAD https://huggingface.co/BAAI/bge-m3/resolve/refs%2Fpr%2F130/model.safetensors "HTTP/1.1 302 Found"
2026-04-30 20:05:55,489 httpx INFO HTTP Request: HEAD https://huggingface.co/BAAI/bge-m3/resolve/main/config.json "HTTP/1.1 307 Temporary Redirect"
2026-04-30 20:05:55,500 httpx INFO HTTP Request: HEAD https://huggingface.co/api/resolve-cache/models/BAAI/bge-m3/5617a9f61b028005a4858fdac845db406aefb181/config.json "HTTP/1.1 200 OK"
2026-04-30 20:05:55,718 httpx INFO HTTP Request: HEAD https://huggingface.co/BAAI/bge-m3/resolve/main/tokenizer_config.json "HTTP/1.1 307 Temporary Redirect"
2026-04-30 20:05:55,729 httpx INFO HTTP Request: HEAD https://huggingface.co/api/resolve-cache/models/BAAI/bge-m3/5617a9f61b028005a4858fdac845db406aefb181/tokenizer_config.json "HTTP/1.1 200 OK"
2026-04-30 20:05:55,936 httpx INFO HTTP Request: GET https://huggingface.co/api/models/BAAI/bge-m3/tree/main/additional_chat_templates?recursive=false&expand=false "HTTP/1.1 404 Not Found"
2026-04-30 20:05:56,146 httpx INFO HTTP Request: GET https://huggingface.co/api/models/BAAI/bge-m3/tree/main?recursive=true&expand=false "HTTP/1.1 200 OK"
2026-04-30 20:05:57,666 httpx INFO HTTP Request: GET https://huggingface.co/api/models/BAAI/bge-m3 "HTTP/1.1 200 OK"
2026-04-30 20:05:57,881 httpx INFO HTTP Request: HEAD https://huggingface.co/BAAI/bge-m3/resolve/main/1_Pooling/config.json "HTTP/1.1 307 Temporary Redirect"
2026-04-30 20:05:57,893 httpx INFO HTTP Request: HEAD https://huggingface.co/api/resolve-cache/models/BAAI/bge-m3/5617a9f61b028005a4858fdac845db406aefb181/1_Pooling%2Fconfig.json "HTTP/1.1 200 OK"
2026-04-30 20:05:58,105 httpx INFO HTTP Request: GET https://huggingface.co/api/models/BAAI/bge-m3 "HTTP/1.1 200 OK"
2026-04-30 20:05:58,110 culturedx.retrieval.case_retriever INFO BGE-M3 encoder loaded.
2026-04-30 20:06:11,355 culturedx.modes.hied INFO Case 347729413: Diagnostician ranked 5 disorders, top-2: ['F32', 'F39']
2026-04-30 20:06:11,448 culturedx.modes.base INFO Checker timing: 5 disorders in 0.1s (0.0s/disorder, 5 workers)
2026-04-30 20:06:11,479 culturedx.modes.base INFO Checker timing: 9 disorders in 0.0s (0.0s/disorder, 9 workers)
2026-04-30 20:06:11,481 culturedx.pipeline.runner INFO Processing case 17/20: 332278660
2026-04-30 20:06:11,481 culturedx.modes.hied INFO HiED manual scope mode: using 14 target disorders
2026-04-30 20:06:11,483 culturedx.modes.hied INFO Case 332278660: 14 candidate disorders from triage
2026-04-30 20:06:12,499 culturedx.modes.hied INFO Case 377662897: Diagnostician ranked 5 disorders, top-2: ['F32', 'F41.1']
2026-04-30 20:06:12,554 culturedx.modes.base INFO Checker timing: 5 disorders in 0.1s (0.0s/disorder, 5 workers)
2026-04-30 20:06:12,566 culturedx.modes.base INFO Checker timing: 9 disorders in 0.0s (0.0s/disorder, 9 workers)
2026-04-30 20:06:12,567 culturedx.modes.hied INFO Case 377662897: DtV primary from top2 (top-1 F32 -> primary F41.1)
2026-04-30 20:06:12,569 culturedx.pipeline.runner INFO Processing case 18/20: 312389408
2026-04-30 20:06:12,569 culturedx.modes.hied INFO HiED manual scope mode: using 14 target disorders
2026-04-30 20:06:12,569 culturedx.modes.hied INFO Case 312389408: 14 candidate disorders from triage
2026-04-30 20:06:13,040 culturedx.modes.hied INFO Case 300493869: Diagnostician ranked 5 disorders, top-2: ['F41.1', 'F45']
2026-04-30 20:06:13,046 culturedx.modes.base INFO Checker timing: 5 disorders in 0.0s (0.0s/disorder, 5 workers)
2026-04-30 20:06:13,052 culturedx.modes.base INFO Checker timing: 9 disorders in 0.0s (0.0s/disorder, 9 workers)
2026-04-30 20:06:13,052 culturedx.modes.hied INFO Case 300493869: DtV primary from top3 (top-1 F41.1 -> primary F41.2)
2026-04-30 20:06:13,053 culturedx.pipeline.runner INFO Processing case 19/20: 380913193
2026-04-30 20:06:13,053 culturedx.modes.hied INFO HiED manual scope mode: using 14 target disorders
2026-04-30 20:06:13,053 culturedx.modes.hied INFO Case 380913193: 14 candidate disorders from triage
2026-04-30 20:06:15,364 culturedx.modes.hied INFO Case 388559461: Diagnostician ranked 5 disorders, top-2: ['F32', 'F39']
2026-04-30 20:06:15,429 culturedx.modes.base INFO Checker timing: 5 disorders in 0.1s (0.0s/disorder, 5 workers)
2026-04-30 20:06:15,448 culturedx.modes.base INFO Checker timing: 9 disorders in 0.0s (0.0s/disorder, 9 workers)
2026-04-30 20:06:15,449 culturedx.pipeline.runner INFO Processing case 20/20: 393761475
2026-04-30 20:06:15,449 culturedx.modes.hied INFO HiED manual scope mode: using 14 target disorders
2026-04-30 20:06:15,449 culturedx.modes.hied INFO Case 393761475: 14 candidate disorders from triage
2026-04-30 20:06:15,609 culturedx.modes.hied INFO Case 324224056: Diagnostician ranked 5 disorders, top-2: ['F41.1', 'F32']
2026-04-30 20:06:15,644 culturedx.modes.hied INFO Case 341042297: Diagnostician ranked 5 disorders, top-2: ['F32', 'F39']
2026-04-30 20:06:15,650 culturedx.modes.base INFO Checker timing: 5 disorders in 0.0s (0.0s/disorder, 5 workers)
2026-04-30 20:06:15,662 culturedx.modes.base INFO Checker timing: 9 disorders in 0.0s (0.0s/disorder, 9 workers)
2026-04-30 20:06:15,683 culturedx.modes.base INFO Checker timing: 5 disorders in 0.1s (0.0s/disorder, 5 workers)
2026-04-30 20:06:15,709 culturedx.modes.base INFO Checker timing: 9 disorders in 0.0s (0.0s/disorder, 9 workers)
2026-04-30 20:06:15,913 culturedx.modes.hied INFO Case 327826586: Diagnostician ranked 5 disorders, top-2: ['F41.1', 'F32']
2026-04-30 20:06:15,945 culturedx.modes.base INFO Checker timing: 5 disorders in 0.0s (0.0s/disorder, 5 workers)
2026-04-30 20:06:15,958 culturedx.modes.base INFO Checker timing: 9 disorders in 0.0s (0.0s/disorder, 9 workers)
2026-04-30 20:06:16,401 culturedx.modes.hied INFO Case 350352506: Diagnostician ranked 5 disorders, top-2: ['F32', 'F41.2']
2026-04-30 20:06:16,512 culturedx.modes.base INFO Checker timing: 5 disorders in 0.1s (0.0s/disorder, 5 workers)
2026-04-30 20:06:16,517 culturedx.modes.base INFO Checker timing: 9 disorders in 0.0s (0.0s/disorder, 9 workers)
2026-04-30 20:06:17,409 culturedx.modes.hied INFO Case 303364596: Diagnostician ranked 5 disorders, top-2: ['F32', 'F41.1']
2026-04-30 20:06:17,419 culturedx.modes.base INFO Checker timing: 5 disorders in 0.0s (0.0s/disorder, 5 workers)
2026-04-30 20:06:17,426 culturedx.modes.base INFO Checker timing: 9 disorders in 0.0s (0.0s/disorder, 9 workers)
2026-04-30 20:06:18,070 culturedx.modes.hied INFO Case 368679677: Diagnostician ranked 5 disorders, top-2: ['F32', 'F39']
2026-04-30 20:06:18,107 culturedx.modes.base INFO Checker timing: 5 disorders in 0.0s (0.0s/disorder, 5 workers)
2026-04-30 20:06:18,118 culturedx.modes.base INFO Checker timing: 9 disorders in 0.0s (0.0s/disorder, 9 workers)
2026-04-30 20:06:18,126 culturedx.modes.hied INFO Case 318518739: Diagnostician ranked 5 disorders, top-2: ['F32', 'F51']
2026-04-30 20:06:18,157 culturedx.modes.base INFO Checker timing: 5 disorders in 0.0s (0.0s/disorder, 5 workers)
2026-04-30 20:06:18,164 culturedx.modes.base INFO Checker timing: 9 disorders in 0.0s (0.0s/disorder, 9 workers)
2026-04-30 20:06:18,428 culturedx.modes.hied INFO Case 374577341: Diagnostician ranked 5 disorders, top-2: ['F41.1', 'F42']
2026-04-30 20:06:18,432 culturedx.modes.base INFO Checker timing: 5 disorders in 0.0s (0.0s/disorder, 5 workers)
2026-04-30 20:06:18,449 culturedx.modes.base INFO Checker timing: 9 disorders in 0.0s (0.0s/disorder, 9 workers)
2026-04-30 20:06:19,332 culturedx.modes.hied INFO Case 337522433: Diagnostician ranked 5 disorders, top-2: ['F39', 'F41.1']
2026-04-30 20:06:19,364 culturedx.modes.base INFO Checker timing: 5 disorders in 0.0s (0.0s/disorder, 5 workers)
2026-04-30 20:06:19,372 culturedx.modes.base INFO Checker timing: 9 disorders in 0.0s (0.0s/disorder, 9 workers)
2026-04-30 20:06:19,415 culturedx.modes.hied INFO Case 344699340: Diagnostician ranked 5 disorders, top-2: ['F32', 'F39']
2026-04-30 20:06:19,441 culturedx.modes.base INFO Checker timing: 5 disorders in 0.0s (0.0s/disorder, 5 workers)
2026-04-30 20:06:19,454 culturedx.modes.base INFO Checker timing: 9 disorders in 0.0s (0.0s/disorder, 9 workers)
2026-04-30 20:06:19,579 culturedx.modes.hied INFO Case 341328894: Diagnostician ranked 5 disorders, top-2: ['F32', 'F41.1']
2026-04-30 20:06:19,593 culturedx.modes.base INFO Checker timing: 5 disorders in 0.0s (0.0s/disorder, 5 workers)
2026-04-30 20:06:19,607 culturedx.modes.base INFO Checker timing: 9 disorders in 0.0s (0.0s/disorder, 9 workers)
2026-04-30 20:06:20,534 culturedx.modes.hied INFO Case 371726537: Diagnostician ranked 5 disorders, top-2: ['F32', 'F39']
2026-04-30 20:06:20,540 culturedx.modes.base INFO Checker timing: 5 disorders in 0.0s (0.0s/disorder, 5 workers)
2026-04-30 20:06:20,555 culturedx.modes.base INFO Checker timing: 9 disorders in 0.0s (0.0s/disorder, 9 workers)
2026-04-30 20:06:21,373 culturedx.modes.hied INFO Case 312389408: Diagnostician ranked 5 disorders, top-2: ['F51', 'F39']
2026-04-30 20:06:21,380 culturedx.modes.base INFO Checker timing: 5 disorders in 0.0s (0.0s/disorder, 5 workers)
2026-04-30 20:06:21,392 culturedx.modes.base INFO Checker timing: 9 disorders in 0.0s (0.0s/disorder, 9 workers)
2026-04-30 20:06:21,429 culturedx.modes.hied INFO Case 380913193: Diagnostician ranked 5 disorders, top-2: ['F41.1', 'F32']
2026-04-30 20:06:21,433 culturedx.modes.base INFO Checker timing: 5 disorders in 0.0s (0.0s/disorder, 5 workers)
2026-04-30 20:06:21,448 culturedx.modes.base INFO Checker timing: 9 disorders in 0.0s (0.0s/disorder, 9 workers)
2026-04-30 20:06:21,562 culturedx.modes.hied INFO Case 332278660: Diagnostician ranked 5 disorders, top-2: ['F32', 'F39']
2026-04-30 20:06:21,565 culturedx.modes.base INFO Checker timing: 5 disorders in 0.0s (0.0s/disorder, 5 workers)
2026-04-30 20:06:21,574 culturedx.modes.base INFO Checker timing: 9 disorders in 0.0s (0.0s/disorder, 9 workers)
2026-04-30 20:06:22,400 culturedx.modes.hied INFO Case 393761475: Diagnostician ranked 5 disorders, top-2: ['F41.1', 'F32']
2026-04-30 20:06:22,404 culturedx.modes.base INFO Checker timing: 5 disorders in 0.0s (0.0s/disorder, 5 workers)
2026-04-30 20:06:22,409 culturedx.modes.base INFO Checker timing: 9 disorders in 0.0s (0.0s/disorder, 9 workers)
2026-04-30 20:06:22,482 culturedx.pipeline.runner INFO Table 4 (contract v2): Top-1=0.550 Top-3=0.750 F1_m=0.108 Overall=0.5463
Evaluation metrics: {'diagnosis': {'accuracy': 0.45, 'top1_accuracy': 0.55, 'top3_accuracy': 0.55, 'macro_f1': 0.23137254901960783, 'weighted_f1': 0.4964705882352941, 'overall': 0.45556862745098037}, 'comorbidity': {'hamming_accuracy': 0.5, 'subset_accuracy': 0.45, 'comorbidity_detection_f1': 0.0, 'label_coverage': 0.5, 'label_precision': 0.55, 'avg_predicted_labels': 1.0, 'avg_gold_labels': 1.1}, 'four_class': {'accuracy': 0.35, 'macro_f1': 0.2254545454545455, 'weighted_f1': 0.2254545454545455, 'n_cases': 20}, 'table4': {'2class_Acc': 0.875, '2class_F1_macro': 0.9285714285714286, '2class_F1_weighted': 0.9285714285714286, '4class_Acc': 0.35, '4class_F1_macro': 0.3125, '4class_F1_weighted': 0.275, '12class_Acc': 0.45, '12class_Top1': 0.55, '12class_Top3': 0.75, '12class_F1_macro': 0.10784313725490197, '12class_F1_weighted': 0.48128342245989314, '2class_n': 8, '4class_n': 20, '12class_n': 20, 'Overall': 0.5462517651688775}}
Predictions saved to results/gap_e_beta2b_helper_regression_smoke_20260430_200515/v2_default/lingxi_icd10_n20/predictions.jsonl
Run complete.
