Loading dataset 'mdd5k_raw' from data/raw/mdd5k_repo...
Loaded 20 cases.
Mode: hied
2026-04-30 17:53:31,067 faiss.loader INFO Loading faiss with AVX2 support.
2026-04-30 17:53:31,076 faiss.loader INFO Successfully loaded faiss with AVX2 support.
2026-04-30 17:53:31,078 culturedx.retrieval.case_retriever INFO Loading FAISS index from data/cache/train_case_index.faiss
2026-04-30 17:53:31,164 culturedx.retrieval.case_retriever INFO CaseRetriever ready: 14000 cases indexed
RAG enabled: loaded data/cache/train_case_index.faiss
2026-04-30 17:53:31,171 culturedx.modes.hied WARNING DSM-5 reasoning is enabled with unverified criteria draft 0.1-DRAFT; supplementary outputs should be treated as experimental.
Target disorders: F20, F31, F32, F39, F41.0, F41.1, F42, F43.1, F43.2, F45, F51, F98, F41.2, Z71
HiED scope policy: manual
HiED execution mode: benchmark_manual_scope
Output directory: results/gap_e_beta2b_native_smoke_20260430_174734/v1_beta2b/mdd_dsm5_n20
Running CultureDx mode=hied on 20 cases...
2026-04-30 17:53:31,174 culturedx.pipeline.runner INFO Processing case 1/20: patient_1
2026-04-30 17:53:31,174 culturedx.modes.hied INFO HiED manual scope mode: using 14 target disorders
2026-04-30 17:53:31,174 culturedx.modes.hied INFO Case patient_1: 14 candidate disorders from triage
2026-04-30 17:53:31,174 culturedx.pipeline.runner INFO Processing case 2/20: patient_10
2026-04-30 17:53:31,174 culturedx.modes.hied INFO HiED manual scope mode: using 14 target disorders
2026-04-30 17:53:31,174 culturedx.modes.hied INFO Case patient_10: 14 candidate disorders from triage
2026-04-30 17:53:31,175 culturedx.pipeline.runner INFO Processing case 3/20: patient_1002
2026-04-30 17:53:31,175 culturedx.modes.hied INFO HiED manual scope mode: using 14 target disorders
2026-04-30 17:53:31,175 culturedx.modes.hied INFO Case patient_1002: 14 candidate disorders from triage
2026-04-30 17:53:31,175 culturedx.pipeline.runner INFO Processing case 4/20: patient_1003
2026-04-30 17:53:31,176 culturedx.modes.hied INFO HiED manual scope mode: using 14 target disorders
2026-04-30 17:53:31,176 culturedx.modes.hied INFO Case patient_1003: 14 candidate disorders from triage
2026-04-30 17:53:31,176 culturedx.pipeline.runner INFO Processing case 5/20: patient_1004
2026-04-30 17:53:31,176 culturedx.pipeline.runner INFO Processing case 6/20: patient_1005
2026-04-30 17:53:31,176 culturedx.modes.hied INFO HiED manual scope mode: using 14 target disorders
2026-04-30 17:53:31,176 culturedx.modes.hied INFO HiED manual scope mode: using 14 target disorders
2026-04-30 17:53:31,176 culturedx.pipeline.runner INFO Processing case 7/20: patient_1006
2026-04-30 17:53:31,176 culturedx.modes.hied INFO Case patient_1004: 14 candidate disorders from triage
2026-04-30 17:53:31,176 culturedx.modes.hied INFO Case patient_1005: 14 candidate disorders from triage
2026-04-30 17:53:31,177 culturedx.pipeline.runner INFO Processing case 8/20: patient_1008
2026-04-30 17:53:31,184 culturedx.modes.hied INFO HiED manual scope mode: using 14 target disorders
2026-04-30 17:53:31,184 culturedx.modes.hied INFO Case patient_1008: 14 candidate disorders from triage
2026-04-30 17:53:31,184 culturedx.pipeline.runner INFO Processing case 10/20: patient_101
2026-04-30 17:53:31,177 culturedx.pipeline.runner INFO Processing case 9/20: patient_1009
2026-04-30 17:53:31,177 culturedx.modes.hied INFO HiED manual scope mode: using 14 target disorders
2026-04-30 17:53:31,185 culturedx.modes.hied INFO HiED manual scope mode: using 14 target disorders
2026-04-30 17:53:31,185 culturedx.modes.hied INFO Case patient_101: 14 candidate disorders from triage
2026-04-30 17:53:31,185 culturedx.modes.hied INFO HiED manual scope mode: using 14 target disorders
2026-04-30 17:53:31,185 culturedx.pipeline.runner INFO Processing case 12/20: patient_1011
2026-04-30 17:53:31,185 culturedx.modes.hied INFO Case patient_1006: 14 candidate disorders from triage
2026-04-30 17:53:31,185 culturedx.pipeline.runner INFO Processing case 11/20: patient_1010
2026-04-30 17:53:31,186 culturedx.pipeline.runner INFO Processing case 13/20: patient_1013
2026-04-30 17:53:31,186 culturedx.pipeline.runner INFO Processing case 14/20: patient_1015
2026-04-30 17:53:31,186 culturedx.modes.hied INFO Case patient_1009: 14 candidate disorders from triage
2026-04-30 17:53:31,187 culturedx.modes.hied INFO HiED manual scope mode: using 14 target disorders
2026-04-30 17:53:31,187 culturedx.pipeline.runner INFO Processing case 15/20: patient_1016
2026-04-30 17:53:31,187 culturedx.pipeline.runner INFO Processing case 16/20: patient_1017
2026-04-30 17:53:31,189 culturedx.modes.hied INFO HiED manual scope mode: using 14 target disorders
2026-04-30 17:53:31,187 culturedx.modes.hied INFO HiED manual scope mode: using 14 target disorders
2026-04-30 17:53:31,188 culturedx.modes.hied INFO HiED manual scope mode: using 14 target disorders
2026-04-30 17:53:31,188 culturedx.modes.hied INFO Case patient_1011: 14 candidate disorders from triage
2026-04-30 17:53:31,189 culturedx.modes.hied INFO HiED manual scope mode: using 14 target disorders
2026-04-30 17:53:31,189 culturedx.modes.hied INFO Case patient_1017: 14 candidate disorders from triage
2026-04-30 17:53:31,187 culturedx.modes.hied INFO HiED manual scope mode: using 14 target disorders
2026-04-30 17:53:31,195 culturedx.modes.hied INFO Case patient_1010: 14 candidate disorders from triage
2026-04-30 17:53:31,193 culturedx.modes.hied INFO Case patient_1015: 14 candidate disorders from triage
2026-04-30 17:53:31,194 culturedx.modes.hied INFO Case patient_1016: 14 candidate disorders from triage
2026-04-30 17:53:31,193 culturedx.modes.hied INFO Case patient_1013: 14 candidate disorders from triage
2026-04-30 17:53:32,844 culturedx.retrieval.case_retriever INFO Loading BGE-M3 encoder (first call)...
2026-04-30 17:53:33,087 httpx INFO HTTP Request: HEAD https://huggingface.co/BAAI/bge-m3/resolve/main/modules.json "HTTP/1.1 307 Temporary Redirect"
2026-04-30 17:53:33,099 httpx INFO HTTP Request: HEAD https://huggingface.co/api/resolve-cache/models/BAAI/bge-m3/5617a9f61b028005a4858fdac845db406aefb181/modules.json "HTTP/1.1 200 OK"
2026-04-30 17:53:33,304 httpx INFO HTTP Request: HEAD https://huggingface.co/BAAI/bge-m3/resolve/main/config_sentence_transformers.json "HTTP/1.1 307 Temporary Redirect"
2026-04-30 17:53:33,317 httpx INFO HTTP Request: HEAD https://huggingface.co/api/resolve-cache/models/BAAI/bge-m3/5617a9f61b028005a4858fdac845db406aefb181/config_sentence_transformers.json "HTTP/1.1 200 OK"
2026-04-30 17:53:33,318 sentence_transformers.base.model INFO Loading SentenceTransformer model from BAAI/bge-m3.
2026-04-30 17:53:33,518 httpx INFO HTTP Request: HEAD https://huggingface.co/BAAI/bge-m3/resolve/main/config_sentence_transformers.json "HTTP/1.1 307 Temporary Redirect"
2026-04-30 17:53:33,531 httpx INFO HTTP Request: HEAD https://huggingface.co/api/resolve-cache/models/BAAI/bge-m3/5617a9f61b028005a4858fdac845db406aefb181/config_sentence_transformers.json "HTTP/1.1 200 OK"
2026-04-30 17:53:33,732 httpx INFO HTTP Request: HEAD https://huggingface.co/BAAI/bge-m3/resolve/main/README.md "HTTP/1.1 307 Temporary Redirect"
2026-04-30 17:53:33,744 httpx INFO HTTP Request: HEAD https://huggingface.co/api/resolve-cache/models/BAAI/bge-m3/5617a9f61b028005a4858fdac845db406aefb181/README.md "HTTP/1.1 200 OK"
2026-04-30 17:53:34,516 httpx INFO HTTP Request: HEAD https://huggingface.co/BAAI/bge-m3/resolve/main/modules.json "HTTP/1.1 307 Temporary Redirect"
2026-04-30 17:53:34,528 httpx INFO HTTP Request: HEAD https://huggingface.co/api/resolve-cache/models/BAAI/bge-m3/5617a9f61b028005a4858fdac845db406aefb181/modules.json "HTTP/1.1 200 OK"
2026-04-30 17:53:34,738 httpx INFO HTTP Request: HEAD https://huggingface.co/BAAI/bge-m3/resolve/main/sentence_bert_config.json "HTTP/1.1 307 Temporary Redirect"
2026-04-30 17:53:34,750 httpx INFO HTTP Request: HEAD https://huggingface.co/api/resolve-cache/models/BAAI/bge-m3/5617a9f61b028005a4858fdac845db406aefb181/sentence_bert_config.json "HTTP/1.1 200 OK"
2026-04-30 17:53:34,959 httpx INFO HTTP Request: HEAD https://huggingface.co/BAAI/bge-m3/resolve/main/adapter_config.json "HTTP/1.1 404 Not Found"
2026-04-30 17:53:35,169 httpx INFO HTTP Request: HEAD https://huggingface.co/BAAI/bge-m3/resolve/main/config.json "HTTP/1.1 307 Temporary Redirect"
2026-04-30 17:53:35,181 httpx INFO HTTP Request: HEAD https://huggingface.co/api/resolve-cache/models/BAAI/bge-m3/5617a9f61b028005a4858fdac845db406aefb181/config.json "HTTP/1.1 200 OK"
2026-04-30 17:53:35,406 httpx INFO HTTP Request: HEAD https://huggingface.co/BAAI/bge-m3/resolve/main/model.safetensors "HTTP/1.1 404 Not Found"
Loading weights:   0%|          | 0/391 [00:00<?, ?it/s]Loading weights: 100%|██████████| 391/391 [00:00<00:00, 82220.64it/s]
2026-04-30 17:53:35,612 httpx INFO HTTP Request: GET https://huggingface.co/api/models/BAAI/bge-m3 "HTTP/1.1 200 OK"
2026-04-30 17:53:35,701 httpx INFO HTTP Request: HEAD https://huggingface.co/BAAI/bge-m3/resolve/main/processor_config.json "HTTP/1.1 404 Not Found"
2026-04-30 17:53:35,853 httpx INFO HTTP Request: GET https://huggingface.co/api/models/BAAI/bge-m3/commits/main "HTTP/1.1 200 OK"
2026-04-30 17:53:35,907 httpx INFO HTTP Request: HEAD https://huggingface.co/BAAI/bge-m3/resolve/main/preprocessor_config.json "HTTP/1.1 404 Not Found"
2026-04-30 17:53:36,086 httpx INFO HTTP Request: GET https://huggingface.co/api/models/BAAI/bge-m3/discussions?p=0 "HTTP/1.1 200 OK"
2026-04-30 17:53:36,118 httpx INFO HTTP Request: HEAD https://huggingface.co/BAAI/bge-m3/resolve/main/video_preprocessor_config.json "HTTP/1.1 404 Not Found"
2026-04-30 17:53:36,311 httpx INFO HTTP Request: GET https://huggingface.co/api/models/BAAI/bge-m3/commits/refs%2Fpr%2F130 "HTTP/1.1 200 OK"
2026-04-30 17:53:36,325 httpx INFO HTTP Request: HEAD https://huggingface.co/BAAI/bge-m3/resolve/main/preprocessor_config.json "HTTP/1.1 404 Not Found"
2026-04-30 17:53:36,518 httpx INFO HTTP Request: HEAD https://huggingface.co/BAAI/bge-m3/resolve/refs%2Fpr%2F130/model.safetensors.index.json "HTTP/1.1 404 Not Found"
2026-04-30 17:53:36,528 httpx INFO HTTP Request: HEAD https://huggingface.co/BAAI/bge-m3/resolve/main/tokenizer_config.json "HTTP/1.1 307 Temporary Redirect"
2026-04-30 17:53:36,540 httpx INFO HTTP Request: HEAD https://huggingface.co/api/resolve-cache/models/BAAI/bge-m3/5617a9f61b028005a4858fdac845db406aefb181/tokenizer_config.json "HTTP/1.1 200 OK"
2026-04-30 17:53:36,724 httpx INFO HTTP Request: HEAD https://huggingface.co/BAAI/bge-m3/resolve/refs%2Fpr%2F130/model.safetensors "HTTP/1.1 302 Found"
2026-04-30 17:53:36,741 httpx INFO HTTP Request: HEAD https://huggingface.co/BAAI/bge-m3/resolve/main/config.json "HTTP/1.1 307 Temporary Redirect"
2026-04-30 17:53:36,754 httpx INFO HTTP Request: HEAD https://huggingface.co/api/resolve-cache/models/BAAI/bge-m3/5617a9f61b028005a4858fdac845db406aefb181/config.json "HTTP/1.1 200 OK"
2026-04-30 17:53:36,958 httpx INFO HTTP Request: HEAD https://huggingface.co/BAAI/bge-m3/resolve/main/config.json "HTTP/1.1 307 Temporary Redirect"
2026-04-30 17:53:36,970 httpx INFO HTTP Request: HEAD https://huggingface.co/api/resolve-cache/models/BAAI/bge-m3/5617a9f61b028005a4858fdac845db406aefb181/config.json "HTTP/1.1 200 OK"
2026-04-30 17:53:37,172 httpx INFO HTTP Request: HEAD https://huggingface.co/BAAI/bge-m3/resolve/main/tokenizer_config.json "HTTP/1.1 307 Temporary Redirect"
2026-04-30 17:53:37,186 httpx INFO HTTP Request: HEAD https://huggingface.co/api/resolve-cache/models/BAAI/bge-m3/5617a9f61b028005a4858fdac845db406aefb181/tokenizer_config.json "HTTP/1.1 200 OK"
2026-04-30 17:53:37,389 httpx INFO HTTP Request: GET https://huggingface.co/api/models/BAAI/bge-m3/tree/main/additional_chat_templates?recursive=false&expand=false "HTTP/1.1 404 Not Found"
2026-04-30 17:53:37,599 httpx INFO HTTP Request: GET https://huggingface.co/api/models/BAAI/bge-m3/tree/main?recursive=true&expand=false "HTTP/1.1 200 OK"
2026-04-30 17:53:39,126 httpx INFO HTTP Request: GET https://huggingface.co/api/models/BAAI/bge-m3 "HTTP/1.1 200 OK"
2026-04-30 17:53:39,343 httpx INFO HTTP Request: HEAD https://huggingface.co/BAAI/bge-m3/resolve/main/1_Pooling/config.json "HTTP/1.1 307 Temporary Redirect"
2026-04-30 17:53:39,356 httpx INFO HTTP Request: HEAD https://huggingface.co/api/resolve-cache/models/BAAI/bge-m3/5617a9f61b028005a4858fdac845db406aefb181/1_Pooling%2Fconfig.json "HTTP/1.1 200 OK"
2026-04-30 17:53:39,563 httpx INFO HTTP Request: GET https://huggingface.co/api/models/BAAI/bge-m3 "HTTP/1.1 200 OK"
2026-04-30 17:53:39,567 culturedx.retrieval.case_retriever INFO BGE-M3 encoder loaded.
2026-04-30 17:56:06,525 culturedx.modes.hied INFO Case patient_1006: Diagnostician ranked 5 disorders, top-2: ['F41.1', 'F39']
2026-04-30 17:56:06,557 culturedx.modes.base INFO Checker timing: 5 disorders in 0.0s (0.0s/disorder, 5 workers)
2026-04-30 17:56:06,611 culturedx.modes.base INFO Checker timing: 9 disorders in 0.1s (0.0s/disorder, 9 workers)
2026-04-30 17:56:06,611 culturedx.modes.hied INFO Case patient_1006: DtV primary from beta2b_locked (top-1 F41.1 -> primary F41.1)
2026-04-30 17:56:06,612 culturedx.pipeline.runner INFO Processing case 17/20: patient_1018
2026-04-30 17:56:06,612 culturedx.modes.hied INFO HiED manual scope mode: using 14 target disorders
2026-04-30 17:56:06,612 culturedx.modes.hied INFO Case patient_1018: 14 candidate disorders from triage
2026-04-30 17:56:12,056 culturedx.modes.hied INFO Case patient_10: Diagnostician ranked 5 disorders, top-2: ['F32', 'F41.1']
2026-04-30 17:56:12,064 culturedx.modes.base INFO Checker timing: 5 disorders in 0.0s (0.0s/disorder, 5 workers)
2026-04-30 17:56:12,074 culturedx.modes.base INFO Checker timing: 9 disorders in 0.0s (0.0s/disorder, 9 workers)
2026-04-30 17:56:12,074 culturedx.modes.hied INFO Case patient_10: DtV primary from beta2b_locked (top-1 F32 -> primary F32)
2026-04-30 17:56:12,074 culturedx.pipeline.runner INFO Processing case 18/20: patient_1019
2026-04-30 17:56:12,075 culturedx.modes.hied INFO HiED manual scope mode: using 14 target disorders
2026-04-30 17:56:12,075 culturedx.modes.hied INFO Case patient_1019: 14 candidate disorders from triage
2026-04-30 17:56:13,200 culturedx.modes.hied INFO Case patient_1011: Diagnostician ranked 5 disorders, top-2: ['F41.1', 'F32']
2026-04-30 17:56:13,244 culturedx.modes.base INFO Checker timing: 5 disorders in 0.0s (0.0s/disorder, 5 workers)
2026-04-30 17:56:13,262 culturedx.modes.base INFO Checker timing: 9 disorders in 0.0s (0.0s/disorder, 9 workers)
2026-04-30 17:56:13,263 culturedx.modes.hied INFO Case patient_1011: DtV primary from beta2b_locked (top-1 F41.1 -> primary F41.1)
2026-04-30 17:56:13,263 culturedx.pipeline.runner INFO Processing case 19/20: patient_102
2026-04-30 17:56:13,263 culturedx.modes.hied INFO HiED manual scope mode: using 14 target disorders
2026-04-30 17:56:13,263 culturedx.modes.hied INFO Case patient_102: 14 candidate disorders from triage
2026-04-30 17:56:14,906 culturedx.modes.hied INFO Case patient_101: Diagnostician ranked 5 disorders, top-2: ['F42', 'F39']
2026-04-30 17:56:15,002 culturedx.modes.base INFO Checker timing: 5 disorders in 0.1s (0.0s/disorder, 5 workers)
2026-04-30 17:56:15,062 culturedx.modes.base INFO Checker timing: 9 disorders in 0.1s (0.0s/disorder, 9 workers)
2026-04-30 17:56:15,063 culturedx.modes.hied INFO Case patient_101: DtV primary from beta2b_locked (top-1 F42 -> primary F42)
2026-04-30 17:56:15,063 culturedx.pipeline.runner INFO Processing case 20/20: patient_1020
2026-04-30 17:56:15,063 culturedx.modes.hied INFO HiED manual scope mode: using 14 target disorders
2026-04-30 17:56:15,063 culturedx.modes.hied INFO Case patient_1020: 14 candidate disorders from triage
2026-04-30 17:56:15,468 culturedx.modes.hied INFO Case patient_1003: Diagnostician ranked 5 disorders, top-2: ['F32', 'F41.1']
2026-04-30 17:56:15,538 culturedx.modes.base INFO Checker timing: 5 disorders in 0.1s (0.0s/disorder, 5 workers)
2026-04-30 17:56:15,574 culturedx.modes.base INFO Checker timing: 9 disorders in 0.0s (0.0s/disorder, 9 workers)
2026-04-30 17:56:15,575 culturedx.modes.hied INFO Case patient_1003: DtV primary from beta2b_locked (top-1 F32 -> primary F32)
2026-04-30 17:56:17,246 culturedx.modes.hied INFO Case patient_1009: Diagnostician ranked 5 disorders, top-2: ['F41.1', 'F32']
2026-04-30 17:56:17,305 culturedx.modes.base INFO Checker timing: 5 disorders in 0.1s (0.0s/disorder, 5 workers)
2026-04-30 17:56:17,326 culturedx.modes.base INFO Checker timing: 9 disorders in 0.0s (0.0s/disorder, 9 workers)
2026-04-30 17:56:17,327 culturedx.modes.hied INFO Case patient_1009: DtV primary from beta2b_locked (top-1 F41.1 -> primary F41.1)
2026-04-30 17:56:18,316 culturedx.modes.hied INFO Case patient_1013: Diagnostician ranked 5 disorders, top-2: ['F32', 'F41.1']
2026-04-30 17:56:18,346 culturedx.modes.base INFO Checker timing: 5 disorders in 0.0s (0.0s/disorder, 5 workers)
2026-04-30 17:56:18,355 culturedx.modes.base INFO Checker timing: 9 disorders in 0.0s (0.0s/disorder, 9 workers)
2026-04-30 17:56:18,356 culturedx.modes.hied INFO Case patient_1013: DtV primary from beta2b_locked (top-1 F32 -> primary F32)
2026-04-30 17:56:19,211 culturedx.modes.hied INFO Case patient_1017: Diagnostician ranked 5 disorders, top-2: ['F32', 'F41.1']
2026-04-30 17:56:19,217 culturedx.modes.base INFO Checker timing: 5 disorders in 0.0s (0.0s/disorder, 5 workers)
2026-04-30 17:56:19,240 culturedx.modes.base INFO Checker timing: 9 disorders in 0.0s (0.0s/disorder, 9 workers)
2026-04-30 17:56:19,240 culturedx.modes.hied INFO Case patient_1017: DtV primary from beta2b_locked (top-1 F32 -> primary F32)
2026-04-30 17:56:20,473 culturedx.modes.hied INFO Case patient_1002: Diagnostician ranked 5 disorders, top-2: ['F41.1', 'F39']
2026-04-30 17:56:20,478 culturedx.modes.base INFO Checker timing: 5 disorders in 0.0s (0.0s/disorder, 5 workers)
2026-04-30 17:56:20,487 culturedx.modes.base INFO Checker timing: 9 disorders in 0.0s (0.0s/disorder, 9 workers)
2026-04-30 17:56:20,487 culturedx.modes.hied INFO Case patient_1002: DtV primary from beta2b_locked (top-1 F41.1 -> primary F41.1)
2026-04-30 17:56:20,713 culturedx.modes.hied INFO Case patient_1008: Diagnostician ranked 5 disorders, top-2: ['F32', 'F41.1']
2026-04-30 17:56:20,720 culturedx.modes.base INFO Checker timing: 5 disorders in 0.0s (0.0s/disorder, 5 workers)
2026-04-30 17:56:20,737 culturedx.modes.base INFO Checker timing: 9 disorders in 0.0s (0.0s/disorder, 9 workers)
2026-04-30 17:56:20,738 culturedx.modes.hied INFO Case patient_1008: DtV primary from beta2b_locked (top-1 F32 -> primary F32)
2026-04-30 17:56:20,875 culturedx.modes.hied INFO Case patient_1016: Diagnostician ranked 5 disorders, top-2: ['F41.1', 'F39']
2026-04-30 17:56:20,881 culturedx.modes.base INFO Checker timing: 5 disorders in 0.0s (0.0s/disorder, 5 workers)
2026-04-30 17:56:20,897 culturedx.modes.base INFO Checker timing: 9 disorders in 0.0s (0.0s/disorder, 9 workers)
2026-04-30 17:56:20,898 culturedx.modes.hied INFO Case patient_1016: DtV primary from beta2b_locked (top-1 F41.1 -> primary F41.1)
2026-04-30 17:56:21,645 culturedx.modes.hied INFO Case patient_1010: Diagnostician ranked 5 disorders, top-2: ['F41.1', 'F39']
2026-04-30 17:56:21,652 culturedx.modes.base INFO Checker timing: 5 disorders in 0.0s (0.0s/disorder, 5 workers)
2026-04-30 17:56:21,661 culturedx.modes.base INFO Checker timing: 9 disorders in 0.0s (0.0s/disorder, 9 workers)
2026-04-30 17:56:21,661 culturedx.modes.hied INFO Case patient_1010: DtV primary from beta2b_locked (top-1 F41.1 -> primary F41.1)
2026-04-30 17:56:22,013 culturedx.modes.hied INFO Case patient_1005: Diagnostician ranked 5 disorders, top-2: ['F32', 'F39']
2026-04-30 17:56:22,020 culturedx.modes.base INFO Checker timing: 5 disorders in 0.0s (0.0s/disorder, 5 workers)
2026-04-30 17:56:22,051 culturedx.modes.base INFO Checker timing: 9 disorders in 0.0s (0.0s/disorder, 9 workers)
2026-04-30 17:56:22,052 culturedx.modes.hied INFO Case patient_1005: DtV primary from beta2b_locked (top-1 F32 -> primary F32)
2026-04-30 17:56:22,053 culturedx.modes.hied INFO Case patient_1015: Diagnostician ranked 5 disorders, top-2: ['F32', 'F41.1']
2026-04-30 17:56:22,059 culturedx.modes.base INFO Checker timing: 5 disorders in 0.0s (0.0s/disorder, 5 workers)
2026-04-30 17:56:22,074 culturedx.modes.base INFO Checker timing: 9 disorders in 0.0s (0.0s/disorder, 9 workers)
2026-04-30 17:56:22,075 culturedx.modes.hied INFO Case patient_1015: DtV primary from beta2b_locked (top-1 F32 -> primary F32)
2026-04-30 17:56:23,584 culturedx.modes.hied INFO Case patient_1004: Diagnostician ranked 5 disorders, top-2: ['F42', 'F41.1']
2026-04-30 17:56:23,595 culturedx.modes.base INFO Checker timing: 5 disorders in 0.0s (0.0s/disorder, 5 workers)
2026-04-30 17:56:23,610 culturedx.modes.base INFO Checker timing: 9 disorders in 0.0s (0.0s/disorder, 9 workers)
2026-04-30 17:56:23,611 culturedx.modes.hied INFO Case patient_1004: DtV primary from beta2b_locked (top-1 F42 -> primary F42)
2026-04-30 17:56:24,473 culturedx.modes.hied INFO Case patient_1: Diagnostician ranked 5 disorders, top-2: ['F32', 'F39']
2026-04-30 17:56:24,484 culturedx.modes.base INFO Checker timing: 5 disorders in 0.0s (0.0s/disorder, 5 workers)
2026-04-30 17:56:24,504 culturedx.modes.base INFO Checker timing: 9 disorders in 0.0s (0.0s/disorder, 9 workers)
2026-04-30 17:56:24,505 culturedx.modes.hied INFO Case patient_1: DtV primary from beta2b_locked (top-1 F32 -> primary F32)
2026-04-30 17:57:02,669 culturedx.modes.hied INFO Case patient_1018: Diagnostician ranked 5 disorders, top-2: ['F32', 'F43.2']
2026-04-30 17:57:02,674 culturedx.modes.base INFO Checker timing: 5 disorders in 0.0s (0.0s/disorder, 5 workers)
2026-04-30 17:57:02,684 culturedx.modes.base INFO Checker timing: 9 disorders in 0.0s (0.0s/disorder, 9 workers)
2026-04-30 17:57:02,684 culturedx.modes.hied INFO Case patient_1018: DtV primary from beta2b_locked (top-1 F32 -> primary F32)
2026-04-30 17:57:04,106 culturedx.modes.hied INFO Case patient_1019: Diagnostician ranked 5 disorders, top-2: ['F32', 'F39']
2026-04-30 17:57:04,113 culturedx.modes.base INFO Checker timing: 5 disorders in 0.0s (0.0s/disorder, 5 workers)
2026-04-30 17:57:04,121 culturedx.modes.base INFO Checker timing: 9 disorders in 0.0s (0.0s/disorder, 9 workers)
2026-04-30 17:57:04,122 culturedx.modes.hied INFO Case patient_1019: DtV primary from beta2b_locked (top-1 F32 -> primary F32)
2026-04-30 17:57:04,522 culturedx.modes.hied INFO Case patient_1020: Diagnostician ranked 5 disorders, top-2: ['F32', 'F41.1']
2026-04-30 17:57:04,528 culturedx.modes.base INFO Checker timing: 5 disorders in 0.0s (0.0s/disorder, 5 workers)
2026-04-30 17:57:04,536 culturedx.modes.base INFO Checker timing: 9 disorders in 0.0s (0.0s/disorder, 9 workers)
2026-04-30 17:57:04,536 culturedx.modes.hied INFO Case patient_1020: DtV primary from beta2b_locked (top-1 F32 -> primary F32)
2026-04-30 17:57:04,586 culturedx.agents.diagnostician WARNING Diagnostician returned unknown code F33, skipping
2026-04-30 17:57:04,586 culturedx.modes.hied INFO Case patient_102: Diagnostician ranked 4 disorders, top-2: ['F32', 'F41.1']
2026-04-30 17:57:04,591 culturedx.modes.base INFO Checker timing: 4 disorders in 0.0s (0.0s/disorder, 4 workers)
2026-04-30 17:57:04,599 culturedx.modes.base INFO Checker timing: 10 disorders in 0.0s (0.0s/disorder, 10 workers)
2026-04-30 17:57:04,599 culturedx.modes.hied INFO Case patient_102: DtV primary from beta2b_locked (top-1 F32 -> primary F32)
Evaluation metrics: {'diagnosis': {'accuracy': 0.6, 'top1_accuracy': 0.6, 'top3_accuracy': 0.6, 'macro_f1': 0.315018315018315, 'weighted_f1': 0.5377289377289377, 'overall': 0.5305494505494505}, 'comorbidity': {'hamming_accuracy': 0.625, 'subset_accuracy': 0.6, 'comorbidity_detection_f1': 0.0, 'label_coverage': 0.625, 'label_precision': 0.65, 'avg_predicted_labels': 1.0, 'avg_gold_labels': 1.1}}
Predictions saved to results/gap_e_beta2b_native_smoke_20260430_174734/v1_beta2b/mdd_dsm5_n20/predictions.jsonl
Run complete.
