Loading dataset 'lingxidiag16k' from data/raw/lingxidiag16k...
Loaded 20 cases.
Mode: hied
2026-04-30 17:49:03,894 faiss.loader INFO Loading faiss with AVX2 support.
2026-04-30 17:49:03,902 faiss.loader INFO Successfully loaded faiss with AVX2 support.
2026-04-30 17:49:03,904 culturedx.retrieval.case_retriever INFO Loading FAISS index from data/cache/train_case_index.faiss
2026-04-30 17:49:03,996 culturedx.retrieval.case_retriever INFO CaseRetriever ready: 14000 cases indexed
RAG enabled: loaded data/cache/train_case_index.faiss
2026-04-30 17:49:04,003 culturedx.modes.hied WARNING DSM-5 reasoning is enabled with unverified criteria draft 0.1-DRAFT; supplementary outputs should be treated as experimental.
Target disorders: F20, F31, F32, F39, F41.0, F41.1, F42, F43.1, F43.2, F45, F51, F98, F41.2, Z71
HiED scope policy: manual
HiED execution mode: benchmark_manual_scope
Output directory: results/gap_e_beta2b_native_smoke_20260430_174734/v1_beta2b/lingxi_both_n20
Running CultureDx mode=hied on 20 cases...
2026-04-30 17:49:04,006 culturedx.pipeline.runner INFO Processing case 1/20: 344699340
2026-04-30 17:49:04,006 culturedx.modes.hied INFO HiED manual scope mode: using 14 target disorders
2026-04-30 17:49:04,006 culturedx.pipeline.runner INFO Processing case 2/20: 374577341
2026-04-30 17:49:04,006 culturedx.modes.hied INFO Case 344699340: 14 candidate disorders from triage
2026-04-30 17:49:04,006 culturedx.modes.hied INFO HiED manual scope mode: using 14 target disorders
2026-04-30 17:49:04,006 culturedx.pipeline.runner INFO Processing case 3/20: 350352506
2026-04-30 17:49:04,006 culturedx.modes.hied INFO Case 374577341: 14 candidate disorders from triage
2026-04-30 17:49:04,007 culturedx.pipeline.runner INFO Processing case 5/20: 341328894
2026-04-30 17:49:04,006 culturedx.modes.hied INFO HiED manual scope mode: using 14 target disorders
2026-04-30 17:49:04,007 culturedx.modes.hied INFO Case 350352506: 14 candidate disorders from triage
2026-04-30 17:49:04,006 culturedx.pipeline.runner INFO Processing case 4/20: 318518739
2026-04-30 17:49:04,007 culturedx.pipeline.runner INFO Processing case 6/20: 337522433
2026-04-30 17:49:04,008 culturedx.modes.hied INFO HiED manual scope mode: using 14 target disorders
2026-04-30 17:49:04,008 culturedx.pipeline.runner INFO Processing case 7/20: 300493869
2026-04-30 17:49:04,008 culturedx.modes.hied INFO HiED manual scope mode: using 14 target disorders
2026-04-30 17:49:04,008 culturedx.modes.hied INFO Case 337522433: 14 candidate disorders from triage
2026-04-30 17:49:04,007 culturedx.modes.hied INFO HiED manual scope mode: using 14 target disorders
2026-04-30 17:49:04,008 culturedx.pipeline.runner INFO Processing case 8/20: 347729413
2026-04-30 17:49:04,008 culturedx.modes.hied INFO Case 300493869: 14 candidate disorders from triage
2026-04-30 17:49:04,008 culturedx.modes.hied INFO HiED manual scope mode: using 14 target disorders
2026-04-30 17:49:04,008 culturedx.pipeline.runner INFO Processing case 9/20: 377662897
2026-04-30 17:49:04,009 culturedx.modes.hied INFO Case 341328894: 14 candidate disorders from triage
2026-04-30 17:49:04,009 culturedx.pipeline.runner INFO Processing case 10/20: 303364596
2026-04-30 17:49:04,009 culturedx.modes.hied INFO HiED manual scope mode: using 14 target disorders
2026-04-30 17:49:04,009 culturedx.pipeline.runner INFO Processing case 11/20: 327826586
2026-04-30 17:49:04,010 culturedx.modes.hied INFO HiED manual scope mode: using 14 target disorders
2026-04-30 17:49:04,009 culturedx.modes.hied INFO Case 318518739: 14 candidate disorders from triage
2026-04-30 17:49:04,009 culturedx.pipeline.runner INFO Processing case 13/20: 388559461
2026-04-30 17:49:04,009 culturedx.modes.hied INFO HiED manual scope mode: using 14 target disorders
2026-04-30 17:49:04,011 culturedx.modes.hied INFO Case 377662897: 14 candidate disorders from triage
2026-04-30 17:49:04,010 culturedx.pipeline.runner INFO Processing case 14/20: 341042297
2026-04-30 17:49:04,010 culturedx.modes.hied INFO Case 347729413: 14 candidate disorders from triage
2026-04-30 17:49:04,009 culturedx.pipeline.runner INFO Processing case 12/20: 371726537
2026-04-30 17:49:04,010 culturedx.modes.hied INFO Case 327826586: 14 candidate disorders from triage
2026-04-30 17:49:04,010 culturedx.pipeline.runner INFO Processing case 15/20: 324224056
2026-04-30 17:49:04,010 culturedx.pipeline.runner INFO Processing case 16/20: 368679677
2026-04-30 17:49:04,011 culturedx.modes.hied INFO HiED manual scope mode: using 14 target disorders
2026-04-30 17:49:04,013 culturedx.modes.hied INFO Case 388559461: 14 candidate disorders from triage
2026-04-30 17:49:04,011 culturedx.modes.hied INFO HiED manual scope mode: using 14 target disorders
2026-04-30 17:49:04,016 culturedx.modes.hied INFO Case 341042297: 14 candidate disorders from triage
2026-04-30 17:49:04,013 culturedx.modes.hied INFO HiED manual scope mode: using 14 target disorders
2026-04-30 17:49:04,013 culturedx.modes.hied INFO HiED manual scope mode: using 14 target disorders
2026-04-30 17:49:04,010 culturedx.modes.hied INFO HiED manual scope mode: using 14 target disorders
2026-04-30 17:49:04,011 culturedx.modes.hied INFO HiED manual scope mode: using 14 target disorders
2026-04-30 17:49:04,016 culturedx.modes.hied INFO Case 324224056: 14 candidate disorders from triage
2026-04-30 17:49:04,016 culturedx.modes.hied INFO Case 368679677: 14 candidate disorders from triage
2026-04-30 17:49:04,017 culturedx.modes.hied INFO Case 303364596: 14 candidate disorders from triage
2026-04-30 17:49:04,017 culturedx.modes.hied INFO Case 371726537: 14 candidate disorders from triage
2026-04-30 17:49:05,652 culturedx.retrieval.case_retriever INFO Loading BGE-M3 encoder (first call)...
2026-04-30 17:49:05,906 httpx INFO HTTP Request: HEAD https://huggingface.co/BAAI/bge-m3/resolve/main/modules.json "HTTP/1.1 307 Temporary Redirect"
2026-04-30 17:49:05,918 httpx INFO HTTP Request: HEAD https://huggingface.co/api/resolve-cache/models/BAAI/bge-m3/5617a9f61b028005a4858fdac845db406aefb181/modules.json "HTTP/1.1 200 OK"
2026-04-30 17:49:06,124 httpx INFO HTTP Request: HEAD https://huggingface.co/BAAI/bge-m3/resolve/main/config_sentence_transformers.json "HTTP/1.1 307 Temporary Redirect"
2026-04-30 17:49:06,137 httpx INFO HTTP Request: HEAD https://huggingface.co/api/resolve-cache/models/BAAI/bge-m3/5617a9f61b028005a4858fdac845db406aefb181/config_sentence_transformers.json "HTTP/1.1 200 OK"
2026-04-30 17:49:06,138 sentence_transformers.base.model INFO Loading SentenceTransformer model from BAAI/bge-m3.
2026-04-30 17:49:06,337 httpx INFO HTTP Request: HEAD https://huggingface.co/BAAI/bge-m3/resolve/main/config_sentence_transformers.json "HTTP/1.1 307 Temporary Redirect"
2026-04-30 17:49:06,349 httpx INFO HTTP Request: HEAD https://huggingface.co/api/resolve-cache/models/BAAI/bge-m3/5617a9f61b028005a4858fdac845db406aefb181/config_sentence_transformers.json "HTTP/1.1 200 OK"
2026-04-30 17:49:06,555 httpx INFO HTTP Request: HEAD https://huggingface.co/BAAI/bge-m3/resolve/main/README.md "HTTP/1.1 307 Temporary Redirect"
2026-04-30 17:49:06,567 httpx INFO HTTP Request: HEAD https://huggingface.co/api/resolve-cache/models/BAAI/bge-m3/5617a9f61b028005a4858fdac845db406aefb181/README.md "HTTP/1.1 200 OK"
2026-04-30 17:49:06,767 httpx INFO HTTP Request: HEAD https://huggingface.co/BAAI/bge-m3/resolve/main/modules.json "HTTP/1.1 307 Temporary Redirect"
2026-04-30 17:49:06,781 httpx INFO HTTP Request: HEAD https://huggingface.co/api/resolve-cache/models/BAAI/bge-m3/5617a9f61b028005a4858fdac845db406aefb181/modules.json "HTTP/1.1 200 OK"
2026-04-30 17:49:06,983 httpx INFO HTTP Request: HEAD https://huggingface.co/BAAI/bge-m3/resolve/main/sentence_bert_config.json "HTTP/1.1 307 Temporary Redirect"
2026-04-30 17:49:06,994 httpx INFO HTTP Request: HEAD https://huggingface.co/api/resolve-cache/models/BAAI/bge-m3/5617a9f61b028005a4858fdac845db406aefb181/sentence_bert_config.json "HTTP/1.1 200 OK"
2026-04-30 17:49:07,203 httpx INFO HTTP Request: HEAD https://huggingface.co/BAAI/bge-m3/resolve/main/adapter_config.json "HTTP/1.1 404 Not Found"
2026-04-30 17:49:07,416 httpx INFO HTTP Request: HEAD https://huggingface.co/BAAI/bge-m3/resolve/main/config.json "HTTP/1.1 307 Temporary Redirect"
2026-04-30 17:49:07,429 httpx INFO HTTP Request: HEAD https://huggingface.co/api/resolve-cache/models/BAAI/bge-m3/5617a9f61b028005a4858fdac845db406aefb181/config.json "HTTP/1.1 200 OK"
2026-04-30 17:49:07,650 httpx INFO HTTP Request: HEAD https://huggingface.co/BAAI/bge-m3/resolve/main/model.safetensors "HTTP/1.1 404 Not Found"
Loading weights:   0%|          | 0/391 [00:00<?, ?it/s]Loading weights: 100%|██████████| 391/391 [00:00<00:00, 78426.32it/s]
2026-04-30 17:49:07,861 httpx INFO HTTP Request: GET https://huggingface.co/api/models/BAAI/bge-m3 "HTTP/1.1 200 OK"
2026-04-30 17:49:07,951 httpx INFO HTTP Request: HEAD https://huggingface.co/BAAI/bge-m3/resolve/main/processor_config.json "HTTP/1.1 404 Not Found"
2026-04-30 17:49:08,103 httpx INFO HTTP Request: GET https://huggingface.co/api/models/BAAI/bge-m3/commits/main "HTTP/1.1 200 OK"
2026-04-30 17:49:08,157 httpx INFO HTTP Request: HEAD https://huggingface.co/BAAI/bge-m3/resolve/main/preprocessor_config.json "HTTP/1.1 404 Not Found"
2026-04-30 17:49:08,330 httpx INFO HTTP Request: GET https://huggingface.co/api/models/BAAI/bge-m3/discussions?p=0 "HTTP/1.1 200 OK"
2026-04-30 17:49:08,359 httpx INFO HTTP Request: HEAD https://huggingface.co/BAAI/bge-m3/resolve/main/video_preprocessor_config.json "HTTP/1.1 404 Not Found"
2026-04-30 17:49:08,561 httpx INFO HTTP Request: HEAD https://huggingface.co/BAAI/bge-m3/resolve/main/preprocessor_config.json "HTTP/1.1 404 Not Found"
2026-04-30 17:49:08,571 httpx INFO HTTP Request: GET https://huggingface.co/api/models/BAAI/bge-m3/commits/refs%2Fpr%2F130 "HTTP/1.1 200 OK"
2026-04-30 17:49:08,765 httpx INFO HTTP Request: HEAD https://huggingface.co/BAAI/bge-m3/resolve/main/tokenizer_config.json "HTTP/1.1 307 Temporary Redirect"
2026-04-30 17:49:08,777 httpx INFO HTTP Request: HEAD https://huggingface.co/api/resolve-cache/models/BAAI/bge-m3/5617a9f61b028005a4858fdac845db406aefb181/tokenizer_config.json "HTTP/1.1 200 OK"
2026-04-30 17:49:08,783 httpx INFO HTTP Request: HEAD https://huggingface.co/BAAI/bge-m3/resolve/refs%2Fpr%2F130/model.safetensors.index.json "HTTP/1.1 404 Not Found"
2026-04-30 17:49:08,984 httpx INFO HTTP Request: HEAD https://huggingface.co/BAAI/bge-m3/resolve/refs%2Fpr%2F130/model.safetensors "HTTP/1.1 302 Found"
2026-04-30 17:49:08,985 httpx INFO HTTP Request: HEAD https://huggingface.co/BAAI/bge-m3/resolve/main/config.json "HTTP/1.1 307 Temporary Redirect"
2026-04-30 17:49:08,997 httpx INFO HTTP Request: HEAD https://huggingface.co/api/resolve-cache/models/BAAI/bge-m3/5617a9f61b028005a4858fdac845db406aefb181/config.json "HTTP/1.1 200 OK"
2026-04-30 17:49:09,203 httpx INFO HTTP Request: HEAD https://huggingface.co/BAAI/bge-m3/resolve/main/config.json "HTTP/1.1 307 Temporary Redirect"
2026-04-30 17:49:09,215 httpx INFO HTTP Request: HEAD https://huggingface.co/api/resolve-cache/models/BAAI/bge-m3/5617a9f61b028005a4858fdac845db406aefb181/config.json "HTTP/1.1 200 OK"
2026-04-30 17:49:09,427 httpx INFO HTTP Request: HEAD https://huggingface.co/BAAI/bge-m3/resolve/main/tokenizer_config.json "HTTP/1.1 307 Temporary Redirect"
2026-04-30 17:49:09,439 httpx INFO HTTP Request: HEAD https://huggingface.co/api/resolve-cache/models/BAAI/bge-m3/5617a9f61b028005a4858fdac845db406aefb181/tokenizer_config.json "HTTP/1.1 200 OK"
2026-04-30 17:49:09,642 httpx INFO HTTP Request: GET https://huggingface.co/api/models/BAAI/bge-m3/tree/main/additional_chat_templates?recursive=false&expand=false "HTTP/1.1 404 Not Found"
2026-04-30 17:49:09,851 httpx INFO HTTP Request: GET https://huggingface.co/api/models/BAAI/bge-m3/tree/main?recursive=true&expand=false "HTTP/1.1 200 OK"
2026-04-30 17:49:11,357 httpx INFO HTTP Request: GET https://huggingface.co/api/models/BAAI/bge-m3 "HTTP/1.1 200 OK"
2026-04-30 17:49:11,572 httpx INFO HTTP Request: HEAD https://huggingface.co/BAAI/bge-m3/resolve/main/1_Pooling/config.json "HTTP/1.1 307 Temporary Redirect"
2026-04-30 17:49:11,583 httpx INFO HTTP Request: HEAD https://huggingface.co/api/resolve-cache/models/BAAI/bge-m3/5617a9f61b028005a4858fdac845db406aefb181/1_Pooling%2Fconfig.json "HTTP/1.1 200 OK"
2026-04-30 17:49:11,792 httpx INFO HTTP Request: GET https://huggingface.co/api/models/BAAI/bge-m3 "HTTP/1.1 200 OK"
2026-04-30 17:49:11,797 culturedx.retrieval.case_retriever INFO BGE-M3 encoder loaded.
2026-04-30 17:49:24,089 culturedx.modes.hied INFO Case 347729413: Diagnostician ranked 5 disorders, top-2: ['F32', 'F39']
2026-04-30 17:49:24,102 culturedx.modes.base INFO Checker timing: 5 disorders in 0.0s (0.0s/disorder, 5 workers)
2026-04-30 17:49:24,109 culturedx.modes.base INFO Checker timing: 9 disorders in 0.0s (0.0s/disorder, 9 workers)
2026-04-30 17:49:24,110 culturedx.modes.hied INFO Case 347729413: DtV primary from beta2b_locked (top-1 F32 -> primary F32)
2026-04-30 17:49:24,111 culturedx.modes.hied INFO HiED manual scope mode: using 14 target disorders
2026-04-30 17:49:24,111 culturedx.modes.hied INFO Case 347729413: 14 candidate disorders from triage
2026-04-30 17:49:25,132 culturedx.modes.hied INFO Case 377662897: Diagnostician ranked 5 disorders, top-2: ['F32', 'F41.1']
2026-04-30 17:49:25,136 culturedx.modes.base INFO Checker timing: 5 disorders in 0.0s (0.0s/disorder, 5 workers)
2026-04-30 17:49:25,142 culturedx.modes.base INFO Checker timing: 9 disorders in 0.0s (0.0s/disorder, 9 workers)
2026-04-30 17:49:25,143 culturedx.modes.hied INFO Case 377662897: DtV primary from beta2b_locked (top-1 F32 -> primary F32)
2026-04-30 17:49:25,143 culturedx.modes.hied INFO HiED manual scope mode: using 14 target disorders
2026-04-30 17:49:25,143 culturedx.modes.hied INFO Case 377662897: 14 candidate disorders from triage
2026-04-30 17:49:27,841 culturedx.modes.hied INFO Case 388559461: Diagnostician ranked 5 disorders, top-2: ['F32', 'F39']
2026-04-30 17:49:27,847 culturedx.modes.base INFO Checker timing: 5 disorders in 0.0s (0.0s/disorder, 5 workers)
2026-04-30 17:49:27,898 culturedx.modes.hied INFO Case 300493869: Diagnostician ranked 5 disorders, top-2: ['F41.1', 'F45']
2026-04-30 17:49:27,902 culturedx.modes.base INFO Checker timing: 5 disorders in 0.0s (0.0s/disorder, 5 workers)
2026-04-30 17:49:27,908 culturedx.modes.base INFO Checker timing: 9 disorders in 0.0s (0.0s/disorder, 9 workers)
2026-04-30 17:49:27,909 culturedx.modes.hied INFO Case 300493869: DtV primary from beta2b_locked (top-1 F41.1 -> primary F41.1)
2026-04-30 17:49:27,909 culturedx.modes.hied INFO HiED manual scope mode: using 14 target disorders
2026-04-30 17:49:27,909 culturedx.modes.hied INFO Case 300493869: 14 candidate disorders from triage
2026-04-30 17:49:27,939 culturedx.modes.base INFO Checker timing: 9 disorders in 0.1s (0.0s/disorder, 9 workers)
2026-04-30 17:49:27,939 culturedx.modes.hied INFO Case 388559461: DtV primary from beta2b_locked (top-1 F32 -> primary F32)
2026-04-30 17:49:27,940 culturedx.modes.hied INFO HiED manual scope mode: using 14 target disorders
2026-04-30 17:49:27,940 culturedx.modes.hied INFO Case 388559461: 14 candidate disorders from triage
2026-04-30 17:49:29,991 culturedx.modes.hied INFO Case 327826586: Diagnostician ranked 5 disorders, top-2: ['F41.1', 'F32']
2026-04-30 17:49:30,004 culturedx.modes.base INFO Checker timing: 5 disorders in 0.0s (0.0s/disorder, 5 workers)
2026-04-30 17:49:30,018 culturedx.modes.base INFO Checker timing: 9 disorders in 0.0s (0.0s/disorder, 9 workers)
2026-04-30 17:49:30,019 culturedx.modes.hied INFO Case 327826586: DtV primary from beta2b_locked (top-1 F41.1 -> primary F41.1)
2026-04-30 17:49:30,019 culturedx.modes.hied INFO HiED manual scope mode: using 14 target disorders
2026-04-30 17:49:30,019 culturedx.modes.hied INFO Case 327826586: 14 candidate disorders from triage
2026-04-30 17:49:30,515 culturedx.modes.hied INFO Case 341042297: Diagnostician ranked 5 disorders, top-2: ['F32', 'F39']
2026-04-30 17:49:30,524 culturedx.modes.base INFO Checker timing: 5 disorders in 0.0s (0.0s/disorder, 5 workers)
2026-04-30 17:49:30,569 culturedx.modes.hied INFO Case 350352506: Diagnostician ranked 5 disorders, top-2: ['F32', 'F41.2']
2026-04-30 17:49:30,633 culturedx.modes.base INFO Checker timing: 5 disorders in 0.1s (0.0s/disorder, 5 workers)
2026-04-30 17:49:30,682 culturedx.modes.base INFO Checker timing: 9 disorders in 0.2s (0.0s/disorder, 9 workers)
2026-04-30 17:49:30,690 culturedx.modes.hied INFO Case 341042297: DtV primary from beta2b_locked (top-1 F32 -> primary F32)
2026-04-30 17:49:30,690 culturedx.modes.hied INFO HiED manual scope mode: using 14 target disorders
2026-04-30 17:49:30,690 culturedx.modes.hied INFO Case 341042297: 14 candidate disorders from triage
2026-04-30 17:49:30,742 culturedx.modes.base INFO Checker timing: 9 disorders in 0.1s (0.0s/disorder, 9 workers)
2026-04-30 17:49:30,743 culturedx.modes.hied INFO Case 350352506: DtV primary from beta2b_locked (top-1 F32 -> primary F32)
2026-04-30 17:49:30,744 culturedx.modes.hied INFO HiED manual scope mode: using 14 target disorders
2026-04-30 17:49:30,744 culturedx.modes.hied INFO Case 350352506: 14 candidate disorders from triage
2026-04-30 17:49:31,105 culturedx.modes.hied INFO Case 318518739: Diagnostician ranked 5 disorders, top-2: ['F32', 'F51']
2026-04-30 17:49:31,109 culturedx.modes.base INFO Checker timing: 5 disorders in 0.0s (0.0s/disorder, 5 workers)
2026-04-30 17:49:31,123 culturedx.modes.base INFO Checker timing: 9 disorders in 0.0s (0.0s/disorder, 9 workers)
2026-04-30 17:49:31,124 culturedx.modes.hied INFO Case 318518739: DtV primary from beta2b_locked (top-1 F32 -> primary F32)
2026-04-30 17:49:31,124 culturedx.modes.hied INFO HiED manual scope mode: using 14 target disorders
2026-04-30 17:49:31,124 culturedx.modes.hied INFO Case 318518739: 14 candidate disorders from triage
2026-04-30 17:49:31,446 culturedx.modes.hied INFO Case 324224056: Diagnostician ranked 5 disorders, top-2: ['F41.1', 'F32']
2026-04-30 17:49:31,456 culturedx.modes.base INFO Checker timing: 5 disorders in 0.0s (0.0s/disorder, 5 workers)
2026-04-30 17:49:31,541 culturedx.modes.base INFO Checker timing: 9 disorders in 0.1s (0.0s/disorder, 9 workers)
2026-04-30 17:49:31,541 culturedx.modes.hied INFO Case 324224056: DtV primary from beta2b_locked (top-1 F41.1 -> primary F41.1)
2026-04-30 17:49:31,542 culturedx.modes.hied INFO HiED manual scope mode: using 14 target disorders
2026-04-30 17:49:31,542 culturedx.modes.hied INFO Case 324224056: 14 candidate disorders from triage
2026-04-30 17:49:32,436 culturedx.modes.hied INFO Case 303364596: Diagnostician ranked 5 disorders, top-2: ['F32', 'F41.1']
2026-04-30 17:49:32,441 culturedx.modes.base INFO Checker timing: 5 disorders in 0.0s (0.0s/disorder, 5 workers)
2026-04-30 17:49:32,452 culturedx.modes.base INFO Checker timing: 9 disorders in 0.0s (0.0s/disorder, 9 workers)
2026-04-30 17:49:32,452 culturedx.modes.hied INFO Case 303364596: DtV primary from beta2b_locked (top-1 F32 -> primary F32)
2026-04-30 17:49:32,452 culturedx.modes.hied INFO HiED manual scope mode: using 14 target disorders
2026-04-30 17:49:32,452 culturedx.modes.hied INFO Case 303364596: 14 candidate disorders from triage
2026-04-30 17:49:32,687 culturedx.modes.hied INFO Case 368679677: Diagnostician ranked 5 disorders, top-2: ['F32', 'F39']
2026-04-30 17:49:32,693 culturedx.modes.base INFO Checker timing: 5 disorders in 0.0s (0.0s/disorder, 5 workers)
2026-04-30 17:49:32,728 culturedx.modes.base INFO Checker timing: 9 disorders in 0.0s (0.0s/disorder, 9 workers)
2026-04-30 17:49:32,729 culturedx.modes.hied INFO Case 368679677: DtV primary from beta2b_locked (top-1 F32 -> primary F32)
2026-04-30 17:49:32,729 culturedx.modes.hied INFO HiED manual scope mode: using 14 target disorders
2026-04-30 17:49:32,729 culturedx.modes.hied INFO Case 368679677: 14 candidate disorders from triage
2026-04-30 17:49:34,083 culturedx.modes.hied INFO Case 337522433: Diagnostician ranked 5 disorders, top-2: ['F39', 'F41.1']
2026-04-30 17:49:34,132 culturedx.modes.base INFO Checker timing: 5 disorders in 0.0s (0.0s/disorder, 5 workers)
2026-04-30 17:49:34,191 culturedx.modes.base INFO Checker timing: 9 disorders in 0.1s (0.0s/disorder, 9 workers)
2026-04-30 17:49:34,191 culturedx.modes.hied INFO Case 337522433: DtV primary from beta2b_locked (top-1 F39 -> primary F39)
2026-04-30 17:49:34,192 culturedx.modes.hied INFO HiED manual scope mode: using 14 target disorders
2026-04-30 17:49:34,192 culturedx.modes.hied INFO Case 337522433: 14 candidate disorders from triage
2026-04-30 17:49:34,415 culturedx.modes.hied INFO Case 374577341: Diagnostician ranked 5 disorders, top-2: ['F41.1', 'F42']
2026-04-30 17:49:34,451 culturedx.modes.base INFO Checker timing: 5 disorders in 0.0s (0.0s/disorder, 5 workers)
2026-04-30 17:49:34,495 culturedx.modes.base INFO Checker timing: 9 disorders in 0.0s (0.0s/disorder, 9 workers)
2026-04-30 17:49:34,496 culturedx.modes.hied INFO Case 374577341: DtV primary from beta2b_locked (top-1 F41.1 -> primary F41.1)
2026-04-30 17:49:34,496 culturedx.modes.hied INFO HiED manual scope mode: using 14 target disorders
2026-04-30 17:49:34,496 culturedx.modes.hied INFO Case 374577341: 14 candidate disorders from triage
2026-04-30 17:49:34,669 culturedx.modes.hied INFO Case 341328894: Diagnostician ranked 5 disorders, top-2: ['F32', 'F41.1']
2026-04-30 17:49:34,695 culturedx.modes.base INFO Checker timing: 5 disorders in 0.0s (0.0s/disorder, 5 workers)
2026-04-30 17:49:34,708 culturedx.modes.base INFO Checker timing: 9 disorders in 0.0s (0.0s/disorder, 9 workers)
2026-04-30 17:49:34,709 culturedx.modes.hied INFO Case 341328894: DtV primary from beta2b_locked (top-1 F32 -> primary F32)
2026-04-30 17:49:34,709 culturedx.modes.hied INFO HiED manual scope mode: using 14 target disorders
2026-04-30 17:49:34,709 culturedx.modes.hied INFO Case 341328894: 14 candidate disorders from triage
2026-04-30 17:49:34,830 culturedx.modes.hied INFO Case 344699340: Diagnostician ranked 5 disorders, top-2: ['F32', 'F39']
2026-04-30 17:49:34,836 culturedx.modes.base INFO Checker timing: 5 disorders in 0.0s (0.0s/disorder, 5 workers)
2026-04-30 17:49:34,952 culturedx.modes.base INFO Checker timing: 9 disorders in 0.1s (0.0s/disorder, 9 workers)
2026-04-30 17:49:34,953 culturedx.modes.hied INFO Case 344699340: DtV primary from beta2b_locked (top-1 F32 -> primary F32)
2026-04-30 17:49:34,953 culturedx.modes.hied INFO HiED manual scope mode: using 14 target disorders
2026-04-30 17:49:34,953 culturedx.modes.hied INFO Case 344699340: 14 candidate disorders from triage
2026-04-30 17:49:38,190 culturedx.modes.hied INFO Case 347729413: Diagnostician ranked 5 disorders, top-2: ['F32', 'F39']
2026-04-30 17:49:38,207 culturedx.modes.base INFO Checker timing: 5 disorders in 0.0s (0.0s/disorder, 5 workers)
2026-04-30 17:49:38,220 culturedx.modes.base INFO Checker timing: 9 disorders in 0.0s (0.0s/disorder, 9 workers)
2026-04-30 17:49:38,220 culturedx.modes.hied INFO Case 347729413: DtV primary from beta2b_locked (top-1 F32 -> primary F32)
2026-04-30 17:49:38,221 culturedx.pipeline.runner INFO Processing case 17/20: 332278660
2026-04-30 17:49:38,221 culturedx.modes.hied INFO HiED manual scope mode: using 14 target disorders
2026-04-30 17:49:38,221 culturedx.modes.hied INFO Case 332278660: 14 candidate disorders from triage
2026-04-30 17:49:38,667 culturedx.modes.hied INFO Case 377662897: Diagnostician ranked 5 disorders, top-2: ['F32', 'F41.1']
2026-04-30 17:49:38,696 culturedx.modes.base INFO Checker timing: 5 disorders in 0.0s (0.0s/disorder, 5 workers)
2026-04-30 17:49:38,709 culturedx.modes.base INFO Checker timing: 9 disorders in 0.0s (0.0s/disorder, 9 workers)
2026-04-30 17:49:38,710 culturedx.modes.hied INFO Case 377662897: DtV primary from beta2b_locked (top-1 F32 -> primary F32)
2026-04-30 17:49:38,710 culturedx.pipeline.runner INFO Processing case 18/20: 312389408
2026-04-30 17:49:38,710 culturedx.modes.hied INFO HiED manual scope mode: using 14 target disorders
2026-04-30 17:49:38,710 culturedx.modes.hied INFO Case 312389408: 14 candidate disorders from triage
2026-04-30 17:49:39,018 culturedx.modes.hied INFO Case 371726537: Diagnostician ranked 5 disorders, top-2: ['F32', 'F39']
2026-04-30 17:49:39,055 culturedx.modes.base INFO Checker timing: 5 disorders in 0.0s (0.0s/disorder, 5 workers)
2026-04-30 17:49:39,178 culturedx.modes.base INFO Checker timing: 9 disorders in 0.1s (0.0s/disorder, 9 workers)
2026-04-30 17:49:39,179 culturedx.modes.hied INFO Case 371726537: DtV primary from beta2b_locked (top-1 F32 -> primary F32)
2026-04-30 17:49:39,180 culturedx.modes.hied INFO HiED manual scope mode: using 14 target disorders
2026-04-30 17:49:39,180 culturedx.modes.hied INFO Case 371726537: 14 candidate disorders from triage
2026-04-30 17:49:44,221 culturedx.modes.hied INFO Case 300493869: Diagnostician ranked 5 disorders, top-2: ['F41.1', 'F32']
2026-04-30 17:49:44,231 culturedx.modes.base INFO Checker timing: 5 disorders in 0.0s (0.0s/disorder, 5 workers)
2026-04-30 17:49:44,278 culturedx.modes.base INFO Checker timing: 9 disorders in 0.0s (0.0s/disorder, 9 workers)
2026-04-30 17:49:44,279 culturedx.modes.hied INFO Case 300493869: DtV primary from beta2b_locked (top-1 F41.1 -> primary F41.1)
2026-04-30 17:49:44,279 culturedx.pipeline.runner INFO Processing case 19/20: 380913193
2026-04-30 17:49:44,279 culturedx.modes.hied INFO HiED manual scope mode: using 14 target disorders
2026-04-30 17:49:44,279 culturedx.modes.hied INFO Case 380913193: 14 candidate disorders from triage
2026-04-30 17:49:46,108 culturedx.modes.hied INFO Case 388559461: Diagnostician ranked 5 disorders, top-2: ['F32', 'F39']
2026-04-30 17:49:46,113 culturedx.modes.base INFO Checker timing: 5 disorders in 0.0s (0.0s/disorder, 5 workers)
2026-04-30 17:49:46,179 culturedx.modes.base INFO Checker timing: 9 disorders in 0.1s (0.0s/disorder, 9 workers)
2026-04-30 17:49:46,180 culturedx.modes.hied INFO Case 388559461: DtV primary from beta2b_locked (top-1 F32 -> primary F32)
2026-04-30 17:49:46,182 culturedx.pipeline.runner INFO Processing case 20/20: 393761475
2026-04-30 17:49:46,182 culturedx.modes.hied INFO HiED manual scope mode: using 14 target disorders
2026-04-30 17:49:46,182 culturedx.modes.hied INFO Case 393761475: 14 candidate disorders from triage
2026-04-30 17:49:47,492 culturedx.modes.hied INFO Case 327826586: Diagnostician ranked 5 disorders, top-2: ['F32', 'F41.1']
2026-04-30 17:49:47,501 culturedx.modes.base INFO Checker timing: 5 disorders in 0.0s (0.0s/disorder, 5 workers)
2026-04-30 17:49:47,522 culturedx.modes.base INFO Checker timing: 9 disorders in 0.0s (0.0s/disorder, 9 workers)
2026-04-30 17:49:47,523 culturedx.modes.hied INFO Case 327826586: DtV primary from beta2b_locked (top-1 F32 -> primary F32)
2026-04-30 17:49:49,138 culturedx.modes.hied INFO Case 341042297: Diagnostician ranked 5 disorders, top-2: ['F32', 'F41.1']
2026-04-30 17:49:49,185 culturedx.modes.base INFO Checker timing: 5 disorders in 0.0s (0.0s/disorder, 5 workers)
2026-04-30 17:49:49,203 culturedx.modes.base INFO Checker timing: 9 disorders in 0.0s (0.0s/disorder, 9 workers)
2026-04-30 17:49:49,204 culturedx.modes.hied INFO Case 341042297: DtV primary from beta2b_locked (top-1 F32 -> primary F32)
2026-04-30 17:49:49,414 culturedx.modes.hied INFO Case 324224056: Diagnostician ranked 5 disorders, top-2: ['F41.1', 'F32']
2026-04-30 17:49:49,417 culturedx.modes.base INFO Checker timing: 5 disorders in 0.0s (0.0s/disorder, 5 workers)
2026-04-30 17:49:49,423 culturedx.modes.base INFO Checker timing: 9 disorders in 0.0s (0.0s/disorder, 9 workers)
2026-04-30 17:49:49,424 culturedx.modes.hied INFO Case 324224056: DtV primary from beta2b_locked (top-1 F41.1 -> primary F41.1)
2026-04-30 17:49:50,642 culturedx.modes.hied INFO Case 350352506: Diagnostician ranked 5 disorders, top-2: ['F32', 'F41.1']
2026-04-30 17:49:50,656 culturedx.modes.base INFO Checker timing: 5 disorders in 0.0s (0.0s/disorder, 5 workers)
2026-04-30 17:49:50,666 culturedx.modes.base INFO Checker timing: 9 disorders in 0.0s (0.0s/disorder, 9 workers)
2026-04-30 17:49:50,666 culturedx.modes.hied INFO Case 350352506: DtV primary from beta2b_locked (top-1 F32 -> primary F32)
2026-04-30 17:49:51,333 culturedx.modes.hied INFO Case 303364596: Diagnostician ranked 5 disorders, top-2: ['F32', 'F41.1']
2026-04-30 17:49:51,346 culturedx.modes.base INFO Checker timing: 5 disorders in 0.0s (0.0s/disorder, 5 workers)
2026-04-30 17:49:51,436 culturedx.modes.base INFO Checker timing: 9 disorders in 0.1s (0.0s/disorder, 9 workers)
2026-04-30 17:49:51,436 culturedx.modes.hied INFO Case 303364596: DtV primary from beta2b_locked (top-1 F32 -> primary F32)
2026-04-30 17:49:51,921 culturedx.modes.hied INFO Case 318518739: Diagnostician ranked 5 disorders, top-2: ['F32', 'F51']
2026-04-30 17:49:51,926 culturedx.modes.base INFO Checker timing: 5 disorders in 0.0s (0.0s/disorder, 5 workers)
2026-04-30 17:49:51,931 culturedx.modes.base INFO Checker timing: 9 disorders in 0.0s (0.0s/disorder, 9 workers)
2026-04-30 17:49:51,932 culturedx.modes.hied INFO Case 318518739: DtV primary from beta2b_locked (top-1 F32 -> primary F32)
2026-04-30 17:49:52,389 culturedx.modes.hied INFO Case 368679677: Diagnostician ranked 5 disorders, top-2: ['F32', 'F43.2']
2026-04-30 17:49:52,393 culturedx.modes.hied INFO Case 312389408: Diagnostician ranked 5 disorders, top-2: ['F51', 'F39']
2026-04-30 17:49:52,440 culturedx.modes.base INFO Checker timing: 5 disorders in 0.1s (0.0s/disorder, 5 workers)
2026-04-30 17:49:52,451 culturedx.modes.base INFO Checker timing: 5 disorders in 0.1s (0.0s/disorder, 5 workers)
2026-04-30 17:49:52,503 culturedx.modes.base INFO Checker timing: 9 disorders in 0.0s (0.0s/disorder, 9 workers)
2026-04-30 17:49:52,504 culturedx.modes.hied INFO Case 312389408: DtV primary from beta2b_locked (top-1 F51 -> primary F51)
2026-04-30 17:49:52,504 culturedx.modes.base INFO Checker timing: 9 disorders in 0.1s (0.0s/disorder, 9 workers)
2026-04-30 17:49:52,504 culturedx.modes.hied INFO HiED manual scope mode: using 14 target disorders
2026-04-30 17:49:52,506 culturedx.modes.hied INFO Case 368679677: DtV primary from beta2b_locked (top-1 F32 -> primary F32)
2026-04-30 17:49:52,507 culturedx.modes.hied INFO Case 332278660: Diagnostician ranked 5 disorders, top-2: ['F32', 'F39']
2026-04-30 17:49:52,507 culturedx.modes.hied INFO Case 312389408: 14 candidate disorders from triage
2026-04-30 17:49:52,515 culturedx.modes.base INFO Checker timing: 5 disorders in 0.0s (0.0s/disorder, 5 workers)
2026-04-30 17:49:52,528 culturedx.modes.base INFO Checker timing: 9 disorders in 0.0s (0.0s/disorder, 9 workers)
2026-04-30 17:49:52,529 culturedx.modes.hied INFO Case 332278660: DtV primary from beta2b_locked (top-1 F32 -> primary F32)
2026-04-30 17:49:52,529 culturedx.modes.hied INFO HiED manual scope mode: using 14 target disorders
2026-04-30 17:49:52,529 culturedx.modes.hied INFO Case 332278660: 14 candidate disorders from triage
2026-04-30 17:49:54,230 culturedx.modes.hied INFO Case 337522433: Diagnostician ranked 5 disorders, top-2: ['F32', 'F41.1']
2026-04-30 17:49:54,238 culturedx.modes.base INFO Checker timing: 5 disorders in 0.0s (0.0s/disorder, 5 workers)
2026-04-30 17:49:54,251 culturedx.modes.base INFO Checker timing: 9 disorders in 0.0s (0.0s/disorder, 9 workers)
2026-04-30 17:49:54,252 culturedx.modes.hied INFO Case 337522433: DtV primary from beta2b_locked (top-1 F32 -> primary F32)
2026-04-30 17:49:54,558 culturedx.modes.hied INFO Case 374577341: Diagnostician ranked 5 disorders, top-2: ['F41.1', 'F39']
2026-04-30 17:49:54,566 culturedx.modes.base INFO Checker timing: 5 disorders in 0.0s (0.0s/disorder, 5 workers)
2026-04-30 17:49:54,575 culturedx.modes.base INFO Checker timing: 9 disorders in 0.0s (0.0s/disorder, 9 workers)
2026-04-30 17:49:54,576 culturedx.modes.hied INFO Case 374577341: DtV primary from beta2b_locked (top-1 F41.1 -> primary F41.1)
2026-04-30 17:49:55,212 culturedx.modes.hied INFO Case 344699340: Diagnostician ranked 5 disorders, top-2: ['F32', 'F39']
2026-04-30 17:49:55,231 culturedx.modes.base INFO Checker timing: 5 disorders in 0.0s (0.0s/disorder, 5 workers)
2026-04-30 17:49:55,240 culturedx.modes.base INFO Checker timing: 9 disorders in 0.0s (0.0s/disorder, 9 workers)
2026-04-30 17:49:55,241 culturedx.modes.hied INFO Case 344699340: DtV primary from beta2b_locked (top-1 F32 -> primary F32)
2026-04-30 17:49:55,471 culturedx.modes.hied INFO Case 341328894: Diagnostician ranked 5 disorders, top-2: ['F41.1', 'F32']
2026-04-30 17:49:55,480 culturedx.modes.base INFO Checker timing: 5 disorders in 0.0s (0.0s/disorder, 5 workers)
2026-04-30 17:49:55,491 culturedx.modes.base INFO Checker timing: 9 disorders in 0.0s (0.0s/disorder, 9 workers)
2026-04-30 17:49:55,492 culturedx.modes.hied INFO Case 341328894: DtV primary from beta2b_locked (top-1 F41.1 -> primary F41.1)
2026-04-30 17:49:56,083 culturedx.modes.hied INFO Case 380913193: Diagnostician ranked 5 disorders, top-2: ['F41.1', 'F32']
2026-04-30 17:49:56,116 culturedx.modes.base INFO Checker timing: 5 disorders in 0.0s (0.0s/disorder, 5 workers)
2026-04-30 17:49:56,130 culturedx.modes.base INFO Checker timing: 9 disorders in 0.0s (0.0s/disorder, 9 workers)
2026-04-30 17:49:56,130 culturedx.modes.hied INFO Case 380913193: DtV primary from beta2b_locked (top-1 F41.1 -> primary F41.1)
2026-04-30 17:49:56,131 culturedx.modes.hied INFO HiED manual scope mode: using 14 target disorders
2026-04-30 17:49:56,131 culturedx.modes.hied INFO Case 380913193: 14 candidate disorders from triage
2026-04-30 17:49:57,475 culturedx.modes.hied INFO Case 371726537: Diagnostician ranked 5 disorders, top-2: ['F32', 'F39']
2026-04-30 17:49:57,486 culturedx.modes.base INFO Checker timing: 5 disorders in 0.0s (0.0s/disorder, 5 workers)
2026-04-30 17:49:57,508 culturedx.modes.base INFO Checker timing: 9 disorders in 0.0s (0.0s/disorder, 9 workers)
2026-04-30 17:49:57,509 culturedx.modes.hied INFO Case 371726537: DtV primary from beta2b_locked (top-1 F32 -> primary F32)
2026-04-30 17:49:58,112 culturedx.modes.hied INFO Case 393761475: Diagnostician ranked 5 disorders, top-2: ['F41.1', 'F32']
2026-04-30 17:49:58,117 culturedx.modes.base INFO Checker timing: 5 disorders in 0.0s (0.0s/disorder, 5 workers)
2026-04-30 17:49:58,125 culturedx.modes.base INFO Checker timing: 9 disorders in 0.0s (0.0s/disorder, 9 workers)
2026-04-30 17:49:58,126 culturedx.modes.hied INFO Case 393761475: DtV primary from beta2b_locked (top-1 F41.1 -> primary F41.1)
2026-04-30 17:49:58,126 culturedx.modes.hied INFO HiED manual scope mode: using 14 target disorders
2026-04-30 17:49:58,126 culturedx.modes.hied INFO Case 393761475: 14 candidate disorders from triage
2026-04-30 17:49:58,638 culturedx.modes.hied INFO Case 312389408: Diagnostician ranked 5 disorders, top-2: ['F39', 'F51']
2026-04-30 17:49:58,642 culturedx.modes.base INFO Checker timing: 5 disorders in 0.0s (0.0s/disorder, 5 workers)
2026-04-30 17:49:58,662 culturedx.modes.base INFO Checker timing: 9 disorders in 0.0s (0.0s/disorder, 9 workers)
2026-04-30 17:49:58,662 culturedx.modes.hied INFO Case 312389408: DtV primary from beta2b_locked (top-1 F39 -> primary F39)
2026-04-30 17:49:58,677 culturedx.modes.hied INFO Case 332278660: Diagnostician ranked 5 disorders, top-2: ['F32', 'F39']
2026-04-30 17:49:58,680 culturedx.modes.base INFO Checker timing: 5 disorders in 0.0s (0.0s/disorder, 5 workers)
2026-04-30 17:49:58,689 culturedx.modes.base INFO Checker timing: 9 disorders in 0.0s (0.0s/disorder, 9 workers)
2026-04-30 17:49:58,689 culturedx.modes.hied INFO Case 332278660: DtV primary from beta2b_locked (top-1 F32 -> primary F32)
2026-04-30 17:49:59,738 culturedx.modes.hied INFO Case 380913193: Diagnostician ranked 5 disorders, top-2: ['F41.1', 'F32']
2026-04-30 17:49:59,741 culturedx.modes.base INFO Checker timing: 5 disorders in 0.0s (0.0s/disorder, 5 workers)
2026-04-30 17:49:59,747 culturedx.modes.base INFO Checker timing: 9 disorders in 0.0s (0.0s/disorder, 9 workers)
2026-04-30 17:49:59,747 culturedx.modes.hied INFO Case 380913193: DtV primary from beta2b_locked (top-1 F41.1 -> primary F41.1)
2026-04-30 17:50:01,086 culturedx.modes.hied INFO Case 393761475: Diagnostician ranked 5 disorders, top-2: ['F41.1', 'F39']
2026-04-30 17:50:01,089 culturedx.modes.base INFO Checker timing: 5 disorders in 0.0s (0.0s/disorder, 5 workers)
2026-04-30 17:50:01,094 culturedx.modes.base INFO Checker timing: 9 disorders in 0.0s (0.0s/disorder, 9 workers)
2026-04-30 17:50:01,095 culturedx.modes.hied INFO Case 393761475: DtV primary from beta2b_locked (top-1 F41.1 -> primary F41.1)
2026-04-30 17:50:01,118 culturedx.pipeline.runner INFO Table 4 (contract v2): Top-1=0.500 Top-3=0.750 F1_m=0.098 Overall=0.5439
Evaluation metrics: {'diagnosis': {'accuracy': 0.4, 'top1_accuracy': 0.5, 'top3_accuracy': 0.5, 'macro_f1': 0.21164021164021163, 'weighted_f1': 0.4523809523809524, 'overall': 0.41280423280423284}, 'comorbidity': {'hamming_accuracy': 0.45, 'subset_accuracy': 0.4, 'comorbidity_detection_f1': 0.0, 'label_coverage': 0.45, 'label_precision': 0.5, 'avg_predicted_labels': 1.0, 'avg_gold_labels': 1.1}, 'four_class': {'accuracy': 0.35, 'macro_f1': 0.23500000000000001, 'weighted_f1': 0.23500000000000001, 'n_cases': 20}, 'table4': {'2class_Acc': 0.875, '2class_F1_macro': 0.9285714285714286, '2class_F1_weighted': 0.9285714285714286, '4class_Acc': 0.4, '4class_F1_macro': 0.35625, '4class_F1_weighted': 0.31, '12class_Acc': 0.4, '12class_Top1': 0.5, '12class_Top3': 0.75, '12class_F1_macro': 0.09837962962962964, '12class_F1_weighted': 0.4356060606060606, '2class_n': 8, '4class_n': 20, '12class_n': 20, 'Overall': 0.5438525952162316}}
Predictions saved to results/gap_e_beta2b_native_smoke_20260430_174734/v1_beta2b/lingxi_both_n20/predictions.jsonl
Run complete.
