Loading dataset 'lingxidiag16k' from data/raw/lingxidiag16k...
Loaded 20 cases.
Mode: hied
2026-04-30 17:48:29,811 faiss.loader INFO Loading faiss with AVX2 support.
2026-04-30 17:48:29,820 faiss.loader INFO Successfully loaded faiss with AVX2 support.
2026-04-30 17:48:29,822 culturedx.retrieval.case_retriever INFO Loading FAISS index from data/cache/train_case_index.faiss
2026-04-30 17:48:29,912 culturedx.retrieval.case_retriever INFO CaseRetriever ready: 14000 cases indexed
RAG enabled: loaded data/cache/train_case_index.faiss
2026-04-30 17:48:29,919 culturedx.modes.hied WARNING DSM-5 reasoning is enabled with unverified criteria draft 0.1-DRAFT; supplementary outputs should be treated as experimental.
Target disorders: F20, F31, F32, F39, F41.0, F41.1, F42, F43.1, F43.2, F45, F51, F98, F41.2, Z71
HiED scope policy: manual
HiED execution mode: benchmark_manual_scope
Output directory: results/gap_e_beta2b_native_smoke_20260430_174734/v1_beta2b/lingxi_dsm5_n20
Running CultureDx mode=hied on 20 cases...
2026-04-30 17:48:29,921 culturedx.pipeline.runner INFO Processing case 1/20: 344699340
2026-04-30 17:48:29,922 culturedx.modes.hied INFO HiED manual scope mode: using 14 target disorders
2026-04-30 17:48:29,922 culturedx.modes.hied INFO Case 344699340: 14 candidate disorders from triage
2026-04-30 17:48:29,922 culturedx.pipeline.runner INFO Processing case 2/20: 374577341
2026-04-30 17:48:29,922 culturedx.pipeline.runner INFO Processing case 3/20: 350352506
2026-04-30 17:48:29,922 culturedx.modes.hied INFO HiED manual scope mode: using 14 target disorders
2026-04-30 17:48:29,922 culturedx.modes.hied INFO HiED manual scope mode: using 14 target disorders
2026-04-30 17:48:29,923 culturedx.modes.hied INFO Case 374577341: 14 candidate disorders from triage
2026-04-30 17:48:29,923 culturedx.pipeline.runner INFO Processing case 4/20: 318518739
2026-04-30 17:48:29,923 culturedx.modes.hied INFO Case 350352506: 14 candidate disorders from triage
2026-04-30 17:48:29,924 culturedx.modes.hied INFO HiED manual scope mode: using 14 target disorders
2026-04-30 17:48:29,925 culturedx.modes.hied INFO Case 318518739: 14 candidate disorders from triage
2026-04-30 17:48:29,925 culturedx.pipeline.runner INFO Processing case 6/20: 337522433
2026-04-30 17:48:29,924 culturedx.pipeline.runner INFO Processing case 5/20: 341328894
2026-04-30 17:48:29,925 culturedx.pipeline.runner INFO Processing case 7/20: 300493869
2026-04-30 17:48:29,925 culturedx.modes.hied INFO HiED manual scope mode: using 14 target disorders
2026-04-30 17:48:29,925 culturedx.pipeline.runner INFO Processing case 8/20: 347729413
2026-04-30 17:48:29,926 culturedx.modes.hied INFO HiED manual scope mode: using 14 target disorders
2026-04-30 17:48:29,926 culturedx.pipeline.runner INFO Processing case 9/20: 377662897
2026-04-30 17:48:29,926 culturedx.modes.hied INFO HiED manual scope mode: using 14 target disorders
2026-04-30 17:48:29,926 culturedx.pipeline.runner INFO Processing case 10/20: 303364596
2026-04-30 17:48:29,926 culturedx.modes.hied INFO Case 337522433: 14 candidate disorders from triage
2026-04-30 17:48:29,926 culturedx.modes.hied INFO HiED manual scope mode: using 14 target disorders
2026-04-30 17:48:29,926 culturedx.pipeline.runner INFO Processing case 11/20: 327826586
2026-04-30 17:48:29,926 culturedx.modes.hied INFO Case 341328894: 14 candidate disorders from triage
2026-04-30 17:48:29,926 culturedx.modes.hied INFO HiED manual scope mode: using 14 target disorders
2026-04-30 17:48:29,926 culturedx.pipeline.runner INFO Processing case 12/20: 371726537
2026-04-30 17:48:29,926 culturedx.modes.hied INFO Case 300493869: 14 candidate disorders from triage
2026-04-30 17:48:29,926 culturedx.pipeline.runner INFO Processing case 13/20: 388559461
2026-04-30 17:48:29,926 culturedx.modes.hied INFO HiED manual scope mode: using 14 target disorders
2026-04-30 17:48:29,931 culturedx.modes.hied INFO Case 303364596: 14 candidate disorders from triage
2026-04-30 17:48:29,927 culturedx.modes.hied INFO Case 347729413: 14 candidate disorders from triage
2026-04-30 17:48:29,927 culturedx.pipeline.runner INFO Processing case 15/20: 324224056
2026-04-30 17:48:29,927 culturedx.modes.hied INFO HiED manual scope mode: using 14 target disorders
2026-04-30 17:48:29,927 culturedx.modes.hied INFO Case 377662897: 14 candidate disorders from triage
2026-04-30 17:48:29,927 culturedx.pipeline.runner INFO Processing case 16/20: 368679677
2026-04-30 17:48:29,932 culturedx.modes.hied INFO HiED manual scope mode: using 14 target disorders
2026-04-30 17:48:29,928 culturedx.modes.hied INFO HiED manual scope mode: using 14 target disorders
2026-04-30 17:48:29,927 culturedx.pipeline.runner INFO Processing case 14/20: 341042297
2026-04-30 17:48:29,931 culturedx.modes.hied INFO HiED manual scope mode: using 14 target disorders
2026-04-30 17:48:29,931 culturedx.modes.hied INFO Case 327826586: 14 candidate disorders from triage
2026-04-30 17:48:29,928 culturedx.modes.hied INFO HiED manual scope mode: using 14 target disorders
2026-04-30 17:48:29,932 culturedx.modes.hied INFO Case 368679677: 14 candidate disorders from triage
2026-04-30 17:48:29,932 culturedx.modes.hied INFO Case 388559461: 14 candidate disorders from triage
2026-04-30 17:48:29,932 culturedx.modes.hied INFO HiED manual scope mode: using 14 target disorders
2026-04-30 17:48:29,932 culturedx.modes.hied INFO Case 324224056: 14 candidate disorders from triage
2026-04-30 17:48:29,933 culturedx.modes.hied INFO Case 371726537: 14 candidate disorders from triage
2026-04-30 17:48:29,933 culturedx.modes.hied INFO Case 341042297: 14 candidate disorders from triage
2026-04-30 17:48:31,555 culturedx.retrieval.case_retriever INFO Loading BGE-M3 encoder (first call)...
2026-04-30 17:48:31,787 httpx INFO HTTP Request: HEAD https://huggingface.co/BAAI/bge-m3/resolve/main/modules.json "HTTP/1.1 307 Temporary Redirect"
2026-04-30 17:48:31,800 httpx INFO HTTP Request: HEAD https://huggingface.co/api/resolve-cache/models/BAAI/bge-m3/5617a9f61b028005a4858fdac845db406aefb181/modules.json "HTTP/1.1 200 OK"
2026-04-30 17:48:32,005 httpx INFO HTTP Request: HEAD https://huggingface.co/BAAI/bge-m3/resolve/main/config_sentence_transformers.json "HTTP/1.1 307 Temporary Redirect"
2026-04-30 17:48:32,017 httpx INFO HTTP Request: HEAD https://huggingface.co/api/resolve-cache/models/BAAI/bge-m3/5617a9f61b028005a4858fdac845db406aefb181/config_sentence_transformers.json "HTTP/1.1 200 OK"
2026-04-30 17:48:32,017 sentence_transformers.base.model INFO Loading SentenceTransformer model from BAAI/bge-m3.
2026-04-30 17:48:32,216 httpx INFO HTTP Request: HEAD https://huggingface.co/BAAI/bge-m3/resolve/main/config_sentence_transformers.json "HTTP/1.1 307 Temporary Redirect"
2026-04-30 17:48:32,228 httpx INFO HTTP Request: HEAD https://huggingface.co/api/resolve-cache/models/BAAI/bge-m3/5617a9f61b028005a4858fdac845db406aefb181/config_sentence_transformers.json "HTTP/1.1 200 OK"
2026-04-30 17:48:32,430 httpx INFO HTTP Request: HEAD https://huggingface.co/BAAI/bge-m3/resolve/main/README.md "HTTP/1.1 307 Temporary Redirect"
2026-04-30 17:48:32,476 httpx INFO HTTP Request: HEAD https://huggingface.co/api/resolve-cache/models/BAAI/bge-m3/5617a9f61b028005a4858fdac845db406aefb181/README.md "HTTP/1.1 200 OK"
2026-04-30 17:48:32,676 httpx INFO HTTP Request: HEAD https://huggingface.co/BAAI/bge-m3/resolve/main/modules.json "HTTP/1.1 307 Temporary Redirect"
2026-04-30 17:48:32,688 httpx INFO HTTP Request: HEAD https://huggingface.co/api/resolve-cache/models/BAAI/bge-m3/5617a9f61b028005a4858fdac845db406aefb181/modules.json "HTTP/1.1 200 OK"
2026-04-30 17:48:32,944 httpx INFO HTTP Request: HEAD https://huggingface.co/BAAI/bge-m3/resolve/main/sentence_bert_config.json "HTTP/1.1 307 Temporary Redirect"
2026-04-30 17:48:32,993 httpx INFO HTTP Request: HEAD https://huggingface.co/api/resolve-cache/models/BAAI/bge-m3/5617a9f61b028005a4858fdac845db406aefb181/sentence_bert_config.json "HTTP/1.1 200 OK"
2026-04-30 17:48:33,218 httpx INFO HTTP Request: HEAD https://huggingface.co/BAAI/bge-m3/resolve/main/adapter_config.json "HTTP/1.1 404 Not Found"
2026-04-30 17:48:33,421 httpx INFO HTTP Request: HEAD https://huggingface.co/BAAI/bge-m3/resolve/main/config.json "HTTP/1.1 307 Temporary Redirect"
2026-04-30 17:48:33,434 httpx INFO HTTP Request: HEAD https://huggingface.co/api/resolve-cache/models/BAAI/bge-m3/5617a9f61b028005a4858fdac845db406aefb181/config.json "HTTP/1.1 200 OK"
2026-04-30 17:48:33,660 httpx INFO HTTP Request: HEAD https://huggingface.co/BAAI/bge-m3/resolve/main/model.safetensors "HTTP/1.1 404 Not Found"
Loading weights:   0%|          | 0/391 [00:00<?, ?it/s]Loading weights: 100%|██████████| 391/391 [00:00<00:00, 80528.99it/s]
2026-04-30 17:48:33,877 httpx INFO HTTP Request: GET https://huggingface.co/api/models/BAAI/bge-m3 "HTTP/1.1 200 OK"
2026-04-30 17:48:33,957 httpx INFO HTTP Request: HEAD https://huggingface.co/BAAI/bge-m3/resolve/main/processor_config.json "HTTP/1.1 404 Not Found"
2026-04-30 17:48:34,119 httpx INFO HTTP Request: GET https://huggingface.co/api/models/BAAI/bge-m3/commits/main "HTTP/1.1 200 OK"
2026-04-30 17:48:34,162 httpx INFO HTTP Request: HEAD https://huggingface.co/BAAI/bge-m3/resolve/main/preprocessor_config.json "HTTP/1.1 404 Not Found"
2026-04-30 17:48:34,368 httpx INFO HTTP Request: HEAD https://huggingface.co/BAAI/bge-m3/resolve/main/video_preprocessor_config.json "HTTP/1.1 404 Not Found"
2026-04-30 17:48:34,399 httpx INFO HTTP Request: GET https://huggingface.co/api/models/BAAI/bge-m3/discussions?p=0 "HTTP/1.1 200 OK"
2026-04-30 17:48:34,571 httpx INFO HTTP Request: HEAD https://huggingface.co/BAAI/bge-m3/resolve/main/preprocessor_config.json "HTTP/1.1 404 Not Found"
2026-04-30 17:48:34,665 httpx INFO HTTP Request: GET https://huggingface.co/api/models/BAAI/bge-m3/commits/refs%2Fpr%2F130 "HTTP/1.1 200 OK"
2026-04-30 17:48:34,778 httpx INFO HTTP Request: HEAD https://huggingface.co/BAAI/bge-m3/resolve/main/tokenizer_config.json "HTTP/1.1 307 Temporary Redirect"
2026-04-30 17:48:34,790 httpx INFO HTTP Request: HEAD https://huggingface.co/api/resolve-cache/models/BAAI/bge-m3/5617a9f61b028005a4858fdac845db406aefb181/tokenizer_config.json "HTTP/1.1 200 OK"
2026-04-30 17:48:34,879 httpx INFO HTTP Request: HEAD https://huggingface.co/BAAI/bge-m3/resolve/refs%2Fpr%2F130/model.safetensors.index.json "HTTP/1.1 404 Not Found"
2026-04-30 17:48:35,006 httpx INFO HTTP Request: HEAD https://huggingface.co/BAAI/bge-m3/resolve/main/config.json "HTTP/1.1 307 Temporary Redirect"
2026-04-30 17:48:35,017 httpx INFO HTTP Request: HEAD https://huggingface.co/api/resolve-cache/models/BAAI/bge-m3/5617a9f61b028005a4858fdac845db406aefb181/config.json "HTTP/1.1 200 OK"
2026-04-30 17:48:35,081 httpx INFO HTTP Request: HEAD https://huggingface.co/BAAI/bge-m3/resolve/refs%2Fpr%2F130/model.safetensors "HTTP/1.1 302 Found"
2026-04-30 17:48:35,259 httpx INFO HTTP Request: HEAD https://huggingface.co/BAAI/bge-m3/resolve/main/config.json "HTTP/1.1 307 Temporary Redirect"
2026-04-30 17:48:35,273 httpx INFO HTTP Request: HEAD https://huggingface.co/api/resolve-cache/models/BAAI/bge-m3/5617a9f61b028005a4858fdac845db406aefb181/config.json "HTTP/1.1 200 OK"
2026-04-30 17:48:35,479 httpx INFO HTTP Request: HEAD https://huggingface.co/BAAI/bge-m3/resolve/main/tokenizer_config.json "HTTP/1.1 307 Temporary Redirect"
2026-04-30 17:48:35,492 httpx INFO HTTP Request: HEAD https://huggingface.co/api/resolve-cache/models/BAAI/bge-m3/5617a9f61b028005a4858fdac845db406aefb181/tokenizer_config.json "HTTP/1.1 200 OK"
2026-04-30 17:48:35,700 httpx INFO HTTP Request: GET https://huggingface.co/api/models/BAAI/bge-m3/tree/main/additional_chat_templates?recursive=false&expand=false "HTTP/1.1 404 Not Found"
2026-04-30 17:48:35,904 httpx INFO HTTP Request: GET https://huggingface.co/api/models/BAAI/bge-m3/tree/main?recursive=true&expand=false "HTTP/1.1 200 OK"
2026-04-30 17:48:37,404 httpx INFO HTTP Request: GET https://huggingface.co/api/models/BAAI/bge-m3 "HTTP/1.1 200 OK"
2026-04-30 17:48:37,618 httpx INFO HTTP Request: HEAD https://huggingface.co/BAAI/bge-m3/resolve/main/1_Pooling/config.json "HTTP/1.1 307 Temporary Redirect"
2026-04-30 17:48:37,667 httpx INFO HTTP Request: HEAD https://huggingface.co/api/resolve-cache/models/BAAI/bge-m3/5617a9f61b028005a4858fdac845db406aefb181/1_Pooling%2Fconfig.json "HTTP/1.1 200 OK"
2026-04-30 17:48:37,876 httpx INFO HTTP Request: GET https://huggingface.co/api/models/BAAI/bge-m3 "HTTP/1.1 200 OK"
2026-04-30 17:48:37,879 culturedx.retrieval.case_retriever INFO BGE-M3 encoder loaded.
2026-04-30 17:48:50,914 culturedx.modes.hied INFO Case 377662897: Diagnostician ranked 5 disorders, top-2: ['F32', 'F41.1']
2026-04-30 17:48:50,930 culturedx.modes.base INFO Checker timing: 5 disorders in 0.0s (0.0s/disorder, 5 workers)
2026-04-30 17:48:50,994 culturedx.modes.base INFO Checker timing: 9 disorders in 0.1s (0.0s/disorder, 9 workers)
2026-04-30 17:48:50,995 culturedx.modes.hied INFO Case 377662897: DtV primary from beta2b_locked (top-1 F32 -> primary F32)
2026-04-30 17:48:50,995 culturedx.pipeline.runner INFO Processing case 17/20: 332278660
2026-04-30 17:48:50,995 culturedx.modes.hied INFO HiED manual scope mode: using 14 target disorders
2026-04-30 17:48:50,996 culturedx.modes.hied INFO Case 332278660: 14 candidate disorders from triage
2026-04-30 17:48:51,432 culturedx.modes.hied INFO Case 347729413: Diagnostician ranked 5 disorders, top-2: ['F32', 'F39']
2026-04-30 17:48:51,550 culturedx.modes.base INFO Checker timing: 5 disorders in 0.1s (0.0s/disorder, 5 workers)
2026-04-30 17:48:51,576 culturedx.modes.base INFO Checker timing: 9 disorders in 0.0s (0.0s/disorder, 9 workers)
2026-04-30 17:48:51,577 culturedx.modes.hied INFO Case 347729413: DtV primary from beta2b_locked (top-1 F32 -> primary F32)
2026-04-30 17:48:51,577 culturedx.pipeline.runner INFO Processing case 18/20: 312389408
2026-04-30 17:48:51,577 culturedx.modes.hied INFO HiED manual scope mode: using 14 target disorders
2026-04-30 17:48:51,577 culturedx.modes.hied INFO Case 312389408: 14 candidate disorders from triage
2026-04-30 17:48:53,764 culturedx.modes.hied INFO Case 300493869: Diagnostician ranked 5 disorders, top-2: ['F41.1', 'F32']
2026-04-30 17:48:53,768 culturedx.modes.base INFO Checker timing: 5 disorders in 0.0s (0.0s/disorder, 5 workers)
2026-04-30 17:48:53,774 culturedx.modes.base INFO Checker timing: 9 disorders in 0.0s (0.0s/disorder, 9 workers)
2026-04-30 17:48:53,775 culturedx.modes.hied INFO Case 300493869: DtV primary from beta2b_locked (top-1 F41.1 -> primary F41.1)
2026-04-30 17:48:53,775 culturedx.pipeline.runner INFO Processing case 19/20: 380913193
2026-04-30 17:48:53,775 culturedx.modes.hied INFO HiED manual scope mode: using 14 target disorders
2026-04-30 17:48:53,775 culturedx.modes.hied INFO Case 380913193: 14 candidate disorders from triage
2026-04-30 17:48:55,596 culturedx.modes.hied INFO Case 324224056: Diagnostician ranked 5 disorders, top-2: ['F41.1', 'F32']
2026-04-30 17:48:55,602 culturedx.modes.base INFO Checker timing: 5 disorders in 0.0s (0.0s/disorder, 5 workers)
2026-04-30 17:48:55,608 culturedx.modes.base INFO Checker timing: 9 disorders in 0.0s (0.0s/disorder, 9 workers)
2026-04-30 17:48:55,609 culturedx.modes.hied INFO Case 324224056: DtV primary from beta2b_locked (top-1 F41.1 -> primary F41.1)
2026-04-30 17:48:55,609 culturedx.pipeline.runner INFO Processing case 20/20: 393761475
2026-04-30 17:48:55,609 culturedx.modes.hied INFO HiED manual scope mode: using 14 target disorders
2026-04-30 17:48:55,609 culturedx.modes.hied INFO Case 393761475: 14 candidate disorders from triage
2026-04-30 17:48:55,770 culturedx.modes.hied INFO Case 341042297: Diagnostician ranked 5 disorders, top-2: ['F32', 'F41.1']
2026-04-30 17:48:55,833 culturedx.modes.base INFO Checker timing: 5 disorders in 0.1s (0.0s/disorder, 5 workers)
2026-04-30 17:48:55,916 culturedx.modes.hied INFO Case 327826586: Diagnostician ranked 5 disorders, top-2: ['F32', 'F41.1']
2026-04-30 17:48:55,948 culturedx.modes.base INFO Checker timing: 5 disorders in 0.0s (0.0s/disorder, 5 workers)
2026-04-30 17:48:55,970 culturedx.modes.base INFO Checker timing: 9 disorders in 0.1s (0.0s/disorder, 9 workers)
2026-04-30 17:48:55,972 culturedx.modes.hied INFO Case 341042297: DtV primary from beta2b_locked (top-1 F32 -> primary F32)
2026-04-30 17:48:55,974 culturedx.modes.base INFO Checker timing: 9 disorders in 0.0s (0.0s/disorder, 9 workers)
2026-04-30 17:48:55,975 culturedx.modes.hied INFO Case 327826586: DtV primary from beta2b_locked (top-1 F32 -> primary F32)
2026-04-30 17:48:56,379 culturedx.modes.hied INFO Case 388559461: Diagnostician ranked 5 disorders, top-2: ['F32', 'F39']
2026-04-30 17:48:56,384 culturedx.modes.base INFO Checker timing: 5 disorders in 0.0s (0.0s/disorder, 5 workers)
2026-04-30 17:48:56,442 culturedx.modes.base INFO Checker timing: 9 disorders in 0.1s (0.0s/disorder, 9 workers)
2026-04-30 17:48:56,443 culturedx.modes.hied INFO Case 388559461: DtV primary from beta2b_locked (top-1 F32 -> primary F32)
2026-04-30 17:48:56,578 culturedx.modes.hied INFO Case 350352506: Diagnostician ranked 5 disorders, top-2: ['F32', 'F41.1']
2026-04-30 17:48:56,585 culturedx.modes.base INFO Checker timing: 5 disorders in 0.0s (0.0s/disorder, 5 workers)
2026-04-30 17:48:56,624 culturedx.modes.base INFO Checker timing: 9 disorders in 0.0s (0.0s/disorder, 9 workers)
2026-04-30 17:48:56,625 culturedx.modes.hied INFO Case 350352506: DtV primary from beta2b_locked (top-1 F32 -> primary F32)
2026-04-30 17:48:56,980 culturedx.modes.hied INFO Case 303364596: Diagnostician ranked 5 disorders, top-2: ['F32', 'F41.1']
2026-04-30 17:48:57,081 culturedx.modes.base INFO Checker timing: 5 disorders in 0.1s (0.0s/disorder, 5 workers)
2026-04-30 17:48:57,169 culturedx.modes.base INFO Checker timing: 9 disorders in 0.1s (0.0s/disorder, 9 workers)
2026-04-30 17:48:57,170 culturedx.modes.hied INFO Case 303364596: DtV primary from beta2b_locked (top-1 F32 -> primary F32)
2026-04-30 17:48:57,361 culturedx.modes.hied INFO Case 368679677: Diagnostician ranked 5 disorders, top-2: ['F32', 'F43.2']
2026-04-30 17:48:57,369 culturedx.modes.base INFO Checker timing: 5 disorders in 0.0s (0.0s/disorder, 5 workers)
2026-04-30 17:48:57,386 culturedx.modes.base INFO Checker timing: 9 disorders in 0.0s (0.0s/disorder, 9 workers)
2026-04-30 17:48:57,387 culturedx.modes.hied INFO Case 368679677: DtV primary from beta2b_locked (top-1 F32 -> primary F32)
2026-04-30 17:48:57,455 culturedx.modes.hied INFO Case 318518739: Diagnostician ranked 5 disorders, top-2: ['F32', 'F51']
2026-04-30 17:48:57,462 culturedx.modes.base INFO Checker timing: 5 disorders in 0.0s (0.0s/disorder, 5 workers)
2026-04-30 17:48:57,472 culturedx.modes.base INFO Checker timing: 9 disorders in 0.0s (0.0s/disorder, 9 workers)
2026-04-30 17:48:57,473 culturedx.modes.hied INFO Case 318518739: DtV primary from beta2b_locked (top-1 F32 -> primary F32)
2026-04-30 17:48:58,116 culturedx.modes.hied INFO Case 337522433: Diagnostician ranked 5 disorders, top-2: ['F32', 'F41.1']
2026-04-30 17:48:58,131 culturedx.modes.base INFO Checker timing: 5 disorders in 0.0s (0.0s/disorder, 5 workers)
2026-04-30 17:48:58,171 culturedx.modes.base INFO Checker timing: 9 disorders in 0.0s (0.0s/disorder, 9 workers)
2026-04-30 17:48:58,172 culturedx.modes.hied INFO Case 337522433: DtV primary from beta2b_locked (top-1 F32 -> primary F32)
2026-04-30 17:48:58,908 culturedx.modes.hied INFO Case 374577341: Diagnostician ranked 5 disorders, top-2: ['F41.1', 'F39']
2026-04-30 17:48:58,919 culturedx.modes.base INFO Checker timing: 5 disorders in 0.0s (0.0s/disorder, 5 workers)
2026-04-30 17:48:58,945 culturedx.modes.base INFO Checker timing: 9 disorders in 0.0s (0.0s/disorder, 9 workers)
2026-04-30 17:48:58,945 culturedx.modes.hied INFO Case 374577341: DtV primary from beta2b_locked (top-1 F41.1 -> primary F41.1)
2026-04-30 17:48:58,969 culturedx.modes.hied INFO Case 344699340: Diagnostician ranked 5 disorders, top-2: ['F32', 'F39']
2026-04-30 17:48:58,983 culturedx.modes.base INFO Checker timing: 5 disorders in 0.0s (0.0s/disorder, 5 workers)
2026-04-30 17:48:58,994 culturedx.modes.base INFO Checker timing: 9 disorders in 0.0s (0.0s/disorder, 9 workers)
2026-04-30 17:48:58,995 culturedx.modes.hied INFO Case 344699340: DtV primary from beta2b_locked (top-1 F32 -> primary F32)
2026-04-30 17:48:59,591 culturedx.modes.hied INFO Case 341328894: Diagnostician ranked 5 disorders, top-2: ['F41.1', 'F32']
2026-04-30 17:48:59,599 culturedx.modes.base INFO Checker timing: 5 disorders in 0.0s (0.0s/disorder, 5 workers)
2026-04-30 17:48:59,628 culturedx.modes.base INFO Checker timing: 9 disorders in 0.0s (0.0s/disorder, 9 workers)
2026-04-30 17:48:59,629 culturedx.modes.hied INFO Case 341328894: DtV primary from beta2b_locked (top-1 F41.1 -> primary F41.1)
2026-04-30 17:49:00,307 culturedx.modes.hied INFO Case 371726537: Diagnostician ranked 5 disorders, top-2: ['F32', 'F39']
2026-04-30 17:49:00,316 culturedx.modes.base INFO Checker timing: 5 disorders in 0.0s (0.0s/disorder, 5 workers)
2026-04-30 17:49:00,339 culturedx.modes.base INFO Checker timing: 9 disorders in 0.0s (0.0s/disorder, 9 workers)
2026-04-30 17:49:00,340 culturedx.modes.hied INFO Case 371726537: DtV primary from beta2b_locked (top-1 F32 -> primary F32)
2026-04-30 17:49:01,143 culturedx.modes.hied INFO Case 312389408: Diagnostician ranked 5 disorders, top-2: ['F39', 'F51']
2026-04-30 17:49:01,151 culturedx.modes.base INFO Checker timing: 5 disorders in 0.0s (0.0s/disorder, 5 workers)
2026-04-30 17:49:01,170 culturedx.modes.base INFO Checker timing: 9 disorders in 0.0s (0.0s/disorder, 9 workers)
2026-04-30 17:49:01,171 culturedx.modes.hied INFO Case 312389408: DtV primary from beta2b_locked (top-1 F39 -> primary F39)
2026-04-30 17:49:01,318 culturedx.modes.hied INFO Case 332278660: Diagnostician ranked 5 disorders, top-2: ['F32', 'F39']
2026-04-30 17:49:01,324 culturedx.modes.base INFO Checker timing: 5 disorders in 0.0s (0.0s/disorder, 5 workers)
2026-04-30 17:49:01,344 culturedx.modes.base INFO Checker timing: 9 disorders in 0.0s (0.0s/disorder, 9 workers)
2026-04-30 17:49:01,345 culturedx.modes.hied INFO Case 332278660: DtV primary from beta2b_locked (top-1 F32 -> primary F32)
2026-04-30 17:49:01,561 culturedx.modes.hied INFO Case 380913193: Diagnostician ranked 5 disorders, top-2: ['F41.1', 'F32']
2026-04-30 17:49:01,573 culturedx.modes.base INFO Checker timing: 5 disorders in 0.0s (0.0s/disorder, 5 workers)
2026-04-30 17:49:01,581 culturedx.modes.base INFO Checker timing: 9 disorders in 0.0s (0.0s/disorder, 9 workers)
2026-04-30 17:49:01,581 culturedx.modes.hied INFO Case 380913193: DtV primary from beta2b_locked (top-1 F41.1 -> primary F41.1)
2026-04-30 17:49:02,250 culturedx.modes.hied INFO Case 393761475: Diagnostician ranked 5 disorders, top-2: ['F41.1', 'F39']
2026-04-30 17:49:02,257 culturedx.modes.base INFO Checker timing: 5 disorders in 0.0s (0.0s/disorder, 5 workers)
2026-04-30 17:49:02,263 culturedx.modes.base INFO Checker timing: 9 disorders in 0.0s (0.0s/disorder, 9 workers)
2026-04-30 17:49:02,263 culturedx.modes.hied INFO Case 393761475: DtV primary from beta2b_locked (top-1 F41.1 -> primary F41.1)
2026-04-30 17:49:02,340 culturedx.pipeline.runner INFO Table 4 (contract v2): Top-1=0.550 Top-3=0.650 F1_m=0.106 Overall=0.5311
Evaluation metrics: {'diagnosis': {'accuracy': 0.45, 'top1_accuracy': 0.55, 'top3_accuracy': 0.55, 'macro_f1': 0.27669172932330827, 'weighted_f1': 0.5007518796992481, 'overall': 0.4654887218045113}, 'comorbidity': {'hamming_accuracy': 0.5, 'subset_accuracy': 0.45, 'comorbidity_detection_f1': 0.0, 'label_coverage': 0.5, 'label_precision': 0.55, 'avg_predicted_labels': 1.0, 'avg_gold_labels': 1.1}, 'four_class': {'accuracy': 0.35, 'macro_f1': 0.23058823529411768, 'weighted_f1': 0.23058823529411768, 'n_cases': 20}, 'table4': {'2class_Acc': 0.875, '2class_F1_macro': 0.9285714285714286, '2class_F1_weighted': 0.9285714285714286, '4class_Acc': 0.35, '4class_F1_macro': 0.2882352941176471, '4class_F1_weighted': 0.23058823529411768, '12class_Acc': 0.45, '12class_Top1': 0.55, '12class_Top3': 0.65, '12class_F1_macro': 0.106359649122807, '12class_F1_weighted': 0.4844497607655503, '2class_n': 8, '4class_n': 20, '12class_n': 20, 'Overall': 0.531070526949362}}
Predictions saved to results/gap_e_beta2b_native_smoke_20260430_174734/v1_beta2b/lingxi_dsm5_n20/predictions.jsonl
Run complete.
