Loading dataset 'lingxidiag16k' from data/raw/lingxidiag16k...
Loaded 20 cases.
Mode: hied
2026-04-30 18:04:37,772 faiss.loader INFO Loading faiss with AVX2 support.
2026-04-30 18:04:37,782 faiss.loader INFO Successfully loaded faiss with AVX2 support.
2026-04-30 18:04:37,784 culturedx.retrieval.case_retriever INFO Loading FAISS index from data/cache/train_case_index.faiss
2026-04-30 18:04:37,896 culturedx.retrieval.case_retriever INFO CaseRetriever ready: 14000 cases indexed
RAG enabled: loaded data/cache/train_case_index.faiss
2026-04-30 18:04:37,905 culturedx.modes.hied WARNING DSM-5 reasoning is enabled with unverified criteria draft 0.1-DRAFT; supplementary outputs should be treated as experimental.
Target disorders: F20, F31, F32, F39, F41.0, F41.1, F42, F43.1, F43.2, F45, F51, F98, F41.2, Z71
HiED scope policy: manual
HiED execution mode: benchmark_manual_scope
Output directory: results/gap_e_beta2b_native_smoke_20260430_174734/v2_default/lingxi_dsm5_n20
Running CultureDx mode=hied on 20 cases...
2026-04-30 18:04:37,908 culturedx.pipeline.runner INFO Processing case 1/20: 344699340
2026-04-30 18:04:37,908 culturedx.modes.hied INFO HiED manual scope mode: using 14 target disorders
2026-04-30 18:04:37,908 culturedx.modes.hied INFO Case 344699340: 14 candidate disorders from triage
2026-04-30 18:04:37,908 culturedx.pipeline.runner INFO Processing case 2/20: 374577341
2026-04-30 18:04:37,908 culturedx.modes.hied INFO HiED manual scope mode: using 14 target disorders
2026-04-30 18:04:37,908 culturedx.modes.hied INFO Case 374577341: 14 candidate disorders from triage
2026-04-30 18:04:37,909 culturedx.pipeline.runner INFO Processing case 3/20: 350352506
2026-04-30 18:04:37,909 culturedx.modes.hied INFO HiED manual scope mode: using 14 target disorders
2026-04-30 18:04:37,909 culturedx.modes.hied INFO Case 350352506: 14 candidate disorders from triage
2026-04-30 18:04:37,909 culturedx.pipeline.runner INFO Processing case 4/20: 318518739
2026-04-30 18:04:37,909 culturedx.modes.hied INFO HiED manual scope mode: using 14 target disorders
2026-04-30 18:04:37,909 culturedx.modes.hied INFO Case 318518739: 14 candidate disorders from triage
2026-04-30 18:04:37,910 culturedx.pipeline.runner INFO Processing case 5/20: 341328894
2026-04-30 18:04:37,910 culturedx.modes.hied INFO HiED manual scope mode: using 14 target disorders
2026-04-30 18:04:37,910 culturedx.modes.hied INFO Case 341328894: 14 candidate disorders from triage
2026-04-30 18:04:37,910 culturedx.pipeline.runner INFO Processing case 6/20: 337522433
2026-04-30 18:04:37,910 culturedx.modes.hied INFO HiED manual scope mode: using 14 target disorders
2026-04-30 18:04:37,910 culturedx.modes.hied INFO Case 337522433: 14 candidate disorders from triage
2026-04-30 18:04:37,910 culturedx.pipeline.runner INFO Processing case 7/20: 300493869
2026-04-30 18:04:37,911 culturedx.modes.hied INFO HiED manual scope mode: using 14 target disorders
2026-04-30 18:04:37,911 culturedx.modes.hied INFO Case 300493869: 14 candidate disorders from triage
2026-04-30 18:04:37,911 culturedx.pipeline.runner INFO Processing case 8/20: 347729413
2026-04-30 18:04:37,911 culturedx.modes.hied INFO HiED manual scope mode: using 14 target disorders
2026-04-30 18:04:37,911 culturedx.modes.hied INFO Case 347729413: 14 candidate disorders from triage
2026-04-30 18:04:37,911 culturedx.pipeline.runner INFO Processing case 9/20: 377662897
2026-04-30 18:04:37,911 culturedx.modes.hied INFO HiED manual scope mode: using 14 target disorders
2026-04-30 18:04:37,911 culturedx.modes.hied INFO Case 377662897: 14 candidate disorders from triage
2026-04-30 18:04:37,912 culturedx.pipeline.runner INFO Processing case 10/20: 303364596
2026-04-30 18:04:37,912 culturedx.modes.hied INFO HiED manual scope mode: using 14 target disorders
2026-04-30 18:04:37,912 culturedx.modes.hied INFO Case 303364596: 14 candidate disorders from triage
2026-04-30 18:04:37,912 culturedx.pipeline.runner INFO Processing case 11/20: 327826586
2026-04-30 18:04:37,912 culturedx.modes.hied INFO HiED manual scope mode: using 14 target disorders
2026-04-30 18:04:37,912 culturedx.modes.hied INFO Case 327826586: 14 candidate disorders from triage
2026-04-30 18:04:37,913 culturedx.pipeline.runner INFO Processing case 12/20: 371726537
2026-04-30 18:04:37,913 culturedx.modes.hied INFO HiED manual scope mode: using 14 target disorders
2026-04-30 18:04:37,913 culturedx.modes.hied INFO Case 371726537: 14 candidate disorders from triage
2026-04-30 18:04:37,913 culturedx.pipeline.runner INFO Processing case 13/20: 388559461
2026-04-30 18:04:37,913 culturedx.modes.hied INFO HiED manual scope mode: using 14 target disorders
2026-04-30 18:04:37,913 culturedx.modes.hied INFO Case 388559461: 14 candidate disorders from triage
2026-04-30 18:04:37,914 culturedx.pipeline.runner INFO Processing case 14/20: 341042297
2026-04-30 18:04:37,914 culturedx.modes.hied INFO HiED manual scope mode: using 14 target disorders
2026-04-30 18:04:37,914 culturedx.modes.hied INFO Case 341042297: 14 candidate disorders from triage
2026-04-30 18:04:37,914 culturedx.pipeline.runner INFO Processing case 15/20: 324224056
2026-04-30 18:04:37,914 culturedx.modes.hied INFO HiED manual scope mode: using 14 target disorders
2026-04-30 18:04:37,914 culturedx.modes.hied INFO Case 324224056: 14 candidate disorders from triage
2026-04-30 18:04:37,914 culturedx.pipeline.runner INFO Processing case 16/20: 368679677
2026-04-30 18:04:37,915 culturedx.modes.hied INFO HiED manual scope mode: using 14 target disorders
2026-04-30 18:04:37,915 culturedx.modes.hied INFO Case 368679677: 14 candidate disorders from triage
2026-04-30 18:04:39,931 culturedx.retrieval.case_retriever INFO Loading BGE-M3 encoder (first call)...
2026-04-30 18:04:40,219 httpx INFO HTTP Request: HEAD https://huggingface.co/BAAI/bge-m3/resolve/main/modules.json "HTTP/1.1 307 Temporary Redirect"
2026-04-30 18:04:40,232 httpx INFO HTTP Request: HEAD https://huggingface.co/api/resolve-cache/models/BAAI/bge-m3/5617a9f61b028005a4858fdac845db406aefb181/modules.json "HTTP/1.1 200 OK"
2026-04-30 18:04:40,439 httpx INFO HTTP Request: HEAD https://huggingface.co/BAAI/bge-m3/resolve/main/config_sentence_transformers.json "HTTP/1.1 307 Temporary Redirect"
2026-04-30 18:04:40,452 httpx INFO HTTP Request: HEAD https://huggingface.co/api/resolve-cache/models/BAAI/bge-m3/5617a9f61b028005a4858fdac845db406aefb181/config_sentence_transformers.json "HTTP/1.1 200 OK"
2026-04-30 18:04:40,453 sentence_transformers.base.model INFO Loading SentenceTransformer model from BAAI/bge-m3.
2026-04-30 18:04:40,654 httpx INFO HTTP Request: HEAD https://huggingface.co/BAAI/bge-m3/resolve/main/config_sentence_transformers.json "HTTP/1.1 307 Temporary Redirect"
2026-04-30 18:04:40,667 httpx INFO HTTP Request: HEAD https://huggingface.co/api/resolve-cache/models/BAAI/bge-m3/5617a9f61b028005a4858fdac845db406aefb181/config_sentence_transformers.json "HTTP/1.1 200 OK"
2026-04-30 18:04:40,873 httpx INFO HTTP Request: HEAD https://huggingface.co/BAAI/bge-m3/resolve/main/README.md "HTTP/1.1 307 Temporary Redirect"
2026-04-30 18:04:40,886 httpx INFO HTTP Request: HEAD https://huggingface.co/api/resolve-cache/models/BAAI/bge-m3/5617a9f61b028005a4858fdac845db406aefb181/README.md "HTTP/1.1 200 OK"
2026-04-30 18:04:41,091 httpx INFO HTTP Request: HEAD https://huggingface.co/BAAI/bge-m3/resolve/main/modules.json "HTTP/1.1 307 Temporary Redirect"
2026-04-30 18:04:41,105 httpx INFO HTTP Request: HEAD https://huggingface.co/api/resolve-cache/models/BAAI/bge-m3/5617a9f61b028005a4858fdac845db406aefb181/modules.json "HTTP/1.1 200 OK"
2026-04-30 18:04:41,312 httpx INFO HTTP Request: HEAD https://huggingface.co/BAAI/bge-m3/resolve/main/sentence_bert_config.json "HTTP/1.1 307 Temporary Redirect"
2026-04-30 18:04:41,324 httpx INFO HTTP Request: HEAD https://huggingface.co/api/resolve-cache/models/BAAI/bge-m3/5617a9f61b028005a4858fdac845db406aefb181/sentence_bert_config.json "HTTP/1.1 200 OK"
2026-04-30 18:04:41,530 httpx INFO HTTP Request: HEAD https://huggingface.co/BAAI/bge-m3/resolve/main/adapter_config.json "HTTP/1.1 404 Not Found"
2026-04-30 18:04:41,744 httpx INFO HTTP Request: HEAD https://huggingface.co/BAAI/bge-m3/resolve/main/config.json "HTTP/1.1 307 Temporary Redirect"
2026-04-30 18:04:41,757 httpx INFO HTTP Request: HEAD https://huggingface.co/api/resolve-cache/models/BAAI/bge-m3/5617a9f61b028005a4858fdac845db406aefb181/config.json "HTTP/1.1 200 OK"
2026-04-30 18:04:42,013 httpx INFO HTTP Request: HEAD https://huggingface.co/BAAI/bge-m3/resolve/main/model.safetensors "HTTP/1.1 404 Not Found"
Loading weights:   0%|          | 0/391 [00:00<?, ?it/s]Loading weights: 100%|██████████| 391/391 [00:00<00:00, 80560.64it/s]
2026-04-30 18:04:42,224 httpx INFO HTTP Request: GET https://huggingface.co/api/models/BAAI/bge-m3 "HTTP/1.1 200 OK"
2026-04-30 18:04:42,318 httpx INFO HTTP Request: HEAD https://huggingface.co/BAAI/bge-m3/resolve/main/processor_config.json "HTTP/1.1 404 Not Found"
2026-04-30 18:04:42,457 httpx INFO HTTP Request: GET https://huggingface.co/api/models/BAAI/bge-m3/commits/main "HTTP/1.1 200 OK"
2026-04-30 18:04:42,526 httpx INFO HTTP Request: HEAD https://huggingface.co/BAAI/bge-m3/resolve/main/preprocessor_config.json "HTTP/1.1 404 Not Found"
2026-04-30 18:04:42,703 httpx INFO HTTP Request: GET https://huggingface.co/api/models/BAAI/bge-m3/discussions?p=0 "HTTP/1.1 200 OK"
2026-04-30 18:04:42,733 httpx INFO HTTP Request: HEAD https://huggingface.co/BAAI/bge-m3/resolve/main/video_preprocessor_config.json "HTTP/1.1 404 Not Found"
2026-04-30 18:04:42,934 httpx INFO HTTP Request: GET https://huggingface.co/api/models/BAAI/bge-m3/commits/refs%2Fpr%2F130 "HTTP/1.1 200 OK"
2026-04-30 18:04:43,121 httpx INFO HTTP Request: HEAD https://huggingface.co/BAAI/bge-m3/resolve/main/preprocessor_config.json "HTTP/1.1 404 Not Found"
2026-04-30 18:04:43,145 httpx INFO HTTP Request: HEAD https://huggingface.co/BAAI/bge-m3/resolve/refs%2Fpr%2F130/model.safetensors.index.json "HTTP/1.1 404 Not Found"
2026-04-30 18:04:43,326 httpx INFO HTTP Request: HEAD https://huggingface.co/BAAI/bge-m3/resolve/main/tokenizer_config.json "HTTP/1.1 307 Temporary Redirect"
2026-04-30 18:04:43,339 httpx INFO HTTP Request: HEAD https://huggingface.co/api/resolve-cache/models/BAAI/bge-m3/5617a9f61b028005a4858fdac845db406aefb181/tokenizer_config.json "HTTP/1.1 200 OK"
2026-04-30 18:04:43,349 httpx INFO HTTP Request: HEAD https://huggingface.co/BAAI/bge-m3/resolve/refs%2Fpr%2F130/model.safetensors "HTTP/1.1 302 Found"
2026-04-30 18:04:43,542 httpx INFO HTTP Request: HEAD https://huggingface.co/BAAI/bge-m3/resolve/main/config.json "HTTP/1.1 307 Temporary Redirect"
2026-04-30 18:04:43,557 httpx INFO HTTP Request: HEAD https://huggingface.co/api/resolve-cache/models/BAAI/bge-m3/5617a9f61b028005a4858fdac845db406aefb181/config.json "HTTP/1.1 200 OK"
2026-04-30 18:04:43,765 httpx INFO HTTP Request: HEAD https://huggingface.co/BAAI/bge-m3/resolve/main/config.json "HTTP/1.1 307 Temporary Redirect"
2026-04-30 18:04:43,778 httpx INFO HTTP Request: HEAD https://huggingface.co/api/resolve-cache/models/BAAI/bge-m3/5617a9f61b028005a4858fdac845db406aefb181/config.json "HTTP/1.1 200 OK"
2026-04-30 18:04:43,990 httpx INFO HTTP Request: HEAD https://huggingface.co/BAAI/bge-m3/resolve/main/tokenizer_config.json "HTTP/1.1 307 Temporary Redirect"
2026-04-30 18:04:44,003 httpx INFO HTTP Request: HEAD https://huggingface.co/api/resolve-cache/models/BAAI/bge-m3/5617a9f61b028005a4858fdac845db406aefb181/tokenizer_config.json "HTTP/1.1 200 OK"
2026-04-30 18:04:44,215 httpx INFO HTTP Request: GET https://huggingface.co/api/models/BAAI/bge-m3/tree/main/additional_chat_templates?recursive=false&expand=false "HTTP/1.1 404 Not Found"
2026-04-30 18:04:44,428 httpx INFO HTTP Request: GET https://huggingface.co/api/models/BAAI/bge-m3/tree/main?recursive=true&expand=false "HTTP/1.1 200 OK"
2026-04-30 18:04:46,138 httpx INFO HTTP Request: GET https://huggingface.co/api/models/BAAI/bge-m3 "HTTP/1.1 200 OK"
2026-04-30 18:04:46,356 httpx INFO HTTP Request: HEAD https://huggingface.co/BAAI/bge-m3/resolve/main/1_Pooling/config.json "HTTP/1.1 307 Temporary Redirect"
2026-04-30 18:04:46,367 httpx INFO HTTP Request: HEAD https://huggingface.co/api/resolve-cache/models/BAAI/bge-m3/5617a9f61b028005a4858fdac845db406aefb181/1_Pooling%2Fconfig.json "HTTP/1.1 200 OK"
2026-04-30 18:04:46,582 httpx INFO HTTP Request: GET https://huggingface.co/api/models/BAAI/bge-m3 "HTTP/1.1 200 OK"
2026-04-30 18:04:46,587 culturedx.retrieval.case_retriever INFO BGE-M3 encoder loaded.
2026-04-30 18:04:59,545 culturedx.modes.hied INFO Case 347729413: Diagnostician ranked 5 disorders, top-2: ['F32', 'F39']
2026-04-30 18:04:59,601 culturedx.modes.base INFO Checker timing: 5 disorders in 0.1s (0.0s/disorder, 5 workers)
2026-04-30 18:04:59,609 culturedx.modes.base INFO Checker timing: 9 disorders in 0.0s (0.0s/disorder, 9 workers)
2026-04-30 18:04:59,610 culturedx.pipeline.runner INFO Processing case 17/20: 332278660
2026-04-30 18:04:59,610 culturedx.modes.hied INFO HiED manual scope mode: using 14 target disorders
2026-04-30 18:04:59,611 culturedx.modes.hied INFO Case 332278660: 14 candidate disorders from triage
2026-04-30 18:05:01,160 culturedx.modes.hied INFO Case 377662897: Diagnostician ranked 5 disorders, top-2: ['F32', 'F41.1']
2026-04-30 18:05:01,163 culturedx.modes.base INFO Checker timing: 5 disorders in 0.0s (0.0s/disorder, 5 workers)
2026-04-30 18:05:01,169 culturedx.modes.base INFO Checker timing: 9 disorders in 0.0s (0.0s/disorder, 9 workers)
2026-04-30 18:05:01,169 culturedx.pipeline.runner INFO Processing case 18/20: 312389408
2026-04-30 18:05:01,169 culturedx.modes.hied INFO HiED manual scope mode: using 14 target disorders
2026-04-30 18:05:01,169 culturedx.modes.hied INFO Case 312389408: 14 candidate disorders from triage
2026-04-30 18:05:03,030 culturedx.modes.hied INFO Case 300493869: Diagnostician ranked 5 disorders, top-2: ['F41.1', 'F32']
2026-04-30 18:05:03,132 culturedx.modes.base INFO Checker timing: 5 disorders in 0.1s (0.0s/disorder, 5 workers)
2026-04-30 18:05:03,148 culturedx.modes.base INFO Checker timing: 9 disorders in 0.0s (0.0s/disorder, 9 workers)
2026-04-30 18:05:03,149 culturedx.modes.hied INFO Case 300493869: DtV primary from top3 (top-1 F41.1 -> primary F45)
2026-04-30 18:05:03,149 culturedx.pipeline.runner INFO Processing case 19/20: 380913193
2026-04-30 18:05:03,149 culturedx.modes.hied INFO HiED manual scope mode: using 14 target disorders
2026-04-30 18:05:03,149 culturedx.modes.hied INFO Case 380913193: 14 candidate disorders from triage
2026-04-30 18:05:03,636 culturedx.modes.hied INFO Case 327826586: Diagnostician ranked 5 disorders, top-2: ['F32', 'F41.1']
2026-04-30 18:05:03,643 culturedx.modes.base INFO Checker timing: 5 disorders in 0.0s (0.0s/disorder, 5 workers)
2026-04-30 18:05:03,650 culturedx.modes.base INFO Checker timing: 9 disorders in 0.0s (0.0s/disorder, 9 workers)
2026-04-30 18:05:03,651 culturedx.pipeline.runner INFO Processing case 20/20: 393761475
2026-04-30 18:05:03,651 culturedx.modes.hied INFO HiED manual scope mode: using 14 target disorders
2026-04-30 18:05:03,651 culturedx.modes.hied INFO Case 393761475: 14 candidate disorders from triage
2026-04-30 18:05:04,296 culturedx.modes.hied INFO Case 388559461: Diagnostician ranked 5 disorders, top-2: ['F32', 'F39']
2026-04-30 18:05:04,301 culturedx.modes.base INFO Checker timing: 5 disorders in 0.0s (0.0s/disorder, 5 workers)
2026-04-30 18:05:04,311 culturedx.modes.base INFO Checker timing: 9 disorders in 0.0s (0.0s/disorder, 9 workers)
2026-04-30 18:05:04,392 culturedx.modes.hied INFO Case 341042297: Diagnostician ranked 5 disorders, top-2: ['F32', 'F41.1']
2026-04-30 18:05:04,397 culturedx.modes.base INFO Checker timing: 5 disorders in 0.0s (0.0s/disorder, 5 workers)
2026-04-30 18:05:04,403 culturedx.modes.base INFO Checker timing: 9 disorders in 0.0s (0.0s/disorder, 9 workers)
2026-04-30 18:05:04,760 culturedx.modes.hied INFO Case 324224056: Diagnostician ranked 5 disorders, top-2: ['F41.1', 'F32']
2026-04-30 18:05:04,764 culturedx.modes.base INFO Checker timing: 5 disorders in 0.0s (0.0s/disorder, 5 workers)
2026-04-30 18:05:04,780 culturedx.modes.base INFO Checker timing: 9 disorders in 0.0s (0.0s/disorder, 9 workers)
2026-04-30 18:05:04,781 culturedx.modes.hied INFO Case 324224056: DtV primary from top2 (top-1 F41.1 -> primary F32)
2026-04-30 18:05:04,826 culturedx.modes.hied INFO Case 350352506: Diagnostician ranked 5 disorders, top-2: ['F32', 'F41.1']
2026-04-30 18:05:04,862 culturedx.modes.base INFO Checker timing: 5 disorders in 0.0s (0.0s/disorder, 5 workers)
2026-04-30 18:05:04,872 culturedx.modes.base INFO Checker timing: 9 disorders in 0.0s (0.0s/disorder, 9 workers)
2026-04-30 18:05:05,445 culturedx.modes.hied INFO Case 368679677: Diagnostician ranked 5 disorders, top-2: ['F32', 'F43.2']
2026-04-30 18:05:05,449 culturedx.modes.base INFO Checker timing: 5 disorders in 0.0s (0.0s/disorder, 5 workers)
2026-04-30 18:05:05,455 culturedx.modes.base INFO Checker timing: 9 disorders in 0.0s (0.0s/disorder, 9 workers)
2026-04-30 18:05:06,346 culturedx.modes.hied INFO Case 318518739: Diagnostician ranked 5 disorders, top-2: ['F32', 'F51']
2026-04-30 18:05:06,353 culturedx.modes.base INFO Checker timing: 5 disorders in 0.0s (0.0s/disorder, 5 workers)
2026-04-30 18:05:06,401 culturedx.modes.base INFO Checker timing: 9 disorders in 0.0s (0.0s/disorder, 9 workers)
2026-04-30 18:05:06,402 culturedx.modes.hied INFO Case 318518739: DtV primary from top2 (top-1 F32 -> primary F51)
2026-04-30 18:05:06,850 culturedx.modes.hied INFO Case 344699340: Diagnostician ranked 5 disorders, top-2: ['F32', 'F39']
2026-04-30 18:05:06,863 culturedx.modes.base INFO Checker timing: 5 disorders in 0.0s (0.0s/disorder, 5 workers)
2026-04-30 18:05:06,902 culturedx.modes.base INFO Checker timing: 9 disorders in 0.0s (0.0s/disorder, 9 workers)
2026-04-30 18:05:06,906 culturedx.modes.hied INFO Case 374577341: Diagnostician ranked 5 disorders, top-2: ['F41.1', 'F39']
2026-04-30 18:05:06,921 culturedx.modes.base INFO Checker timing: 5 disorders in 0.0s (0.0s/disorder, 5 workers)
2026-04-30 18:05:06,934 culturedx.modes.base INFO Checker timing: 9 disorders in 0.0s (0.0s/disorder, 9 workers)
2026-04-30 18:05:07,394 culturedx.modes.hied INFO Case 303364596: Diagnostician ranked 5 disorders, top-2: ['F32', 'F41.1']
2026-04-30 18:05:07,415 culturedx.modes.base INFO Checker timing: 5 disorders in 0.0s (0.0s/disorder, 5 workers)
2026-04-30 18:05:07,445 culturedx.modes.base INFO Checker timing: 9 disorders in 0.0s (0.0s/disorder, 9 workers)
2026-04-30 18:05:07,726 culturedx.modes.hied INFO Case 341328894: Diagnostician ranked 5 disorders, top-2: ['F41.1', 'F32']
2026-04-30 18:05:07,738 culturedx.modes.base INFO Checker timing: 5 disorders in 0.0s (0.0s/disorder, 5 workers)
2026-04-30 18:05:07,752 culturedx.modes.base INFO Checker timing: 9 disorders in 0.0s (0.0s/disorder, 9 workers)
2026-04-30 18:05:07,771 culturedx.modes.hied INFO Case 337522433: Diagnostician ranked 5 disorders, top-2: ['F32', 'F41.1']
2026-04-30 18:05:07,789 culturedx.modes.base INFO Checker timing: 5 disorders in 0.0s (0.0s/disorder, 5 workers)
2026-04-30 18:05:07,807 culturedx.modes.base INFO Checker timing: 9 disorders in 0.0s (0.0s/disorder, 9 workers)
2026-04-30 18:05:08,835 culturedx.modes.hied INFO Case 371726537: Diagnostician ranked 5 disorders, top-2: ['F32', 'F39']
2026-04-30 18:05:08,843 culturedx.modes.base INFO Checker timing: 5 disorders in 0.0s (0.0s/disorder, 5 workers)
2026-04-30 18:05:08,851 culturedx.modes.base INFO Checker timing: 9 disorders in 0.0s (0.0s/disorder, 9 workers)
2026-04-30 18:05:09,798 culturedx.modes.hied INFO Case 312389408: Diagnostician ranked 5 disorders, top-2: ['F39', 'F51']
2026-04-30 18:05:09,804 culturedx.modes.base INFO Checker timing: 5 disorders in 0.0s (0.0s/disorder, 5 workers)
2026-04-30 18:05:09,819 culturedx.modes.base INFO Checker timing: 9 disorders in 0.0s (0.0s/disorder, 9 workers)
2026-04-30 18:05:09,939 culturedx.modes.hied INFO Case 332278660: Diagnostician ranked 5 disorders, top-2: ['F32', 'F39']
2026-04-30 18:05:09,945 culturedx.modes.base INFO Checker timing: 5 disorders in 0.0s (0.0s/disorder, 5 workers)
2026-04-30 18:05:09,975 culturedx.modes.base INFO Checker timing: 9 disorders in 0.0s (0.0s/disorder, 9 workers)
2026-04-30 18:05:10,309 culturedx.modes.hied INFO Case 380913193: Diagnostician ranked 5 disorders, top-2: ['F41.1', 'F32']
2026-04-30 18:05:10,315 culturedx.modes.base INFO Checker timing: 5 disorders in 0.0s (0.0s/disorder, 5 workers)
2026-04-30 18:05:10,320 culturedx.modes.base INFO Checker timing: 9 disorders in 0.0s (0.0s/disorder, 9 workers)
2026-04-30 18:05:10,321 culturedx.modes.hied INFO Case 380913193: DtV primary from top4 (top-1 F41.1 -> primary F39)
2026-04-30 18:05:10,877 culturedx.modes.hied INFO Case 393761475: Diagnostician ranked 5 disorders, top-2: ['F41.1', 'F39']
2026-04-30 18:05:10,880 culturedx.modes.base INFO Checker timing: 5 disorders in 0.0s (0.0s/disorder, 5 workers)
2026-04-30 18:05:10,885 culturedx.modes.base INFO Checker timing: 9 disorders in 0.0s (0.0s/disorder, 9 workers)
2026-04-30 18:05:10,886 culturedx.modes.hied INFO Case 393761475: DtV primary from top2 (top-1 F41.1 -> primary F39)
2026-04-30 18:05:10,979 culturedx.pipeline.runner INFO Table 4 (contract v2): Top-1=0.350 Top-3=0.650 F1_m=0.072 Overall=0.3432
Evaluation metrics: {'diagnosis': {'accuracy': 0.25, 'top1_accuracy': 0.35, 'top3_accuracy': 0.35, 'macro_f1': 0.13233082706766916, 'weighted_f1': 0.3178947368421053, 'overall': 0.2800451127819549}, 'comorbidity': {'hamming_accuracy': 0.3, 'subset_accuracy': 0.25, 'comorbidity_detection_f1': 0.0, 'label_coverage': 0.3, 'label_precision': 0.35, 'avg_predicted_labels': 1.0, 'avg_gold_labels': 1.1}, 'four_class': {'accuracy': 0.2, 'macro_f1': 0.13725490196078433, 'weighted_f1': 0.13725490196078433, 'n_cases': 20}, 'table4': {'2class_Acc': 0.5, '2class_F1_macro': 0.575, '2class_F1_weighted': 0.575, '4class_Acc': 0.2, '4class_F1_macro': 0.1715686274509804, '4class_F1_weighted': 0.13725490196078433, '12class_Acc': 0.25, '12class_Top1': 0.35, '12class_Top3': 0.65, '12class_F1_macro': 0.07163742690058479, '12class_F1_weighted': 0.29505582137161085, '2class_n': 8, '4class_n': 20, '12class_n': 20, 'Overall': 0.3432287979712691}}
Predictions saved to results/gap_e_beta2b_native_smoke_20260430_174734/v2_default/lingxi_dsm5_n20/predictions.jsonl
Run complete.
