Loading dataset 'lingxidiag16k' from data/raw/lingxidiag16k...
Loaded 20 cases.
Mode: hied
2026-04-30 18:04:03,211 faiss.loader INFO Loading faiss with AVX2 support.
2026-04-30 18:04:03,222 faiss.loader INFO Successfully loaded faiss with AVX2 support.
2026-04-30 18:04:03,224 culturedx.retrieval.case_retriever INFO Loading FAISS index from data/cache/train_case_index.faiss
2026-04-30 18:04:03,332 culturedx.retrieval.case_retriever INFO CaseRetriever ready: 14000 cases indexed
RAG enabled: loaded data/cache/train_case_index.faiss
Target disorders: F20, F31, F32, F39, F41.0, F41.1, F42, F43.1, F43.2, F45, F51, F98, F41.2, Z71
HiED scope policy: manual
HiED execution mode: benchmark_manual_scope
Output directory: results/gap_e_beta2b_native_smoke_20260430_174734/v2_default/lingxi_icd10_n20
Running CultureDx mode=hied on 20 cases...
2026-04-30 18:04:03,343 culturedx.pipeline.runner INFO Processing case 1/20: 344699340
2026-04-30 18:04:03,344 culturedx.pipeline.runner INFO Processing case 2/20: 374577341
2026-04-30 18:04:03,344 culturedx.modes.hied INFO HiED manual scope mode: using 14 target disorders
2026-04-30 18:04:03,344 culturedx.modes.hied INFO HiED manual scope mode: using 14 target disorders
2026-04-30 18:04:03,344 culturedx.pipeline.runner INFO Processing case 3/20: 350352506
2026-04-30 18:04:03,344 culturedx.modes.hied INFO Case 344699340: 14 candidate disorders from triage
2026-04-30 18:04:03,344 culturedx.modes.hied INFO Case 374577341: 14 candidate disorders from triage
2026-04-30 18:04:03,344 culturedx.pipeline.runner INFO Processing case 4/20: 318518739
2026-04-30 18:04:03,344 culturedx.modes.hied INFO HiED manual scope mode: using 14 target disorders
2026-04-30 18:04:03,344 culturedx.pipeline.runner INFO Processing case 5/20: 341328894
2026-04-30 18:04:03,344 culturedx.modes.hied INFO HiED manual scope mode: using 14 target disorders
2026-04-30 18:04:03,345 culturedx.pipeline.runner INFO Processing case 6/20: 337522433
2026-04-30 18:04:03,345 culturedx.modes.hied INFO Case 350352506: 14 candidate disorders from triage
2026-04-30 18:04:03,345 culturedx.pipeline.runner INFO Processing case 7/20: 300493869
2026-04-30 18:04:03,346 culturedx.modes.hied INFO HiED manual scope mode: using 14 target disorders
2026-04-30 18:04:03,346 culturedx.pipeline.runner INFO Processing case 8/20: 347729413
2026-04-30 18:04:03,346 culturedx.modes.hied INFO Case 318518739: 14 candidate disorders from triage
2026-04-30 18:04:03,346 culturedx.pipeline.runner INFO Processing case 9/20: 377662897
2026-04-30 18:04:03,346 culturedx.modes.hied INFO HiED manual scope mode: using 14 target disorders
2026-04-30 18:04:03,346 culturedx.pipeline.runner INFO Processing case 10/20: 303364596
2026-04-30 18:04:03,346 culturedx.modes.hied INFO HiED manual scope mode: using 14 target disorders
2026-04-30 18:04:03,347 culturedx.modes.hied INFO Case 341328894: 14 candidate disorders from triage
2026-04-30 18:04:03,347 culturedx.pipeline.runner INFO Processing case 11/20: 327826586
2026-04-30 18:04:03,347 culturedx.modes.hied INFO HiED manual scope mode: using 14 target disorders
2026-04-30 18:04:03,347 culturedx.pipeline.runner INFO Processing case 12/20: 371726537
2026-04-30 18:04:03,347 culturedx.modes.hied INFO HiED manual scope mode: using 14 target disorders
2026-04-30 18:04:03,347 culturedx.pipeline.runner INFO Processing case 13/20: 388559461
2026-04-30 18:04:03,347 culturedx.modes.hied INFO Case 337522433: 14 candidate disorders from triage
2026-04-30 18:04:03,347 culturedx.pipeline.runner INFO Processing case 14/20: 341042297
2026-04-30 18:04:03,348 culturedx.modes.hied INFO HiED manual scope mode: using 14 target disorders
2026-04-30 18:04:03,348 culturedx.modes.hied INFO Case 300493869: 14 candidate disorders from triage
2026-04-30 18:04:03,348 culturedx.pipeline.runner INFO Processing case 15/20: 324224056
2026-04-30 18:04:03,348 culturedx.modes.hied INFO HiED manual scope mode: using 14 target disorders
2026-04-30 18:04:03,348 culturedx.pipeline.runner INFO Processing case 16/20: 368679677
2026-04-30 18:04:03,348 culturedx.modes.hied INFO Case 347729413: 14 candidate disorders from triage
2026-04-30 18:04:03,348 culturedx.modes.hied INFO HiED manual scope mode: using 14 target disorders
2026-04-30 18:04:03,348 culturedx.modes.hied INFO Case 377662897: 14 candidate disorders from triage
2026-04-30 18:04:03,348 culturedx.modes.hied INFO HiED manual scope mode: using 14 target disorders
2026-04-30 18:04:03,349 culturedx.modes.hied INFO HiED manual scope mode: using 14 target disorders
2026-04-30 18:04:03,349 culturedx.modes.hied INFO Case 303364596: 14 candidate disorders from triage
2026-04-30 18:04:03,349 culturedx.modes.hied INFO HiED manual scope mode: using 14 target disorders
2026-04-30 18:04:03,349 culturedx.modes.hied INFO Case 327826586: 14 candidate disorders from triage
2026-04-30 18:04:03,350 culturedx.modes.hied INFO HiED manual scope mode: using 14 target disorders
2026-04-30 18:04:03,350 culturedx.modes.hied INFO Case 371726537: 14 candidate disorders from triage
2026-04-30 18:04:03,350 culturedx.modes.hied INFO Case 388559461: 14 candidate disorders from triage
2026-04-30 18:04:03,350 culturedx.modes.hied INFO Case 341042297: 14 candidate disorders from triage
2026-04-30 18:04:03,351 culturedx.modes.hied INFO Case 324224056: 14 candidate disorders from triage
2026-04-30 18:04:03,351 culturedx.modes.hied INFO Case 368679677: 14 candidate disorders from triage
2026-04-30 18:04:05,392 culturedx.retrieval.case_retriever INFO Loading BGE-M3 encoder (first call)...
2026-04-30 18:04:05,645 httpx INFO HTTP Request: HEAD https://huggingface.co/BAAI/bge-m3/resolve/main/modules.json "HTTP/1.1 307 Temporary Redirect"
2026-04-30 18:04:05,656 httpx INFO HTTP Request: HEAD https://huggingface.co/api/resolve-cache/models/BAAI/bge-m3/5617a9f61b028005a4858fdac845db406aefb181/modules.json "HTTP/1.1 200 OK"
2026-04-30 18:04:05,863 httpx INFO HTTP Request: HEAD https://huggingface.co/BAAI/bge-m3/resolve/main/config_sentence_transformers.json "HTTP/1.1 307 Temporary Redirect"
2026-04-30 18:04:05,875 httpx INFO HTTP Request: HEAD https://huggingface.co/api/resolve-cache/models/BAAI/bge-m3/5617a9f61b028005a4858fdac845db406aefb181/config_sentence_transformers.json "HTTP/1.1 200 OK"
2026-04-30 18:04:05,875 sentence_transformers.base.model INFO Loading SentenceTransformer model from BAAI/bge-m3.
2026-04-30 18:04:06,076 httpx INFO HTTP Request: HEAD https://huggingface.co/BAAI/bge-m3/resolve/main/config_sentence_transformers.json "HTTP/1.1 307 Temporary Redirect"
2026-04-30 18:04:06,089 httpx INFO HTTP Request: HEAD https://huggingface.co/api/resolve-cache/models/BAAI/bge-m3/5617a9f61b028005a4858fdac845db406aefb181/config_sentence_transformers.json "HTTP/1.1 200 OK"
2026-04-30 18:04:06,297 httpx INFO HTTP Request: HEAD https://huggingface.co/BAAI/bge-m3/resolve/main/README.md "HTTP/1.1 307 Temporary Redirect"
2026-04-30 18:04:06,309 httpx INFO HTTP Request: HEAD https://huggingface.co/api/resolve-cache/models/BAAI/bge-m3/5617a9f61b028005a4858fdac845db406aefb181/README.md "HTTP/1.1 200 OK"
2026-04-30 18:04:06,519 httpx INFO HTTP Request: HEAD https://huggingface.co/BAAI/bge-m3/resolve/main/modules.json "HTTP/1.1 307 Temporary Redirect"
2026-04-30 18:04:06,531 httpx INFO HTTP Request: HEAD https://huggingface.co/api/resolve-cache/models/BAAI/bge-m3/5617a9f61b028005a4858fdac845db406aefb181/modules.json "HTTP/1.1 200 OK"
2026-04-30 18:04:06,743 httpx INFO HTTP Request: HEAD https://huggingface.co/BAAI/bge-m3/resolve/main/sentence_bert_config.json "HTTP/1.1 307 Temporary Redirect"
2026-04-30 18:04:06,754 httpx INFO HTTP Request: HEAD https://huggingface.co/api/resolve-cache/models/BAAI/bge-m3/5617a9f61b028005a4858fdac845db406aefb181/sentence_bert_config.json "HTTP/1.1 200 OK"
2026-04-30 18:04:06,960 httpx INFO HTTP Request: HEAD https://huggingface.co/BAAI/bge-m3/resolve/main/adapter_config.json "HTTP/1.1 404 Not Found"
2026-04-30 18:04:07,170 httpx INFO HTTP Request: HEAD https://huggingface.co/BAAI/bge-m3/resolve/main/config.json "HTTP/1.1 307 Temporary Redirect"
2026-04-30 18:04:07,182 httpx INFO HTTP Request: HEAD https://huggingface.co/api/resolve-cache/models/BAAI/bge-m3/5617a9f61b028005a4858fdac845db406aefb181/config.json "HTTP/1.1 200 OK"
2026-04-30 18:04:07,411 httpx INFO HTTP Request: HEAD https://huggingface.co/BAAI/bge-m3/resolve/main/model.safetensors "HTTP/1.1 404 Not Found"
Loading weights:   0%|          | 0/391 [00:00<?, ?it/s]Loading weights: 100%|██████████| 391/391 [00:00<00:00, 67767.47it/s]
2026-04-30 18:04:07,626 httpx INFO HTTP Request: GET https://huggingface.co/api/models/BAAI/bge-m3 "HTTP/1.1 200 OK"
2026-04-30 18:04:07,726 httpx INFO HTTP Request: HEAD https://huggingface.co/BAAI/bge-m3/resolve/main/processor_config.json "HTTP/1.1 404 Not Found"
2026-04-30 18:04:07,861 httpx INFO HTTP Request: GET https://huggingface.co/api/models/BAAI/bge-m3/commits/main "HTTP/1.1 200 OK"
2026-04-30 18:04:07,938 httpx INFO HTTP Request: HEAD https://huggingface.co/BAAI/bge-m3/resolve/main/preprocessor_config.json "HTTP/1.1 404 Not Found"
2026-04-30 18:04:08,092 httpx INFO HTTP Request: GET https://huggingface.co/api/models/BAAI/bge-m3/discussions?p=0 "HTTP/1.1 200 OK"
2026-04-30 18:04:08,148 httpx INFO HTTP Request: HEAD https://huggingface.co/BAAI/bge-m3/resolve/main/video_preprocessor_config.json "HTTP/1.1 404 Not Found"
2026-04-30 18:04:08,331 httpx INFO HTTP Request: GET https://huggingface.co/api/models/BAAI/bge-m3/commits/refs%2Fpr%2F130 "HTTP/1.1 200 OK"
2026-04-30 18:04:08,359 httpx INFO HTTP Request: HEAD https://huggingface.co/BAAI/bge-m3/resolve/main/preprocessor_config.json "HTTP/1.1 404 Not Found"
2026-04-30 18:04:08,538 httpx INFO HTTP Request: HEAD https://huggingface.co/BAAI/bge-m3/resolve/refs%2Fpr%2F130/model.safetensors.index.json "HTTP/1.1 404 Not Found"
2026-04-30 18:04:08,568 httpx INFO HTTP Request: HEAD https://huggingface.co/BAAI/bge-m3/resolve/main/tokenizer_config.json "HTTP/1.1 307 Temporary Redirect"
2026-04-30 18:04:08,581 httpx INFO HTTP Request: HEAD https://huggingface.co/api/resolve-cache/models/BAAI/bge-m3/5617a9f61b028005a4858fdac845db406aefb181/tokenizer_config.json "HTTP/1.1 200 OK"
2026-04-30 18:04:08,746 httpx INFO HTTP Request: HEAD https://huggingface.co/BAAI/bge-m3/resolve/refs%2Fpr%2F130/model.safetensors "HTTP/1.1 302 Found"
2026-04-30 18:04:08,784 httpx INFO HTTP Request: HEAD https://huggingface.co/BAAI/bge-m3/resolve/main/config.json "HTTP/1.1 307 Temporary Redirect"
2026-04-30 18:04:08,797 httpx INFO HTTP Request: HEAD https://huggingface.co/api/resolve-cache/models/BAAI/bge-m3/5617a9f61b028005a4858fdac845db406aefb181/config.json "HTTP/1.1 200 OK"
2026-04-30 18:04:09,000 httpx INFO HTTP Request: HEAD https://huggingface.co/BAAI/bge-m3/resolve/main/config.json "HTTP/1.1 307 Temporary Redirect"
2026-04-30 18:04:09,013 httpx INFO HTTP Request: HEAD https://huggingface.co/api/resolve-cache/models/BAAI/bge-m3/5617a9f61b028005a4858fdac845db406aefb181/config.json "HTTP/1.1 200 OK"
2026-04-30 18:04:09,224 httpx INFO HTTP Request: HEAD https://huggingface.co/BAAI/bge-m3/resolve/main/tokenizer_config.json "HTTP/1.1 307 Temporary Redirect"
2026-04-30 18:04:09,236 httpx INFO HTTP Request: HEAD https://huggingface.co/api/resolve-cache/models/BAAI/bge-m3/5617a9f61b028005a4858fdac845db406aefb181/tokenizer_config.json "HTTP/1.1 200 OK"
2026-04-30 18:04:09,439 httpx INFO HTTP Request: GET https://huggingface.co/api/models/BAAI/bge-m3/tree/main/additional_chat_templates?recursive=false&expand=false "HTTP/1.1 404 Not Found"
2026-04-30 18:04:09,651 httpx INFO HTTP Request: GET https://huggingface.co/api/models/BAAI/bge-m3/tree/main?recursive=true&expand=false "HTTP/1.1 200 OK"
2026-04-30 18:04:11,403 httpx INFO HTTP Request: GET https://huggingface.co/api/models/BAAI/bge-m3 "HTTP/1.1 200 OK"
2026-04-30 18:04:11,616 httpx INFO HTTP Request: HEAD https://huggingface.co/BAAI/bge-m3/resolve/main/1_Pooling/config.json "HTTP/1.1 307 Temporary Redirect"
2026-04-30 18:04:11,631 httpx INFO HTTP Request: HEAD https://huggingface.co/api/resolve-cache/models/BAAI/bge-m3/5617a9f61b028005a4858fdac845db406aefb181/1_Pooling%2Fconfig.json "HTTP/1.1 200 OK"
2026-04-30 18:04:11,840 httpx INFO HTTP Request: GET https://huggingface.co/api/models/BAAI/bge-m3 "HTTP/1.1 200 OK"
2026-04-30 18:04:11,844 culturedx.retrieval.case_retriever INFO BGE-M3 encoder loaded.
2026-04-30 18:04:24,521 culturedx.modes.hied INFO Case 347729413: Diagnostician ranked 5 disorders, top-2: ['F32', 'F39']
2026-04-30 18:04:24,595 culturedx.modes.base INFO Checker timing: 5 disorders in 0.1s (0.0s/disorder, 5 workers)
2026-04-30 18:04:24,601 culturedx.modes.base INFO Checker timing: 9 disorders in 0.0s (0.0s/disorder, 9 workers)
2026-04-30 18:04:24,602 culturedx.pipeline.runner INFO Processing case 17/20: 332278660
2026-04-30 18:04:24,602 culturedx.modes.hied INFO HiED manual scope mode: using 14 target disorders
2026-04-30 18:04:24,603 culturedx.modes.hied INFO Case 332278660: 14 candidate disorders from triage
2026-04-30 18:04:24,748 culturedx.modes.hied INFO Case 377662897: Diagnostician ranked 5 disorders, top-2: ['F32', 'F41.1']
2026-04-30 18:04:24,750 culturedx.modes.base INFO Checker timing: 5 disorders in 0.0s (0.0s/disorder, 5 workers)
2026-04-30 18:04:24,759 culturedx.modes.base INFO Checker timing: 9 disorders in 0.0s (0.0s/disorder, 9 workers)
2026-04-30 18:04:24,760 culturedx.modes.hied INFO Case 377662897: DtV primary from top2 (top-1 F32 -> primary F41.1)
2026-04-30 18:04:24,760 culturedx.pipeline.runner INFO Processing case 18/20: 312389408
2026-04-30 18:04:24,761 culturedx.modes.hied INFO HiED manual scope mode: using 14 target disorders
2026-04-30 18:04:24,761 culturedx.modes.hied INFO Case 312389408: 14 candidate disorders from triage
2026-04-30 18:04:27,576 culturedx.modes.hied INFO Case 300493869: Diagnostician ranked 5 disorders, top-2: ['F41.1', 'F45']
2026-04-30 18:04:27,580 culturedx.modes.hied INFO Case 388559461: Diagnostician ranked 5 disorders, top-2: ['F32', 'F39']
2026-04-30 18:04:27,635 culturedx.modes.base INFO Checker timing: 5 disorders in 0.1s (0.0s/disorder, 5 workers)
2026-04-30 18:04:27,652 culturedx.modes.base INFO Checker timing: 5 disorders in 0.1s (0.0s/disorder, 5 workers)
2026-04-30 18:04:27,702 culturedx.modes.base INFO Checker timing: 9 disorders in 0.1s (0.0s/disorder, 9 workers)
2026-04-30 18:04:27,703 culturedx.pipeline.runner INFO Processing case 19/20: 380913193
2026-04-30 18:04:27,703 culturedx.modes.hied INFO HiED manual scope mode: using 14 target disorders
2026-04-30 18:04:27,703 culturedx.modes.hied INFO Case 380913193: 14 candidate disorders from triage
2026-04-30 18:04:27,718 culturedx.modes.base INFO Checker timing: 9 disorders in 0.1s (0.0s/disorder, 9 workers)
2026-04-30 18:04:27,719 culturedx.modes.hied INFO Case 300493869: DtV primary from top3 (top-1 F41.1 -> primary F41.2)
2026-04-30 18:04:27,719 culturedx.pipeline.runner INFO Processing case 20/20: 393761475
2026-04-30 18:04:27,737 culturedx.modes.hied INFO HiED manual scope mode: using 14 target disorders
2026-04-30 18:04:27,740 culturedx.modes.hied INFO Case 393761475: 14 candidate disorders from triage
2026-04-30 18:04:28,895 culturedx.modes.hied INFO Case 327826586: Diagnostician ranked 5 disorders, top-2: ['F41.1', 'F32']
2026-04-30 18:04:28,940 culturedx.modes.base INFO Checker timing: 5 disorders in 0.0s (0.0s/disorder, 5 workers)
2026-04-30 18:04:28,948 culturedx.modes.base INFO Checker timing: 9 disorders in 0.0s (0.0s/disorder, 9 workers)
2026-04-30 18:04:28,961 culturedx.modes.hied INFO Case 341042297: Diagnostician ranked 5 disorders, top-2: ['F32', 'F39']
2026-04-30 18:04:28,966 culturedx.modes.base INFO Checker timing: 5 disorders in 0.0s (0.0s/disorder, 5 workers)
2026-04-30 18:04:28,985 culturedx.modes.base INFO Checker timing: 9 disorders in 0.0s (0.0s/disorder, 9 workers)
2026-04-30 18:04:29,343 culturedx.modes.hied INFO Case 324224056: Diagnostician ranked 5 disorders, top-2: ['F41.1', 'F32']
2026-04-30 18:04:29,354 culturedx.modes.base INFO Checker timing: 5 disorders in 0.0s (0.0s/disorder, 5 workers)
2026-04-30 18:04:29,390 culturedx.modes.base INFO Checker timing: 9 disorders in 0.0s (0.0s/disorder, 9 workers)
2026-04-30 18:04:30,929 culturedx.modes.hied INFO Case 368679677: Diagnostician ranked 5 disorders, top-2: ['F32', 'F39']
2026-04-30 18:04:30,984 culturedx.modes.base INFO Checker timing: 5 disorders in 0.1s (0.0s/disorder, 5 workers)
2026-04-30 18:04:31,026 culturedx.modes.base INFO Checker timing: 9 disorders in 0.0s (0.0s/disorder, 9 workers)
2026-04-30 18:04:31,411 culturedx.modes.hied INFO Case 318518739: Diagnostician ranked 5 disorders, top-2: ['F32', 'F51']
2026-04-30 18:04:31,425 culturedx.modes.base INFO Checker timing: 5 disorders in 0.0s (0.0s/disorder, 5 workers)
2026-04-30 18:04:31,473 culturedx.modes.hied INFO Case 350352506: Diagnostician ranked 5 disorders, top-2: ['F32', 'F41.2']
2026-04-30 18:04:31,482 culturedx.modes.base INFO Checker timing: 9 disorders in 0.1s (0.0s/disorder, 9 workers)
2026-04-30 18:04:31,492 culturedx.modes.base INFO Checker timing: 5 disorders in 0.0s (0.0s/disorder, 5 workers)
2026-04-30 18:04:31,504 culturedx.modes.base INFO Checker timing: 9 disorders in 0.0s (0.0s/disorder, 9 workers)
2026-04-30 18:04:31,986 culturedx.modes.hied INFO Case 303364596: Diagnostician ranked 5 disorders, top-2: ['F32', 'F41.1']
2026-04-30 18:04:31,993 culturedx.modes.base INFO Checker timing: 5 disorders in 0.0s (0.0s/disorder, 5 workers)
2026-04-30 18:04:32,035 culturedx.modes.base INFO Checker timing: 9 disorders in 0.0s (0.0s/disorder, 9 workers)
2026-04-30 18:04:32,154 culturedx.modes.hied INFO Case 374577341: Diagnostician ranked 5 disorders, top-2: ['F41.1', 'F42']
2026-04-30 18:04:32,168 culturedx.modes.base INFO Checker timing: 5 disorders in 0.0s (0.0s/disorder, 5 workers)
2026-04-30 18:04:32,187 culturedx.modes.base INFO Checker timing: 9 disorders in 0.0s (0.0s/disorder, 9 workers)
2026-04-30 18:04:32,512 culturedx.modes.hied INFO Case 337522433: Diagnostician ranked 5 disorders, top-2: ['F39', 'F41.1']
2026-04-30 18:04:32,520 culturedx.modes.base INFO Checker timing: 5 disorders in 0.0s (0.0s/disorder, 5 workers)
2026-04-30 18:04:32,535 culturedx.modes.base INFO Checker timing: 9 disorders in 0.0s (0.0s/disorder, 9 workers)
2026-04-30 18:04:33,018 culturedx.modes.hied INFO Case 344699340: Diagnostician ranked 5 disorders, top-2: ['F32', 'F39']
2026-04-30 18:04:33,039 culturedx.modes.base INFO Checker timing: 5 disorders in 0.0s (0.0s/disorder, 5 workers)
2026-04-30 18:04:33,049 culturedx.modes.base INFO Checker timing: 9 disorders in 0.0s (0.0s/disorder, 9 workers)
2026-04-30 18:04:33,523 culturedx.modes.hied INFO Case 341328894: Diagnostician ranked 5 disorders, top-2: ['F32', 'F41.1']
2026-04-30 18:04:33,538 culturedx.modes.base INFO Checker timing: 5 disorders in 0.0s (0.0s/disorder, 5 workers)
2026-04-30 18:04:33,544 culturedx.modes.base INFO Checker timing: 9 disorders in 0.0s (0.0s/disorder, 9 workers)
2026-04-30 18:04:33,760 culturedx.modes.hied INFO Case 371726537: Diagnostician ranked 5 disorders, top-2: ['F32', 'F39']
2026-04-30 18:04:33,767 culturedx.modes.base INFO Checker timing: 5 disorders in 0.0s (0.0s/disorder, 5 workers)
2026-04-30 18:04:33,785 culturedx.modes.base INFO Checker timing: 9 disorders in 0.0s (0.0s/disorder, 9 workers)
2026-04-30 18:04:34,528 culturedx.modes.hied INFO Case 312389408: Diagnostician ranked 5 disorders, top-2: ['F51', 'F39']
2026-04-30 18:04:34,535 culturedx.modes.base INFO Checker timing: 5 disorders in 0.0s (0.0s/disorder, 5 workers)
2026-04-30 18:04:34,550 culturedx.modes.base INFO Checker timing: 9 disorders in 0.0s (0.0s/disorder, 9 workers)
2026-04-30 18:04:34,855 culturedx.modes.hied INFO Case 332278660: Diagnostician ranked 5 disorders, top-2: ['F32', 'F39']
2026-04-30 18:04:34,863 culturedx.modes.base INFO Checker timing: 5 disorders in 0.0s (0.0s/disorder, 5 workers)
2026-04-30 18:04:34,872 culturedx.modes.base INFO Checker timing: 9 disorders in 0.0s (0.0s/disorder, 9 workers)
2026-04-30 18:04:35,279 culturedx.modes.hied INFO Case 380913193: Diagnostician ranked 5 disorders, top-2: ['F41.1', 'F32']
2026-04-30 18:04:35,283 culturedx.modes.base INFO Checker timing: 5 disorders in 0.0s (0.0s/disorder, 5 workers)
2026-04-30 18:04:35,288 culturedx.modes.base INFO Checker timing: 9 disorders in 0.0s (0.0s/disorder, 9 workers)
2026-04-30 18:04:35,819 culturedx.modes.hied INFO Case 393761475: Diagnostician ranked 5 disorders, top-2: ['F41.1', 'F32']
2026-04-30 18:04:35,823 culturedx.modes.base INFO Checker timing: 5 disorders in 0.0s (0.0s/disorder, 5 workers)
2026-04-30 18:04:35,828 culturedx.modes.base INFO Checker timing: 9 disorders in 0.0s (0.0s/disorder, 9 workers)
2026-04-30 18:04:35,944 culturedx.pipeline.runner INFO Table 4 (contract v2): Top-1=0.550 Top-3=0.750 F1_m=0.108 Overall=0.5463
Evaluation metrics: {'diagnosis': {'accuracy': 0.45, 'top1_accuracy': 0.55, 'top3_accuracy': 0.55, 'macro_f1': 0.23137254901960783, 'weighted_f1': 0.4964705882352941, 'overall': 0.45556862745098037}, 'comorbidity': {'hamming_accuracy': 0.5, 'subset_accuracy': 0.45, 'comorbidity_detection_f1': 0.0, 'label_coverage': 0.5, 'label_precision': 0.55, 'avg_predicted_labels': 1.0, 'avg_gold_labels': 1.1}, 'four_class': {'accuracy': 0.35, 'macro_f1': 0.2254545454545455, 'weighted_f1': 0.2254545454545455, 'n_cases': 20}, 'table4': {'2class_Acc': 0.875, '2class_F1_macro': 0.9285714285714286, '2class_F1_weighted': 0.9285714285714286, '4class_Acc': 0.35, '4class_F1_macro': 0.3125, '4class_F1_weighted': 0.275, '12class_Acc': 0.45, '12class_Top1': 0.55, '12class_Top3': 0.75, '12class_F1_macro': 0.10784313725490197, '12class_F1_weighted': 0.48128342245989314, '2class_n': 8, '4class_n': 20, '12class_n': 20, 'Overall': 0.5462517651688775}}
Predictions saved to results/gap_e_beta2b_native_smoke_20260430_174734/v2_default/lingxi_icd10_n20/predictions.jsonl
Run complete.
