Loading dataset 'mdd5k_raw' from data/raw/mdd5k_repo...
Loaded 20 cases.
Mode: hied
2026-04-30 18:06:11,641 faiss.loader INFO Loading faiss with AVX2 support.
2026-04-30 18:06:11,650 faiss.loader INFO Successfully loaded faiss with AVX2 support.
2026-04-30 18:06:11,652 culturedx.retrieval.case_retriever INFO Loading FAISS index from data/cache/train_case_index.faiss
2026-04-30 18:06:11,738 culturedx.retrieval.case_retriever INFO CaseRetriever ready: 14000 cases indexed
RAG enabled: loaded data/cache/train_case_index.faiss
Target disorders: F20, F31, F32, F39, F41.0, F41.1, F42, F43.1, F43.2, F45, F51, F98, F41.2, Z71
HiED scope policy: manual
HiED execution mode: benchmark_manual_scope
Output directory: results/gap_e_beta2b_native_smoke_20260430_174734/v2_default/mdd_icd10_n20
Running CultureDx mode=hied on 20 cases...
2026-04-30 18:06:11,748 culturedx.pipeline.runner INFO Processing case 1/20: patient_1
2026-04-30 18:06:11,748 culturedx.modes.hied INFO HiED manual scope mode: using 14 target disorders
2026-04-30 18:06:11,748 culturedx.modes.hied INFO Case patient_1: 14 candidate disorders from triage
2026-04-30 18:06:11,748 culturedx.pipeline.runner INFO Processing case 2/20: patient_10
2026-04-30 18:06:11,748 culturedx.modes.hied INFO HiED manual scope mode: using 14 target disorders
2026-04-30 18:06:11,748 culturedx.modes.hied INFO Case patient_10: 14 candidate disorders from triage
2026-04-30 18:06:11,748 culturedx.pipeline.runner INFO Processing case 3/20: patient_1002
2026-04-30 18:06:11,749 culturedx.modes.hied INFO HiED manual scope mode: using 14 target disorders
2026-04-30 18:06:11,749 culturedx.modes.hied INFO Case patient_1002: 14 candidate disorders from triage
2026-04-30 18:06:11,749 culturedx.pipeline.runner INFO Processing case 4/20: patient_1003
2026-04-30 18:06:11,749 culturedx.modes.hied INFO HiED manual scope mode: using 14 target disorders
2026-04-30 18:06:11,749 culturedx.modes.hied INFO Case patient_1003: 14 candidate disorders from triage
2026-04-30 18:06:11,751 culturedx.pipeline.runner INFO Processing case 5/20: patient_1004
2026-04-30 18:06:11,751 culturedx.modes.hied INFO HiED manual scope mode: using 14 target disorders
2026-04-30 18:06:11,751 culturedx.pipeline.runner INFO Processing case 6/20: patient_1005
2026-04-30 18:06:11,751 culturedx.modes.hied INFO Case patient_1004: 14 candidate disorders from triage
2026-04-30 18:06:11,751 culturedx.pipeline.runner INFO Processing case 7/20: patient_1006
2026-04-30 18:06:11,751 culturedx.modes.hied INFO HiED manual scope mode: using 14 target disorders
2026-04-30 18:06:11,751 culturedx.pipeline.runner INFO Processing case 8/20: patient_1008
2026-04-30 18:06:11,752 culturedx.modes.hied INFO HiED manual scope mode: using 14 target disorders
2026-04-30 18:06:11,752 culturedx.pipeline.runner INFO Processing case 9/20: patient_1009
2026-04-30 18:06:11,752 culturedx.modes.hied INFO Case patient_1005: 14 candidate disorders from triage
2026-04-30 18:06:11,752 culturedx.modes.hied INFO HiED manual scope mode: using 14 target disorders
2026-04-30 18:06:11,752 culturedx.pipeline.runner INFO Processing case 10/20: patient_101
2026-04-30 18:06:11,752 culturedx.pipeline.runner INFO Processing case 11/20: patient_1010
2026-04-30 18:06:11,752 culturedx.modes.hied INFO Case patient_1006: 14 candidate disorders from triage
2026-04-30 18:06:11,752 culturedx.pipeline.runner INFO Processing case 12/20: patient_1011
2026-04-30 18:06:11,752 culturedx.modes.hied INFO HiED manual scope mode: using 14 target disorders
2026-04-30 18:06:11,753 culturedx.pipeline.runner INFO Processing case 13/20: patient_1013
2026-04-30 18:06:11,760 culturedx.modes.hied INFO HiED manual scope mode: using 14 target disorders
2026-04-30 18:06:11,758 culturedx.modes.hied INFO Case patient_1008: 14 candidate disorders from triage
2026-04-30 18:06:11,758 culturedx.pipeline.runner INFO Processing case 15/20: patient_1016
2026-04-30 18:06:11,758 culturedx.modes.hied INFO HiED manual scope mode: using 14 target disorders
2026-04-30 18:06:11,758 culturedx.pipeline.runner INFO Processing case 16/20: patient_1017
2026-04-30 18:06:11,759 culturedx.modes.hied INFO HiED manual scope mode: using 14 target disorders
2026-04-30 18:06:11,759 culturedx.modes.hied INFO HiED manual scope mode: using 14 target disorders
2026-04-30 18:06:11,760 culturedx.modes.hied INFO Case patient_1009: 14 candidate disorders from triage
2026-04-30 18:06:11,753 culturedx.pipeline.runner INFO Processing case 14/20: patient_1015
2026-04-30 18:06:11,760 culturedx.modes.hied INFO Case patient_1013: 14 candidate disorders from triage
2026-04-30 18:06:11,760 culturedx.modes.hied INFO HiED manual scope mode: using 14 target disorders
2026-04-30 18:06:11,760 culturedx.modes.hied INFO Case patient_101: 14 candidate disorders from triage
2026-04-30 18:06:11,760 culturedx.modes.hied INFO HiED manual scope mode: using 14 target disorders
2026-04-30 18:06:11,760 culturedx.modes.hied INFO Case patient_1010: 14 candidate disorders from triage
2026-04-30 18:06:11,763 culturedx.modes.hied INFO Case patient_1011: 14 candidate disorders from triage
2026-04-30 18:06:11,764 culturedx.modes.hied INFO HiED manual scope mode: using 14 target disorders
2026-04-30 18:06:11,765 culturedx.modes.hied INFO Case patient_1016: 14 candidate disorders from triage
2026-04-30 18:06:11,765 culturedx.modes.hied INFO Case patient_1017: 14 candidate disorders from triage
2026-04-30 18:06:11,766 culturedx.modes.hied INFO Case patient_1015: 14 candidate disorders from triage
2026-04-30 18:06:13,399 culturedx.retrieval.case_retriever INFO Loading BGE-M3 encoder (first call)...
2026-04-30 18:06:13,631 httpx INFO HTTP Request: HEAD https://huggingface.co/BAAI/bge-m3/resolve/main/modules.json "HTTP/1.1 307 Temporary Redirect"
2026-04-30 18:06:13,643 httpx INFO HTTP Request: HEAD https://huggingface.co/api/resolve-cache/models/BAAI/bge-m3/5617a9f61b028005a4858fdac845db406aefb181/modules.json "HTTP/1.1 200 OK"
2026-04-30 18:06:13,922 httpx INFO HTTP Request: HEAD https://huggingface.co/BAAI/bge-m3/resolve/main/config_sentence_transformers.json "HTTP/1.1 307 Temporary Redirect"
2026-04-30 18:06:13,934 httpx INFO HTTP Request: HEAD https://huggingface.co/api/resolve-cache/models/BAAI/bge-m3/5617a9f61b028005a4858fdac845db406aefb181/config_sentence_transformers.json "HTTP/1.1 200 OK"
2026-04-30 18:06:13,934 sentence_transformers.base.model INFO Loading SentenceTransformer model from BAAI/bge-m3.
2026-04-30 18:06:14,141 httpx INFO HTTP Request: HEAD https://huggingface.co/BAAI/bge-m3/resolve/main/config_sentence_transformers.json "HTTP/1.1 307 Temporary Redirect"
2026-04-30 18:06:14,154 httpx INFO HTTP Request: HEAD https://huggingface.co/api/resolve-cache/models/BAAI/bge-m3/5617a9f61b028005a4858fdac845db406aefb181/config_sentence_transformers.json "HTTP/1.1 200 OK"
2026-04-30 18:06:14,357 httpx INFO HTTP Request: HEAD https://huggingface.co/BAAI/bge-m3/resolve/main/README.md "HTTP/1.1 307 Temporary Redirect"
2026-04-30 18:06:14,368 httpx INFO HTTP Request: HEAD https://huggingface.co/api/resolve-cache/models/BAAI/bge-m3/5617a9f61b028005a4858fdac845db406aefb181/README.md "HTTP/1.1 200 OK"
2026-04-30 18:06:14,682 httpx INFO HTTP Request: HEAD https://huggingface.co/BAAI/bge-m3/resolve/main/modules.json "HTTP/1.1 307 Temporary Redirect"
2026-04-30 18:06:14,695 httpx INFO HTTP Request: HEAD https://huggingface.co/api/resolve-cache/models/BAAI/bge-m3/5617a9f61b028005a4858fdac845db406aefb181/modules.json "HTTP/1.1 200 OK"
2026-04-30 18:06:14,896 httpx INFO HTTP Request: HEAD https://huggingface.co/BAAI/bge-m3/resolve/main/sentence_bert_config.json "HTTP/1.1 307 Temporary Redirect"
2026-04-30 18:06:14,909 httpx INFO HTTP Request: HEAD https://huggingface.co/api/resolve-cache/models/BAAI/bge-m3/5617a9f61b028005a4858fdac845db406aefb181/sentence_bert_config.json "HTTP/1.1 200 OK"
2026-04-30 18:06:15,110 httpx INFO HTTP Request: HEAD https://huggingface.co/BAAI/bge-m3/resolve/main/adapter_config.json "HTTP/1.1 404 Not Found"
2026-04-30 18:06:15,311 httpx INFO HTTP Request: HEAD https://huggingface.co/BAAI/bge-m3/resolve/main/config.json "HTTP/1.1 307 Temporary Redirect"
2026-04-30 18:06:15,325 httpx INFO HTTP Request: HEAD https://huggingface.co/api/resolve-cache/models/BAAI/bge-m3/5617a9f61b028005a4858fdac845db406aefb181/config.json "HTTP/1.1 200 OK"
2026-04-30 18:06:15,544 httpx INFO HTTP Request: HEAD https://huggingface.co/BAAI/bge-m3/resolve/main/model.safetensors "HTTP/1.1 404 Not Found"
Loading weights:   0%|          | 0/391 [00:00<?, ?it/s]Loading weights: 100%|██████████| 391/391 [00:00<00:00, 108968.30it/s]
2026-04-30 18:06:15,752 httpx INFO HTTP Request: GET https://huggingface.co/api/models/BAAI/bge-m3 "HTTP/1.1 200 OK"
2026-04-30 18:06:15,872 httpx INFO HTTP Request: HEAD https://huggingface.co/BAAI/bge-m3/resolve/main/processor_config.json "HTTP/1.1 404 Not Found"
2026-04-30 18:06:15,986 httpx INFO HTTP Request: GET https://huggingface.co/api/models/BAAI/bge-m3/commits/main "HTTP/1.1 200 OK"
2026-04-30 18:06:16,078 httpx INFO HTTP Request: HEAD https://huggingface.co/BAAI/bge-m3/resolve/main/preprocessor_config.json "HTTP/1.1 404 Not Found"
2026-04-30 18:06:16,239 httpx INFO HTTP Request: GET https://huggingface.co/api/models/BAAI/bge-m3/discussions?p=0 "HTTP/1.1 200 OK"
2026-04-30 18:06:16,288 httpx INFO HTTP Request: HEAD https://huggingface.co/BAAI/bge-m3/resolve/main/video_preprocessor_config.json "HTTP/1.1 404 Not Found"
2026-04-30 18:06:16,474 httpx INFO HTTP Request: GET https://huggingface.co/api/models/BAAI/bge-m3/commits/refs%2Fpr%2F130 "HTTP/1.1 200 OK"
2026-04-30 18:06:16,504 httpx INFO HTTP Request: HEAD https://huggingface.co/BAAI/bge-m3/resolve/main/preprocessor_config.json "HTTP/1.1 404 Not Found"
2026-04-30 18:06:16,682 httpx INFO HTTP Request: HEAD https://huggingface.co/BAAI/bge-m3/resolve/refs%2Fpr%2F130/model.safetensors.index.json "HTTP/1.1 404 Not Found"
2026-04-30 18:06:16,713 httpx INFO HTTP Request: HEAD https://huggingface.co/BAAI/bge-m3/resolve/main/tokenizer_config.json "HTTP/1.1 307 Temporary Redirect"
2026-04-30 18:06:16,726 httpx INFO HTTP Request: HEAD https://huggingface.co/api/resolve-cache/models/BAAI/bge-m3/5617a9f61b028005a4858fdac845db406aefb181/tokenizer_config.json "HTTP/1.1 200 OK"
2026-04-30 18:06:16,883 httpx INFO HTTP Request: HEAD https://huggingface.co/BAAI/bge-m3/resolve/refs%2Fpr%2F130/model.safetensors "HTTP/1.1 302 Found"
2026-04-30 18:06:16,921 httpx INFO HTTP Request: HEAD https://huggingface.co/BAAI/bge-m3/resolve/main/config.json "HTTP/1.1 307 Temporary Redirect"
2026-04-30 18:06:16,934 httpx INFO HTTP Request: HEAD https://huggingface.co/api/resolve-cache/models/BAAI/bge-m3/5617a9f61b028005a4858fdac845db406aefb181/config.json "HTTP/1.1 200 OK"
2026-04-30 18:06:17,136 httpx INFO HTTP Request: HEAD https://huggingface.co/BAAI/bge-m3/resolve/main/config.json "HTTP/1.1 307 Temporary Redirect"
2026-04-30 18:06:17,150 httpx INFO HTTP Request: HEAD https://huggingface.co/api/resolve-cache/models/BAAI/bge-m3/5617a9f61b028005a4858fdac845db406aefb181/config.json "HTTP/1.1 200 OK"
2026-04-30 18:06:17,360 httpx INFO HTTP Request: HEAD https://huggingface.co/BAAI/bge-m3/resolve/main/tokenizer_config.json "HTTP/1.1 307 Temporary Redirect"
2026-04-30 18:06:17,373 httpx INFO HTTP Request: HEAD https://huggingface.co/api/resolve-cache/models/BAAI/bge-m3/5617a9f61b028005a4858fdac845db406aefb181/tokenizer_config.json "HTTP/1.1 200 OK"
2026-04-30 18:06:17,586 httpx INFO HTTP Request: GET https://huggingface.co/api/models/BAAI/bge-m3/tree/main/additional_chat_templates?recursive=false&expand=false "HTTP/1.1 404 Not Found"
2026-04-30 18:06:17,797 httpx INFO HTTP Request: GET https://huggingface.co/api/models/BAAI/bge-m3/tree/main?recursive=true&expand=false "HTTP/1.1 200 OK"
2026-04-30 18:06:19,312 httpx INFO HTTP Request: GET https://huggingface.co/api/models/BAAI/bge-m3 "HTTP/1.1 200 OK"
2026-04-30 18:06:19,526 httpx INFO HTTP Request: HEAD https://huggingface.co/BAAI/bge-m3/resolve/main/1_Pooling/config.json "HTTP/1.1 307 Temporary Redirect"
2026-04-30 18:06:19,538 httpx INFO HTTP Request: HEAD https://huggingface.co/api/resolve-cache/models/BAAI/bge-m3/5617a9f61b028005a4858fdac845db406aefb181/1_Pooling%2Fconfig.json "HTTP/1.1 200 OK"
2026-04-30 18:06:19,752 httpx INFO HTTP Request: GET https://huggingface.co/api/models/BAAI/bge-m3 "HTTP/1.1 200 OK"
2026-04-30 18:06:19,757 culturedx.retrieval.case_retriever INFO BGE-M3 encoder loaded.
2026-04-30 18:08:44,304 culturedx.modes.hied INFO Case patient_10: Diagnostician ranked 5 disorders, top-2: ['F32', 'F41.1']
2026-04-30 18:08:44,321 culturedx.modes.base INFO Checker timing: 5 disorders in 0.0s (0.0s/disorder, 5 workers)
2026-04-30 18:08:44,337 culturedx.modes.base INFO Checker timing: 9 disorders in 0.0s (0.0s/disorder, 9 workers)
2026-04-30 18:08:44,338 culturedx.pipeline.runner INFO Processing case 17/20: patient_1018
2026-04-30 18:08:44,338 culturedx.modes.hied INFO HiED manual scope mode: using 14 target disorders
2026-04-30 18:08:44,338 culturedx.modes.hied INFO Case patient_1018: 14 candidate disorders from triage
2026-04-30 18:08:48,008 culturedx.modes.hied INFO Case patient_1016: Diagnostician ranked 5 disorders, top-2: ['F41.1', 'F39']
2026-04-30 18:08:48,021 culturedx.modes.base INFO Checker timing: 5 disorders in 0.0s (0.0s/disorder, 5 workers)
2026-04-30 18:08:48,030 culturedx.modes.base INFO Checker timing: 9 disorders in 0.0s (0.0s/disorder, 9 workers)
2026-04-30 18:08:48,030 culturedx.pipeline.runner INFO Processing case 18/20: patient_1019
2026-04-30 18:08:48,031 culturedx.modes.hied INFO HiED manual scope mode: using 14 target disorders
2026-04-30 18:08:48,031 culturedx.modes.hied INFO Case patient_1019: 14 candidate disorders from triage
2026-04-30 18:08:51,379 culturedx.modes.hied INFO Case patient_1008: Diagnostician ranked 5 disorders, top-2: ['F32', 'F41.1']
2026-04-30 18:08:51,409 culturedx.modes.base INFO Checker timing: 5 disorders in 0.0s (0.0s/disorder, 5 workers)
2026-04-30 18:08:51,436 culturedx.modes.base INFO Checker timing: 9 disorders in 0.0s (0.0s/disorder, 9 workers)
2026-04-30 18:08:51,437 culturedx.pipeline.runner INFO Processing case 19/20: patient_102
2026-04-30 18:08:51,437 culturedx.modes.hied INFO HiED manual scope mode: using 14 target disorders
2026-04-30 18:08:51,438 culturedx.modes.hied INFO Case patient_102: 14 candidate disorders from triage
2026-04-30 18:08:52,517 culturedx.modes.hied INFO Case patient_1006: Diagnostician ranked 5 disorders, top-2: ['F41.1', 'F32']
2026-04-30 18:08:52,522 culturedx.modes.base INFO Checker timing: 5 disorders in 0.0s (0.0s/disorder, 5 workers)
2026-04-30 18:08:52,535 culturedx.modes.base INFO Checker timing: 9 disorders in 0.0s (0.0s/disorder, 9 workers)
2026-04-30 18:08:52,536 culturedx.pipeline.runner INFO Processing case 20/20: patient_1020
2026-04-30 18:08:52,536 culturedx.modes.hied INFO HiED manual scope mode: using 14 target disorders
2026-04-30 18:08:52,536 culturedx.modes.hied INFO Case patient_1020: 14 candidate disorders from triage
2026-04-30 18:08:53,497 culturedx.modes.hied INFO Case patient_1005: Diagnostician ranked 5 disorders, top-2: ['F32', 'F39']
2026-04-30 18:08:53,528 culturedx.modes.base INFO Checker timing: 5 disorders in 0.0s (0.0s/disorder, 5 workers)
2026-04-30 18:08:53,538 culturedx.modes.base INFO Checker timing: 9 disorders in 0.0s (0.0s/disorder, 9 workers)
2026-04-30 18:08:54,043 culturedx.modes.hied INFO Case patient_1010: Diagnostician ranked 5 disorders, top-2: ['F41.1', 'F32']
2026-04-30 18:08:54,069 culturedx.modes.base INFO Checker timing: 5 disorders in 0.0s (0.0s/disorder, 5 workers)
2026-04-30 18:08:54,082 culturedx.modes.hied INFO Case patient_1017: Diagnostician ranked 5 disorders, top-2: ['F32', 'F41.2']
2026-04-30 18:08:54,092 culturedx.modes.base INFO Checker timing: 9 disorders in 0.0s (0.0s/disorder, 9 workers)
2026-04-30 18:08:54,110 culturedx.modes.base INFO Checker timing: 5 disorders in 0.0s (0.0s/disorder, 5 workers)
2026-04-30 18:08:54,128 culturedx.modes.base INFO Checker timing: 9 disorders in 0.0s (0.0s/disorder, 9 workers)
2026-04-30 18:08:54,129 culturedx.modes.hied INFO Case patient_1017: DtV primary from top2 (top-1 F32 -> primary F41.2)
2026-04-30 18:08:54,469 culturedx.modes.hied INFO Case patient_1009: Diagnostician ranked 5 disorders, top-2: ['F41.1', 'F32']
2026-04-30 18:08:54,548 culturedx.modes.base INFO Checker timing: 5 disorders in 0.1s (0.0s/disorder, 5 workers)
2026-04-30 18:08:54,559 culturedx.modes.base INFO Checker timing: 9 disorders in 0.0s (0.0s/disorder, 9 workers)
2026-04-30 18:08:55,336 culturedx.modes.hied INFO Case patient_1015: Diagnostician ranked 5 disorders, top-2: ['F32', 'F41.1']
2026-04-30 18:08:55,378 culturedx.modes.hied INFO Case patient_1004: Diagnostician ranked 5 disorders, top-2: ['F42', 'F41.1']
2026-04-30 18:08:55,382 culturedx.modes.base INFO Checker timing: 5 disorders in 0.0s (0.0s/disorder, 5 workers)
2026-04-30 18:08:55,385 culturedx.modes.base INFO Checker timing: 5 disorders in 0.0s (0.0s/disorder, 5 workers)
2026-04-30 18:08:55,410 culturedx.modes.base INFO Checker timing: 9 disorders in 0.0s (0.0s/disorder, 9 workers)
2026-04-30 18:08:55,418 culturedx.modes.base INFO Checker timing: 9 disorders in 0.0s (0.0s/disorder, 9 workers)
2026-04-30 18:08:55,632 culturedx.modes.hied INFO Case patient_1013: Diagnostician ranked 5 disorders, top-2: ['F41.1', 'F32']
2026-04-30 18:08:55,638 culturedx.modes.base INFO Checker timing: 5 disorders in 0.0s (0.0s/disorder, 5 workers)
2026-04-30 18:08:55,646 culturedx.modes.base INFO Checker timing: 9 disorders in 0.0s (0.0s/disorder, 9 workers)
2026-04-30 18:08:55,679 culturedx.modes.hied INFO Case patient_101: Diagnostician ranked 5 disorders, top-2: ['F42', 'F41.1']
2026-04-30 18:08:55,684 culturedx.modes.base INFO Checker timing: 5 disorders in 0.0s (0.0s/disorder, 5 workers)
2026-04-30 18:08:55,695 culturedx.modes.base INFO Checker timing: 9 disorders in 0.0s (0.0s/disorder, 9 workers)
2026-04-30 18:08:55,796 culturedx.modes.hied INFO Case patient_1011: Diagnostician ranked 5 disorders, top-2: ['F41.1', 'F39']
2026-04-30 18:08:55,800 culturedx.modes.base INFO Checker timing: 5 disorders in 0.0s (0.0s/disorder, 5 workers)
2026-04-30 18:08:55,809 culturedx.modes.base INFO Checker timing: 9 disorders in 0.0s (0.0s/disorder, 9 workers)
2026-04-30 18:08:56,789 culturedx.modes.hied INFO Case patient_1: Diagnostician ranked 5 disorders, top-2: ['F32', 'F41.1']
2026-04-30 18:08:56,795 culturedx.modes.base INFO Checker timing: 5 disorders in 0.0s (0.0s/disorder, 5 workers)
2026-04-30 18:08:56,805 culturedx.modes.base INFO Checker timing: 9 disorders in 0.0s (0.0s/disorder, 9 workers)
2026-04-30 18:08:56,997 culturedx.modes.hied INFO Case patient_1002: Diagnostician ranked 5 disorders, top-2: ['F32', 'F41.1']
2026-04-30 18:08:57,003 culturedx.modes.base INFO Checker timing: 5 disorders in 0.0s (0.0s/disorder, 5 workers)
2026-04-30 18:08:57,036 culturedx.modes.base INFO Checker timing: 9 disorders in 0.0s (0.0s/disorder, 9 workers)
2026-04-30 18:08:57,133 culturedx.modes.hied INFO Case patient_1003: Diagnostician ranked 5 disorders, top-2: ['F32', 'F41.1']
2026-04-30 18:08:57,147 culturedx.modes.base INFO Checker timing: 5 disorders in 0.0s (0.0s/disorder, 5 workers)
2026-04-30 18:08:57,159 culturedx.modes.base INFO Checker timing: 9 disorders in 0.0s (0.0s/disorder, 9 workers)
2026-04-30 18:09:35,934 culturedx.modes.hied INFO Case patient_102: Diagnostician ranked 5 disorders, top-2: ['F32', 'F39']
2026-04-30 18:09:35,940 culturedx.modes.base INFO Checker timing: 5 disorders in 0.0s (0.0s/disorder, 5 workers)
2026-04-30 18:09:35,948 culturedx.modes.base INFO Checker timing: 9 disorders in 0.0s (0.0s/disorder, 9 workers)
2026-04-30 18:09:36,604 culturedx.modes.hied INFO Case patient_1019: Diagnostician ranked 5 disorders, top-2: ['F32', 'F39']
2026-04-30 18:09:36,613 culturedx.modes.base INFO Checker timing: 5 disorders in 0.0s (0.0s/disorder, 5 workers)
2026-04-30 18:09:36,623 culturedx.modes.base INFO Checker timing: 9 disorders in 0.0s (0.0s/disorder, 9 workers)
2026-04-30 18:09:36,708 culturedx.modes.hied INFO Case patient_1018: Diagnostician ranked 5 disorders, top-2: ['F32', 'F41.1']
2026-04-30 18:09:36,714 culturedx.modes.base INFO Checker timing: 5 disorders in 0.0s (0.0s/disorder, 5 workers)
2026-04-30 18:09:36,724 culturedx.modes.base INFO Checker timing: 9 disorders in 0.0s (0.0s/disorder, 9 workers)
2026-04-30 18:09:37,121 culturedx.modes.hied INFO Case patient_1020: Diagnostician ranked 5 disorders, top-2: ['F32', 'F41.1']
2026-04-30 18:09:37,126 culturedx.modes.base INFO Checker timing: 5 disorders in 0.0s (0.0s/disorder, 5 workers)
2026-04-30 18:09:37,133 culturedx.modes.base INFO Checker timing: 9 disorders in 0.0s (0.0s/disorder, 9 workers)
Evaluation metrics: {'diagnosis': {'accuracy': 0.65, 'top1_accuracy': 0.65, 'top3_accuracy': 0.65, 'macro_f1': 0.33968253968253964, 'weighted_f1': 0.5933333333333333, 'overall': 0.5766031746031747}, 'comorbidity': {'hamming_accuracy': 0.675, 'subset_accuracy': 0.65, 'comorbidity_detection_f1': 0.0, 'label_coverage': 0.675, 'label_precision': 0.7, 'avg_predicted_labels': 1.0, 'avg_gold_labels': 1.1}}
Predictions saved to results/gap_e_beta2b_native_smoke_20260430_174734/v2_default/mdd_icd10_n20/predictions.jsonl
Run complete.
