Loading dataset 'lingxidiag16k' from data/raw/lingxidiag16k...
Loaded 100 cases.
Mode: hied
2026-04-25 01:32:12,142 faiss.loader INFO Loading faiss with AVX2 support.
2026-04-25 01:32:12,150 faiss.loader INFO Successfully loaded faiss with AVX2 support.
2026-04-25 01:32:12,151 culturedx.retrieval.case_retriever INFO Loading FAISS index from data/cache/train_case_index.faiss
2026-04-25 01:32:12,236 culturedx.retrieval.case_retriever INFO CaseRetriever ready: 14000 cases indexed
RAG enabled: loaded data/cache/train_case_index.faiss
Target disorders: F20, F31, F32, F39, F41.0, F41.1, F42, F43.1, F43.2, F45, F51, F98, F41.2, Z71
HiED scope policy: manual
HiED execution mode: benchmark_manual_scope
Using --run-name override: run_dir=/home/user/YuNing/CultureDx/results/dual_standard_pilot_v3/mode_icd10/pilot_icd10
Output directory: /home/user/YuNing/CultureDx/results/dual_standard_pilot_v3/mode_icd10/pilot_icd10
Running CultureDx mode=hied on 100 cases...
2026-04-25 01:32:12,245 culturedx.pipeline.runner INFO Processing case 1/100: 344699340
2026-04-25 01:32:12,245 culturedx.modes.hied INFO HiED manual scope mode: using 14 target disorders
2026-04-25 01:32:12,245 culturedx.modes.hied INFO Case 344699340: 14 candidate disorders from triage
2026-04-25 01:32:12,245 culturedx.pipeline.runner INFO Processing case 2/100: 374577341
2026-04-25 01:32:12,245 culturedx.modes.hied INFO HiED manual scope mode: using 14 target disorders
2026-04-25 01:32:12,245 culturedx.modes.hied INFO Case 374577341: 14 candidate disorders from triage
2026-04-25 01:32:12,245 culturedx.pipeline.runner INFO Processing case 3/100: 350352506
2026-04-25 01:32:12,246 culturedx.pipeline.runner INFO Processing case 4/100: 318518739
2026-04-25 01:32:12,247 culturedx.pipeline.runner INFO Processing case 5/100: 341328894
2026-04-25 01:32:12,248 culturedx.modes.hied INFO HiED manual scope mode: using 14 target disorders
2026-04-25 01:32:12,247 culturedx.pipeline.runner INFO Processing case 6/100: 337522433
2026-04-25 01:32:12,247 culturedx.pipeline.runner INFO Processing case 7/100: 300493869
2026-04-25 01:32:12,247 culturedx.pipeline.runner INFO Processing case 8/100: 347729413
2026-04-25 01:32:12,247 culturedx.pipeline.runner INFO Processing case 9/100: 377662897
2026-04-25 01:32:12,248 culturedx.pipeline.runner INFO Processing case 10/100: 303364596
2026-04-25 01:32:12,248 culturedx.pipeline.runner INFO Processing case 11/100: 327826586
2026-04-25 01:32:12,248 culturedx.modes.hied INFO HiED manual scope mode: using 14 target disorders
2026-04-25 01:32:12,248 culturedx.pipeline.runner INFO Processing case 12/100: 371726537
2026-04-25 01:32:12,250 culturedx.modes.hied INFO HiED manual scope mode: using 14 target disorders
2026-04-25 01:32:12,249 culturedx.modes.hied INFO Case 341328894: 14 candidate disorders from triage
2026-04-25 01:32:12,249 culturedx.pipeline.runner INFO Processing case 13/100: 388559461
2026-04-25 01:32:12,249 culturedx.modes.hied INFO HiED manual scope mode: using 14 target disorders
2026-04-25 01:32:12,249 culturedx.modes.hied INFO HiED manual scope mode: using 14 target disorders
2026-04-25 01:32:12,251 culturedx.modes.hied INFO Case 300493869: 14 candidate disorders from triage
2026-04-25 01:32:12,249 culturedx.modes.hied INFO HiED manual scope mode: using 14 target disorders
2026-04-25 01:32:12,249 culturedx.pipeline.runner INFO Processing case 15/100: 324224056
2026-04-25 01:32:12,249 culturedx.modes.hied INFO HiED manual scope mode: using 14 target disorders
2026-04-25 01:32:12,249 culturedx.pipeline.runner INFO Processing case 16/100: 368679677
2026-04-25 01:32:12,251 culturedx.modes.hied INFO HiED manual scope mode: using 14 target disorders
2026-04-25 01:32:12,250 culturedx.modes.hied INFO HiED manual scope mode: using 14 target disorders
2026-04-25 01:32:12,251 culturedx.modes.hied INFO Case 327826586: 14 candidate disorders from triage
2026-04-25 01:32:12,250 culturedx.modes.hied INFO Case 318518739: 14 candidate disorders from triage
2026-04-25 01:32:12,247 culturedx.modes.hied INFO HiED manual scope mode: using 14 target disorders
2026-04-25 01:32:12,251 culturedx.modes.hied INFO HiED manual scope mode: using 14 target disorders
2026-04-25 01:32:12,251 culturedx.modes.hied INFO Case 337522433: 14 candidate disorders from triage
2026-04-25 01:32:12,249 culturedx.pipeline.runner INFO Processing case 14/100: 341042297
2026-04-25 01:32:12,251 culturedx.modes.hied INFO Case 347729413: 14 candidate disorders from triage
2026-04-25 01:32:12,251 culturedx.modes.hied INFO HiED manual scope mode: using 14 target disorders
2026-04-25 01:32:12,251 culturedx.modes.hied INFO Case 377662897: 14 candidate disorders from triage
2026-04-25 01:32:12,251 culturedx.modes.hied INFO Case 368679677: 14 candidate disorders from triage
2026-04-25 01:32:12,250 culturedx.modes.hied INFO Case 371726537: 14 candidate disorders from triage
2026-04-25 01:32:12,249 culturedx.modes.hied INFO HiED manual scope mode: using 14 target disorders
2026-04-25 01:32:12,257 culturedx.modes.hied INFO Case 303364596: 14 candidate disorders from triage
2026-04-25 01:32:12,252 culturedx.modes.hied INFO Case 388559461: 14 candidate disorders from triage
2026-04-25 01:32:12,252 culturedx.modes.hied INFO HiED manual scope mode: using 14 target disorders
2026-04-25 01:32:12,253 culturedx.modes.hied INFO Case 324224056: 14 candidate disorders from triage
2026-04-25 01:32:12,252 culturedx.modes.hied INFO Case 350352506: 14 candidate disorders from triage
2026-04-25 01:32:12,258 culturedx.modes.hied INFO Case 341042297: 14 candidate disorders from triage
2026-04-25 01:32:13,758 culturedx.retrieval.case_retriever INFO Loading BGE-M3 encoder (first call)...
2026-04-25 01:32:14,005 httpx INFO HTTP Request: HEAD https://huggingface.co/BAAI/bge-m3/resolve/main/modules.json "HTTP/1.1 307 Temporary Redirect"
2026-04-25 01:32:14,016 httpx INFO HTTP Request: HEAD https://huggingface.co/api/resolve-cache/models/BAAI/bge-m3/5617a9f61b028005a4858fdac845db406aefb181/modules.json "HTTP/1.1 200 OK"
2026-04-25 01:32:14,221 httpx INFO HTTP Request: HEAD https://huggingface.co/BAAI/bge-m3/resolve/main/config_sentence_transformers.json "HTTP/1.1 307 Temporary Redirect"
2026-04-25 01:32:14,232 httpx INFO HTTP Request: HEAD https://huggingface.co/api/resolve-cache/models/BAAI/bge-m3/5617a9f61b028005a4858fdac845db406aefb181/config_sentence_transformers.json "HTTP/1.1 200 OK"
2026-04-25 01:32:14,233 sentence_transformers.base.model INFO Loading SentenceTransformer model from BAAI/bge-m3.
2026-04-25 01:32:14,438 httpx INFO HTTP Request: HEAD https://huggingface.co/BAAI/bge-m3/resolve/main/config_sentence_transformers.json "HTTP/1.1 307 Temporary Redirect"
2026-04-25 01:32:14,449 httpx INFO HTTP Request: HEAD https://huggingface.co/api/resolve-cache/models/BAAI/bge-m3/5617a9f61b028005a4858fdac845db406aefb181/config_sentence_transformers.json "HTTP/1.1 200 OK"
2026-04-25 01:32:14,673 httpx INFO HTTP Request: HEAD https://huggingface.co/BAAI/bge-m3/resolve/main/README.md "HTTP/1.1 307 Temporary Redirect"
2026-04-25 01:32:14,684 httpx INFO HTTP Request: HEAD https://huggingface.co/api/resolve-cache/models/BAAI/bge-m3/5617a9f61b028005a4858fdac845db406aefb181/README.md "HTTP/1.1 200 OK"
2026-04-25 01:32:14,895 httpx INFO HTTP Request: HEAD https://huggingface.co/BAAI/bge-m3/resolve/main/modules.json "HTTP/1.1 307 Temporary Redirect"
2026-04-25 01:32:14,906 httpx INFO HTTP Request: HEAD https://huggingface.co/api/resolve-cache/models/BAAI/bge-m3/5617a9f61b028005a4858fdac845db406aefb181/modules.json "HTTP/1.1 200 OK"
2026-04-25 01:32:15,110 httpx INFO HTTP Request: HEAD https://huggingface.co/BAAI/bge-m3/resolve/main/sentence_bert_config.json "HTTP/1.1 307 Temporary Redirect"
2026-04-25 01:32:15,121 httpx INFO HTTP Request: HEAD https://huggingface.co/api/resolve-cache/models/BAAI/bge-m3/5617a9f61b028005a4858fdac845db406aefb181/sentence_bert_config.json "HTTP/1.1 200 OK"
2026-04-25 01:32:15,336 httpx INFO HTTP Request: HEAD https://huggingface.co/BAAI/bge-m3/resolve/main/adapter_config.json "HTTP/1.1 404 Not Found"
2026-04-25 01:32:15,536 httpx INFO HTTP Request: HEAD https://huggingface.co/BAAI/bge-m3/resolve/main/config.json "HTTP/1.1 307 Temporary Redirect"
2026-04-25 01:32:15,547 httpx INFO HTTP Request: HEAD https://huggingface.co/api/resolve-cache/models/BAAI/bge-m3/5617a9f61b028005a4858fdac845db406aefb181/config.json "HTTP/1.1 200 OK"
2026-04-25 01:32:15,774 httpx INFO HTTP Request: HEAD https://huggingface.co/BAAI/bge-m3/resolve/main/model.safetensors "HTTP/1.1 404 Not Found"

Loading weights:   0%|          | 0/391 [00:00<?, ?it/s]
Loading weights: 100%|██████████| 391/391 [00:00<00:00, 83285.40it/s]
2026-04-25 01:32:15,988 httpx INFO HTTP Request: GET https://huggingface.co/api/models/BAAI/bge-m3 "HTTP/1.1 200 OK"
2026-04-25 01:32:16,070 httpx INFO HTTP Request: HEAD https://huggingface.co/BAAI/bge-m3/resolve/main/processor_config.json "HTTP/1.1 404 Not Found"
2026-04-25 01:32:16,212 httpx INFO HTTP Request: GET https://huggingface.co/api/models/BAAI/bge-m3/commits/main "HTTP/1.1 200 OK"
2026-04-25 01:32:16,275 httpx INFO HTTP Request: HEAD https://huggingface.co/BAAI/bge-m3/resolve/main/preprocessor_config.json "HTTP/1.1 404 Not Found"
2026-04-25 01:32:16,444 httpx INFO HTTP Request: GET https://huggingface.co/api/models/BAAI/bge-m3/discussions?p=0 "HTTP/1.1 200 OK"
2026-04-25 01:32:16,482 httpx INFO HTTP Request: HEAD https://huggingface.co/BAAI/bge-m3/resolve/main/video_preprocessor_config.json "HTTP/1.1 404 Not Found"
2026-04-25 01:32:16,701 httpx INFO HTTP Request: GET https://huggingface.co/api/models/BAAI/bge-m3/commits/refs%2Fpr%2F130 "HTTP/1.1 200 OK"
2026-04-25 01:32:16,752 httpx INFO HTTP Request: HEAD https://huggingface.co/BAAI/bge-m3/resolve/main/preprocessor_config.json "HTTP/1.1 404 Not Found"
2026-04-25 01:32:16,910 httpx INFO HTTP Request: HEAD https://huggingface.co/BAAI/bge-m3/resolve/refs%2Fpr%2F130/model.safetensors.index.json "HTTP/1.1 404 Not Found"
2026-04-25 01:32:16,983 httpx INFO HTTP Request: HEAD https://huggingface.co/BAAI/bge-m3/resolve/main/tokenizer_config.json "HTTP/1.1 307 Temporary Redirect"
2026-04-25 01:32:16,995 httpx INFO HTTP Request: HEAD https://huggingface.co/api/resolve-cache/models/BAAI/bge-m3/5617a9f61b028005a4858fdac845db406aefb181/tokenizer_config.json "HTTP/1.1 200 OK"
2026-04-25 01:32:17,137 httpx INFO HTTP Request: HEAD https://huggingface.co/BAAI/bge-m3/resolve/refs%2Fpr%2F130/model.safetensors "HTTP/1.1 302 Found"
2026-04-25 01:32:17,196 httpx INFO HTTP Request: HEAD https://huggingface.co/BAAI/bge-m3/resolve/main/config.json "HTTP/1.1 307 Temporary Redirect"
2026-04-25 01:32:17,207 httpx INFO HTTP Request: HEAD https://huggingface.co/api/resolve-cache/models/BAAI/bge-m3/5617a9f61b028005a4858fdac845db406aefb181/config.json "HTTP/1.1 200 OK"
2026-04-25 01:32:17,407 httpx INFO HTTP Request: HEAD https://huggingface.co/BAAI/bge-m3/resolve/main/config.json "HTTP/1.1 307 Temporary Redirect"
2026-04-25 01:32:17,417 httpx INFO HTTP Request: HEAD https://huggingface.co/api/resolve-cache/models/BAAI/bge-m3/5617a9f61b028005a4858fdac845db406aefb181/config.json "HTTP/1.1 200 OK"
2026-04-25 01:32:17,619 httpx INFO HTTP Request: HEAD https://huggingface.co/BAAI/bge-m3/resolve/main/tokenizer_config.json "HTTP/1.1 307 Temporary Redirect"
2026-04-25 01:32:17,630 httpx INFO HTTP Request: HEAD https://huggingface.co/api/resolve-cache/models/BAAI/bge-m3/5617a9f61b028005a4858fdac845db406aefb181/tokenizer_config.json "HTTP/1.1 200 OK"
2026-04-25 01:32:17,844 httpx INFO HTTP Request: GET https://huggingface.co/api/models/BAAI/bge-m3/tree/main/additional_chat_templates?recursive=false&expand=false "HTTP/1.1 404 Not Found"
2026-04-25 01:32:18,053 httpx INFO HTTP Request: GET https://huggingface.co/api/models/BAAI/bge-m3/tree/main?recursive=true&expand=false "HTTP/1.1 200 OK"
2026-04-25 01:32:19,356 httpx INFO HTTP Request: GET https://huggingface.co/api/models/BAAI/bge-m3 "HTTP/1.1 200 OK"
2026-04-25 01:32:19,569 httpx INFO HTTP Request: HEAD https://huggingface.co/BAAI/bge-m3/resolve/main/1_Pooling/config.json "HTTP/1.1 307 Temporary Redirect"
2026-04-25 01:32:19,580 httpx INFO HTTP Request: HEAD https://huggingface.co/api/resolve-cache/models/BAAI/bge-m3/5617a9f61b028005a4858fdac845db406aefb181/1_Pooling%2Fconfig.json "HTTP/1.1 200 OK"
2026-04-25 01:32:19,788 httpx INFO HTTP Request: GET https://huggingface.co/api/models/BAAI/bge-m3 "HTTP/1.1 200 OK"
2026-04-25 01:32:19,790 culturedx.retrieval.case_retriever INFO BGE-M3 encoder loaded.
2026-04-25 01:32:29,313 culturedx.modes.hied INFO Case 347729413: Diagnostician ranked 5 disorders, top-2: ['F32', 'F39']
2026-04-25 01:32:29,325 culturedx.modes.hied INFO Case 377662897: Diagnostician ranked 5 disorders, top-2: ['F32', 'F41.1']
2026-04-25 01:32:29,381 culturedx.modes.base INFO Checker timing: 5 disorders in 0.1s (0.0s/disorder, 5 workers)
2026-04-25 01:32:29,402 culturedx.modes.base INFO Checker timing: 5 disorders in 0.1s (0.0s/disorder, 5 workers)
2026-04-25 01:32:29,405 culturedx.modes.base INFO Checker timing: 9 disorders in 0.0s (0.0s/disorder, 9 workers)
2026-04-25 01:32:29,406 culturedx.modes.hied INFO Case 377662897: DtV primary from top2 (top-1 F32 -> primary F41.1)
2026-04-25 01:32:29,406 culturedx.pipeline.runner INFO Processing case 17/100: 332278660
2026-04-25 01:32:29,406 culturedx.modes.hied INFO HiED manual scope mode: using 14 target disorders
2026-04-25 01:32:29,406 culturedx.modes.hied INFO Case 332278660: 14 candidate disorders from triage
2026-04-25 01:32:29,422 culturedx.modes.base INFO Checker timing: 9 disorders in 0.0s (0.0s/disorder, 9 workers)
2026-04-25 01:32:29,423 culturedx.pipeline.runner INFO Processing case 18/100: 312389408
2026-04-25 01:32:29,423 culturedx.modes.hied INFO HiED manual scope mode: using 14 target disorders
2026-04-25 01:32:29,423 culturedx.modes.hied INFO Case 312389408: 14 candidate disorders from triage
2026-04-25 01:32:30,107 culturedx.modes.hied INFO Case 300493869: Diagnostician ranked 5 disorders, top-2: ['F41.1', 'F45']
2026-04-25 01:32:30,113 culturedx.modes.base INFO Checker timing: 5 disorders in 0.0s (0.0s/disorder, 5 workers)
2026-04-25 01:32:30,147 culturedx.modes.base INFO Checker timing: 9 disorders in 0.0s (0.0s/disorder, 9 workers)
2026-04-25 01:32:30,148 culturedx.modes.hied INFO Case 300493869: DtV primary from top3 (top-1 F41.1 -> primary F41.2)
2026-04-25 01:32:30,148 culturedx.pipeline.runner INFO Processing case 19/100: 380913193
2026-04-25 01:32:30,148 culturedx.modes.hied INFO HiED manual scope mode: using 14 target disorders
2026-04-25 01:32:30,148 culturedx.modes.hied INFO Case 380913193: 14 candidate disorders from triage
2026-04-25 01:32:31,504 culturedx.modes.hied INFO Case 388559461: Diagnostician ranked 5 disorders, top-2: ['F32', 'F39']
2026-04-25 01:32:31,532 culturedx.modes.base INFO Checker timing: 5 disorders in 0.0s (0.0s/disorder, 5 workers)
2026-04-25 01:32:31,588 culturedx.modes.base INFO Checker timing: 9 disorders in 0.1s (0.0s/disorder, 9 workers)
2026-04-25 01:32:31,589 culturedx.pipeline.runner INFO Processing case 20/100: 393761475
2026-04-25 01:32:31,589 culturedx.modes.hied INFO HiED manual scope mode: using 14 target disorders
2026-04-25 01:32:31,589 culturedx.modes.hied INFO Case 393761475: 14 candidate disorders from triage
2026-04-25 01:32:31,752 culturedx.modes.hied INFO Case 327826586: Diagnostician ranked 5 disorders, top-2: ['F41.1', 'F32']
2026-04-25 01:32:31,792 culturedx.modes.base INFO Checker timing: 5 disorders in 0.0s (0.0s/disorder, 5 workers)
2026-04-25 01:32:31,819 culturedx.modes.base INFO Checker timing: 9 disorders in 0.0s (0.0s/disorder, 9 workers)
2026-04-25 01:32:31,819 culturedx.pipeline.runner INFO Processing case 21/100: 369682855
2026-04-25 01:32:31,819 culturedx.modes.hied INFO HiED manual scope mode: using 14 target disorders
2026-04-25 01:32:31,820 culturedx.modes.hied INFO Case 369682855: 14 candidate disorders from triage
2026-04-25 01:32:33,080 culturedx.modes.hied INFO Case 341042297: Diagnostician ranked 5 disorders, top-2: ['F32', 'F39']
2026-04-25 01:32:33,094 culturedx.modes.base INFO Checker timing: 5 disorders in 0.0s (0.0s/disorder, 5 workers)
2026-04-25 01:32:33,100 culturedx.modes.base INFO Checker timing: 9 disorders in 0.0s (0.0s/disorder, 9 workers)
2026-04-25 01:32:33,100 culturedx.pipeline.runner INFO Processing case 22/100: 329606499
2026-04-25 01:32:33,101 culturedx.modes.hied INFO HiED manual scope mode: using 14 target disorders
2026-04-25 01:32:33,101 culturedx.modes.hied INFO Case 329606499: 14 candidate disorders from triage
2026-04-25 01:32:33,138 culturedx.modes.hied INFO Case 350352506: Diagnostician ranked 5 disorders, top-2: ['F32', 'F41.2']
2026-04-25 01:32:33,232 culturedx.modes.base INFO Checker timing: 5 disorders in 0.1s (0.0s/disorder, 5 workers)
2026-04-25 01:32:33,264 culturedx.modes.base INFO Checker timing: 9 disorders in 0.0s (0.0s/disorder, 9 workers)
2026-04-25 01:32:33,277 culturedx.pipeline.runner INFO Processing case 23/100: 305328637
2026-04-25 01:32:33,281 culturedx.modes.hied INFO HiED manual scope mode: using 14 target disorders
2026-04-25 01:32:33,281 culturedx.modes.hied INFO Case 305328637: 14 candidate disorders from triage
2026-04-25 01:32:33,409 culturedx.modes.hied INFO Case 344699340: Diagnostician ranked 5 disorders, top-2: ['F32', 'F39']
2026-04-25 01:32:33,413 culturedx.modes.base INFO Checker timing: 5 disorders in 0.0s (0.0s/disorder, 5 workers)
2026-04-25 01:32:33,495 culturedx.modes.base INFO Checker timing: 9 disorders in 0.1s (0.0s/disorder, 9 workers)
2026-04-25 01:32:33,496 culturedx.pipeline.runner INFO Processing case 24/100: 376197379
2026-04-25 01:32:33,496 culturedx.modes.hied INFO HiED manual scope mode: using 14 target disorders
2026-04-25 01:32:33,496 culturedx.modes.hied INFO Case 376197379: 14 candidate disorders from triage
2026-04-25 01:32:33,519 culturedx.modes.hied INFO Case 324224056: Diagnostician ranked 5 disorders, top-2: ['F41.1', 'F32']
2026-04-25 01:32:33,526 culturedx.modes.base INFO Checker timing: 5 disorders in 0.0s (0.0s/disorder, 5 workers)
2026-04-25 01:32:33,539 culturedx.modes.base INFO Checker timing: 9 disorders in 0.0s (0.0s/disorder, 9 workers)
2026-04-25 01:32:33,539 culturedx.pipeline.runner INFO Processing case 25/100: 303895252
2026-04-25 01:32:33,539 culturedx.modes.hied INFO HiED manual scope mode: using 14 target disorders
2026-04-25 01:32:33,540 culturedx.modes.hied INFO Case 303895252: 14 candidate disorders from triage
2026-04-25 01:32:34,008 culturedx.modes.hied INFO Case 368679677: Diagnostician ranked 5 disorders, top-2: ['F32', 'F39']
2026-04-25 01:32:34,025 culturedx.modes.base INFO Checker timing: 5 disorders in 0.0s (0.0s/disorder, 5 workers)
2026-04-25 01:32:34,036 culturedx.modes.base INFO Checker timing: 9 disorders in 0.0s (0.0s/disorder, 9 workers)
2026-04-25 01:32:34,036 culturedx.pipeline.runner INFO Processing case 26/100: 358313639
2026-04-25 01:32:34,036 culturedx.modes.hied INFO HiED manual scope mode: using 14 target disorders
2026-04-25 01:32:34,037 culturedx.modes.hied INFO Case 358313639: 14 candidate disorders from triage
2026-04-25 01:32:34,106 culturedx.modes.hied INFO Case 318518739: Diagnostician ranked 5 disorders, top-2: ['F32', 'F51']
2026-04-25 01:32:34,116 culturedx.modes.hied INFO Case 303364596: Diagnostician ranked 5 disorders, top-2: ['F32', 'F41.1']
2026-04-25 01:32:34,137 culturedx.modes.base INFO Checker timing: 5 disorders in 0.0s (0.0s/disorder, 5 workers)
2026-04-25 01:32:34,142 culturedx.modes.base INFO Checker timing: 5 disorders in 0.0s (0.0s/disorder, 5 workers)
2026-04-25 01:32:34,146 culturedx.modes.base INFO Checker timing: 9 disorders in 0.0s (0.0s/disorder, 9 workers)
2026-04-25 01:32:34,147 culturedx.pipeline.runner INFO Processing case 27/100: 368998951
2026-04-25 01:32:34,147 culturedx.modes.hied INFO HiED manual scope mode: using 14 target disorders
2026-04-25 01:32:34,147 culturedx.modes.hied INFO Case 368998951: 14 candidate disorders from triage
2026-04-25 01:32:34,160 culturedx.modes.base INFO Checker timing: 9 disorders in 0.0s (0.0s/disorder, 9 workers)
2026-04-25 01:32:34,161 culturedx.pipeline.runner INFO Processing case 28/100: 355727279
2026-04-25 01:32:34,161 culturedx.modes.hied INFO HiED manual scope mode: using 14 target disorders
2026-04-25 01:32:34,161 culturedx.modes.hied INFO Case 355727279: 14 candidate disorders from triage
2026-04-25 01:32:34,461 culturedx.modes.hied INFO Case 374577341: Diagnostician ranked 5 disorders, top-2: ['F41.1', 'F42']
2026-04-25 01:32:34,464 culturedx.modes.base INFO Checker timing: 5 disorders in 0.0s (0.0s/disorder, 5 workers)
2026-04-25 01:32:34,471 culturedx.modes.base INFO Checker timing: 9 disorders in 0.0s (0.0s/disorder, 9 workers)
2026-04-25 01:32:34,472 culturedx.pipeline.runner INFO Processing case 29/100: 397700349
2026-04-25 01:32:34,472 culturedx.modes.hied INFO HiED manual scope mode: using 14 target disorders
2026-04-25 01:32:34,472 culturedx.modes.hied INFO Case 397700349: 14 candidate disorders from triage
2026-04-25 01:32:35,631 culturedx.modes.hied INFO Case 337522433: Diagnostician ranked 5 disorders, top-2: ['F39', 'F41.1']
2026-04-25 01:32:35,639 culturedx.modes.base INFO Checker timing: 5 disorders in 0.0s (0.0s/disorder, 5 workers)
2026-04-25 01:32:35,688 culturedx.modes.base INFO Checker timing: 9 disorders in 0.0s (0.0s/disorder, 9 workers)
2026-04-25 01:32:35,690 culturedx.pipeline.runner INFO Processing case 30/100: 381110368
2026-04-25 01:32:35,690 culturedx.modes.hied INFO HiED manual scope mode: using 14 target disorders
2026-04-25 01:32:35,690 culturedx.modes.hied INFO Case 381110368: 14 candidate disorders from triage
2026-04-25 01:32:38,667 culturedx.modes.hied INFO Case 341328894: Diagnostician ranked 5 disorders, top-2: ['F32', 'F41.1']
2026-04-25 01:32:38,669 culturedx.modes.base INFO Checker timing: 5 disorders in 0.0s (0.0s/disorder, 5 workers)
2026-04-25 01:32:38,686 culturedx.modes.base INFO Checker timing: 9 disorders in 0.0s (0.0s/disorder, 9 workers)
2026-04-25 01:32:38,687 culturedx.pipeline.runner INFO Processing case 31/100: 309444601
2026-04-25 01:32:38,687 culturedx.modes.hied INFO HiED manual scope mode: using 14 target disorders
2026-04-25 01:32:38,687 culturedx.modes.hied INFO Case 309444601: 14 candidate disorders from triage
2026-04-25 01:32:39,194 culturedx.modes.hied INFO Case 371726537: Diagnostician ranked 5 disorders, top-2: ['F32', 'F39']
2026-04-25 01:32:39,203 culturedx.modes.base INFO Checker timing: 5 disorders in 0.0s (0.0s/disorder, 5 workers)
2026-04-25 01:32:39,228 culturedx.modes.base INFO Checker timing: 9 disorders in 0.0s (0.0s/disorder, 9 workers)
2026-04-25 01:32:39,229 culturedx.pipeline.runner INFO Processing case 32/100: 335985565
2026-04-25 01:32:39,229 culturedx.modes.hied INFO HiED manual scope mode: using 14 target disorders
2026-04-25 01:32:39,229 culturedx.modes.hied INFO Case 335985565: 14 candidate disorders from triage
2026-04-25 01:32:40,152 culturedx.modes.hied INFO Case 380913193: Diagnostician ranked 5 disorders, top-2: ['F41.1', 'F32']
2026-04-25 01:32:40,154 culturedx.modes.hied INFO Case 312389408: Diagnostician ranked 5 disorders, top-2: ['F51', 'F39']
2026-04-25 01:32:40,177 culturedx.modes.base INFO Checker timing: 5 disorders in 0.0s (0.0s/disorder, 5 workers)
2026-04-25 01:32:40,178 culturedx.modes.base INFO Checker timing: 5 disorders in 0.0s (0.0s/disorder, 5 workers)
2026-04-25 01:32:40,192 culturedx.modes.base INFO Checker timing: 9 disorders in 0.0s (0.0s/disorder, 9 workers)
2026-04-25 01:32:40,193 culturedx.pipeline.runner INFO Processing case 33/100: 321077019
2026-04-25 01:32:40,193 culturedx.modes.hied INFO HiED manual scope mode: using 14 target disorders
2026-04-25 01:32:40,193 culturedx.modes.hied INFO Case 321077019: 14 candidate disorders from triage
2026-04-25 01:32:40,198 culturedx.modes.base INFO Checker timing: 9 disorders in 0.0s (0.0s/disorder, 9 workers)
2026-04-25 01:32:40,198 culturedx.pipeline.runner INFO Processing case 34/100: 346998154
2026-04-25 01:32:40,198 culturedx.modes.hied INFO HiED manual scope mode: using 14 target disorders
2026-04-25 01:32:40,198 culturedx.modes.hied INFO Case 346998154: 14 candidate disorders from triage
2026-04-25 01:32:41,178 culturedx.modes.hied INFO Case 332278660: Diagnostician ranked 5 disorders, top-2: ['F32', 'F39']
2026-04-25 01:32:41,188 culturedx.modes.base INFO Checker timing: 5 disorders in 0.0s (0.0s/disorder, 5 workers)
2026-04-25 01:32:41,192 culturedx.modes.base INFO Checker timing: 9 disorders in 0.0s (0.0s/disorder, 9 workers)
2026-04-25 01:32:41,193 culturedx.pipeline.runner INFO Processing case 35/100: 359213312
2026-04-25 01:32:41,193 culturedx.modes.hied INFO HiED manual scope mode: using 14 target disorders
2026-04-25 01:32:41,193 culturedx.modes.hied INFO Case 359213312: 14 candidate disorders from triage
2026-04-25 01:32:42,000 culturedx.modes.hied INFO Case 305328637: Diagnostician ranked 5 disorders, top-2: ['F41.1', 'F32']
2026-04-25 01:32:42,005 culturedx.modes.base INFO Checker timing: 5 disorders in 0.0s (0.0s/disorder, 5 workers)
2026-04-25 01:32:42,018 culturedx.modes.base INFO Checker timing: 9 disorders in 0.0s (0.0s/disorder, 9 workers)
2026-04-25 01:32:42,019 culturedx.pipeline.runner INFO Processing case 36/100: 367615981
2026-04-25 01:32:42,019 culturedx.modes.hied INFO HiED manual scope mode: using 14 target disorders
2026-04-25 01:32:42,019 culturedx.modes.hied INFO Case 367615981: 14 candidate disorders from triage
2026-04-25 01:32:43,004 culturedx.modes.hied INFO Case 303895252: Diagnostician ranked 5 disorders, top-2: ['F32', 'F41.1']
2026-04-25 01:32:43,010 culturedx.modes.base INFO Checker timing: 5 disorders in 0.0s (0.0s/disorder, 5 workers)
2026-04-25 01:32:43,016 culturedx.modes.base INFO Checker timing: 9 disorders in 0.0s (0.0s/disorder, 9 workers)
2026-04-25 01:32:43,016 culturedx.pipeline.runner INFO Processing case 37/100: 383925853
2026-04-25 01:32:43,017 culturedx.modes.hied INFO HiED manual scope mode: using 14 target disorders
2026-04-25 01:32:43,017 culturedx.modes.hied INFO Case 383925853: 14 candidate disorders from triage
2026-04-25 01:32:43,765 culturedx.modes.hied INFO Case 358313639: Diagnostician ranked 5 disorders, top-2: ['F32', 'F51']
2026-04-25 01:32:43,767 culturedx.modes.base INFO Checker timing: 5 disorders in 0.0s (0.0s/disorder, 5 workers)
2026-04-25 01:32:43,783 culturedx.modes.base INFO Checker timing: 9 disorders in 0.0s (0.0s/disorder, 9 workers)
2026-04-25 01:32:43,783 culturedx.pipeline.runner INFO Processing case 38/100: 349524800
2026-04-25 01:32:43,784 culturedx.modes.hied INFO HiED manual scope mode: using 14 target disorders
2026-04-25 01:32:43,784 culturedx.modes.hied INFO Case 349524800: 14 candidate disorders from triage
2026-04-25 01:32:45,242 culturedx.modes.hied INFO Case 369682855: Diagnostician ranked 5 disorders, top-2: ['F20', 'F32']
2026-04-25 01:32:45,244 culturedx.modes.base INFO Checker timing: 5 disorders in 0.0s (0.0s/disorder, 5 workers)
2026-04-25 01:32:45,256 culturedx.modes.base INFO Checker timing: 9 disorders in 0.0s (0.0s/disorder, 9 workers)
2026-04-25 01:32:45,256 culturedx.pipeline.runner INFO Processing case 39/100: 339178683
2026-04-25 01:32:45,256 culturedx.modes.hied INFO HiED manual scope mode: using 14 target disorders
2026-04-25 01:32:45,256 culturedx.modes.hied INFO Case 339178683: 14 candidate disorders from triage
2026-04-25 01:32:45,520 culturedx.modes.hied INFO Case 329606499: Diagnostician ranked 5 disorders, top-2: ['F32', 'F39']
2026-04-25 01:32:45,529 culturedx.modes.base INFO Checker timing: 5 disorders in 0.0s (0.0s/disorder, 5 workers)
2026-04-25 01:32:45,558 culturedx.modes.base INFO Checker timing: 9 disorders in 0.0s (0.0s/disorder, 9 workers)
2026-04-25 01:32:45,559 culturedx.modes.hied INFO Case 329606499: DtV primary from top2 (top-1 F32 -> primary F39)
2026-04-25 01:32:45,559 culturedx.pipeline.runner INFO Processing case 40/100: 365148198
2026-04-25 01:32:45,559 culturedx.modes.hied INFO HiED manual scope mode: using 14 target disorders
2026-04-25 01:32:45,559 culturedx.modes.hied INFO Case 365148198: 14 candidate disorders from triage
2026-04-25 01:32:46,147 culturedx.modes.hied INFO Case 397700349: Diagnostician ranked 5 disorders, top-2: ['F32', 'F39']
2026-04-25 01:32:46,152 culturedx.modes.base INFO Checker timing: 5 disorders in 0.0s (0.0s/disorder, 5 workers)
2026-04-25 01:32:46,160 culturedx.modes.base INFO Checker timing: 9 disorders in 0.0s (0.0s/disorder, 9 workers)
2026-04-25 01:32:46,160 culturedx.pipeline.runner INFO Processing case 41/100: 354219828
2026-04-25 01:32:46,161 culturedx.modes.hied INFO HiED manual scope mode: using 14 target disorders
2026-04-25 01:32:46,161 culturedx.modes.hied INFO Case 354219828: 14 candidate disorders from triage
2026-04-25 01:32:46,333 culturedx.modes.hied INFO Case 393761475: Diagnostician ranked 5 disorders, top-2: ['F41.1', 'F32']
2026-04-25 01:32:46,340 culturedx.modes.base INFO Checker timing: 5 disorders in 0.0s (0.0s/disorder, 5 workers)
2026-04-25 01:32:46,346 culturedx.modes.base INFO Checker timing: 9 disorders in 0.0s (0.0s/disorder, 9 workers)
2026-04-25 01:32:46,347 culturedx.pipeline.runner INFO Processing case 42/100: 329547625
2026-04-25 01:32:46,347 culturedx.modes.hied INFO HiED manual scope mode: using 14 target disorders
2026-04-25 01:32:46,347 culturedx.modes.hied INFO Case 329547625: 14 candidate disorders from triage
2026-04-25 01:32:47,310 culturedx.modes.hied INFO Case 355727279: Diagnostician ranked 5 disorders, top-2: ['F32', 'F39']
2026-04-25 01:32:47,313 culturedx.modes.base INFO Checker timing: 5 disorders in 0.0s (0.0s/disorder, 5 workers)
2026-04-25 01:32:47,317 culturedx.modes.base INFO Checker timing: 9 disorders in 0.0s (0.0s/disorder, 9 workers)
2026-04-25 01:32:47,317 culturedx.pipeline.runner INFO Processing case 43/100: 369867441
2026-04-25 01:32:47,317 culturedx.modes.hied INFO HiED manual scope mode: using 14 target disorders
2026-04-25 01:32:47,317 culturedx.modes.hied INFO Case 369867441: 14 candidate disorders from triage
2026-04-25 01:32:47,478 culturedx.modes.hied INFO Case 309444601: Diagnostician ranked 5 disorders, top-2: ['F32', 'F41.2']
2026-04-25 01:32:47,483 culturedx.modes.base INFO Checker timing: 5 disorders in 0.0s (0.0s/disorder, 5 workers)
2026-04-25 01:32:47,494 culturedx.modes.base INFO Checker timing: 9 disorders in 0.0s (0.0s/disorder, 9 workers)
2026-04-25 01:32:47,495 culturedx.pipeline.runner INFO Processing case 44/100: 327456260
2026-04-25 01:32:47,495 culturedx.modes.hied INFO HiED manual scope mode: using 14 target disorders
2026-04-25 01:32:47,495 culturedx.modes.hied INFO Case 327456260: 14 candidate disorders from triage
2026-04-25 01:32:47,927 culturedx.modes.hied INFO Case 368998951: Diagnostician ranked 5 disorders, top-2: ['F32', 'F39']
2026-04-25 01:32:47,936 culturedx.modes.base INFO Checker timing: 5 disorders in 0.0s (0.0s/disorder, 5 workers)
2026-04-25 01:32:47,950 culturedx.modes.base INFO Checker timing: 9 disorders in 0.0s (0.0s/disorder, 9 workers)
2026-04-25 01:32:47,951 culturedx.pipeline.runner INFO Processing case 45/100: 331016450
2026-04-25 01:32:47,951 culturedx.modes.hied INFO HiED manual scope mode: using 14 target disorders
2026-04-25 01:32:47,951 culturedx.modes.hied INFO Case 331016450: 14 candidate disorders from triage
2026-04-25 01:32:48,089 culturedx.modes.hied INFO Case 376197379: Diagnostician ranked 5 disorders, top-2: ['F41.1', 'F32']
2026-04-25 01:32:48,095 culturedx.modes.base INFO Checker timing: 5 disorders in 0.0s (0.0s/disorder, 5 workers)
2026-04-25 01:32:48,106 culturedx.modes.base INFO Checker timing: 9 disorders in 0.0s (0.0s/disorder, 9 workers)
2026-04-25 01:32:48,107 culturedx.pipeline.runner INFO Processing case 46/100: 314631661
2026-04-25 01:32:48,107 culturedx.modes.hied INFO HiED manual scope mode: using 14 target disorders
2026-04-25 01:32:48,107 culturedx.modes.hied INFO Case 314631661: 14 candidate disorders from triage
2026-04-25 01:32:48,177 culturedx.modes.hied INFO Case 381110368: Diagnostician ranked 5 disorders, top-2: ['F32', 'F41.2']
2026-04-25 01:32:48,183 culturedx.modes.base INFO Checker timing: 5 disorders in 0.0s (0.0s/disorder, 5 workers)
2026-04-25 01:32:48,188 culturedx.modes.base INFO Checker timing: 9 disorders in 0.0s (0.0s/disorder, 9 workers)
2026-04-25 01:32:48,188 culturedx.pipeline.runner INFO Processing case 47/100: 395541834
2026-04-25 01:32:48,188 culturedx.modes.hied INFO HiED manual scope mode: using 14 target disorders
2026-04-25 01:32:48,188 culturedx.modes.hied INFO Case 395541834: 14 candidate disorders from triage
2026-04-25 01:32:50,229 culturedx.modes.hied INFO Case 335985565: Diagnostician ranked 5 disorders, top-2: ['F32', 'F39']
2026-04-25 01:32:50,233 culturedx.modes.base INFO Checker timing: 5 disorders in 0.0s (0.0s/disorder, 5 workers)
2026-04-25 01:32:50,250 culturedx.modes.base INFO Checker timing: 9 disorders in 0.0s (0.0s/disorder, 9 workers)
2026-04-25 01:32:50,251 culturedx.pipeline.runner INFO Processing case 48/100: 349034373
2026-04-25 01:32:50,251 culturedx.modes.hied INFO HiED manual scope mode: using 14 target disorders
2026-04-25 01:32:50,251 culturedx.modes.hied INFO Case 349034373: 14 candidate disorders from triage
2026-04-25 01:32:50,351 culturedx.modes.hied INFO Case 321077019: Diagnostician ranked 5 disorders, top-2: ['F32', 'F41.1']
2026-04-25 01:32:50,355 culturedx.modes.base INFO Checker timing: 5 disorders in 0.0s (0.0s/disorder, 5 workers)
2026-04-25 01:32:50,396 culturedx.modes.base INFO Checker timing: 9 disorders in 0.0s (0.0s/disorder, 9 workers)
2026-04-25 01:32:50,396 culturedx.pipeline.runner INFO Processing case 49/100: 372632464
2026-04-25 01:32:50,396 culturedx.modes.hied INFO HiED manual scope mode: using 14 target disorders
2026-04-25 01:32:50,396 culturedx.modes.hied INFO Case 372632464: 14 candidate disorders from triage
2026-04-25 01:32:51,399 culturedx.modes.hied INFO Case 346998154: Diagnostician ranked 5 disorders, top-2: ['F32', 'F39']
2026-04-25 01:32:51,418 culturedx.modes.base INFO Checker timing: 5 disorders in 0.0s (0.0s/disorder, 5 workers)
2026-04-25 01:32:51,430 culturedx.modes.base INFO Checker timing: 9 disorders in 0.0s (0.0s/disorder, 9 workers)
2026-04-25 01:32:51,430 culturedx.pipeline.runner INFO Processing case 50/100: 320669626
2026-04-25 01:32:51,430 culturedx.modes.hied INFO HiED manual scope mode: using 14 target disorders
2026-04-25 01:32:51,430 culturedx.modes.hied INFO Case 320669626: 14 candidate disorders from triage
2026-04-25 01:32:51,466 culturedx.modes.hied INFO Case 367615981: Diagnostician ranked 5 disorders, top-2: ['F32', 'F39']
2026-04-25 01:32:51,529 culturedx.modes.base INFO Checker timing: 5 disorders in 0.1s (0.0s/disorder, 5 workers)
2026-04-25 01:32:51,533 culturedx.modes.base INFO Checker timing: 9 disorders in 0.0s (0.0s/disorder, 9 workers)
2026-04-25 01:32:51,534 culturedx.pipeline.runner INFO Processing case 51/100: 342949614
2026-04-25 01:32:51,534 culturedx.modes.hied INFO HiED manual scope mode: using 14 target disorders
2026-04-25 01:32:51,534 culturedx.modes.hied INFO Case 342949614: 14 candidate disorders from triage
2026-04-25 01:32:53,294 culturedx.modes.hied INFO Case 359213312: Diagnostician ranked 5 disorders, top-2: ['F51', 'F41.1']
2026-04-25 01:32:53,316 culturedx.modes.base INFO Checker timing: 5 disorders in 0.0s (0.0s/disorder, 5 workers)
2026-04-25 01:32:53,325 culturedx.modes.base INFO Checker timing: 9 disorders in 0.0s (0.0s/disorder, 9 workers)
2026-04-25 01:32:53,326 culturedx.pipeline.runner INFO Processing case 52/100: 356498183
2026-04-25 01:32:53,326 culturedx.modes.hied INFO HiED manual scope mode: using 14 target disorders
2026-04-25 01:32:53,326 culturedx.modes.hied INFO Case 356498183: 14 candidate disorders from triage
2026-04-25 01:32:53,565 culturedx.modes.hied INFO Case 349524800: Diagnostician ranked 5 disorders, top-2: ['F32', 'F41.1']
2026-04-25 01:32:53,594 culturedx.modes.base INFO Checker timing: 5 disorders in 0.0s (0.0s/disorder, 5 workers)
2026-04-25 01:32:53,606 culturedx.modes.base INFO Checker timing: 9 disorders in 0.0s (0.0s/disorder, 9 workers)
2026-04-25 01:32:53,606 culturedx.pipeline.runner INFO Processing case 53/100: 300639126
2026-04-25 01:32:53,607 culturedx.modes.hied INFO HiED manual scope mode: using 14 target disorders
2026-04-25 01:32:53,607 culturedx.modes.hied INFO Case 300639126: 14 candidate disorders from triage
2026-04-25 01:32:55,879 culturedx.modes.hied INFO Case 365148198: Diagnostician ranked 5 disorders, top-2: ['F32', 'F41.1']
2026-04-25 01:32:55,882 culturedx.modes.base INFO Checker timing: 5 disorders in 0.0s (0.0s/disorder, 5 workers)
2026-04-25 01:32:55,936 culturedx.modes.base INFO Checker timing: 9 disorders in 0.1s (0.0s/disorder, 9 workers)
2026-04-25 01:32:55,938 culturedx.pipeline.runner INFO Processing case 54/100: 344013412
2026-04-25 01:32:55,938 culturedx.modes.hied INFO HiED manual scope mode: using 14 target disorders
2026-04-25 01:32:55,938 culturedx.modes.hied INFO Case 344013412: 14 candidate disorders from triage
2026-04-25 01:32:56,363 culturedx.modes.hied INFO Case 369867441: Diagnostician ranked 5 disorders, top-2: ['F32', 'F39']
2026-04-25 01:32:56,369 culturedx.modes.base INFO Checker timing: 5 disorders in 0.0s (0.0s/disorder, 5 workers)
2026-04-25 01:32:56,383 culturedx.modes.base INFO Checker timing: 9 disorders in 0.0s (0.0s/disorder, 9 workers)
2026-04-25 01:32:56,384 culturedx.pipeline.runner INFO Processing case 55/100: 348839819
2026-04-25 01:32:56,384 culturedx.modes.hied INFO HiED manual scope mode: using 14 target disorders
2026-04-25 01:32:56,384 culturedx.modes.hied INFO Case 348839819: 14 candidate disorders from triage
2026-04-25 01:32:58,240 culturedx.modes.hied INFO Case 327456260: Diagnostician ranked 5 disorders, top-2: ['F32', 'F39']
2026-04-25 01:32:58,266 culturedx.modes.base INFO Checker timing: 5 disorders in 0.0s (0.0s/disorder, 5 workers)
2026-04-25 01:32:58,270 culturedx.modes.base INFO Checker timing: 9 disorders in 0.0s (0.0s/disorder, 9 workers)
2026-04-25 01:32:58,271 culturedx.pipeline.runner INFO Processing case 56/100: 379652943
2026-04-25 01:32:58,271 culturedx.modes.hied INFO HiED manual scope mode: using 14 target disorders
2026-04-25 01:32:58,271 culturedx.modes.hied INFO Case 379652943: 14 candidate disorders from triage
2026-04-25 01:32:58,296 culturedx.modes.hied INFO Case 354219828: Diagnostician ranked 5 disorders, top-2: ['F41.1', 'F51']
2026-04-25 01:32:58,302 culturedx.modes.base INFO Checker timing: 5 disorders in 0.0s (0.0s/disorder, 5 workers)
2026-04-25 01:32:58,307 culturedx.modes.base INFO Checker timing: 9 disorders in 0.0s (0.0s/disorder, 9 workers)
2026-04-25 01:32:58,307 culturedx.pipeline.runner INFO Processing case 57/100: 345082346
2026-04-25 01:32:58,307 culturedx.modes.hied INFO HiED manual scope mode: using 14 target disorders
2026-04-25 01:32:58,307 culturedx.modes.hied INFO Case 345082346: 14 candidate disorders from triage
2026-04-25 01:32:58,437 culturedx.modes.hied INFO Case 339178683: Diagnostician ranked 5 disorders, top-2: ['F41.1', 'F42']
2026-04-25 01:32:58,446 culturedx.modes.base INFO Checker timing: 5 disorders in 0.0s (0.0s/disorder, 5 workers)
2026-04-25 01:32:58,462 culturedx.modes.base INFO Checker timing: 9 disorders in 0.0s (0.0s/disorder, 9 workers)
2026-04-25 01:32:58,462 culturedx.pipeline.runner INFO Processing case 58/100: 381931431
2026-04-25 01:32:58,462 culturedx.modes.hied INFO HiED manual scope mode: using 14 target disorders
2026-04-25 01:32:58,462 culturedx.modes.hied INFO Case 381931431: 14 candidate disorders from triage
2026-04-25 01:32:58,545 culturedx.modes.hied INFO Case 331016450: Diagnostician ranked 5 disorders, top-2: ['F32', 'F39']
2026-04-25 01:32:58,548 culturedx.modes.base INFO Checker timing: 5 disorders in 0.0s (0.0s/disorder, 5 workers)
2026-04-25 01:32:58,554 culturedx.modes.base INFO Checker timing: 9 disorders in 0.0s (0.0s/disorder, 9 workers)
2026-04-25 01:32:58,554 culturedx.pipeline.runner INFO Processing case 59/100: 304891732
2026-04-25 01:32:58,555 culturedx.modes.hied INFO HiED manual scope mode: using 14 target disorders
2026-04-25 01:32:58,555 culturedx.modes.hied INFO Case 304891732: 14 candidate disorders from triage
2026-04-25 01:32:58,998 culturedx.modes.hied INFO Case 314631661: Diagnostician ranked 5 disorders, top-2: ['F32', 'F39']
2026-04-25 01:32:59,001 culturedx.modes.base INFO Checker timing: 5 disorders in 0.0s (0.0s/disorder, 5 workers)
2026-04-25 01:32:59,049 culturedx.modes.base INFO Checker timing: 9 disorders in 0.0s (0.0s/disorder, 9 workers)
2026-04-25 01:32:59,050 culturedx.modes.hied INFO Case 314631661: DtV primary from top2 (top-1 F32 -> primary F39)
2026-04-25 01:32:59,050 culturedx.pipeline.runner INFO Processing case 60/100: 314878848
2026-04-25 01:32:59,050 culturedx.modes.hied INFO HiED manual scope mode: using 14 target disorders
2026-04-25 01:32:59,050 culturedx.modes.hied INFO Case 314878848: 14 candidate disorders from triage
2026-04-25 01:32:59,908 culturedx.modes.hied INFO Case 395541834: Diagnostician ranked 5 disorders, top-2: ['F32', 'F39']
2026-04-25 01:32:59,911 culturedx.modes.base INFO Checker timing: 5 disorders in 0.0s (0.0s/disorder, 5 workers)
2026-04-25 01:32:59,916 culturedx.modes.base INFO Checker timing: 9 disorders in 0.0s (0.0s/disorder, 9 workers)
2026-04-25 01:32:59,916 culturedx.pipeline.runner INFO Processing case 61/100: 388730013
2026-04-25 01:32:59,917 culturedx.modes.hied INFO HiED manual scope mode: using 14 target disorders
2026-04-25 01:32:59,917 culturedx.modes.hied INFO Case 388730013: 14 candidate disorders from triage
2026-04-25 01:33:00,141 culturedx.modes.hied INFO Case 349034373: Diagnostician ranked 5 disorders, top-2: ['F32', 'F41.1']
2026-04-25 01:33:00,150 culturedx.modes.base INFO Checker timing: 5 disorders in 0.0s (0.0s/disorder, 5 workers)
2026-04-25 01:33:00,158 culturedx.modes.base INFO Checker timing: 9 disorders in 0.0s (0.0s/disorder, 9 workers)
2026-04-25 01:33:00,158 culturedx.modes.hied INFO Case 349034373: DtV primary from top2 (top-1 F32 -> primary F41.1)
2026-04-25 01:33:00,159 culturedx.pipeline.runner INFO Processing case 62/100: 374056166
2026-04-25 01:33:00,159 culturedx.modes.hied INFO HiED manual scope mode: using 14 target disorders
2026-04-25 01:33:00,159 culturedx.modes.hied INFO Case 374056166: 14 candidate disorders from triage
2026-04-25 01:33:00,749 culturedx.modes.hied INFO Case 383925853: Diagnostician ranked 5 disorders, top-2: ['F20', 'F39']
2026-04-25 01:33:00,753 culturedx.modes.base INFO Checker timing: 5 disorders in 0.0s (0.0s/disorder, 5 workers)
2026-04-25 01:33:00,773 culturedx.modes.base INFO Checker timing: 9 disorders in 0.0s (0.0s/disorder, 9 workers)
2026-04-25 01:33:00,774 culturedx.pipeline.runner INFO Processing case 63/100: 387302774
2026-04-25 01:33:00,774 culturedx.modes.hied INFO HiED manual scope mode: using 14 target disorders
2026-04-25 01:33:00,774 culturedx.modes.hied INFO Case 387302774: 14 candidate disorders from triage
2026-04-25 01:33:01,731 culturedx.modes.hied INFO Case 329547625: Diagnostician ranked 5 disorders, top-2: ['F41.1', 'F32']
2026-04-25 01:33:01,734 culturedx.modes.base INFO Checker timing: 5 disorders in 0.0s (0.0s/disorder, 5 workers)
2026-04-25 01:33:01,743 culturedx.modes.base INFO Checker timing: 9 disorders in 0.0s (0.0s/disorder, 9 workers)
2026-04-25 01:33:01,743 culturedx.pipeline.runner INFO Processing case 64/100: 333010865
2026-04-25 01:33:01,743 culturedx.modes.hied INFO HiED manual scope mode: using 14 target disorders
2026-04-25 01:33:01,743 culturedx.modes.hied INFO Case 333010865: 14 candidate disorders from triage
2026-04-25 01:33:02,925 culturedx.modes.hied INFO Case 300639126: Diagnostician ranked 5 disorders, top-2: ['F32', 'F39']
2026-04-25 01:33:02,935 culturedx.modes.base INFO Checker timing: 5 disorders in 0.0s (0.0s/disorder, 5 workers)
2026-04-25 01:33:03,018 culturedx.modes.base INFO Checker timing: 9 disorders in 0.1s (0.0s/disorder, 9 workers)
2026-04-25 01:33:03,019 culturedx.pipeline.runner INFO Processing case 65/100: 340563038
2026-04-25 01:33:03,019 culturedx.modes.hied INFO HiED manual scope mode: using 14 target disorders
2026-04-25 01:33:03,019 culturedx.modes.hied INFO Case 340563038: 14 candidate disorders from triage
2026-04-25 01:33:04,217 culturedx.modes.hied INFO Case 320669626: Diagnostician ranked 5 disorders, top-2: ['F32', 'F39']
2026-04-25 01:33:04,225 culturedx.modes.base INFO Checker timing: 5 disorders in 0.0s (0.0s/disorder, 5 workers)
2026-04-25 01:33:04,266 culturedx.modes.base INFO Checker timing: 9 disorders in 0.0s (0.0s/disorder, 9 workers)
2026-04-25 01:33:04,267 culturedx.pipeline.runner INFO Processing case 66/100: 354496307
2026-04-25 01:33:04,267 culturedx.modes.hied INFO HiED manual scope mode: using 14 target disorders
2026-04-25 01:33:04,267 culturedx.modes.hied INFO Case 354496307: 14 candidate disorders from triage
2026-04-25 01:33:04,441 culturedx.modes.hied INFO Case 356498183: Diagnostician ranked 5 disorders, top-2: ['F32', 'F41.1']
2026-04-25 01:33:04,473 culturedx.modes.base INFO Checker timing: 5 disorders in 0.0s (0.0s/disorder, 5 workers)
2026-04-25 01:33:04,552 culturedx.modes.hied INFO Case 348839819: Diagnostician ranked 5 disorders, top-2: ['F32', 'F39']
2026-04-25 01:33:04,554 culturedx.modes.base INFO Checker timing: 9 disorders in 0.1s (0.0s/disorder, 9 workers)
2026-04-25 01:33:04,554 culturedx.pipeline.runner INFO Processing case 67/100: 354203641
2026-04-25 01:33:04,555 culturedx.modes.hied INFO HiED manual scope mode: using 14 target disorders
2026-04-25 01:33:04,555 culturedx.modes.hied INFO Case 354203641: 14 candidate disorders from triage
2026-04-25 01:33:04,558 culturedx.modes.base INFO Checker timing: 5 disorders in 0.0s (0.0s/disorder, 5 workers)
2026-04-25 01:33:04,571 culturedx.modes.base INFO Checker timing: 9 disorders in 0.0s (0.0s/disorder, 9 workers)
2026-04-25 01:33:04,571 culturedx.pipeline.runner INFO Processing case 68/100: 381222225
2026-04-25 01:33:04,572 culturedx.modes.hied INFO HiED manual scope mode: using 14 target disorders
2026-04-25 01:33:04,572 culturedx.modes.hied INFO Case 381222225: 14 candidate disorders from triage
2026-04-25 01:33:04,887 culturedx.modes.hied INFO Case 342949614: Diagnostician ranked 5 disorders, top-2: ['F32', 'F39']
2026-04-25 01:33:04,892 culturedx.modes.base INFO Checker timing: 5 disorders in 0.0s (0.0s/disorder, 5 workers)
2026-04-25 01:33:04,896 culturedx.modes.base INFO Checker timing: 9 disorders in 0.0s (0.0s/disorder, 9 workers)
2026-04-25 01:33:04,897 culturedx.pipeline.runner INFO Processing case 69/100: 329923484
2026-04-25 01:33:04,897 culturedx.modes.hied INFO HiED manual scope mode: using 14 target disorders
2026-04-25 01:33:04,897 culturedx.modes.hied INFO Case 329923484: 14 candidate disorders from triage
2026-04-25 01:33:04,973 culturedx.modes.hied INFO Case 372632464: Diagnostician ranked 5 disorders, top-2: ['F32', 'F41.1']
2026-04-25 01:33:04,978 culturedx.modes.base INFO Checker timing: 5 disorders in 0.0s (0.0s/disorder, 5 workers)
2026-04-25 01:33:04,986 culturedx.modes.base INFO Checker timing: 9 disorders in 0.0s (0.0s/disorder, 9 workers)
2026-04-25 01:33:04,987 culturedx.pipeline.runner INFO Processing case 70/100: 317090766
2026-04-25 01:33:04,987 culturedx.modes.hied INFO HiED manual scope mode: using 14 target disorders
2026-04-25 01:33:04,987 culturedx.modes.hied INFO Case 317090766: 14 candidate disorders from triage
2026-04-25 01:33:07,126 culturedx.agents.diagnostician WARNING Diagnostician returned unknown code F32.0, skipping
2026-04-25 01:33:07,126 culturedx.agents.diagnostician WARNING Diagnostician returned unknown code F51.0, skipping
2026-04-25 01:33:07,126 culturedx.agents.diagnostician WARNING Diagnostician returned unknown code F39.9, skipping
2026-04-25 01:33:07,126 culturedx.agents.diagnostician WARNING Diagnostician returned unknown code F98.9, skipping
2026-04-25 01:33:07,126 culturedx.modes.hied INFO Case 344013412: Diagnostician ranked 1 disorders, top-2: ['F41.1']
2026-04-25 01:33:07,127 culturedx.modes.base INFO Checker timing: 1 disorders in 0.0s (0.0s/disorder, 1 workers)
2026-04-25 01:33:07,134 culturedx.modes.base INFO Checker timing: 13 disorders in 0.0s (0.0s/disorder, 13 workers)
2026-04-25 01:33:07,135 culturedx.pipeline.runner INFO Processing case 71/100: 305956530
2026-04-25 01:33:07,135 culturedx.modes.hied INFO HiED manual scope mode: using 14 target disorders
2026-04-25 01:33:07,135 culturedx.modes.hied INFO Case 305956530: 14 candidate disorders from triage
2026-04-25 01:33:08,351 culturedx.modes.hied INFO Case 379652943: Diagnostician ranked 5 disorders, top-2: ['F32', 'F41.1']
2026-04-25 01:33:08,354 culturedx.modes.base INFO Checker timing: 5 disorders in 0.0s (0.0s/disorder, 5 workers)
2026-04-25 01:33:08,359 culturedx.modes.base INFO Checker timing: 9 disorders in 0.0s (0.0s/disorder, 9 workers)
2026-04-25 01:33:08,360 culturedx.pipeline.runner INFO Processing case 72/100: 334814081
2026-04-25 01:33:08,360 culturedx.modes.hied INFO HiED manual scope mode: using 14 target disorders
2026-04-25 01:33:08,360 culturedx.modes.hied INFO Case 334814081: 14 candidate disorders from triage
2026-04-25 01:33:08,898 culturedx.modes.hied INFO Case 345082346: Diagnostician ranked 5 disorders, top-2: ['F41.1', 'F32']
2026-04-25 01:33:08,901 culturedx.modes.base INFO Checker timing: 5 disorders in 0.0s (0.0s/disorder, 5 workers)
2026-04-25 01:33:08,986 culturedx.modes.base INFO Checker timing: 9 disorders in 0.1s (0.0s/disorder, 9 workers)
2026-04-25 01:33:08,987 culturedx.pipeline.runner INFO Processing case 73/100: 382615327
2026-04-25 01:33:08,987 culturedx.modes.hied INFO HiED manual scope mode: using 14 target disorders
2026-04-25 01:33:08,987 culturedx.modes.hied INFO Case 382615327: 14 candidate disorders from triage
2026-04-25 01:33:09,365 culturedx.modes.hied INFO Case 314878848: Diagnostician ranked 5 disorders, top-2: ['F32', 'F41.1']
2026-04-25 01:33:09,371 culturedx.modes.base INFO Checker timing: 5 disorders in 0.0s (0.0s/disorder, 5 workers)
2026-04-25 01:33:09,377 culturedx.modes.base INFO Checker timing: 9 disorders in 0.0s (0.0s/disorder, 9 workers)
2026-04-25 01:33:09,378 culturedx.pipeline.runner INFO Processing case 74/100: 344046891
2026-04-25 01:33:09,378 culturedx.modes.hied INFO HiED manual scope mode: using 14 target disorders
2026-04-25 01:33:09,378 culturedx.modes.hied INFO Case 344046891: 14 candidate disorders from triage
2026-04-25 01:33:09,879 culturedx.modes.hied INFO Case 381931431: Diagnostician ranked 5 disorders, top-2: ['F41.1', 'F41.2']
2026-04-25 01:33:09,923 culturedx.modes.base INFO Checker timing: 5 disorders in 0.0s (0.0s/disorder, 5 workers)
2026-04-25 01:33:09,953 culturedx.modes.base INFO Checker timing: 9 disorders in 0.0s (0.0s/disorder, 9 workers)
2026-04-25 01:33:09,954 culturedx.pipeline.runner INFO Processing case 75/100: 351228828
2026-04-25 01:33:09,957 culturedx.modes.hied INFO HiED manual scope mode: using 14 target disorders
2026-04-25 01:33:09,957 culturedx.modes.hied INFO Case 351228828: 14 candidate disorders from triage
2026-04-25 01:33:10,331 culturedx.modes.hied INFO Case 388730013: Diagnostician ranked 5 disorders, top-2: ['F32', 'F41.1']
2026-04-25 01:33:10,362 culturedx.modes.base INFO Checker timing: 5 disorders in 0.0s (0.0s/disorder, 5 workers)
2026-04-25 01:33:10,366 culturedx.modes.base INFO Checker timing: 9 disorders in 0.0s (0.0s/disorder, 9 workers)
2026-04-25 01:33:10,367 culturedx.pipeline.runner INFO Processing case 76/100: 368042020
2026-04-25 01:33:10,367 culturedx.modes.hied INFO HiED manual scope mode: using 14 target disorders
2026-04-25 01:33:10,367 culturedx.modes.hied INFO Case 368042020: 14 candidate disorders from triage
2026-04-25 01:33:10,597 culturedx.modes.hied INFO Case 304891732: Diagnostician ranked 5 disorders, top-2: ['F32', 'F39']
2026-04-25 01:33:10,602 culturedx.modes.base INFO Checker timing: 5 disorders in 0.0s (0.0s/disorder, 5 workers)
2026-04-25 01:33:10,606 culturedx.modes.base INFO Checker timing: 9 disorders in 0.0s (0.0s/disorder, 9 workers)
2026-04-25 01:33:10,607 culturedx.pipeline.runner INFO Processing case 77/100: 334085925
2026-04-25 01:33:10,607 culturedx.modes.hied INFO HiED manual scope mode: using 14 target disorders
2026-04-25 01:33:10,607 culturedx.modes.hied INFO Case 334085925: 14 candidate disorders from triage
2026-04-25 01:33:10,732 culturedx.modes.hied INFO Case 374056166: Diagnostician ranked 5 disorders, top-2: ['F32', 'F45']
2026-04-25 01:33:10,753 culturedx.modes.base INFO Checker timing: 5 disorders in 0.0s (0.0s/disorder, 5 workers)
2026-04-25 01:33:10,767 culturedx.modes.base INFO Checker timing: 9 disorders in 0.0s (0.0s/disorder, 9 workers)
2026-04-25 01:33:10,767 culturedx.pipeline.runner INFO Processing case 78/100: 378819190
2026-04-25 01:33:10,768 culturedx.modes.hied INFO HiED manual scope mode: using 14 target disorders
2026-04-25 01:33:10,768 culturedx.modes.hied INFO Case 378819190: 14 candidate disorders from triage
2026-04-25 01:33:12,183 culturedx.modes.hied INFO Case 387302774: Diagnostician ranked 5 disorders, top-2: ['F42', 'F41.1']
2026-04-25 01:33:12,186 culturedx.modes.base INFO Checker timing: 5 disorders in 0.0s (0.0s/disorder, 5 workers)
2026-04-25 01:33:12,191 culturedx.modes.base INFO Checker timing: 9 disorders in 0.0s (0.0s/disorder, 9 workers)
2026-04-25 01:33:12,192 culturedx.pipeline.runner INFO Processing case 79/100: 386951485
2026-04-25 01:33:12,192 culturedx.modes.hied INFO HiED manual scope mode: using 14 target disorders
2026-04-25 01:33:12,192 culturedx.modes.hied INFO Case 386951485: 14 candidate disorders from triage
2026-04-25 01:33:13,400 culturedx.modes.hied INFO Case 333010865: Diagnostician ranked 5 disorders, top-2: ['F32', 'F39']
2026-04-25 01:33:13,413 culturedx.modes.base INFO Checker timing: 5 disorders in 0.0s (0.0s/disorder, 5 workers)
2026-04-25 01:33:13,432 culturedx.modes.base INFO Checker timing: 9 disorders in 0.0s (0.0s/disorder, 9 workers)
2026-04-25 01:33:13,433 culturedx.pipeline.runner INFO Processing case 80/100: 383579251
2026-04-25 01:33:13,433 culturedx.modes.hied INFO HiED manual scope mode: using 14 target disorders
2026-04-25 01:33:13,433 culturedx.modes.hied INFO Case 383579251: 14 candidate disorders from triage
2026-04-25 01:33:13,510 culturedx.modes.hied INFO Case 340563038: Diagnostician ranked 5 disorders, top-2: ['F41.1', 'F32']
2026-04-25 01:33:13,515 culturedx.modes.base INFO Checker timing: 5 disorders in 0.0s (0.0s/disorder, 5 workers)
2026-04-25 01:33:13,525 culturedx.modes.base INFO Checker timing: 9 disorders in 0.0s (0.0s/disorder, 9 workers)
2026-04-25 01:33:13,526 culturedx.pipeline.runner INFO Processing case 81/100: 300484187
2026-04-25 01:33:13,526 culturedx.modes.hied INFO HiED manual scope mode: using 14 target disorders
2026-04-25 01:33:13,526 culturedx.modes.hied INFO Case 300484187: 14 candidate disorders from triage
2026-04-25 01:33:13,963 culturedx.modes.hied INFO Case 354496307: Diagnostician ranked 5 disorders, top-2: ['F41.1', 'F32']
2026-04-25 01:33:13,980 culturedx.modes.base INFO Checker timing: 5 disorders in 0.0s (0.0s/disorder, 5 workers)
2026-04-25 01:33:13,984 culturedx.modes.base INFO Checker timing: 9 disorders in 0.0s (0.0s/disorder, 9 workers)
2026-04-25 01:33:13,984 culturedx.modes.hied INFO Case 354496307: DtV primary from top3 (top-1 F41.1 -> primary F39)
2026-04-25 01:33:13,985 culturedx.pipeline.runner INFO Processing case 82/100: 372982359
2026-04-25 01:33:13,985 culturedx.modes.hied INFO HiED manual scope mode: using 14 target disorders
2026-04-25 01:33:13,985 culturedx.modes.hied INFO Case 372982359: 14 candidate disorders from triage
2026-04-25 01:33:15,220 culturedx.modes.hied INFO Case 329923484: Diagnostician ranked 5 disorders, top-2: ['F32', 'F39']
2026-04-25 01:33:15,230 culturedx.modes.base INFO Checker timing: 5 disorders in 0.0s (0.0s/disorder, 5 workers)
2026-04-25 01:33:15,242 culturedx.modes.base INFO Checker timing: 9 disorders in 0.0s (0.0s/disorder, 9 workers)
2026-04-25 01:33:15,243 culturedx.pipeline.runner INFO Processing case 83/100: 338463663
2026-04-25 01:33:15,243 culturedx.modes.hied INFO HiED manual scope mode: using 14 target disorders
2026-04-25 01:33:15,243 culturedx.modes.hied INFO Case 338463663: 14 candidate disorders from triage
2026-04-25 01:33:17,474 culturedx.modes.hied INFO Case 317090766: Diagnostician ranked 5 disorders, top-2: ['F32', 'F41.1']
2026-04-25 01:33:17,483 culturedx.modes.base INFO Checker timing: 5 disorders in 0.0s (0.0s/disorder, 5 workers)
2026-04-25 01:33:17,488 culturedx.modes.base INFO Checker timing: 9 disorders in 0.0s (0.0s/disorder, 9 workers)
2026-04-25 01:33:17,489 culturedx.pipeline.runner INFO Processing case 84/100: 319673363
2026-04-25 01:33:17,489 culturedx.modes.hied INFO HiED manual scope mode: using 14 target disorders
2026-04-25 01:33:17,489 culturedx.modes.hied INFO Case 319673363: 14 candidate disorders from triage
2026-04-25 01:33:18,147 culturedx.modes.hied INFO Case 381222225: Diagnostician ranked 5 disorders, top-2: ['F32', 'F39']
2026-04-25 01:33:18,151 culturedx.modes.base INFO Checker timing: 5 disorders in 0.0s (0.0s/disorder, 5 workers)
2026-04-25 01:33:18,155 culturedx.modes.base INFO Checker timing: 9 disorders in 0.0s (0.0s/disorder, 9 workers)
2026-04-25 01:33:18,156 culturedx.pipeline.runner INFO Processing case 85/100: 378781794
2026-04-25 01:33:18,156 culturedx.modes.hied INFO HiED manual scope mode: using 14 target disorders
2026-04-25 01:33:18,156 culturedx.modes.hied INFO Case 378781794: 14 candidate disorders from triage
2026-04-25 01:33:18,472 culturedx.modes.hied INFO Case 334814081: Diagnostician ranked 5 disorders, top-2: ['F32', 'F41.1']
2026-04-25 01:33:18,482 culturedx.modes.base INFO Checker timing: 5 disorders in 0.0s (0.0s/disorder, 5 workers)
2026-04-25 01:33:18,498 culturedx.modes.base INFO Checker timing: 9 disorders in 0.0s (0.0s/disorder, 9 workers)
2026-04-25 01:33:18,499 culturedx.pipeline.runner INFO Processing case 86/100: 380136533
2026-04-25 01:33:18,499 culturedx.modes.hied INFO HiED manual scope mode: using 14 target disorders
2026-04-25 01:33:18,499 culturedx.modes.hied INFO Case 380136533: 14 candidate disorders from triage
2026-04-25 01:33:19,690 culturedx.modes.hied INFO Case 354203641: Diagnostician ranked 5 disorders, top-2: ['F32', 'F39']
2026-04-25 01:33:19,695 culturedx.modes.base INFO Checker timing: 5 disorders in 0.0s (0.0s/disorder, 5 workers)
2026-04-25 01:33:19,703 culturedx.modes.base INFO Checker timing: 9 disorders in 0.0s (0.0s/disorder, 9 workers)
2026-04-25 01:33:19,703 culturedx.pipeline.runner INFO Processing case 87/100: 391945652
2026-04-25 01:33:19,704 culturedx.modes.hied INFO HiED manual scope mode: using 14 target disorders
2026-04-25 01:33:19,704 culturedx.modes.hied INFO Case 391945652: 14 candidate disorders from triage
2026-04-25 01:33:20,260 culturedx.modes.hied INFO Case 368042020: Diagnostician ranked 5 disorders, top-2: ['F32', 'F41.1']
2026-04-25 01:33:20,288 culturedx.modes.base INFO Checker timing: 5 disorders in 0.0s (0.0s/disorder, 5 workers)
2026-04-25 01:33:20,314 culturedx.modes.hied INFO Case 344046891: Diagnostician ranked 5 disorders, top-2: ['F32', 'F39']
2026-04-25 01:33:20,323 culturedx.modes.base INFO Checker timing: 9 disorders in 0.0s (0.0s/disorder, 9 workers)
2026-04-25 01:33:20,324 culturedx.pipeline.runner INFO Processing case 88/100: 311456028
2026-04-25 01:33:20,324 culturedx.modes.hied INFO HiED manual scope mode: using 14 target disorders
2026-04-25 01:33:20,324 culturedx.modes.hied INFO Case 311456028: 14 candidate disorders from triage
2026-04-25 01:33:20,329 culturedx.modes.base INFO Checker timing: 5 disorders in 0.0s (0.0s/disorder, 5 workers)
2026-04-25 01:33:20,356 culturedx.modes.base INFO Checker timing: 9 disorders in 0.0s (0.0s/disorder, 9 workers)
2026-04-25 01:33:20,356 culturedx.pipeline.runner INFO Processing case 89/100: 396857182
2026-04-25 01:33:20,356 culturedx.modes.hied INFO HiED manual scope mode: using 14 target disorders
2026-04-25 01:33:20,356 culturedx.modes.hied INFO Case 396857182: 14 candidate disorders from triage
2026-04-25 01:33:20,813 culturedx.modes.hied INFO Case 334085925: Diagnostician ranked 5 disorders, top-2: ['F32', 'F41.2']
2026-04-25 01:33:20,847 culturedx.modes.base INFO Checker timing: 5 disorders in 0.0s (0.0s/disorder, 5 workers)
2026-04-25 01:33:20,886 culturedx.modes.base INFO Checker timing: 9 disorders in 0.0s (0.0s/disorder, 9 workers)
2026-04-25 01:33:20,886 culturedx.pipeline.runner INFO Processing case 90/100: 309460138
2026-04-25 01:33:20,886 culturedx.modes.hied INFO HiED manual scope mode: using 14 target disorders
2026-04-25 01:33:20,886 culturedx.modes.hied INFO Case 309460138: 14 candidate disorders from triage
2026-04-25 01:33:21,122 culturedx.modes.hied INFO Case 305956530: Diagnostician ranked 5 disorders, top-2: ['F45', 'F42']
2026-04-25 01:33:21,187 culturedx.modes.base INFO Checker timing: 5 disorders in 0.1s (0.0s/disorder, 5 workers)
2026-04-25 01:33:21,197 culturedx.modes.base INFO Checker timing: 9 disorders in 0.0s (0.0s/disorder, 9 workers)
2026-04-25 01:33:21,197 culturedx.modes.hied INFO Case 305956530: DtV primary from top3 (top-1 F45 -> primary F41.2)
2026-04-25 01:33:21,198 culturedx.pipeline.runner INFO Processing case 91/100: 377956208
2026-04-25 01:33:21,199 culturedx.modes.hied INFO HiED manual scope mode: using 14 target disorders
2026-04-25 01:33:21,204 culturedx.modes.hied INFO Case 377956208: 14 candidate disorders from triage
2026-04-25 01:33:22,385 culturedx.modes.hied INFO Case 378819190: Diagnostician ranked 5 disorders, top-2: ['F41.1', 'F32']
2026-04-25 01:33:22,388 culturedx.modes.base INFO Checker timing: 5 disorders in 0.0s (0.0s/disorder, 5 workers)
2026-04-25 01:33:22,471 culturedx.modes.base INFO Checker timing: 9 disorders in 0.1s (0.0s/disorder, 9 workers)
2026-04-25 01:33:22,471 culturedx.pipeline.runner INFO Processing case 92/100: 395764568
2026-04-25 01:33:22,471 culturedx.modes.hied INFO HiED manual scope mode: using 14 target disorders
2026-04-25 01:33:22,471 culturedx.modes.hied INFO Case 395764568: 14 candidate disorders from triage
2026-04-25 01:33:22,698 culturedx.modes.hied INFO Case 300484187: Diagnostician ranked 5 disorders, top-2: ['F32', 'F41.1']
2026-04-25 01:33:22,720 culturedx.modes.base INFO Checker timing: 5 disorders in 0.0s (0.0s/disorder, 5 workers)
2026-04-25 01:33:22,739 culturedx.modes.base INFO Checker timing: 9 disorders in 0.0s (0.0s/disorder, 9 workers)
2026-04-25 01:33:22,739 culturedx.pipeline.runner INFO Processing case 93/100: 371125111
2026-04-25 01:33:22,739 culturedx.modes.hied INFO HiED manual scope mode: using 14 target disorders
2026-04-25 01:33:22,740 culturedx.modes.hied INFO Case 371125111: 14 candidate disorders from triage
2026-04-25 01:33:22,758 culturedx.modes.hied INFO Case 351228828: Diagnostician ranked 5 disorders, top-2: ['F32', 'F39']
2026-04-25 01:33:22,761 culturedx.modes.base INFO Checker timing: 5 disorders in 0.0s (0.0s/disorder, 5 workers)
2026-04-25 01:33:22,769 culturedx.modes.base INFO Checker timing: 9 disorders in 0.0s (0.0s/disorder, 9 workers)
2026-04-25 01:33:22,770 culturedx.pipeline.runner INFO Processing case 94/100: 385347193
2026-04-25 01:33:22,770 culturedx.modes.hied INFO HiED manual scope mode: using 14 target disorders
2026-04-25 01:33:22,770 culturedx.modes.hied INFO Case 385347193: 14 candidate disorders from triage
2026-04-25 01:33:24,947 culturedx.modes.hied INFO Case 382615327: Diagnostician ranked 5 disorders, top-2: ['F41.1', 'F32']
2026-04-25 01:33:24,954 culturedx.modes.base INFO Checker timing: 5 disorders in 0.0s (0.0s/disorder, 5 workers)
2026-04-25 01:33:25,001 culturedx.modes.base INFO Checker timing: 9 disorders in 0.0s (0.0s/disorder, 9 workers)
2026-04-25 01:33:25,001 culturedx.pipeline.runner INFO Processing case 95/100: 373854208
2026-04-25 01:33:25,002 culturedx.modes.hied INFO HiED manual scope mode: using 14 target disorders
2026-04-25 01:33:25,002 culturedx.modes.hied INFO Case 373854208: 14 candidate disorders from triage
2026-04-25 01:33:25,619 culturedx.modes.hied INFO Case 378781794: Diagnostician ranked 5 disorders, top-2: ['F32', 'F43.2']
2026-04-25 01:33:25,622 culturedx.modes.base INFO Checker timing: 5 disorders in 0.0s (0.0s/disorder, 5 workers)
2026-04-25 01:33:25,626 culturedx.modes.base INFO Checker timing: 9 disorders in 0.0s (0.0s/disorder, 9 workers)
2026-04-25 01:33:25,627 culturedx.pipeline.runner INFO Processing case 96/100: 308086484
2026-04-25 01:33:25,627 culturedx.modes.hied INFO HiED manual scope mode: using 14 target disorders
2026-04-25 01:33:25,627 culturedx.modes.hied INFO Case 308086484: 14 candidate disorders from triage
2026-04-25 01:33:26,270 culturedx.modes.hied INFO Case 338463663: Diagnostician ranked 5 disorders, top-2: ['F32', 'F41.1']
2026-04-25 01:33:26,296 culturedx.modes.base INFO Checker timing: 5 disorders in 0.0s (0.0s/disorder, 5 workers)
2026-04-25 01:33:26,306 culturedx.modes.base INFO Checker timing: 9 disorders in 0.0s (0.0s/disorder, 9 workers)
2026-04-25 01:33:26,306 culturedx.pipeline.runner INFO Processing case 97/100: 381267396
2026-04-25 01:33:26,307 culturedx.modes.hied INFO HiED manual scope mode: using 14 target disorders
2026-04-25 01:33:26,307 culturedx.modes.hied INFO Case 381267396: 14 candidate disorders from triage
2026-04-25 01:33:27,857 culturedx.modes.hied INFO Case 372982359: Diagnostician ranked 5 disorders, top-2: ['F32', 'F41.1']
2026-04-25 01:33:27,887 culturedx.modes.base INFO Checker timing: 5 disorders in 0.0s (0.0s/disorder, 5 workers)
2026-04-25 01:33:27,915 culturedx.modes.base INFO Checker timing: 9 disorders in 0.0s (0.0s/disorder, 9 workers)
2026-04-25 01:33:27,916 culturedx.pipeline.runner INFO Processing case 98/100: 391104352
2026-04-25 01:33:27,916 culturedx.modes.hied INFO HiED manual scope mode: using 14 target disorders
2026-04-25 01:33:27,916 culturedx.modes.hied INFO Case 391104352: 14 candidate disorders from triage
2026-04-25 01:33:27,992 culturedx.modes.hied INFO Case 319673363: Diagnostician ranked 5 disorders, top-2: ['F41.1', 'F32']
2026-04-25 01:33:28,000 culturedx.modes.base INFO Checker timing: 5 disorders in 0.0s (0.0s/disorder, 5 workers)
2026-04-25 01:33:28,013 culturedx.modes.base INFO Checker timing: 9 disorders in 0.0s (0.0s/disorder, 9 workers)
2026-04-25 01:33:28,013 culturedx.pipeline.runner INFO Processing case 99/100: 378984052
2026-04-25 01:33:28,014 culturedx.modes.hied INFO HiED manual scope mode: using 14 target disorders
2026-04-25 01:33:28,014 culturedx.modes.hied INFO Case 378984052: 14 candidate disorders from triage
2026-04-25 01:33:28,296 culturedx.modes.hied INFO Case 380136533: Diagnostician ranked 5 disorders, top-2: ['F32', 'F41.1']
2026-04-25 01:33:28,325 culturedx.modes.base INFO Checker timing: 5 disorders in 0.0s (0.0s/disorder, 5 workers)
2026-04-25 01:33:28,334 culturedx.modes.base INFO Checker timing: 9 disorders in 0.0s (0.0s/disorder, 9 workers)
2026-04-25 01:33:28,335 culturedx.pipeline.runner INFO Processing case 100/100: 319680008
2026-04-25 01:33:28,335 culturedx.modes.hied INFO HiED manual scope mode: using 14 target disorders
2026-04-25 01:33:28,335 culturedx.modes.hied INFO Case 319680008: 14 candidate disorders from triage
2026-04-25 01:33:28,484 culturedx.modes.hied INFO Case 386951485: Diagnostician ranked 5 disorders, top-2: ['F42', 'F32']
2026-04-25 01:33:28,495 culturedx.modes.base INFO Checker timing: 5 disorders in 0.0s (0.0s/disorder, 5 workers)
2026-04-25 01:33:28,506 culturedx.modes.base INFO Checker timing: 9 disorders in 0.0s (0.0s/disorder, 9 workers)
2026-04-25 01:33:30,151 culturedx.modes.hied INFO Case 396857182: Diagnostician ranked 5 disorders, top-2: ['F41.1', 'F51']
2026-04-25 01:33:30,156 culturedx.modes.base INFO Checker timing: 5 disorders in 0.0s (0.0s/disorder, 5 workers)
2026-04-25 01:33:30,182 culturedx.modes.base INFO Checker timing: 9 disorders in 0.0s (0.0s/disorder, 9 workers)
2026-04-25 01:33:30,583 culturedx.modes.hied INFO Case 383579251: Diagnostician ranked 5 disorders, top-2: ['F39', 'F41.1']
2026-04-25 01:33:30,588 culturedx.modes.base INFO Checker timing: 5 disorders in 0.0s (0.0s/disorder, 5 workers)
2026-04-25 01:33:30,598 culturedx.modes.base INFO Checker timing: 9 disorders in 0.0s (0.0s/disorder, 9 workers)
2026-04-25 01:33:30,685 culturedx.modes.hied INFO Case 311456028: Diagnostician ranked 5 disorders, top-2: ['F32', 'F39']
2026-04-25 01:33:30,687 culturedx.modes.base INFO Checker timing: 5 disorders in 0.0s (0.0s/disorder, 5 workers)
2026-04-25 01:33:30,697 culturedx.modes.base INFO Checker timing: 9 disorders in 0.0s (0.0s/disorder, 9 workers)
2026-04-25 01:33:31,126 culturedx.modes.hied INFO Case 391945652: Diagnostician ranked 5 disorders, top-2: ['F32', 'F51']
2026-04-25 01:33:31,131 culturedx.modes.base INFO Checker timing: 5 disorders in 0.0s (0.0s/disorder, 5 workers)
2026-04-25 01:33:31,150 culturedx.modes.base INFO Checker timing: 9 disorders in 0.0s (0.0s/disorder, 9 workers)
2026-04-25 01:33:31,362 culturedx.modes.hied INFO Case 395764568: Diagnostician ranked 5 disorders, top-2: ['F32', 'F39']
2026-04-25 01:33:31,378 culturedx.modes.base INFO Checker timing: 5 disorders in 0.0s (0.0s/disorder, 5 workers)
2026-04-25 01:33:31,436 culturedx.modes.base INFO Checker timing: 9 disorders in 0.1s (0.0s/disorder, 9 workers)
2026-04-25 01:33:32,760 culturedx.modes.hied INFO Case 371125111: Diagnostician ranked 5 disorders, top-2: ['F32', 'F39']
2026-04-25 01:33:32,769 culturedx.modes.base INFO Checker timing: 5 disorders in 0.0s (0.0s/disorder, 5 workers)
2026-04-25 01:33:32,776 culturedx.modes.base INFO Checker timing: 9 disorders in 0.0s (0.0s/disorder, 9 workers)
2026-04-25 01:33:33,022 culturedx.modes.hied INFO Case 309460138: Diagnostician ranked 5 disorders, top-2: ['F32', 'F39']
2026-04-25 01:33:33,025 culturedx.modes.base INFO Checker timing: 5 disorders in 0.0s (0.0s/disorder, 5 workers)
2026-04-25 01:33:33,033 culturedx.modes.base INFO Checker timing: 9 disorders in 0.0s (0.0s/disorder, 9 workers)
2026-04-25 01:33:33,600 culturedx.modes.hied INFO Case 377956208: Diagnostician ranked 5 disorders, top-2: ['F41.1', 'F32']
2026-04-25 01:33:33,627 culturedx.modes.base INFO Checker timing: 5 disorders in 0.0s (0.0s/disorder, 5 workers)
2026-04-25 01:33:33,638 culturedx.modes.hied INFO Case 373854208: Diagnostician ranked 5 disorders, top-2: ['F32', 'F39']
2026-04-25 01:33:33,648 culturedx.modes.base INFO Checker timing: 5 disorders in 0.0s (0.0s/disorder, 5 workers)
2026-04-25 01:33:33,652 culturedx.modes.base INFO Checker timing: 9 disorders in 0.0s (0.0s/disorder, 9 workers)
2026-04-25 01:33:33,653 culturedx.modes.base INFO Checker timing: 9 disorders in 0.0s (0.0s/disorder, 9 workers)
2026-04-25 01:33:33,993 culturedx.modes.hied INFO Case 308086484: Diagnostician ranked 5 disorders, top-2: ['F41.1', 'F32']
2026-04-25 01:33:34,001 culturedx.modes.base INFO Checker timing: 5 disorders in 0.0s (0.0s/disorder, 5 workers)
2026-04-25 01:33:34,006 culturedx.modes.base INFO Checker timing: 9 disorders in 0.0s (0.0s/disorder, 9 workers)
2026-04-25 01:33:34,206 culturedx.modes.hied INFO Case 381267396: Diagnostician ranked 5 disorders, top-2: ['F32', 'F39']
2026-04-25 01:33:34,219 culturedx.modes.base INFO Checker timing: 5 disorders in 0.0s (0.0s/disorder, 5 workers)
2026-04-25 01:33:34,229 culturedx.modes.base INFO Checker timing: 9 disorders in 0.0s (0.0s/disorder, 9 workers)
2026-04-25 01:33:34,575 culturedx.modes.hied INFO Case 385347193: Diagnostician ranked 5 disorders, top-2: ['F32', 'F41.1']
2026-04-25 01:33:34,582 culturedx.modes.base INFO Checker timing: 5 disorders in 0.0s (0.0s/disorder, 5 workers)
2026-04-25 01:33:34,598 culturedx.modes.base INFO Checker timing: 9 disorders in 0.0s (0.0s/disorder, 9 workers)
2026-04-25 01:33:34,869 culturedx.modes.hied INFO Case 391104352: Diagnostician ranked 5 disorders, top-2: ['F32', 'F41.1']
2026-04-25 01:33:34,874 culturedx.modes.base INFO Checker timing: 5 disorders in 0.0s (0.0s/disorder, 5 workers)
2026-04-25 01:33:34,883 culturedx.modes.base INFO Checker timing: 9 disorders in 0.0s (0.0s/disorder, 9 workers)
2026-04-25 01:33:34,886 culturedx.modes.hied INFO Case 378984052: Diagnostician ranked 5 disorders, top-2: ['F32', 'F39']
2026-04-25 01:33:34,889 culturedx.modes.base INFO Checker timing: 5 disorders in 0.0s (0.0s/disorder, 5 workers)
2026-04-25 01:33:34,899 culturedx.modes.base INFO Checker timing: 9 disorders in 0.0s (0.0s/disorder, 9 workers)
2026-04-25 01:33:35,152 culturedx.modes.hied INFO Case 319680008: Diagnostician ranked 5 disorders, top-2: ['F32', 'F39']
2026-04-25 01:33:35,157 culturedx.modes.base INFO Checker timing: 5 disorders in 0.0s (0.0s/disorder, 5 workers)
2026-04-25 01:33:35,161 culturedx.modes.base INFO Checker timing: 9 disorders in 0.0s (0.0s/disorder, 9 workers)
2026-04-25 01:33:35,259 culturedx.pipeline.runner INFO Table 4 Overall: 0.4990
Evaluation metrics: {'diagnosis': {'accuracy': 0.09, 'top1_accuracy': 0.52, 'top3_accuracy': 0.67, 'macro_f1': 0.1710654936461388, 'weighted_f1': 0.4617204301075269, 'overall': 0.38255718475073314}, 'comorbidity': {'hamming_accuracy': 0.3666666666666667, 'subset_accuracy': 0.09, 'comorbidity_detection_f1': 0.2, 'label_coverage': 0.63, 'label_precision': 0.38, 'avg_predicted_labels': 1.89, 'avg_gold_labels': 1.11}, 'four_class': {'accuracy': 0.37, 'macro_f1': 0.22559494420855142, 'weighted_f1': 0.3189523057173892, 'n_cases': 100}, 'table4': {'2class_Acc': 0.7708333333333334, '2class_F1_macro': 0.7329192546583851, '2class_F1_weighted': 0.7795031055900621, '4class_Acc': 0.44, '4class_F1_macro': 0.38908034594309104, '4class_F1_weighted': 0.4241635967518321, '12class_Acc': 0.09, '12class_Top1': 0.52, '12class_Top3': 0.67, '12class_F1_macro': 0.20202020202020202, '12class_F1_weighted': 0.4703976703976704, '2class_n': 48, '4class_n': 100, '12class_n': 100, 'Overall': 0.498992500790416}}
Predictions saved to /home/user/YuNing/CultureDx/results/dual_standard_pilot_v3/mode_icd10/pilot_icd10/predictions.jsonl
Run complete.
